GLPSOL: GLPK LP/MIP Solver, v4.65
Parameter(s) specified in the command line:
 -m salbp1.glpk.mod -d glpk-instances/MITCHELL_c_14.mod --tmlim 3600 --memlim
 7000 --log glpk-results/MITCHELL_c_14.log
Reading model section from salbp1.glpk.mod...
salbp1.glpk.mod:48: warning: unexpected end of file; missing end statement inserted
48 lines were read
Reading data section from glpk-instances/MITCHELL_c_14.mod...
glpk-instances/MITCHELL_c_14.mod:50: warning: final NL missing before end of file
glpk-instances/MITCHELL_c_14.mod:50: warning: unexpected end of file; missing end statement inserted
50 lines were read
Generating m...
Generating task_allocation...
Generating station_use...
Generating cycle_time...
Generating precedence...
Model has been successfully generated
GLPK Integer Optimizer, v4.65
4474 rows, 462 columns, 49875 non-zeros
462 integer variables, all of which are binary
Preprocessing...
63 rows, 462 columns, 1344 non-zeros
462 integer variables, all of which are binary
Scaling...
 A: min|aij| =  1.000e+00  max|aij| =  2.100e+01  ratio =  2.100e+01
GM: min|aij| =  5.266e-01  max|aij| =  1.899e+00  ratio =  3.606e+00
EQ: min|aij| =  2.774e-01  max|aij| =  1.000e+00  ratio =  3.606e+00
2N: min|aij| =  2.500e-01  max|aij| =  1.312e+00  ratio =  5.250e+00
Constructing initial basis...
Size of triangular part is 63
Solving LP relaxation...
GLPK Simplex Optimizer, v4.65
63 rows, 462 columns, 1344 non-zeros
      0: obj =   0.000000000e+00 inf =   4.375e+01 (2)
     57: obj =   1.698412698e+00 inf =   3.109e-15 (0)
*    58: obj =   1.000000000e+00 inf =   3.109e-15 (0)
OPTIMAL LP SOLUTION FOUND
Integer optimization begins...
Long-step dual simplex will be used
+    58: mip =     not found yet >=              -inf        (1; 0)
+  1625: >>>>>   9.000000000e+00 >=   1.000000000e+00  88.9% (565; 5)
+  3767: >>>>>   8.000000000e+00 >=   1.000000000e+00  87.5% (1546; 35)
+ 36785: mip =   8.000000000e+00 >=   2.000000000e+00  75.0% (15804; 281)
+ 72485: mip =   8.000000000e+00 >=   2.000000000e+00  75.0% (29341; 501)
+106820: mip =   8.000000000e+00 >=   2.000000000e+00  75.0% (41842; 690)
+143220: mip =   8.000000000e+00 >=   2.000000000e+00  75.0% (52764; 896)
+176886: mip =   8.000000000e+00 >=   2.000000000e+00  75.0% (62849; 1131)
+206291: mip =   8.000000000e+00 >=   2.000000000e+00  75.0% (73059; 1335)
+237087: mip =   8.000000000e+00 >=   2.000000000e+00  75.0% (82148; 1536)
+269464: mip =   8.000000000e+00 >=   2.000000000e+00  75.0% (91351; 1716)
+293404: mip =   8.000000000e+00 >=   2.000000000e+00  75.0% (100711; 1867)
+318889: mip =   8.000000000e+00 >=   2.000000000e+00  75.0% (109478; 2027)
+339424: mip =   8.000000000e+00 >=   2.000000000e+00  75.0% (119080; 2150)
Time used: 60.0 secs.  Memory used: 79.6 Mb.
+362189: mip =   8.000000000e+00 >=   2.000000000e+00  75.0% (127057; 2304)
+383588: mip =   8.000000000e+00 >=   2.000000000e+00  75.0% (133135; 2478)
+404877: mip =   8.000000000e+00 >=   2.000000000e+00  75.0% (139628; 2637)
+423866: mip =   8.000000000e+00 >=   2.000000000e+00  75.0% (146301; 2784)
+442926: mip =   8.000000000e+00 >=   2.000000000e+00  75.0% (153455; 2926)
+460927: mip =   8.000000000e+00 >=   2.000000000e+00  75.0% (159236; 3075)
+478861: mip =   8.000000000e+00 >=   2.000000000e+00  75.0% (165244; 3213)
+496211: mip =   8.000000000e+00 >=   2.000000000e+00  75.0% (172179; 3339)
+514876: mip =   8.000000000e+00 >=   2.000000000e+00  75.0% (177816; 3473)
+532135: mip =   8.000000000e+00 >=   2.000000000e+00  75.0% (184401; 3597)
+548593: mip =   8.000000000e+00 >=   2.000000000e+00  75.0% (190561; 3720)
+565894: mip =   8.000000000e+00 >=   2.000000000e+00  75.0% (196544; 3842)
Time used: 120.0 secs.  Memory used: 127.7 Mb.
+582180: mip =   8.000000000e+00 >=   2.000000000e+00  75.0% (202172; 3963)
+597292: mip =   8.000000000e+00 >=   2.000000000e+00  75.0% (207480; 4083)
+612118: mip =   8.000000000e+00 >=   3.000000000e+00  62.5% (213436; 4191)
+627851: mip =   8.000000000e+00 >=   3.000000000e+00  62.5% (219787; 4292)
+640323: mip =   8.000000000e+00 >=   3.000000000e+00  62.5% (223887; 4416)
+652793: mip =   8.000000000e+00 >=   3.000000000e+00  62.5% (228685; 4530)
+667582: mip =   8.000000000e+00 >=   3.000000000e+00  62.5% (233317; 4650)
+680567: mip =   8.000000000e+00 >=   3.000000000e+00  62.5% (236669; 4777)
+692769: mip =   8.000000000e+00 >=   3.000000000e+00  62.5% (240130; 4900)
+702710: mip =   8.000000000e+00 >=   3.000000000e+00  62.5% (243634; 5019)
+715598: mip =   8.000000000e+00 >=   3.000000000e+00  62.5% (248553; 5125)
+727422: mip =   8.000000000e+00 >=   3.000000000e+00  62.5% (252890; 5232)
Time used: 180.0 secs.  Memory used: 159.6 Mb.
+740847: mip =   8.000000000e+00 >=   3.000000000e+00  62.5% (258557; 5323)
+752807: mip =   8.000000000e+00 >=   3.000000000e+00  62.5% (264971; 5404)
+764479: mip =   8.000000000e+00 >=   3.000000000e+00  62.5% (269111; 5509)
+776633: mip =   8.000000000e+00 >=   3.000000000e+00  62.5% (273735; 5608)
+789749: mip =   8.000000000e+00 >=   3.000000000e+00  62.5% (279261; 5696)
+802969: mip =   8.000000000e+00 >=   3.000000000e+00  62.5% (284266; 5784)
+812994: mip =   8.000000000e+00 >=   3.000000000e+00  62.5% (287686; 5887)
+824007: mip =   8.000000000e+00 >=   3.000000000e+00  62.5% (291237; 5986)
+835606: mip =   8.000000000e+00 >=   3.000000000e+00  62.5% (295124; 6082)
+846393: mip =   8.000000000e+00 >=   3.000000000e+00  62.5% (299577; 6174)
+857289: mip =   8.000000000e+00 >=   3.000000000e+00  62.5% (303379; 6269)
+868128: mip =   8.000000000e+00 >=   3.000000000e+00  62.5% (307466; 6360)
Time used: 240.1 secs.  Memory used: 188.8 Mb.
+878947: mip =   8.000000000e+00 >=   3.000000000e+00  62.5% (311742; 6448)
+888363: mip =   8.000000000e+00 >=   3.000000000e+00  62.5% (315098; 6543)
+899861: mip =   8.000000000e+00 >=   3.000000000e+00  62.5% (318459; 6635)
+910177: mip =   8.000000000e+00 >=   3.000000000e+00  62.5% (321695; 6728)
+921477: mip =   8.000000000e+00 >=   3.000000000e+00  62.5% (325255; 6817)
+932211: mip =   8.000000000e+00 >=   3.000000000e+00  62.5% (328629; 6908)
+942428: mip =   8.000000000e+00 >=   3.000000000e+00  62.5% (332155; 6997)
+953865: mip =   8.000000000e+00 >=   3.000000000e+00  62.5% (337618; 7067)
+965196: mip =   8.000000000e+00 >=   3.000000000e+00  62.5% (342687; 7140)
+975795: mip =   8.000000000e+00 >=   3.000000000e+00  62.5% (347238; 7216)
+987065: mip =   8.000000000e+00 >=   3.000000000e+00  62.5% (352118; 7287)
+996396: mip =   8.000000000e+00 >=   3.000000000e+00  62.5% (354877; 7373)
Time used: 300.1 secs.  Memory used: 225.2 Mb.
+1005466: mip =   8.000000000e+00 >=   3.000000000e+00  62.5% (358220; 7455)
+1014424: mip =   8.000000000e+00 >=   3.000000000e+00  62.5% (361412; 7538)
+1024577: mip =   8.000000000e+00 >=   3.000000000e+00  62.5% (365683; 7614)
+1037291: mip =   8.000000000e+00 >=   3.000000000e+00  62.5% (370270; 7686)
+1047791: mip =   8.000000000e+00 >=   3.000000000e+00  62.5% (373998; 7764)
+1056070: mip =   8.000000000e+00 >=   3.000000000e+00  62.5% (376904; 7845)
+1066022: mip =   8.000000000e+00 >=   3.000000000e+00  62.5% (380757; 7920)
+1076004: mip =   8.000000000e+00 >=   3.000000000e+00  62.5% (384044; 7998)
+1084639: mip =   8.000000000e+00 >=   3.000000000e+00  62.5% (386349; 8080)
+1092406: mip =   8.000000000e+00 >=   3.000000000e+00  62.5% (388805; 8162)
+1101090: mip =   8.000000000e+00 >=   3.000000000e+00  62.5% (392031; 8239)
+1113502: mip =   8.000000000e+00 >=   3.000000000e+00  62.5% (394789; 8317)
Time used: 360.1 secs.  Memory used: 247.9 Mb.
+1126904: mip =   8.000000000e+00 >=   3.000000000e+00  62.5% (397053; 8396)
+1133768: mip =   8.000000000e+00 >=   3.000000000e+00  62.5% (399107; 8480)
+1141493: mip =   8.000000000e+00 >=   3.000000000e+00  62.5% (402131; 8559)
+1150556: mip =   8.000000000e+00 >=   3.000000000e+00  62.5% (405111; 8636)
+1158150: mip =   8.000000000e+00 >=   3.000000000e+00  62.5% (407348; 8716)
+1168320: mip =   8.000000000e+00 >=   3.000000000e+00  62.5% (411181; 8787)
+1177844: mip =   8.000000000e+00 >=   3.000000000e+00  62.5% (413890; 8862)
+1187272: mip =   8.000000000e+00 >=   3.000000000e+00  62.5% (416388; 8937)
+1195715: mip =   8.000000000e+00 >=   3.000000000e+00  62.5% (418559; 9016)
+1203762: mip =   8.000000000e+00 >=   3.000000000e+00  62.5% (420530; 9095)
+1211515: mip =   8.000000000e+00 >=   3.000000000e+00  62.5% (422537; 9174)
+1219278: mip =   8.000000000e+00 >=   3.000000000e+00  62.5% (424704; 9252)
Time used: 420.1 secs.  Memory used: 266.6 Mb.
+1227390: mip =   8.000000000e+00 >=   3.000000000e+00  62.5% (427648; 9326)
+1235644: mip =   8.000000000e+00 >=   3.000000000e+00  62.5% (429723; 9405)
+1243515: mip =   8.000000000e+00 >=   3.000000000e+00  62.5% (431680; 9484)
+1251234: mip =   8.000000000e+00 >=   3.000000000e+00  62.5% (433795; 9562)
+1259167: mip =   8.000000000e+00 >=   3.000000000e+00  62.5% (436485; 9638)
+1267882: mip =   8.000000000e+00 >=   3.000000000e+00  62.5% (439978; 9707)
+1274846: mip =   8.000000000e+00 >=   3.000000000e+00  62.5% (442155; 9785)
+1282294: mip =   8.000000000e+00 >=   3.000000000e+00  62.5% (443387; 9866)
+1291947: mip =   8.000000000e+00 >=   3.000000000e+00  62.5% (447424; 9933)
+1300938: mip =   8.000000000e+00 >=   3.000000000e+00  62.5% (449977; 10009)
+1309931: mip =   8.000000000e+00 >=   3.000000000e+00  62.5% (453413; 10078)
+1319446: mip =   8.000000000e+00 >=   3.000000000e+00  62.5% (456552; 10150)
Time used: 480.1 secs.  Memory used: 284.6 Mb.
+1327910: mip =   8.000000000e+00 >=   3.000000000e+00  62.5% (459637; 10221)
+1337580: mip =   8.000000000e+00 >=   3.000000000e+00  62.5% (462955; 10292)
+1346077: mip =   8.000000000e+00 >=   3.000000000e+00  62.5% (466073; 10362)
+1353917: mip =   8.000000000e+00 >=   3.000000000e+00  62.5% (469654; 10429)
+1361673: mip =   8.000000000e+00 >=   3.000000000e+00  62.5% (472870; 10500)
+1370133: mip =   8.000000000e+00 >=   3.000000000e+00  62.5% (476362; 10569)
+1378235: mip =   8.000000000e+00 >=   3.000000000e+00  62.5% (480142; 10635)
+1385956: mip =   8.000000000e+00 >=   3.000000000e+00  62.5% (483888; 10701)
+1392872: mip =   8.000000000e+00 >=   3.000000000e+00  62.5% (486208; 10773)
+1399520: mip =   8.000000000e+00 >=   3.000000000e+00  62.5% (488523; 10844)
+1405603: mip =   8.000000000e+00 >=   3.000000000e+00  62.5% (490366; 10917)
+1413320: mip =   8.000000000e+00 >=   3.000000000e+00  62.5% (492795; 10986)
Time used: 540.1 secs.  Memory used: 304.0 Mb.
+1420439: mip =   8.000000000e+00 >=   3.000000000e+00  62.5% (495023; 11056)
+1428512: mip =   8.000000000e+00 >=   3.000000000e+00  62.5% (498079; 11122)
+1436522: mip =   8.000000000e+00 >=   3.000000000e+00  62.5% (500862; 11187)
+1444264: mip =   8.000000000e+00 >=   3.000000000e+00  62.5% (504023; 11252)
+1451450: mip =   8.000000000e+00 >=   3.000000000e+00  62.5% (506493; 11319)
+1458645: mip =   8.000000000e+00 >=   3.000000000e+00  62.5% (508833; 11386)
+1466395: mip =   8.000000000e+00 >=   3.000000000e+00  62.5% (511273; 11454)
+1472892: mip =   8.000000000e+00 >=   3.000000000e+00  62.5% (513797; 11520)
+1481326: mip =   8.000000000e+00 >=   3.000000000e+00  62.5% (516806; 11583)
+1488009: mip =   8.000000000e+00 >=   3.000000000e+00  62.5% (519093; 11649)
+1494702: mip =   8.000000000e+00 >=   3.000000000e+00  62.5% (521388; 11715)
Time used: 600.2 secs.  Memory used: 321.5 Mb.
+1501801: mip =   8.000000000e+00 >=   3.000000000e+00  62.5% (523754; 11780)
+1508596: mip =   8.000000000e+00 >=   3.000000000e+00  62.5% (526146; 11845)
+1516319: mip =   8.000000000e+00 >=   3.000000000e+00  62.5% (528674; 11909)
+1524664: mip =   8.000000000e+00 >=   3.000000000e+00  62.5% (530996; 11973)
+1532307: mip =   8.000000000e+00 >=   3.000000000e+00  62.5% (533290; 12037)
+1539924: mip =   8.000000000e+00 >=   3.000000000e+00  62.5% (535564; 12102)
+1547530: mip =   8.000000000e+00 >=   3.000000000e+00  62.5% (537947; 12166)
+1555358: mip =   8.000000000e+00 >=   3.000000000e+00  62.5% (540492; 12229)
+1563036: mip =   8.000000000e+00 >=   3.000000000e+00  62.5% (543045; 12291)
+1570106: mip =   8.000000000e+00 >=   3.000000000e+00  62.5% (545253; 12354)
+1576972: mip =   8.000000000e+00 >=   3.000000000e+00  62.5% (547614; 12417)
+1586408: mip =   8.000000000e+00 >=   3.000000000e+00  62.5% (550554; 12476)
Time used: 660.2 secs.  Memory used: 339.1 Mb.
+1593887: mip =   8.000000000e+00 >=   3.000000000e+00  62.5% (552978; 12536)
+1601149: mip =   8.000000000e+00 >=   3.000000000e+00  62.5% (555577; 12595)
+1608830: mip =   8.000000000e+00 >=   3.000000000e+00  62.5% (558756; 12652)
+1616616: mip =   8.000000000e+00 >=   3.000000000e+00  62.5% (562292; 12707)
+1624426: mip =   8.000000000e+00 >=   3.000000000e+00  62.5% (565882; 12761)
+1632377: mip =   8.000000000e+00 >=   3.000000000e+00  62.5% (569764; 12815)
+1640084: mip =   8.000000000e+00 >=   3.000000000e+00  62.5% (573294; 12868)
+1646929: mip =   8.000000000e+00 >=   3.000000000e+00  62.5% (575697; 12928)
+1653448: mip =   8.000000000e+00 >=   3.000000000e+00  62.5% (577940; 12988)
+1660217: mip =   8.000000000e+00 >=   3.000000000e+00  62.5% (580541; 13046)
+1666917: mip =   8.000000000e+00 >=   3.000000000e+00  62.5% (583233; 13103)
+1673750: mip =   8.000000000e+00 >=   3.000000000e+00  62.5% (586086; 13160)
Time used: 720.3 secs.  Memory used: 357.7 Mb.
+1680429: mip =   8.000000000e+00 >=   3.000000000e+00  62.5% (588991; 13216)
+1687144: mip =   8.000000000e+00 >=   3.000000000e+00  62.5% (591947; 13272)
+1693938: mip =   8.000000000e+00 >=   3.000000000e+00  62.5% (595007; 13327)
+1700781: mip =   8.000000000e+00 >=   3.000000000e+00  62.5% (598168; 13381)
+1707246: mip =   8.000000000e+00 >=   3.000000000e+00  62.5% (600892; 13436)
+1713451: mip =   8.000000000e+00 >=   3.000000000e+00  62.5% (603487; 13491)
+1720091: mip =   8.000000000e+00 >=   3.000000000e+00  62.5% (605935; 13544)
+1726182: mip =   8.000000000e+00 >=   3.000000000e+00  62.5% (607914; 13602)
+1732133: mip =   8.000000000e+00 >=   3.000000000e+00  62.5% (609750; 13659)
+1737477: mip =   8.000000000e+00 >=   3.000000000e+00  62.5% (611261; 13717)
+1744127: mip =   8.000000000e+00 >=   3.000000000e+00  62.5% (613275; 13774)
+1750576: mip =   8.000000000e+00 >=   3.000000000e+00  62.5% (615306; 13829)
Time used: 780.3 secs.  Memory used: 374.2 Mb.
+1757141: mip =   8.000000000e+00 >=   3.000000000e+00  62.5% (617484; 13884)
+1763741: mip =   8.000000000e+00 >=   3.000000000e+00  62.5% (619709; 13938)
+1770531: mip =   8.000000000e+00 >=   3.000000000e+00  62.5% (622039; 13992)
+1777337: mip =   8.000000000e+00 >=   3.000000000e+00  62.5% (624366; 14047)
+1783810: mip =   8.000000000e+00 >=   3.000000000e+00  62.5% (626753; 14100)
+1790229: mip =   8.000000000e+00 >=   3.000000000e+00  62.5% (628967; 14154)
+1797267: mip =   8.000000000e+00 >=   3.000000000e+00  62.5% (631606; 14207)
+1803319: mip =   8.000000000e+00 >=   3.000000000e+00  62.5% (633624; 14261)
+1809494: mip =   8.000000000e+00 >=   3.000000000e+00  62.5% (635701; 14315)
+1815720: mip =   8.000000000e+00 >=   3.000000000e+00  62.5% (637955; 14368)
+1821984: mip =   8.000000000e+00 >=   3.000000000e+00  62.5% (640314; 14420)
+1828333: mip =   8.000000000e+00 >=   3.000000000e+00  62.5% (642639; 14472)
Time used: 840.3 secs.  Memory used: 389.5 Mb.
+1833907: mip =   8.000000000e+00 >=   3.000000000e+00  62.5% (645037; 14524)
+1840146: mip =   8.000000000e+00 >=   3.000000000e+00  62.5% (647318; 14576)
+1846082: mip =   8.000000000e+00 >=   3.000000000e+00  62.5% (649633; 14628)
+1851242: mip =   8.000000000e+00 >=   3.000000000e+00  62.5% (651253; 14682)
+1856663: mip =   8.000000000e+00 >=   3.000000000e+00  62.5% (653036; 14736)
+1862107: mip =   8.000000000e+00 >=   3.000000000e+00  62.5% (654846; 14789)
+1867414: mip =   8.000000000e+00 >=   3.000000000e+00  62.5% (656685; 14841)
+1873213: mip =   8.000000000e+00 >=   3.000000000e+00  62.5% (658303; 14894)
+1879353: mip =   8.000000000e+00 >=   3.000000000e+00  62.5% (660406; 14945)
+1887368: mip =   8.000000000e+00 >=   3.000000000e+00  62.5% (663778; 14990)
+1894892: mip =   8.000000000e+00 >=   3.000000000e+00  62.5% (667796; 15032)
Time used: 900.3 secs.  Memory used: 424.6 Mb.
+1900904: mip =   8.000000000e+00 >=   3.000000000e+00  62.5% (670372; 15081)
+1908010: mip =   8.000000000e+00 >=   3.000000000e+00  62.5% (673788; 15126)
+1915099: mip =   8.000000000e+00 >=   3.000000000e+00  62.5% (677111; 15171)
+1921736: mip =   8.000000000e+00 >=   3.000000000e+00  62.5% (680587; 15216)
+1928587: mip =   8.000000000e+00 >=   3.000000000e+00  62.5% (683889; 15261)
+1935045: mip =   8.000000000e+00 >=   3.000000000e+00  62.5% (687255; 15306)
+1940837: mip =   8.000000000e+00 >=   3.000000000e+00  62.5% (689407; 15355)
+1946496: mip =   8.000000000e+00 >=   3.000000000e+00  62.5% (691208; 15405)
+1953568: mip =   8.000000000e+00 >=   3.000000000e+00  62.5% (694594; 15449)
+1960549: mip =   8.000000000e+00 >=   3.000000000e+00  62.5% (697104; 15497)
+1967242: mip =   8.000000000e+00 >=   3.000000000e+00  62.5% (699598; 15544)
+1972814: mip =   8.000000000e+00 >=   3.000000000e+00  62.5% (701484; 15594)
Time used: 960.3 secs.  Memory used: 441.2 Mb.
+1979357: mip =   8.000000000e+00 >=   3.000000000e+00  62.5% (703504; 15643)
+1985592: mip =   8.000000000e+00 >=   3.000000000e+00  62.5% (705588; 15692)
+1991697: mip =   8.000000000e+00 >=   3.000000000e+00  62.5% (707433; 15741)
+1998558: mip =   8.000000000e+00 >=   3.000000000e+00  62.5% (709767; 15788)
+2005261: mip =   8.000000000e+00 >=   3.000000000e+00  62.5% (712013; 15835)
+2011967: mip =   8.000000000e+00 >=   3.000000000e+00  62.5% (714263; 15882)
+2018327: mip =   8.000000000e+00 >=   3.000000000e+00  62.5% (716391; 15929)
+2024830: mip =   8.000000000e+00 >=   3.000000000e+00  62.5% (718557; 15976)
+2030943: mip =   8.000000000e+00 >=   3.000000000e+00  62.5% (720619; 16024)
+2037239: mip =   8.000000000e+00 >=   3.000000000e+00  62.5% (722751; 16071)
+2043433: mip =   8.000000000e+00 >=   3.000000000e+00  62.5% (724942; 16118)
+2049772: mip =   8.000000000e+00 >=   3.000000000e+00  62.5% (727135; 16165)
Time used: 1020.4 secs.  Memory used: 456.0 Mb.
+2055930: mip =   8.000000000e+00 >=   3.000000000e+00  62.5% (729324; 16212)
+2062255: mip =   8.000000000e+00 >=   3.000000000e+00  62.5% (731524; 16259)
+2068477: mip =   8.000000000e+00 >=   3.000000000e+00  62.5% (733631; 16306)
+2074283: mip =   8.000000000e+00 >=   3.000000000e+00  62.5% (735655; 16354)
+2079923: mip =   8.000000000e+00 >=   3.000000000e+00  62.5% (737129; 16403)
+2085859: mip =   8.000000000e+00 >=   3.000000000e+00  62.5% (738819; 16451)
+2091792: mip =   8.000000000e+00 >=   3.000000000e+00  62.5% (740499; 16499)
+2098426: mip =   8.000000000e+00 >=   3.000000000e+00  62.5% (742630; 16546)
+2104943: mip =   8.000000000e+00 >=   3.000000000e+00  62.5% (744754; 16593)
+2111460: mip =   8.000000000e+00 >=   3.000000000e+00  62.5% (746815; 16640)
+2118128: mip =   8.000000000e+00 >=   3.000000000e+00  62.5% (748976; 16686)
+2124466: mip =   8.000000000e+00 >=   3.000000000e+00  62.5% (750992; 16733)
Time used: 1080.4 secs.  Memory used: 469.9 Mb.
+2130616: mip =   8.000000000e+00 >=   3.000000000e+00  62.5% (752929; 16780)
+2136831: mip =   8.000000000e+00 >=   3.000000000e+00  62.5% (754876; 16827)
+2143214: mip =   8.000000000e+00 >=   3.000000000e+00  62.5% (756654; 16875)
+2149189: mip =   8.000000000e+00 >=   3.000000000e+00  62.5% (758236; 16923)
+2155165: mip =   8.000000000e+00 >=   3.000000000e+00  62.5% (759861; 16971)
+2160996: mip =   8.000000000e+00 >=   3.000000000e+00  62.5% (761511; 17019)
+2166713: mip =   8.000000000e+00 >=   3.000000000e+00  62.5% (763141; 17067)
+2172274: mip =   8.000000000e+00 >=   3.000000000e+00  62.5% (764720; 17114)
+2177839: mip =   8.000000000e+00 >=   3.000000000e+00  62.5% (766315; 17162)
+2183270: mip =   8.000000000e+00 >=   3.000000000e+00  62.5% (767867; 17209)
+2188703: mip =   8.000000000e+00 >=   3.000000000e+00  62.5% (769418; 17256)
Time used: 1140.5 secs.  Memory used: 482.7 Mb.
+2194107: mip =   8.000000000e+00 >=   3.000000000e+00  62.5% (771087; 17303)
+2199532: mip =   8.000000000e+00 >=   3.000000000e+00  62.5% (772728; 17350)
+2205101: mip =   8.000000000e+00 >=   3.000000000e+00  62.5% (774388; 17397)
+2211020: mip =   8.000000000e+00 >=   3.000000000e+00  62.5% (776043; 17443)
+2216967: mip =   8.000000000e+00 >=   3.000000000e+00  62.5% (777724; 17489)
+2222552: mip =   8.000000000e+00 >=   3.000000000e+00  62.5% (779359; 17535)
+2228188: mip =   8.000000000e+00 >=   3.000000000e+00  62.5% (781145; 17581)
+2233559: mip =   8.000000000e+00 >=   3.000000000e+00  62.5% (782862; 17627)
+2239437: mip =   8.000000000e+00 >=   3.000000000e+00  62.5% (784488; 17673)
+2245240: mip =   8.000000000e+00 >=   3.000000000e+00  62.5% (786120; 17719)
+2250845: mip =   8.000000000e+00 >=   3.000000000e+00  62.5% (787882; 17764)
+2256230: mip =   8.000000000e+00 >=   3.000000000e+00  62.5% (789531; 17810)
Time used: 1200.5 secs.  Memory used: 495.8 Mb.
+2261824: mip =   8.000000000e+00 >=   3.000000000e+00  62.5% (791374; 17855)
+2267631: mip =   8.000000000e+00 >=   3.000000000e+00  62.5% (792968; 17901)
+2273241: mip =   8.000000000e+00 >=   3.000000000e+00  62.5% (794639; 17947)
+2278877: mip =   8.000000000e+00 >=   3.000000000e+00  62.5% (796384; 17992)
+2284149: mip =   8.000000000e+00 >=   3.000000000e+00  62.5% (798065; 18037)
+2289779: mip =   8.000000000e+00 >=   3.000000000e+00  62.5% (799845; 18082)
+2295366: mip =   8.000000000e+00 >=   3.000000000e+00  62.5% (801431; 18127)
+2301041: mip =   8.000000000e+00 >=   3.000000000e+00  62.5% (803233; 18172)
+2306556: mip =   8.000000000e+00 >=   3.000000000e+00  62.5% (804930; 18216)
+2311729: mip =   8.000000000e+00 >=   3.000000000e+00  62.5% (806601; 18260)
+2317213: mip =   8.000000000e+00 >=   3.000000000e+00  62.5% (808383; 18304)
+2322800: mip =   8.000000000e+00 >=   3.000000000e+00  62.5% (809972; 18349)
Time used: 1260.6 secs.  Memory used: 508.8 Mb.
+2328202: mip =   8.000000000e+00 >=   3.000000000e+00  62.5% (811617; 18393)
+2333772: mip =   8.000000000e+00 >=   3.000000000e+00  62.5% (813313; 18437)
+2338900: mip =   8.000000000e+00 >=   3.000000000e+00  62.5% (814909; 18481)
+2344290: mip =   8.000000000e+00 >=   3.000000000e+00  62.5% (816739; 18524)
+2349730: mip =   8.000000000e+00 >=   3.000000000e+00  62.5% (818326; 18568)
+2354995: mip =   8.000000000e+00 >=   3.000000000e+00  62.5% (819866; 18612)
+2360306: mip =   8.000000000e+00 >=   3.000000000e+00  62.5% (821550; 18655)
+2365572: mip =   8.000000000e+00 >=   3.000000000e+00  62.5% (823196; 18699)
+2370756: mip =   8.000000000e+00 >=   3.000000000e+00  62.5% (824938; 18742)
+2376017: mip =   8.000000000e+00 >=   3.000000000e+00  62.5% (826509; 18785)
+2381441: mip =   8.000000000e+00 >=   3.000000000e+00  62.5% (828219; 18828)
+2386615: mip =   8.000000000e+00 >=   3.000000000e+00  62.5% (829767; 18871)
Time used: 1320.6 secs.  Memory used: 521.4 Mb.
+2391951: mip =   8.000000000e+00 >=   3.000000000e+00  62.5% (831516; 18914)
+2397110: mip =   8.000000000e+00 >=   3.000000000e+00  62.5% (833207; 18957)
+2402514: mip =   8.000000000e+00 >=   3.000000000e+00  62.5% (834916; 19000)
+2407635: mip =   8.000000000e+00 >=   3.000000000e+00  62.5% (836476; 19043)
+2412976: mip =   8.000000000e+00 >=   3.000000000e+00  62.5% (838278; 19085)
+2418023: mip =   8.000000000e+00 >=   3.000000000e+00  62.5% (839852; 19127)
+2423196: mip =   8.000000000e+00 >=   3.000000000e+00  62.5% (841525; 19169)
+2428485: mip =   8.000000000e+00 >=   3.000000000e+00  62.5% (843276; 19211)
+2433451: mip =   8.000000000e+00 >=   3.000000000e+00  62.5% (844882; 19253)
+2438569: mip =   8.000000000e+00 >=   3.000000000e+00  62.5% (846636; 19295)
+2443663: mip =   8.000000000e+00 >=   3.000000000e+00  62.5% (848366; 19337)
Time used: 1380.7 secs.  Memory used: 533.8 Mb.
+2448911: mip =   8.000000000e+00 >=   3.000000000e+00  62.5% (850262; 19378)
+2454229: mip =   8.000000000e+00 >=   3.000000000e+00  62.5% (852120; 19419)
+2459534: mip =   8.000000000e+00 >=   3.000000000e+00  62.5% (853876; 19460)
+2464840: mip =   8.000000000e+00 >=   3.000000000e+00  62.5% (855645; 19501)
+2470276: mip =   8.000000000e+00 >=   3.000000000e+00  62.5% (857580; 19542)
+2475754: mip =   8.000000000e+00 >=   3.000000000e+00  62.5% (859499; 19583)
+2481036: mip =   8.000000000e+00 >=   3.000000000e+00  62.5% (861110; 19624)
+2486437: mip =   8.000000000e+00 >=   3.000000000e+00  62.5% (862449; 19666)
+2491734: mip =   8.000000000e+00 >=   3.000000000e+00  62.5% (863790; 19708)
+2497078: mip =   8.000000000e+00 >=   3.000000000e+00  62.5% (865182; 19750)
+2502344: mip =   8.000000000e+00 >=   3.000000000e+00  62.5% (866587; 19792)
+2507431: mip =   8.000000000e+00 >=   3.000000000e+00  62.5% (867955; 19833)
Time used: 1440.8 secs.  Memory used: 545.8 Mb.
+2512382: mip =   8.000000000e+00 >=   3.000000000e+00  62.5% (869305; 19874)
+2517372: mip =   8.000000000e+00 >=   3.000000000e+00  62.5% (870664; 19915)
+2522303: mip =   8.000000000e+00 >=   3.000000000e+00  62.5% (872044; 19956)
+2527231: mip =   8.000000000e+00 >=   3.000000000e+00  62.5% (873458; 19997)
+2531935: mip =   8.000000000e+00 >=   3.000000000e+00  62.5% (874846; 20038)
+2536782: mip =   8.000000000e+00 >=   3.000000000e+00  62.5% (876189; 20079)
+2541267: mip =   8.000000000e+00 >=   3.000000000e+00  62.5% (877759; 20120)
+2546324: mip =   8.000000000e+00 >=   3.000000000e+00  62.5% (879601; 20160)
+2551289: mip =   8.000000000e+00 >=   3.000000000e+00  62.5% (881404; 20200)
+2556233: mip =   8.000000000e+00 >=   3.000000000e+00  62.5% (883227; 20239)
+2561199: mip =   8.000000000e+00 >=   3.000000000e+00  62.5% (885031; 20279)
+2566250: mip =   8.000000000e+00 >=   3.000000000e+00  62.5% (886878; 20318)
Time used: 1500.8 secs.  Memory used: 557.3 Mb.
+2571114: mip =   8.000000000e+00 >=   3.000000000e+00  62.5% (888618; 20357)
+2576101: mip =   8.000000000e+00 >=   3.000000000e+00  62.5% (890477; 20396)
+2581083: mip =   8.000000000e+00 >=   3.000000000e+00  62.5% (892400; 20435)
+2586335: mip =   8.000000000e+00 >=   3.000000000e+00  62.5% (894335; 20474)
+2591248: mip =   8.000000000e+00 >=   3.000000000e+00  62.5% (896099; 20513)
+2596853: mip =   8.000000000e+00 >=   3.000000000e+00  62.5% (898302; 20550)
+2601696: mip =   8.000000000e+00 >=   3.000000000e+00  62.5% (899512; 20590)
+2606922: mip =   8.000000000e+00 >=   3.000000000e+00  62.5% (900813; 20630)
+2612122: mip =   8.000000000e+00 >=   3.000000000e+00  62.5% (902159; 20670)
+2617185: mip =   8.000000000e+00 >=   3.000000000e+00  62.5% (903465; 20710)
+2621868: mip =   8.000000000e+00 >=   3.000000000e+00  62.5% (904766; 20750)
Time used: 1560.9 secs.  Memory used: 568.4 Mb.
+2626616: mip =   8.000000000e+00 >=   3.000000000e+00  62.5% (905896; 20790)
+2631564: mip =   8.000000000e+00 >=   3.000000000e+00  62.5% (907084; 20830)
+2636385: mip =   8.000000000e+00 >=   3.000000000e+00  62.5% (908266; 20870)
+2641000: mip =   8.000000000e+00 >=   3.000000000e+00  62.5% (909459; 20909)
+2645698: mip =   8.000000000e+00 >=   3.000000000e+00  62.5% (910744; 20949)
+2650446: mip =   8.000000000e+00 >=   3.000000000e+00  62.5% (911905; 20989)
+2655353: mip =   8.000000000e+00 >=   3.000000000e+00  62.5% (913087; 21029)
+2660033: mip =   8.000000000e+00 >=   3.000000000e+00  62.5% (914237; 21068)
+2664600: mip =   8.000000000e+00 >=   3.000000000e+00  62.5% (915442; 21107)
+2669169: mip =   8.000000000e+00 >=   3.000000000e+00  62.5% (916662; 21146)
+2673849: mip =   8.000000000e+00 >=   3.000000000e+00  62.5% (917795; 21185)
+2678619: mip =   8.000000000e+00 >=   3.000000000e+00  62.5% (918945; 21224)
Time used: 1621.0 secs.  Memory used: 578.0 Mb.
+2683277: mip =   8.000000000e+00 >=   3.000000000e+00  62.5% (920105; 21263)
+2687831: mip =   8.000000000e+00 >=   3.000000000e+00  62.5% (921323; 21302)
+2692403: mip =   8.000000000e+00 >=   3.000000000e+00  62.5% (922524; 21341)
+2697072: mip =   8.000000000e+00 >=   3.000000000e+00  62.5% (923654; 21380)
+2701811: mip =   8.000000000e+00 >=   3.000000000e+00  62.5% (924814; 21419)
+2706460: mip =   8.000000000e+00 >=   3.000000000e+00  62.5% (925969; 21458)
+2710982: mip =   8.000000000e+00 >=   3.000000000e+00  62.5% (927210; 21497)
+2715455: mip =   8.000000000e+00 >=   3.000000000e+00  62.5% (928360; 21535)
+2720060: mip =   8.000000000e+00 >=   3.000000000e+00  62.5% (929479; 21574)
+2724638: mip =   8.000000000e+00 >=   3.000000000e+00  62.5% (930602; 21612)
+2729169: mip =   8.000000000e+00 >=   3.000000000e+00  62.5% (931735; 21650)
+2733649: mip =   8.000000000e+00 >=   3.000000000e+00  62.5% (932993; 21689)
Time used: 1681.0 secs.  Memory used: 587.5 Mb.
+2738175: mip =   8.000000000e+00 >=   3.000000000e+00  62.5% (934135; 21728)
+2742714: mip =   8.000000000e+00 >=   3.000000000e+00  62.5% (935255; 21766)
+2747257: mip =   8.000000000e+00 >=   3.000000000e+00  62.5% (936378; 21804)
+2751876: mip =   8.000000000e+00 >=   3.000000000e+00  62.5% (937538; 21843)
+2756240: mip =   8.000000000e+00 >=   3.000000000e+00  62.5% (938782; 21881)
+2760623: mip =   8.000000000e+00 >=   3.000000000e+00  62.5% (939873; 21919)
+2765122: mip =   8.000000000e+00 >=   3.000000000e+00  62.5% (940999; 21957)
+2769651: mip =   8.000000000e+00 >=   3.000000000e+00  62.5% (942129; 21995)
+2774113: mip =   8.000000000e+00 >=   3.000000000e+00  62.5% (943258; 22033)
+2778492: mip =   8.000000000e+00 >=   3.000000000e+00  62.5% (944504; 22071)
+2782988: mip =   8.000000000e+00 >=   3.000000000e+00  62.5% (945611; 22110)
+2787457: mip =   8.000000000e+00 >=   3.000000000e+00  62.5% (946734; 22148)
Time used: 1741.1 secs.  Memory used: 596.8 Mb.
+2791938: mip =   8.000000000e+00 >=   3.000000000e+00  62.5% (947861; 22186)
+2796394: mip =   8.000000000e+00 >=   3.000000000e+00  62.5% (949002; 22224)
+2800738: mip =   8.000000000e+00 >=   3.000000000e+00  62.5% (950243; 22262)
+2804900: mip =   8.000000000e+00 >=   3.000000000e+00  62.5% (951251; 22300)
+2809328: mip =   8.000000000e+00 >=   3.000000000e+00  62.5% (952483; 22338)
+2813702: mip =   8.000000000e+00 >=   3.000000000e+00  62.5% (953717; 22376)
+2818129: mip =   8.000000000e+00 >=   3.000000000e+00  62.5% (954949; 22414)
+2822443: mip =   8.000000000e+00 >=   3.000000000e+00  62.5% (956179; 22452)
+2826769: mip =   8.000000000e+00 >=   3.000000000e+00  62.5% (957351; 22490)
+2831138: mip =   8.000000000e+00 >=   3.000000000e+00  62.5% (958586; 22528)
+2835494: mip =   8.000000000e+00 >=   3.000000000e+00  62.5% (959817; 22566)
Time used: 1801.1 secs.  Memory used: 606.3 Mb.
+2839884: mip =   8.000000000e+00 >=   3.000000000e+00  62.5% (961049; 22604)
+2844441: mip =   8.000000000e+00 >=   3.000000000e+00  62.5% (962224; 22642)
+2849277: mip =   8.000000000e+00 >=   3.000000000e+00  62.5% (963427; 22679)
+2854240: mip =   8.000000000e+00 >=   3.000000000e+00  62.5% (964700; 22717)
+2859105: mip =   8.000000000e+00 >=   3.000000000e+00  62.5% (965958; 22755)
+2863680: mip =   8.000000000e+00 >=   3.000000000e+00  62.5% (967185; 22793)
+2867914: mip =   8.000000000e+00 >=   3.000000000e+00  62.5% (968471; 22831)
+2872984: mip =   8.000000000e+00 >=   3.000000000e+00  62.5% (970410; 22867)
+2878038: mip =   8.000000000e+00 >=   3.000000000e+00  62.5% (972343; 22903)
+2883165: mip =   8.000000000e+00 >=   3.000000000e+00  62.5% (974122; 22939)
+2887818: mip =   8.000000000e+00 >=   3.000000000e+00  62.5% (975775; 22976)
+2892810: mip =   8.000000000e+00 >=   3.000000000e+00  62.5% (977501; 23013)
Time used: 1861.1 secs.  Memory used: 617.1 Mb.
+2897879: mip =   8.000000000e+00 >=   3.000000000e+00  62.5% (979345; 23049)
+2902915: mip =   8.000000000e+00 >=   3.000000000e+00  62.5% (981227; 23085)
+2907783: mip =   8.000000000e+00 >=   3.000000000e+00  62.5% (983057; 23121)
+2912399: mip =   8.000000000e+00 >=   3.000000000e+00  62.5% (984734; 23157)
+2917271: mip =   8.000000000e+00 >=   3.000000000e+00  62.5% (986458; 23193)
+2922247: mip =   8.000000000e+00 >=   3.000000000e+00  62.5% (988286; 23228)
+2927139: mip =   8.000000000e+00 >=   3.000000000e+00  62.5% (990176; 23263)
+2931723: mip =   8.000000000e+00 >=   3.000000000e+00  62.5% (991907; 23299)
+2936482: mip =   8.000000000e+00 >=   3.000000000e+00  62.5% (993510; 23335)
+2941485: mip =   8.000000000e+00 >=   3.000000000e+00  62.5% (995339; 23370)
+2946373: mip =   8.000000000e+00 >=   3.000000000e+00  62.5% (997186; 23405)
+2950983: mip =   8.000000000e+00 >=   3.000000000e+00  62.5% (998498; 23441)
Time used: 1921.3 secs.  Memory used: 628.7 Mb.
+2955327: mip =   8.000000000e+00 >=   3.000000000e+00  62.5% (999622; 23477)
+2959872: mip =   8.000000000e+00 >=   3.000000000e+00  62.5% (1000868; 23513)
+2964332: mip =   8.000000000e+00 >=   3.000000000e+00  62.5% (1002130; 23549)
+2968966: mip =   8.000000000e+00 >=   3.000000000e+00  62.5% (1003465; 23586)
+2973493: mip =   8.000000000e+00 >=   3.000000000e+00  62.5% (1004746; 23622)
+2977960: mip =   8.000000000e+00 >=   3.000000000e+00  62.5% (1006004; 23658)
+2982380: mip =   8.000000000e+00 >=   3.000000000e+00  62.5% (1007270; 23694)
+2986762: mip =   8.000000000e+00 >=   3.000000000e+00  62.5% (1008601; 23730)
+2991062: mip =   8.000000000e+00 >=   3.000000000e+00  62.5% (1009887; 23766)
+2995194: mip =   8.000000000e+00 >=   3.000000000e+00  62.5% (1011148; 23802)
+2999435: mip =   8.000000000e+00 >=   3.000000000e+00  62.5% (1012389; 23838)
Time used: 1981.3 secs.  Memory used: 638.1 Mb.
+3004009: mip =   8.000000000e+00 >=   3.000000000e+00  62.5% (1013665; 23874)
+3008593: mip =   8.000000000e+00 >=   3.000000000e+00  62.5% (1014953; 23910)
+3013129: mip =   8.000000000e+00 >=   3.000000000e+00  62.5% (1016237; 23946)
+3017643: mip =   8.000000000e+00 >=   3.000000000e+00  62.5% (1017534; 23981)
+3022138: mip =   8.000000000e+00 >=   3.000000000e+00  62.5% (1018805; 24017)
+3026543: mip =   8.000000000e+00 >=   3.000000000e+00  62.5% (1020069; 24052)
+3030928: mip =   8.000000000e+00 >=   3.000000000e+00  62.5% (1021340; 24087)
+3035205: mip =   8.000000000e+00 >=   3.000000000e+00  62.5% (1022562; 24122)
+3039458: mip =   8.000000000e+00 >=   3.000000000e+00  62.5% (1023871; 24157)
+3043748: mip =   8.000000000e+00 >=   3.000000000e+00  62.5% (1025151; 24192)
+3047835: mip =   8.000000000e+00 >=   3.000000000e+00  62.5% (1026396; 24227)
+3052024: mip =   8.000000000e+00 >=   3.000000000e+00  62.5% (1027701; 24263)
Time used: 2041.4 secs.  Memory used: 647.6 Mb.
+3056515: mip =   8.000000000e+00 >=   3.000000000e+00  62.5% (1028977; 24298)
+3061017: mip =   8.000000000e+00 >=   3.000000000e+00  62.5% (1030277; 24333)
+3065391: mip =   8.000000000e+00 >=   3.000000000e+00  62.5% (1031549; 24368)
+3069837: mip =   8.000000000e+00 >=   3.000000000e+00  62.5% (1032828; 24403)
+3074312: mip =   8.000000000e+00 >=   3.000000000e+00  62.5% (1034092; 24438)
+3078766: mip =   8.000000000e+00 >=   3.000000000e+00  62.5% (1035364; 24473)
+3083205: mip =   8.000000000e+00 >=   3.000000000e+00  62.5% (1036651; 24508)
+3087598: mip =   8.000000000e+00 >=   3.000000000e+00  62.5% (1037975; 24543)
+3092117: mip =   8.000000000e+00 >=   3.000000000e+00  62.5% (1039314; 24578)
+3096489: mip =   8.000000000e+00 >=   3.000000000e+00  62.5% (1040697; 24613)
+3100748: mip =   8.000000000e+00 >=   3.000000000e+00  62.5% (1042027; 24648)
+3104891: mip =   8.000000000e+00 >=   3.000000000e+00  62.5% (1043283; 24683)
Time used: 2101.5 secs.  Memory used: 657.1 Mb.
+3109065: mip =   8.000000000e+00 >=   3.000000000e+00  62.5% (1044590; 24718)
+3113489: mip =   8.000000000e+00 >=   3.000000000e+00  62.5% (1045896; 24753)
+3117808: mip =   8.000000000e+00 >=   3.000000000e+00  62.5% (1047177; 24787)
+3122248: mip =   8.000000000e+00 >=   3.000000000e+00  62.5% (1048461; 24821)
+3126481: mip =   8.000000000e+00 >=   3.000000000e+00  62.5% (1049708; 24855)
+3130845: mip =   8.000000000e+00 >=   3.000000000e+00  62.5% (1050991; 24889)
+3135118: mip =   8.000000000e+00 >=   3.000000000e+00  62.5% (1052260; 24923)
+3139470: mip =   8.000000000e+00 >=   3.000000000e+00  62.5% (1053534; 24957)
+3143670: mip =   8.000000000e+00 >=   3.000000000e+00  62.5% (1054775; 24991)
+3147935: mip =   8.000000000e+00 >=   3.000000000e+00  62.5% (1056070; 25025)
+3152368: mip =   8.000000000e+00 >=   3.000000000e+00  62.5% (1057397; 25059)
Time used: 2161.5 secs.  Memory used: 666.6 Mb.
+3156788: mip =   8.000000000e+00 >=   3.000000000e+00  62.5% (1058858; 25093)
+3161038: mip =   8.000000000e+00 >=   3.000000000e+00  62.5% (1060211; 25127)
+3165120: mip =   8.000000000e+00 >=   3.000000000e+00  62.5% (1061512; 25161)
+3169230: mip =   8.000000000e+00 >=   3.000000000e+00  62.5% (1062826; 25195)
+3173518: mip =   8.000000000e+00 >=   3.000000000e+00  62.5% (1064121; 25229)
+3178097: mip =   8.000000000e+00 >=   3.000000000e+00  62.5% (1065562; 25263)
+3182538: mip =   8.000000000e+00 >=   3.000000000e+00  62.5% (1067002; 25297)
+3186895: mip =   8.000000000e+00 >=   3.000000000e+00  62.5% (1068331; 25331)
+3191173: mip =   8.000000000e+00 >=   3.000000000e+00  62.5% (1069582; 25365)
+3195504: mip =   8.000000000e+00 >=   3.000000000e+00  62.5% (1070887; 25399)
+3199777: mip =   8.000000000e+00 >=   3.000000000e+00  62.5% (1072175; 25433)
+3204244: mip =   8.000000000e+00 >=   3.000000000e+00  62.5% (1073512; 25467)
Time used: 2221.6 secs.  Memory used: 676.0 Mb.
+3208625: mip =   8.000000000e+00 >=   3.000000000e+00  62.5% (1074905; 25500)
+3212876: mip =   8.000000000e+00 >=   3.000000000e+00  62.5% (1076258; 25534)
+3217184: mip =   8.000000000e+00 >=   3.000000000e+00  62.5% (1077554; 25568)
+3221400: mip =   8.000000000e+00 >=   3.000000000e+00  62.5% (1078937; 25601)
+3225628: mip =   8.000000000e+00 >=   3.000000000e+00  62.5% (1080308; 25634)
+3229766: mip =   8.000000000e+00 >=   3.000000000e+00  62.5% (1081737; 25667)
+3233731: mip =   8.000000000e+00 >=   3.000000000e+00  62.5% (1082976; 25700)
+3237903: mip =   8.000000000e+00 >=   3.000000000e+00  62.5% (1084257; 25733)
+3242355: mip =   8.000000000e+00 >=   3.000000000e+00  62.5% (1085647; 25766)
+3246748: mip =   8.000000000e+00 >=   3.000000000e+00  62.5% (1087134; 25799)
+3250938: mip =   8.000000000e+00 >=   3.000000000e+00  62.5% (1088448; 25832)
+3255096: mip =   8.000000000e+00 >=   3.000000000e+00  62.5% (1089709; 25865)
Time used: 2281.6 secs.  Memory used: 685.6 Mb.
+3259405: mip =   8.000000000e+00 >=   3.000000000e+00  62.5% (1091033; 25898)
+3263771: mip =   8.000000000e+00 >=   3.000000000e+00  62.5% (1092444; 25931)
+3267994: mip =   8.000000000e+00 >=   3.000000000e+00  62.5% (1093812; 25964)
+3272174: mip =   8.000000000e+00 >=   3.000000000e+00  62.5% (1095050; 25997)
+3276405: mip =   8.000000000e+00 >=   3.000000000e+00  62.5% (1096358; 26030)
+3280798: mip =   8.000000000e+00 >=   3.000000000e+00  62.5% (1097800; 26063)
+3284917: mip =   8.000000000e+00 >=   3.000000000e+00  62.5% (1099250; 26095)
+3289106: mip =   8.000000000e+00 >=   3.000000000e+00  62.5% (1100569; 26128)
+3293199: mip =   8.000000000e+00 >=   3.000000000e+00  62.5% (1101921; 26160)
+3297409: mip =   8.000000000e+00 >=   3.000000000e+00  62.5% (1103412; 26193)
+3301393: mip =   8.000000000e+00 >=   3.000000000e+00  62.5% (1104738; 26226)
Time used: 2341.6 secs.  Memory used: 695.2 Mb.
+3305577: mip =   8.000000000e+00 >=   3.000000000e+00  62.5% (1106013; 26259)
+3309813: mip =   8.000000000e+00 >=   3.000000000e+00  62.5% (1107355; 26291)
+3314168: mip =   8.000000000e+00 >=   3.000000000e+00  62.5% (1108917; 26323)
+3318212: mip =   8.000000000e+00 >=   3.000000000e+00  62.5% (1110230; 26355)
+3322409: mip =   8.000000000e+00 >=   3.000000000e+00  62.5% (1111595; 26387)
+3326684: mip =   8.000000000e+00 >=   3.000000000e+00  62.5% (1113033; 26419)
+3330746: mip =   8.000000000e+00 >=   3.000000000e+00  62.5% (1114358; 26451)
+3334777: mip =   8.000000000e+00 >=   3.000000000e+00  62.5% (1115628; 26483)
+3339024: mip =   8.000000000e+00 >=   3.000000000e+00  62.5% (1117057; 26515)
+3343300: mip =   8.000000000e+00 >=   3.000000000e+00  62.5% (1118509; 26547)
+3347309: mip =   8.000000000e+00 >=   3.000000000e+00  62.5% (1119772; 26579)
+3351505: mip =   8.000000000e+00 >=   3.000000000e+00  62.5% (1121123; 26611)
Time used: 2401.7 secs.  Memory used: 704.7 Mb.
+3355671: mip =   8.000000000e+00 >=   3.000000000e+00  62.5% (1122578; 26643)
+3359534: mip =   8.000000000e+00 >=   3.000000000e+00  62.5% (1123810; 26675)
+3363556: mip =   8.000000000e+00 >=   3.000000000e+00  62.5% (1125172; 26707)
+3367681: mip =   8.000000000e+00 >=   3.000000000e+00  62.5% (1126624; 26739)
+3371560: mip =   8.000000000e+00 >=   3.000000000e+00  62.5% (1127942; 26771)
+3375502: mip =   8.000000000e+00 >=   3.000000000e+00  62.5% (1129176; 26803)
+3379969: mip =   8.000000000e+00 >=   3.000000000e+00  62.5% (1130638; 26835)
+3384167: mip =   8.000000000e+00 >=   3.000000000e+00  62.5% (1132121; 26866)
+3387963: mip =   8.000000000e+00 >=   3.000000000e+00  62.5% (1133323; 26898)
+3391968: mip =   8.000000000e+00 >=   3.000000000e+00  62.5% (1134692; 26929)
+3395885: mip =   8.000000000e+00 >=   3.000000000e+00  62.5% (1136033; 26960)
Time used: 2461.8 secs.  Memory used: 713.8 Mb.
+3399624: mip =   8.000000000e+00 >=   3.000000000e+00  62.5% (1137216; 26991)
+3403656: mip =   8.000000000e+00 >=   3.000000000e+00  62.5% (1138610; 27022)
+3407450: mip =   8.000000000e+00 >=   3.000000000e+00  62.5% (1139874; 27053)
+3411395: mip =   8.000000000e+00 >=   3.000000000e+00  62.5% (1141140; 27085)
+3415425: mip =   8.000000000e+00 >=   3.000000000e+00  62.5% (1142534; 27116)
+3419266: mip =   8.000000000e+00 >=   3.000000000e+00  62.5% (1143809; 27147)
+3423047: mip =   8.000000000e+00 >=   3.000000000e+00  62.5% (1145029; 27178)
+3427027: mip =   8.000000000e+00 >=   3.000000000e+00  62.5% (1146390; 27209)
+3430857: mip =   8.000000000e+00 >=   3.000000000e+00  62.5% (1147670; 27240)
+3435496: mip =   8.000000000e+00 >=   3.000000000e+00  62.5% (1149814; 27270)
+3439975: mip =   8.000000000e+00 >=   3.000000000e+00  62.5% (1151974; 27300)
+3444737: mip =   8.000000000e+00 >=   3.000000000e+00  62.5% (1154160; 27330)
Time used: 2521.8 secs.  Memory used: 723.8 Mb.
+3449477: mip =   8.000000000e+00 >=   3.000000000e+00  62.5% (1156518; 27359)
+3454362: mip =   8.000000000e+00 >=   3.000000000e+00  62.5% (1159396; 27387)
+3459669: mip =   8.000000000e+00 >=   3.000000000e+00  62.5% (1162732; 27414)
+3464976: mip =   8.000000000e+00 >=   3.000000000e+00  62.5% (1166068; 27441)
+3470000: mip =   8.000000000e+00 >=   3.000000000e+00  62.5% (1169014; 27469)
+3474063: mip =   8.000000000e+00 >=   3.000000000e+00  62.5% (1170749; 27499)
+3478032: mip =   8.000000000e+00 >=   3.000000000e+00  62.5% (1172327; 27529)
+3482040: mip =   8.000000000e+00 >=   3.000000000e+00  62.5% (1174049; 27559)
+3485954: mip =   8.000000000e+00 >=   3.000000000e+00  62.5% (1175614; 27589)
+3490017: mip =   8.000000000e+00 >=   3.000000000e+00  62.5% (1177349; 27619)
+3493943: mip =   8.000000000e+00 >=   3.000000000e+00  62.5% (1178920; 27649)
+3498360: mip =   8.000000000e+00 >=   3.000000000e+00  62.5% (1180890; 27679)
Time used: 2581.9 secs.  Memory used: 735.7 Mb.
+3502057: mip =   8.000000000e+00 >=   3.000000000e+00  62.5% (1181852; 27710)
+3506076: mip =   8.000000000e+00 >=   3.000000000e+00  62.5% (1183038; 27741)
+3509896: mip =   8.000000000e+00 >=   3.000000000e+00  62.5% (1184187; 27772)
+3513714: mip =   8.000000000e+00 >=   3.000000000e+00  62.5% (1185361; 27804)
+3517521: mip =   8.000000000e+00 >=   3.000000000e+00  62.5% (1186532; 27835)
+3521114: mip =   8.000000000e+00 >=   3.000000000e+00  62.5% (1187646; 27866)
+3524813: mip =   8.000000000e+00 >=   3.000000000e+00  62.5% (1188784; 27897)
+3528419: mip =   8.000000000e+00 >=   3.000000000e+00  62.5% (1189874; 27928)
+3531973: mip =   8.000000000e+00 >=   3.000000000e+00  62.5% (1190937; 27959)
+3535602: mip =   8.000000000e+00 >=   3.000000000e+00  62.5% (1192008; 27990)
+3539129: mip =   8.000000000e+00 >=   3.000000000e+00  62.5% (1193044; 28021)
Time used: 2641.9 secs.  Memory used: 744.3 Mb.
+3542745: mip =   8.000000000e+00 >=   3.000000000e+00  62.5% (1194099; 28052)
+3546288: mip =   8.000000000e+00 >=   3.000000000e+00  62.5% (1195146; 28083)
+3549861: mip =   8.000000000e+00 >=   3.000000000e+00  62.5% (1196203; 28114)
+3553502: mip =   8.000000000e+00 >=   3.000000000e+00  62.5% (1197125; 28146)
+3557336: mip =   8.000000000e+00 >=   3.000000000e+00  62.5% (1198092; 28177)
+3561137: mip =   8.000000000e+00 >=   3.000000000e+00  62.5% (1199094; 28208)
+3564870: mip =   8.000000000e+00 >=   3.000000000e+00  62.5% (1200069; 28239)
+3568402: mip =   8.000000000e+00 >=   3.000000000e+00  62.5% (1201048; 28270)
+3571926: mip =   8.000000000e+00 >=   3.000000000e+00  62.5% (1202000; 28301)
+3575795: mip =   8.000000000e+00 >=   3.000000000e+00  62.5% (1202904; 28332)
+3579507: mip =   8.000000000e+00 >=   3.000000000e+00  62.5% (1203777; 28363)
+3583117: mip =   8.000000000e+00 >=   3.000000000e+00  62.5% (1204643; 28394)
Time used: 2701.9 secs.  Memory used: 752.3 Mb.
+3586637: mip =   8.000000000e+00 >=   3.000000000e+00  62.5% (1205538; 28425)
+3590039: mip =   8.000000000e+00 >=   3.000000000e+00  62.5% (1206450; 28456)
+3593924: mip =   8.000000000e+00 >=   3.000000000e+00  62.5% (1207427; 28487)
+3597699: mip =   8.000000000e+00 >=   3.000000000e+00  62.5% (1208299; 28518)
+3601318: mip =   8.000000000e+00 >=   3.000000000e+00  62.5% (1209171; 28549)
+3604828: mip =   8.000000000e+00 >=   3.000000000e+00  62.5% (1210030; 28580)
+3608284: mip =   8.000000000e+00 >=   3.000000000e+00  62.5% (1210954; 28611)
+3611966: mip =   8.000000000e+00 >=   3.000000000e+00  62.5% (1211902; 28641)
+3615592: mip =   8.000000000e+00 >=   3.000000000e+00  62.5% (1212775; 28672)
+3619271: mip =   8.000000000e+00 >=   3.000000000e+00  62.5% (1213638; 28703)
+3622851: mip =   8.000000000e+00 >=   3.000000000e+00  62.5% (1214516; 28734)
+3626314: mip =   8.000000000e+00 >=   3.000000000e+00  62.5% (1215412; 28765)
Time used: 2762.0 secs.  Memory used: 759.9 Mb.
+3629710: mip =   8.000000000e+00 >=   3.000000000e+00  62.5% (1216331; 28795)
+3633504: mip =   8.000000000e+00 >=   3.000000000e+00  62.5% (1217252; 28826)
+3637189: mip =   8.000000000e+00 >=   3.000000000e+00  62.5% (1218128; 28857)
+3640831: mip =   8.000000000e+00 >=   3.000000000e+00  62.5% (1218999; 28888)
+3644378: mip =   8.000000000e+00 >=   3.000000000e+00  62.5% (1219879; 28919)
+3647800: mip =   8.000000000e+00 >=   3.000000000e+00  62.5% (1220817; 28950)
+3651502: mip =   8.000000000e+00 >=   3.000000000e+00  62.5% (1221722; 28981)
+3655169: mip =   8.000000000e+00 >=   3.000000000e+00  62.5% (1222623; 29012)
+3658689: mip =   8.000000000e+00 >=   3.000000000e+00  62.5% (1223467; 29042)
+3662138: mip =   8.000000000e+00 >=   3.000000000e+00  62.5% (1224312; 29072)
+3665584: mip =   8.000000000e+00 >=   3.000000000e+00  62.5% (1225227; 29102)
Time used: 2822.0 secs.  Memory used: 767.5 Mb.
+3668870: mip =   8.000000000e+00 >=   3.000000000e+00  62.5% (1226119; 29132)
+3672548: mip =   8.000000000e+00 >=   3.000000000e+00  62.5% (1227014; 29162)
+3675928: mip =   8.000000000e+00 >=   3.000000000e+00  62.5% (1227832; 29192)
+3679515: mip =   8.000000000e+00 >=   3.000000000e+00  62.5% (1228710; 29222)
+3682862: mip =   8.000000000e+00 >=   3.000000000e+00  62.5% (1229534; 29252)
+3686135: mip =   8.000000000e+00 >=   3.000000000e+00  62.5% (1230437; 29282)
+3689671: mip =   8.000000000e+00 >=   3.000000000e+00  62.5% (1231345; 29312)
+3693098: mip =   8.000000000e+00 >=   3.000000000e+00  62.5% (1232214; 29342)
+3696520: mip =   8.000000000e+00 >=   3.000000000e+00  62.5% (1233060; 29372)
+3699942: mip =   8.000000000e+00 >=   3.000000000e+00  62.5% (1233906; 29402)
+3703290: mip =   8.000000000e+00 >=   3.000000000e+00  62.5% (1234780; 29432)
+3706658: mip =   8.000000000e+00 >=   3.000000000e+00  62.5% (1235713; 29462)
Time used: 2882.0 secs.  Memory used: 775.0 Mb.
+3710212: mip =   8.000000000e+00 >=   3.000000000e+00  62.5% (1236565; 29492)
+3713628: mip =   8.000000000e+00 >=   3.000000000e+00  62.5% (1237409; 29522)
+3717044: mip =   8.000000000e+00 >=   3.000000000e+00  62.5% (1238253; 29552)
+3720460: mip =   8.000000000e+00 >=   3.000000000e+00  62.5% (1239097; 29582)
+3723780: mip =   8.000000000e+00 >=   3.000000000e+00  62.5% (1240004; 29612)
+3727099: mip =   8.000000000e+00 >=   3.000000000e+00  62.5% (1240916; 29642)
+3730406: mip =   8.000000000e+00 >=   3.000000000e+00  62.5% (1241837; 29672)
+3733666: mip =   8.000000000e+00 >=   3.000000000e+00  62.5% (1242777; 29702)
+3736926: mip =   8.000000000e+00 >=   3.000000000e+00  62.5% (1243717; 29732)
+3740186: mip =   8.000000000e+00 >=   3.000000000e+00  62.5% (1244657; 29762)
+3743465: mip =   8.000000000e+00 >=   3.000000000e+00  62.5% (1245550; 29792)
Time used: 2942.2 secs.  Memory used: 782.4 Mb.
+3746943: mip =   8.000000000e+00 >=   3.000000000e+00  62.5% (1246412; 29822)
+3750299: mip =   8.000000000e+00 >=   3.000000000e+00  62.5% (1247322; 29852)
+3753655: mip =   8.000000000e+00 >=   3.000000000e+00  62.5% (1248232; 29882)
+3757011: mip =   8.000000000e+00 >=   3.000000000e+00  62.5% (1249142; 29912)
+3760367: mip =   8.000000000e+00 >=   3.000000000e+00  62.5% (1250052; 29942)
+3763816: mip =   8.000000000e+00 >=   3.000000000e+00  62.5% (1250905; 29972)
+3767529: mip =   8.000000000e+00 >=   3.000000000e+00  62.5% (1251851; 30002)
+3771211: mip =   8.000000000e+00 >=   3.000000000e+00  62.5% (1252815; 30032)
+3774676: mip =   8.000000000e+00 >=   3.000000000e+00  62.5% (1253731; 30061)
+3778126: mip =   8.000000000e+00 >=   3.000000000e+00  62.5% (1254676; 30091)
+3781499: mip =   8.000000000e+00 >=   3.000000000e+00  62.5% (1255671; 30120)
+3785660: mip =   8.000000000e+00 >=   3.000000000e+00  62.5% (1256829; 30149)
Time used: 3002.2 secs.  Memory used: 790.2 Mb.
+3789103: mip =   8.000000000e+00 >=   3.000000000e+00  62.5% (1257924; 30178)
+3792449: mip =   8.000000000e+00 >=   3.000000000e+00  62.5% (1258920; 30207)
+3796114: mip =   8.000000000e+00 >=   3.000000000e+00  62.5% (1260041; 30236)
+3799953: mip =   8.000000000e+00 >=   3.000000000e+00  62.5% (1261715; 30264)
+3804369: mip =   8.000000000e+00 >=   3.000000000e+00  62.5% (1263210; 30292)
+3807849: mip =   8.000000000e+00 >=   3.000000000e+00  62.5% (1264294; 30321)
+3810714: mip =   8.000000000e+00 >=   3.000000000e+00  62.5% (1265341; 30350)
+3813971: mip =   8.000000000e+00 >=   3.000000000e+00  62.5% (1266500; 30379)
+3816832: mip =   8.000000000e+00 >=   3.000000000e+00  62.5% (1267531; 30408)
+3820268: mip =   8.000000000e+00 >=   3.000000000e+00  62.5% (1268580; 30437)
+3823459: mip =   8.000000000e+00 >=   3.000000000e+00  62.5% (1269511; 30466)
+3826739: mip =   8.000000000e+00 >=   3.000000000e+00  62.5% (1270578; 30495)
Time used: 3062.2 secs.  Memory used: 798.4 Mb.
+3829928: mip =   8.000000000e+00 >=   3.000000000e+00  62.5% (1271658; 30524)
+3833371: mip =   8.000000000e+00 >=   3.000000000e+00  62.5% (1272827; 30553)
+3837039: mip =   8.000000000e+00 >=   3.000000000e+00  62.5% (1274274; 30581)
+3840440: mip =   8.000000000e+00 >=   3.000000000e+00  62.5% (1275448; 30609)
+3843698: mip =   8.000000000e+00 >=   3.000000000e+00  62.5% (1276799; 30637)
+3846948: mip =   8.000000000e+00 >=   3.000000000e+00  62.5% (1278247; 30665)
+3850212: mip =   8.000000000e+00 >=   3.000000000e+00  62.5% (1279615; 30694)
+3853769: mip =   8.000000000e+00 >=   3.000000000e+00  62.5% (1280973; 30722)
+3857475: mip =   8.000000000e+00 >=   3.000000000e+00  62.5% (1282228; 30750)
+3861756: mip =   8.000000000e+00 >=   3.000000000e+00  62.5% (1284046; 30777)
+3865678: mip =   8.000000000e+00 >=   3.000000000e+00  62.5% (1285501; 30804)
Time used: 3122.3 secs.  Memory used: 806.7 Mb.
+3869882: mip =   8.000000000e+00 >=   3.000000000e+00  62.5% (1287273; 30831)
+3873909: mip =   8.000000000e+00 >=   3.000000000e+00  62.5% (1288871; 30858)
+3878018: mip =   8.000000000e+00 >=   3.000000000e+00  62.5% (1290469; 30885)
+3882325: mip =   8.000000000e+00 >=   3.000000000e+00  62.5% (1292350; 30912)
+3886467: mip =   8.000000000e+00 >=   3.000000000e+00  62.5% (1294091; 30939)
+3890865: mip =   8.000000000e+00 >=   3.000000000e+00  62.5% (1295951; 30966)
+3895009: mip =   8.000000000e+00 >=   3.000000000e+00  62.5% (1297631; 30993)
+3899305: mip =   8.000000000e+00 >=   3.000000000e+00  62.5% (1299470; 31020)
+3903555: mip =   8.000000000e+00 >=   3.000000000e+00  62.5% (1301332; 31046)
+3907931: mip =   8.000000000e+00 >=   3.000000000e+00  62.5% (1303263; 31073)
+3912311: mip =   8.000000000e+00 >=   3.000000000e+00  62.5% (1305181; 31099)
+3916528: mip =   8.000000000e+00 >=   3.000000000e+00  62.5% (1306993; 31125)
Time used: 3182.5 secs.  Memory used: 856.7 Mb.
+3920912: mip =   8.000000000e+00 >=   3.000000000e+00  62.5% (1308960; 31151)
+3925289: mip =   8.000000000e+00 >=   3.000000000e+00  62.5% (1310989; 31177)
+3929805: mip =   8.000000000e+00 >=   3.000000000e+00  62.5% (1313115; 31203)
+3934042: mip =   8.000000000e+00 >=   3.000000000e+00  62.5% (1314919; 31229)
+3938611: mip =   8.000000000e+00 >=   3.000000000e+00  62.5% (1317111; 31255)
+3943303: mip =   8.000000000e+00 >=   3.000000000e+00  62.5% (1319257; 31281)
+3947710: mip =   8.000000000e+00 >=   3.000000000e+00  62.5% (1321025; 31307)
+3951574: mip =   8.000000000e+00 >=   3.000000000e+00  62.5% (1322374; 31334)
+3955743: mip =   8.000000000e+00 >=   3.000000000e+00  62.5% (1323783; 31361)
+3959545: mip =   8.000000000e+00 >=   3.000000000e+00  62.5% (1325038; 31388)
+3963232: mip =   8.000000000e+00 >=   3.000000000e+00  62.5% (1326250; 31415)
Time used: 3242.6 secs.  Memory used: 866.7 Mb.
+3967055: mip =   8.000000000e+00 >=   3.000000000e+00  62.5% (1327602; 31442)
+3970725: mip =   8.000000000e+00 >=   3.000000000e+00  62.5% (1328887; 31469)
+3974140: mip =   8.000000000e+00 >=   3.000000000e+00  62.5% (1330080; 31496)
+3978006: mip =   8.000000000e+00 >=   3.000000000e+00  62.5% (1331505; 31523)
+3981835: mip =   8.000000000e+00 >=   3.000000000e+00  62.5% (1332827; 31550)
+3985575: mip =   8.000000000e+00 >=   3.000000000e+00  62.5% (1334241; 31577)
+3989353: mip =   8.000000000e+00 >=   3.000000000e+00  62.5% (1335722; 31604)
+3993134: mip =   8.000000000e+00 >=   3.000000000e+00  62.5% (1337332; 31630)
+3996993: mip =   8.000000000e+00 >=   3.000000000e+00  62.5% (1338913; 31656)
+4000847: mip =   8.000000000e+00 >=   3.000000000e+00  62.5% (1340536; 31682)
+4004763: mip =   8.000000000e+00 >=   3.000000000e+00  62.5% (1342210; 31708)
+4008607: mip =   8.000000000e+00 >=   3.000000000e+00  62.5% (1343846; 31734)
Time used: 3302.7 secs.  Memory used: 875.7 Mb.
+4012720: mip =   8.000000000e+00 >=   3.000000000e+00  62.5% (1345619; 31760)
+4016773: mip =   8.000000000e+00 >=   3.000000000e+00  62.5% (1347231; 31786)
+4020389: mip =   8.000000000e+00 >=   3.000000000e+00  62.5% (1348400; 31813)
+4024033: mip =   8.000000000e+00 >=   3.000000000e+00  62.5% (1349760; 31840)
+4027926: mip =   8.000000000e+00 >=   3.000000000e+00  62.5% (1351269; 31866)
+4031716: mip =   8.000000000e+00 >=   3.000000000e+00  62.5% (1352718; 31892)
+4035430: mip =   8.000000000e+00 >=   3.000000000e+00  62.5% (1354173; 31919)
+4039173: mip =   8.000000000e+00 >=   3.000000000e+00  62.5% (1355645; 31946)
+4042784: mip =   8.000000000e+00 >=   3.000000000e+00  62.5% (1357058; 31972)
+4046475: mip =   8.000000000e+00 >=   3.000000000e+00  62.5% (1358575; 31998)
+4050249: mip =   8.000000000e+00 >=   3.000000000e+00  62.5% (1360104; 32024)
+4054349: mip =   8.000000000e+00 >=   3.000000000e+00  62.5% (1361734; 32050)
Time used: 3362.8 secs.  Memory used: 884.7 Mb.
+4057298: mip =   8.000000000e+00 >=   3.000000000e+00  62.5% (1362591; 32077)
+4060630: mip =   8.000000000e+00 >=   3.000000000e+00  62.5% (1364133; 32103)
+4063886: mip =   8.000000000e+00 >=   3.000000000e+00  62.5% (1365750; 32129)
+4067263: mip =   8.000000000e+00 >=   3.000000000e+00  62.5% (1366760; 32156)
+4070470: mip =   8.000000000e+00 >=   3.000000000e+00  62.5% (1367901; 32183)
+4074174: mip =   8.000000000e+00 >=   3.000000000e+00  62.5% (1369459; 32209)
+4077315: mip =   8.000000000e+00 >=   3.000000000e+00  62.5% (1370599; 32236)
+4080435: mip =   8.000000000e+00 >=   3.000000000e+00  62.5% (1371725; 32263)
+4083856: mip =   8.000000000e+00 >=   3.000000000e+00  62.5% (1373082; 32290)
+4086881: mip =   8.000000000e+00 >=   3.000000000e+00  62.5% (1374205; 32317)
+4089842: mip =   8.000000000e+00 >=   3.000000000e+00  62.5% (1375305; 32344)
Time used: 3423.0 secs.  Memory used: 892.8 Mb.
+4093367: mip =   8.000000000e+00 >=   3.000000000e+00  62.5% (1376725; 32370)
+4097764: mip =   8.000000000e+00 >=   3.000000000e+00  62.5% (1378674; 32395)
+4102181: mip =   8.000000000e+00 >=   3.000000000e+00  62.5% (1380640; 32420)
+4106591: mip =   8.000000000e+00 >=   3.000000000e+00  62.5% (1382819; 32445)
+4110103: mip =   8.000000000e+00 >=   3.000000000e+00  62.5% (1384324; 32471)
+4113677: mip =   8.000000000e+00 >=   3.000000000e+00  62.5% (1385885; 32497)
+4117493: mip =   8.000000000e+00 >=   3.000000000e+00  62.5% (1387538; 32523)
+4121167: mip =   8.000000000e+00 >=   3.000000000e+00  62.5% (1389280; 32549)
+4124906: mip =   8.000000000e+00 >=   3.000000000e+00  62.5% (1391057; 32575)
+4128765: mip =   8.000000000e+00 >=   3.000000000e+00  62.5% (1392820; 32600)
+4132471: mip =   8.000000000e+00 >=   3.000000000e+00  62.5% (1394530; 32626)
+4136518: mip =   8.000000000e+00 >=   3.000000000e+00  62.5% (1396335; 32652)
Time used: 3483.1 secs.  Memory used: 902.8 Mb.
+4140184: mip =   8.000000000e+00 >=   3.000000000e+00  62.5% (1398049; 32678)
+4143975: mip =   8.000000000e+00 >=   3.000000000e+00  62.5% (1399837; 32703)
+4147611: mip =   8.000000000e+00 >=   3.000000000e+00  62.5% (1401540; 32728)
+4151271: mip =   8.000000000e+00 >=   3.000000000e+00  62.5% (1403177; 32754)
+4155137: mip =   8.000000000e+00 >=   3.000000000e+00  62.5% (1404928; 32780)
+4158869: mip =   8.000000000e+00 >=   3.000000000e+00  62.5% (1406609; 32805)
+4162727: mip =   8.000000000e+00 >=   3.000000000e+00  62.5% (1408275; 32830)
+4166395: mip =   8.000000000e+00 >=   3.000000000e+00  62.5% (1409890; 32856)
+4170218: mip =   8.000000000e+00 >=   3.000000000e+00  62.5% (1411621; 32881)
+4173906: mip =   8.000000000e+00 >=   3.000000000e+00  62.5% (1413256; 32906)
+4177511: mip =   8.000000000e+00 >=   3.000000000e+00  62.5% (1414864; 32931)
Time used: 3543.2 secs.  Memory used: 912.1 Mb.
+4181195: mip =   8.000000000e+00 >=   3.000000000e+00  62.5% (1416394; 32957)
+4184876: mip =   8.000000000e+00 >=   3.000000000e+00  62.5% (1418003; 32982)
+4188746: mip =   8.000000000e+00 >=   3.000000000e+00  62.5% (1419681; 33007)
+4192417: mip =   8.000000000e+00 >=   3.000000000e+00  62.5% (1421176; 33033)
+4196188: mip =   8.000000000e+00 >=   3.000000000e+00  62.5% (1422834; 33058)
+4199888: mip =   8.000000000e+00 >=   3.000000000e+00  62.5% (1424357; 33083)
+4203224: mip =   8.000000000e+00 >=   3.000000000e+00  62.5% (1425760; 33108)
+4206980: mip =   8.000000000e+00 >=   3.000000000e+00  62.5% (1427203; 33133)
+4210680: mip =   8.000000000e+00 >=   3.000000000e+00  62.5% (1428821; 33158)
+4214514: mip =   8.000000000e+00 >=   3.000000000e+00  62.5% (1430458; 33183)
+4218194: mip =   8.000000000e+00 >=   3.000000000e+00  62.5% (1431835; 33209)
+4220144: mip =   8.000000000e+00 >=   3.000000000e+00  62.5% (1432701; 33224)
TIME LIMIT EXCEEDED; SEARCH TERMINATED
Time used:   3600.1 secs
Memory used: 920.5 Mb (965189002 bytes)

#################################
SALBP-1 / LP Model Result

m = 8

N\S   1  2  3  4  5  6  7  8  9 10 11 12 13 14 15 16 17 18 19 20 21
  1   0  0  0  0  0  0  0  0  0  0  0  0  0  0  0  0  0  0  1  0  0
  2   0  0  0  0  0  0  0  0  0  0  0  0  0  0  0  1  0  0  0  0  0
  3   0  0  0  0  0  0  0  0  0  0  0  0  0  0  0  1  0  0  0  0  0
  4   0  0  1  0  0  0  0  0  0  0  0  0  0  0  0  0  0  0  0  0  0
  5   0  0  0  0  0  0  0  0  0  0  0  0  0  0  0  0  0  1  0  0  0
  6   0  1  0  0  0  0  0  0  0  0  0  0  0  0  0  0  0  0  0  0  0
  7   0  0  0  0  0  0  0  0  0  0  0  0  0  0  0  0  1  0  0  0  0
  8   0  0  1  0  0  0  0  0  0  0  0  0  0  0  0  0  0  0  0  0  0
  9   0  1  0  0  0  0  0  0  0  0  0  0  0  0  0  0  0  0  0  0  0
 10   0  0  0  0  0  0  1  0  0  0  0  0  0  0  0  0  0  0  0  0  0
 11   0  1  0  0  0  0  0  0  0  0  0  0  0  0  0  0  0  0  0  0  0
 12   0  1  0  0  0  0  0  0  0  0  0  0  0  0  0  0  0  0  0  0  0
 13   0  0  0  0  0  0  0  0  0  0  0  0  0  0  0  0  0  0  0  1  0
 14   0  0  0  0  0  0  0  0  0  0  0  0  0  0  0  0  0  0  1  0  0
 15   0  0  0  0  0  0  0  0  0  0  0  0  0  0  0  0  0  0  1  0  0
 16   0  0  0  0  0  0  0  0  0  0  0  0  0  0  0  0  1  0  0  0  0
 17   0  0  0  0  0  0  1  0  0  0  0  0  0  0  0  0  0  0  0  0  0
 18   0  0  0  0  0  0  0  0  0  0  0  0  0  0  0  0  0  1  0  0  0
 19   0  0  1  0  0  0  0  0  0  0  0  0  0  0  0  0  0  0  0  0  0
 20   0  0  0  0  0  0  0  0  0  0  0  0  0  0  0  0  1  0  0  0  0
 21   0  0  0  0  0  0  0  0  0  0  0  0  0  0  0  0  0  0  0  1  0
Model has been successfully processed
