GLPSOL: GLPK LP/MIP Solver, v4.65
Parameter(s) specified in the command line:
 -m salbp1.glpk.mod -d glpk-instances/MITCHELL_c_35.mod --tmlim 3600 --memlim
 7000 --log glpk-results/MITCHELL_c_35.log
Reading model section from salbp1.glpk.mod...
salbp1.glpk.mod:48: warning: unexpected end of file; missing end statement inserted
48 lines were read
Reading data section from glpk-instances/MITCHELL_c_35.mod...
glpk-instances/MITCHELL_c_35.mod:50: warning: final NL missing before end of file
glpk-instances/MITCHELL_c_35.mod:50: warning: unexpected end of file; missing end statement inserted
50 lines were read
Generating m...
Generating task_allocation...
Generating station_use...
Generating cycle_time...
Generating precedence...
Model has been successfully generated
GLPK Integer Optimizer, v4.65
4474 rows, 462 columns, 49875 non-zeros
462 integer variables, all of which are binary
Preprocessing...
63 rows, 462 columns, 1344 non-zeros
462 integer variables, all of which are binary
Scaling...
 A: min|aij| =  1.000e+00  max|aij| =  2.100e+01  ratio =  2.100e+01
GM: min|aij| =  5.266e-01  max|aij| =  1.899e+00  ratio =  3.606e+00
EQ: min|aij| =  2.774e-01  max|aij| =  1.000e+00  ratio =  3.606e+00
2N: min|aij| =  2.500e-01  max|aij| =  1.312e+00  ratio =  5.250e+00
Constructing initial basis...
Size of triangular part is 63
Solving LP relaxation...
GLPK Simplex Optimizer, v4.65
63 rows, 462 columns, 1344 non-zeros
      0: obj =   0.000000000e+00 inf =   3.850e+01 (2)
     36: obj =   1.476190476e+00 inf =   0.000e+00 (0)
*    37: obj =   1.000000000e+00 inf =   0.000e+00 (0)
OPTIMAL LP SOLUTION FOUND
Integer optimization begins...
Long-step dual simplex will be used
+    37: mip =     not found yet >=              -inf        (1; 0)
+   588: >>>>>   4.000000000e+00 >=   1.000000000e+00  75.0% (200; 1)
+  1300: >>>>>   3.000000000e+00 >=   1.000000000e+00  66.7% (323; 36)
+128490: mip =   3.000000000e+00 >=   2.000000000e+00  33.3% (3588; 13331)
+238126: mip =   3.000000000e+00 >=   2.000000000e+00  33.3% (4277; 27186)
+346372: mip =   3.000000000e+00 >=   2.000000000e+00  33.3% (3504; 47106)
+442947: mip =   3.000000000e+00 >=   2.000000000e+00  33.3% (5165; 60276)
+535196: mip =   3.000000000e+00 >=   2.000000000e+00  33.3% (5817; 72652)
+632131: mip =   3.000000000e+00 >=   2.000000000e+00  33.3% (5498; 86594)
+739214: mip =   3.000000000e+00 >=   2.000000000e+00  33.3% (5041; 100886)
+852455: mip =   3.000000000e+00 >=   2.000000000e+00  33.3% (4803; 115584)
+976956: mip =   3.000000000e+00 >=   2.000000000e+00  33.3% (5316; 127175)
+1097553: mip =   3.000000000e+00 >=   2.000000000e+00  33.3% (5737; 138436)
+1204076: mip =   3.000000000e+00 >=   2.000000000e+00  33.3% (5574; 151317)
Time used: 60.0 secs.  Memory used: 13.9 Mb.
+1306904: mip =   3.000000000e+00 >=   2.000000000e+00  33.3% (4767; 167119)
+1432606: mip =   3.000000000e+00 >=   2.000000000e+00  33.3% (4437; 181647)
+1536578: mip =   3.000000000e+00 >=   2.000000000e+00  33.3% (4682; 195790)
+1661819: mip =   3.000000000e+00 >=   2.000000000e+00  33.3% (4767; 209155)
+1778070: mip =   3.000000000e+00 >=   2.000000000e+00  33.3% (4793; 222311)
+1905801: mip =   3.000000000e+00 >=   2.000000000e+00  33.3% (4896; 234952)
+2038728: mip =   3.000000000e+00 >=   2.000000000e+00  33.3% (5023; 246500)
+2171146: mip =   3.000000000e+00 >=   2.000000000e+00  33.3% (5348; 257952)
+2292557: mip =   3.000000000e+00 >=   2.000000000e+00  33.3% (5361; 269967)
+2423802: mip =   3.000000000e+00 >=   2.000000000e+00  33.3% (5750; 280770)
+2565189: mip =   3.000000000e+00 >=   2.000000000e+00  33.3% (6192; 290253)
+2706269: mip =   3.000000000e+00 >=   2.000000000e+00  33.3% (5850; 303865)
Time used: 120.0 secs.  Memory used: 15.5 Mb.
+2844289: mip =   3.000000000e+00 >=   2.000000000e+00  33.3% (6001; 316081)
+2984793: mip =   3.000000000e+00 >=   2.000000000e+00  33.3% (6130; 328205)
+3115866: mip =   3.000000000e+00 >=   2.000000000e+00  33.3% (6275; 340675)
+3260826: mip =   3.000000000e+00 >=   2.000000000e+00  33.3% (6576; 351807)
+3411779: mip =   3.000000000e+00 >=   2.000000000e+00  33.3% (6553; 363685)
+3536223: mip =   3.000000000e+00 >=   2.000000000e+00  33.3% (6744; 376125)
+3650847: mip =   3.000000000e+00 >=   2.000000000e+00  33.3% (6955; 388515)
+3757982: mip =   3.000000000e+00 >=   2.000000000e+00  33.3% (7146; 400387)
+3866451: mip =   3.000000000e+00 >=   2.000000000e+00  33.3% (7443; 412299)
+3967428: mip =   3.000000000e+00 >=   2.000000000e+00  33.3% (7731; 423974)
+4071572: mip =   3.000000000e+00 >=   2.000000000e+00  33.3% (7826; 435196)
+4212008: mip =   3.000000000e+00 >=   2.000000000e+00  33.3% (8217; 443419)
Time used: 180.0 secs.  Memory used: 19.0 Mb.
+4369357: mip =   3.000000000e+00 >=   2.000000000e+00  33.3% (8120; 451978)
+4489449: mip =   3.000000000e+00 >=   2.000000000e+00  33.3% (8174; 461897)
+4592955: mip =   3.000000000e+00 >=   2.000000000e+00  33.3% (8360; 471516)
+4697018: mip =   3.000000000e+00 >=   2.000000000e+00  33.3% (8546; 480708)
+4819341: mip =   3.000000000e+00 >=   2.000000000e+00  33.3% (8732; 489389)
+4919626: mip =   3.000000000e+00 >=   2.000000000e+00  33.3% (8926; 498623)
+5003614: mip =   3.000000000e+00 >=   2.000000000e+00  33.3% (9229; 507735)
+5087121: mip =   3.000000000e+00 >=   2.000000000e+00  33.3% (9440; 516466)
+5176519: mip =   3.000000000e+00 >=   2.000000000e+00  33.3% (9750; 524516)
+5243494: mip =   3.000000000e+00 >=   2.000000000e+00  33.3% (9870; 532211)
+5308761: mip =   3.000000000e+00 >=   2.000000000e+00  33.3% (9929; 540194)
+5392091: mip =   3.000000000e+00 >=   2.000000000e+00  33.3% (9730; 547232)
Time used: 240.0 secs.  Memory used: 22.3 Mb.
+5472903: mip =   3.000000000e+00 >=   2.000000000e+00  33.3% (9789; 554481)
+5554497: mip =   3.000000000e+00 >=   2.000000000e+00  33.3% (9890; 562694)
+5632746: mip =   3.000000000e+00 >=   2.000000000e+00  33.3% (10143; 570000)
+5708644: mip =   3.000000000e+00 >=   2.000000000e+00  33.3% (10191; 577700)
+5784064: mip =   3.000000000e+00 >=   2.000000000e+00  33.3% (10705; 584440)
+5855021: mip =   3.000000000e+00 >=   2.000000000e+00  33.3% (10370; 592830)
+5925888: mip =   3.000000000e+00 >=   2.000000000e+00  33.3% (10270; 600168)
+6011397: mip =   3.000000000e+00 >=   2.000000000e+00  33.3% (10122; 608199)
+6084930: mip =   3.000000000e+00 >=   2.000000000e+00  33.3% (9776; 615985)
+6171153: mip =   3.000000000e+00 >=   2.000000000e+00  33.3% (9424; 624215)
+6249486: mip =   3.000000000e+00 >=   2.000000000e+00  33.3% (9614; 632348)
+6321441: mip =   3.000000000e+00 >=   2.000000000e+00  33.3% (9754; 640510)
Time used: 300.0 secs.  Memory used: 23.6 Mb.
+6396225: mip =   3.000000000e+00 >=   2.000000000e+00  33.3% (9798; 649338)
+6476553: mip =   3.000000000e+00 >=   2.000000000e+00  33.3% (9802; 657791)
+6551690: mip =   3.000000000e+00 >=   2.000000000e+00  33.3% (9893; 665923)
+6626100: mip =   3.000000000e+00 >=   2.000000000e+00  33.3% (9989; 674015)
+6704972: mip =   3.000000000e+00 >=   2.000000000e+00  33.3% (10129; 681928)
+6778571: mip =   3.000000000e+00 >=   2.000000000e+00  33.3% (10836; 687938)
+6842721: mip =   3.000000000e+00 >=   2.000000000e+00  33.3% (10263; 695788)
+6907428: mip =   3.000000000e+00 >=   2.000000000e+00  33.3% (10260; 702761)
+6973931: mip =   3.000000000e+00 >=   2.000000000e+00  33.3% (10326; 709357)
+7041737: mip =   3.000000000e+00 >=   2.000000000e+00  33.3% (10348; 716004)
+7109551: mip =   3.000000000e+00 >=   2.000000000e+00  33.3% (10469; 722286)
+7173016: mip =   3.000000000e+00 >=   2.000000000e+00  33.3% (10532; 728685)
Time used: 360.0 secs.  Memory used: 25.4 Mb.
+7237264: mip =   3.000000000e+00 >=   2.000000000e+00  33.3% (10552; 735104)
+7324764: mip =   3.000000000e+00 >=   2.000000000e+00  33.3% (10628; 740548)
+7395206: mip =   3.000000000e+00 >=   2.000000000e+00  33.3% (10630; 746688)
+7470149: mip =   3.000000000e+00 >=   2.000000000e+00  33.3% (10630; 752836)
+7531692: mip =   3.000000000e+00 >=   2.000000000e+00  33.3% (10636; 759251)
+7601497: mip =   3.000000000e+00 >=   2.000000000e+00  33.3% (10556; 765623)
+7664718: mip =   3.000000000e+00 >=   2.000000000e+00  33.3% (10329; 772522)
+7733220: mip =   3.000000000e+00 >=   2.000000000e+00  33.3% (10332; 779283)
+7792268: mip =   3.000000000e+00 >=   2.000000000e+00  33.3% (10328; 786038)
+7849678: mip =   3.000000000e+00 >=   2.000000000e+00  33.3% (10207; 793149)
+7917003: mip =   3.000000000e+00 >=   2.000000000e+00  33.3% (10038; 800196)
+7981607: mip =   3.000000000e+00 >=   2.000000000e+00  33.3% (10082; 807179)
Time used: 420.0 secs.  Memory used: 25.6 Mb.
+8050123: mip =   3.000000000e+00 >=   2.000000000e+00  33.3% (10182; 813563)
+8112332: mip =   3.000000000e+00 >=   2.000000000e+00  33.3% (10298; 820094)
+8179142: mip =   3.000000000e+00 >=   2.000000000e+00  33.3% (10248; 826849)
+8260191: mip =   3.000000000e+00 >=   2.000000000e+00  33.3% (10306; 833234)
+8320461: mip =   3.000000000e+00 >=   2.000000000e+00  33.3% (10329; 839893)
+8380381: mip =   3.000000000e+00 >=   2.000000000e+00  33.3% (10419; 846552)
+8440559: mip =   3.000000000e+00 >=   2.000000000e+00  33.3% (10504; 853080)
+8521877: mip =   3.000000000e+00 >=   2.000000000e+00  33.3% (10566; 859898)
+8608440: mip =   3.000000000e+00 >=   2.000000000e+00  33.3% (10676; 867542)
+8694050: mip =   3.000000000e+00 >=   2.000000000e+00  33.3% (10770; 875267)
+8776662: mip =   3.000000000e+00 >=   2.000000000e+00  33.3% (10833; 883274)
+8865584: mip =   3.000000000e+00 >=   2.000000000e+00  33.3% (10954; 890786)
Time used: 480.0 secs.  Memory used: 26.5 Mb.
+8934706: mip =   3.000000000e+00 >=   2.000000000e+00  33.3% (11052; 898668)
+9006247: mip =   3.000000000e+00 >=   2.000000000e+00  33.3% (11180; 906434)
+9090433: mip =   3.000000000e+00 >=   2.000000000e+00  33.3% (11223; 913726)
+9198121: mip =   3.000000000e+00 >=   2.000000000e+00  33.3% (11313; 920176)
+9289165: mip =   3.000000000e+00 >=   2.000000000e+00  33.3% (11382; 927298)
+9360492: mip =   3.000000000e+00 >=   2.000000000e+00  33.3% (11517; 934803)
+9446897: mip =   3.000000000e+00 >=   2.000000000e+00  33.3% (11602; 941807)
+9513727: mip =   3.000000000e+00 >=   2.000000000e+00  33.3% (11616; 949169)
+9582237: mip =   3.000000000e+00 >=   2.000000000e+00  33.3% (11587; 956433)
+9659282: mip =   3.000000000e+00 >=   2.000000000e+00  33.3% (11545; 963691)
+9730077: mip =   3.000000000e+00 >=   2.000000000e+00  33.3% (11381; 971858)
+9784742: mip =   3.000000000e+00 >=   2.000000000e+00  33.3% (11576; 979489)
Time used: 540.0 secs.  Memory used: 28.1 Mb.
+9840835: mip =   3.000000000e+00 >=   2.000000000e+00  33.3% (11656; 986806)
+9903155: mip =   3.000000000e+00 >=   2.000000000e+00  33.3% (11730; 994005)
+9949456: mip =   3.000000000e+00 >=   2.000000000e+00  33.3% (11781; 1001363)
+10004394: mip =   3.000000000e+00 >=   2.000000000e+00  33.3% (11807; 1008791)
+10061019: mip =   3.000000000e+00 >=   2.000000000e+00  33.3% (11798; 1016081)
+10113080: mip =   3.000000000e+00 >=   2.000000000e+00  33.3% (11619; 1023791)
+10177835: mip =   3.000000000e+00 >=   2.000000000e+00  33.3% (11609; 1031031)
+10244945: mip =   3.000000000e+00 >=   2.000000000e+00  33.3% (11413; 1038529)
+10311035: mip =   3.000000000e+00 >=   2.000000000e+00  33.3% (11434; 1045936)
+10389460: mip =   3.000000000e+00 >=   2.000000000e+00  33.3% (10873; 1055868)
+10455096: mip =   3.000000000e+00 >=   2.000000000e+00  33.3% (10722; 1064242)
+10530323: mip =   3.000000000e+00 >=   2.000000000e+00  33.3% (10593; 1072379)
Time used: 600.0 secs.  Memory used: 28.1 Mb.
+10610019: mip =   3.000000000e+00 >=   2.000000000e+00  33.3% (10476; 1080420)
+10688197: mip =   3.000000000e+00 >=   2.000000000e+00  33.3% (10377; 1088375)
+10776107: mip =   3.000000000e+00 >=   2.000000000e+00  33.3% (10416; 1096145)
+10857825: mip =   3.000000000e+00 >=   2.000000000e+00  33.3% (10514; 1103910)
+10928821: mip =   3.000000000e+00 >=   2.000000000e+00  33.3% (10388; 1112472)
+11006744: mip =   3.000000000e+00 >=   2.000000000e+00  33.3% (10531; 1120323)
+11078543: mip =   3.000000000e+00 >=   2.000000000e+00  33.3% (10394; 1128964)
+11148290: mip =   3.000000000e+00 >=   2.000000000e+00  33.3% (10399; 1137543)
+11217868: mip =   3.000000000e+00 >=   2.000000000e+00  33.3% (10356; 1146184)
+11294361: mip =   3.000000000e+00 >=   2.000000000e+00  33.3% (10473; 1154181)
+11379107: mip =   3.000000000e+00 >=   2.000000000e+00  33.3% (10288; 1162234)
+11460962: mip =   3.000000000e+00 >=   2.000000000e+00  33.3% (10133; 1170489)
Time used: 660.0 secs.  Memory used: 28.1 Mb.
+11548350: mip =   3.000000000e+00 >=   2.000000000e+00  33.3% (9892; 1179216)
+11635237: mip =   3.000000000e+00 >=   2.000000000e+00  33.3% (9810; 1187691)
+11716892: mip =   3.000000000e+00 >=   2.000000000e+00  33.3% (9937; 1195603)
+11798107: mip =   3.000000000e+00 >=   2.000000000e+00  33.3% (9932; 1204237)
+11884159: mip =   3.000000000e+00 >=   2.000000000e+00  33.3% (9933; 1212407)
+11972486: mip =   3.000000000e+00 >=   2.000000000e+00  33.3% (9961; 1220730)
+12058676: mip =   3.000000000e+00 >=   2.000000000e+00  33.3% (9998; 1228878)
+12136476: mip =   3.000000000e+00 >=   2.000000000e+00  33.3% (10035; 1236855)
+12213518: mip =   3.000000000e+00 >=   2.000000000e+00  33.3% (10007; 1245394)
+12298750: mip =   3.000000000e+00 >=   2.000000000e+00  33.3% (10221; 1253216)
+12385515: mip =   3.000000000e+00 >=   2.000000000e+00  33.3% (10117; 1261594)
+12470588: mip =   3.000000000e+00 >=   2.000000000e+00  33.3% (10262; 1269533)
Time used: 720.0 secs.  Memory used: 28.1 Mb.
+12555042: mip =   3.000000000e+00 >=   2.000000000e+00  33.3% (10240; 1277878)
+12633889: mip =   3.000000000e+00 >=   2.000000000e+00  33.3% (10207; 1286405)
+12745416: mip =   3.000000000e+00 >=   2.000000000e+00  33.3% (10291; 1293100)
+12865017: mip =   3.000000000e+00 >=   2.000000000e+00  33.3% (10326; 1299768)
+12941992: mip =   3.000000000e+00 >=   2.000000000e+00  33.3% (10654; 1307180)
+13021124: mip =   3.000000000e+00 >=   2.000000000e+00  33.3% (10629; 1315049)
+13104570: mip =   3.000000000e+00 >=   2.000000000e+00  33.3% (10424; 1323269)
+13200981: mip =   3.000000000e+00 >=   2.000000000e+00  33.3% (10413; 1330737)
+13282383: mip =   3.000000000e+00 >=   2.000000000e+00  33.3% (10528; 1338329)
+13365476: mip =   3.000000000e+00 >=   2.000000000e+00  33.3% (10572; 1345881)
+13468455: mip =   3.000000000e+00 >=   2.000000000e+00  33.3% (10565; 1353362)
+13554576: mip =   3.000000000e+00 >=   2.000000000e+00  33.3% (10805; 1360675)
Time used: 780.0 secs.  Memory used: 28.1 Mb.
+13635383: mip =   3.000000000e+00 >=   2.000000000e+00  33.3% (10851; 1368045)
+13726409: mip =   3.000000000e+00 >=   2.000000000e+00  33.3% (10619; 1375848)
+13804206: mip =   3.000000000e+00 >=   2.000000000e+00  33.3% (10789; 1382915)
+13873867: mip =   3.000000000e+00 >=   2.000000000e+00  33.3% (10748; 1390900)
+13953306: mip =   3.000000000e+00 >=   2.000000000e+00  33.3% (10766; 1398781)
+14043459: mip =   3.000000000e+00 >=   2.000000000e+00  33.3% (10786; 1406063)
+14126030: mip =   3.000000000e+00 >=   2.000000000e+00  33.3% (10709; 1413975)
+14206429: mip =   3.000000000e+00 >=   2.000000000e+00  33.3% (10819; 1421631)
+14286497: mip =   3.000000000e+00 >=   2.000000000e+00  33.3% (10774; 1429517)
+14366333: mip =   3.000000000e+00 >=   2.000000000e+00  33.3% (10796; 1437356)
+14445952: mip =   3.000000000e+00 >=   2.000000000e+00  33.3% (10878; 1445057)
+14521250: mip =   3.000000000e+00 >=   2.000000000e+00  33.3% (11056; 1452423)
Time used: 840.0 secs.  Memory used: 28.4 Mb.
+14592022: mip =   3.000000000e+00 >=   2.000000000e+00  33.3% (11288; 1459401)
+14659788: mip =   3.000000000e+00 >=   2.000000000e+00  33.3% (11112; 1467679)
+14733018: mip =   3.000000000e+00 >=   2.000000000e+00  33.3% (11053; 1475380)
+14800161: mip =   3.000000000e+00 >=   2.000000000e+00  33.3% (11240; 1483149)
+14869378: mip =   3.000000000e+00 >=   2.000000000e+00  33.3% (11184; 1491044)
+14939784: mip =   3.000000000e+00 >=   2.000000000e+00  33.3% (11215; 1498617)
+15011114: mip =   3.000000000e+00 >=   2.000000000e+00  33.3% (11240; 1506461)
+15075134: mip =   3.000000000e+00 >=   2.000000000e+00  33.3% (11301; 1513284)
+15143230: mip =   3.000000000e+00 >=   2.000000000e+00  33.3% (11481; 1520461)
+15208520: mip =   3.000000000e+00 >=   2.000000000e+00  33.3% (11354; 1528444)
+15278661: mip =   3.000000000e+00 >=   2.000000000e+00  33.3% (11538; 1535515)
+15345638: mip =   3.000000000e+00 >=   2.000000000e+00  33.3% (11487; 1543117)
Time used: 900.0 secs.  Memory used: 29.0 Mb.
+15414898: mip =   3.000000000e+00 >=   2.000000000e+00  33.3% (11459; 1550372)
+15489901: mip =   3.000000000e+00 >=   2.000000000e+00  33.3% (11519; 1557458)
+15563344: mip =   3.000000000e+00 >=   2.000000000e+00  33.3% (11545; 1564861)
+15634923: mip =   3.000000000e+00 >=   2.000000000e+00  33.3% (11569; 1572230)
+15706043: mip =   3.000000000e+00 >=   2.000000000e+00  33.3% (11571; 1579306)
+15794138: mip =   3.000000000e+00 >=   2.000000000e+00  33.3% (11649; 1585882)
+15866479: mip =   3.000000000e+00 >=   2.000000000e+00  33.3% (11726; 1592492)
+15935052: mip =   3.000000000e+00 >=   2.000000000e+00  33.3% (11768; 1599807)
+16000311: mip =   3.000000000e+00 >=   2.000000000e+00  33.3% (11749; 1607207)
+16066282: mip =   3.000000000e+00 >=   2.000000000e+00  33.3% (11713; 1614588)
+16133870: mip =   3.000000000e+00 >=   2.000000000e+00  33.3% (11947; 1621324)
+16211758: mip =   3.000000000e+00 >=   2.000000000e+00  33.3% (12000; 1627853)
Time used: 960.0 secs.  Memory used: 29.8 Mb.
+16290600: mip =   3.000000000e+00 >=   2.000000000e+00  33.3% (12091; 1634372)
+16367114: mip =   3.000000000e+00 >=   2.000000000e+00  33.3% (11912; 1641365)
+16435480: mip =   3.000000000e+00 >=   2.000000000e+00  33.3% (11907; 1648240)
+16503921: mip =   3.000000000e+00 >=   2.000000000e+00  33.3% (11984; 1654839)
+16559302: mip =   3.000000000e+00 >=   2.000000000e+00  33.3% (12142; 1661641)
+16625546: mip =   3.000000000e+00 >=   2.000000000e+00  33.3% (12119; 1668416)
+16688689: mip =   3.000000000e+00 >=   2.000000000e+00  33.3% (12227; 1674849)
+16754379: mip =   3.000000000e+00 >=   2.000000000e+00  33.3% (12247; 1681447)
+16814362: mip =   3.000000000e+00 >=   2.000000000e+00  33.3% (12308; 1688122)
+16861590: mip =   3.000000000e+00 >=   2.000000000e+00  33.3% (12563; 1694380)
+16920587: mip =   3.000000000e+00 >=   2.000000000e+00  33.3% (12570; 1700803)
+16982829: mip =   3.000000000e+00 >=   2.000000000e+00  33.3% (12607; 1707031)
Time used: 1020.0 secs.  Memory used: 30.6 Mb.
+17047398: mip =   3.000000000e+00 >=   2.000000000e+00  33.3% (12635; 1713398)
+17112753: mip =   3.000000000e+00 >=   2.000000000e+00  33.3% (12644; 1719756)
+17173559: mip =   3.000000000e+00 >=   2.000000000e+00  33.3% (12686; 1726248)
+17240132: mip =   3.000000000e+00 >=   2.000000000e+00  33.3% (12680; 1732555)
+17304356: mip =   3.000000000e+00 >=   2.000000000e+00  33.3% (12694; 1738792)
+17374085: mip =   3.000000000e+00 >=   2.000000000e+00  33.3% (12671; 1745080)
+17448509: mip =   3.000000000e+00 >=   2.000000000e+00  33.3% (12667; 1751334)
+17510151: mip =   3.000000000e+00 >=   2.000000000e+00  33.3% (12681; 1757680)
+17574948: mip =   3.000000000e+00 >=   2.000000000e+00  33.3% (12668; 1764023)
+17649623: mip =   3.000000000e+00 >=   2.000000000e+00  33.3% (12363; 1771611)
+17718943: mip =   3.000000000e+00 >=   2.000000000e+00  33.3% (12214; 1778371)
+17781899: mip =   3.000000000e+00 >=   2.000000000e+00  33.3% (12314; 1785058)
Time used: 1080.0 secs.  Memory used: 30.7 Mb.
+17840508: mip =   3.000000000e+00 >=   2.000000000e+00  33.3% (12349; 1791543)
+17900911: mip =   3.000000000e+00 >=   2.000000000e+00  33.3% (12313; 1798461)
+17968161: mip =   3.000000000e+00 >=   2.000000000e+00  33.3% (12350; 1804845)
+18053570: mip =   3.000000000e+00 >=   2.000000000e+00  33.3% (12373; 1811124)
+18135502: mip =   3.000000000e+00 >=   2.000000000e+00  33.3% (12411; 1817281)
+18235094: mip =   3.000000000e+00 >=   2.000000000e+00  33.3% (12445; 1822927)
+18313213: mip =   3.000000000e+00 >=   2.000000000e+00  33.3% (12497; 1829116)
+18371387: mip =   3.000000000e+00 >=   2.000000000e+00  33.3% (12846; 1835239)
+18427144: mip =   3.000000000e+00 >=   2.000000000e+00  33.3% (12602; 1842029)
+18482892: mip =   3.000000000e+00 >=   2.000000000e+00  33.3% (12647; 1848547)
+18539873: mip =   3.000000000e+00 >=   2.000000000e+00  33.3% (12744; 1854832)
+18608046: mip =   3.000000000e+00 >=   2.000000000e+00  33.3% (12396; 1861535)
Time used: 1140.0 secs.  Memory used: 30.7 Mb.
+18670865: mip =   3.000000000e+00 >=   2.000000000e+00  33.3% (12065; 1868500)
+18743255: mip =   3.000000000e+00 >=   2.000000000e+00  33.3% (11952; 1875357)
+18807353: mip =   3.000000000e+00 >=   2.000000000e+00  33.3% (11641; 1883212)
+18892322: mip =   3.000000000e+00 >=   2.000000000e+00  33.3% (11724; 1889752)
+18978196: mip =   3.000000000e+00 >=   2.000000000e+00  33.3% (11750; 1896668)
+19067222: mip =   3.000000000e+00 >=   2.000000000e+00  33.3% (11760; 1903215)
+19155278: mip =   3.000000000e+00 >=   2.000000000e+00  33.3% (11730; 1909842)
+19224224: mip =   3.000000000e+00 >=   2.000000000e+00  33.3% (11778; 1917122)
+19301239: mip =   3.000000000e+00 >=   2.000000000e+00  33.3% (11669; 1924441)
+19371343: mip =   3.000000000e+00 >=   2.000000000e+00  33.3% (11662; 1931699)
+19440147: mip =   3.000000000e+00 >=   2.000000000e+00  33.3% (11659; 1938691)
+19517535: mip =   3.000000000e+00 >=   2.000000000e+00  33.3% (11643; 1945767)
Time used: 1200.0 secs.  Memory used: 30.7 Mb.
+19595442: mip =   3.000000000e+00 >=   2.000000000e+00  33.3% (11663; 1952790)
+19667555: mip =   3.000000000e+00 >=   2.000000000e+00  33.3% (11662; 1959976)
+19738720: mip =   3.000000000e+00 >=   2.000000000e+00  33.3% (11632; 1967203)
+19811444: mip =   3.000000000e+00 >=   2.000000000e+00  33.3% (11624; 1974407)
+19887103: mip =   3.000000000e+00 >=   2.000000000e+00  33.3% (11658; 1981467)
+19960629: mip =   3.000000000e+00 >=   2.000000000e+00  33.3% (11612; 1988782)
+20031321: mip =   3.000000000e+00 >=   2.000000000e+00  33.3% (11581; 1996166)
+20098347: mip =   3.000000000e+00 >=   2.000000000e+00  33.3% (11542; 2003783)
+20168916: mip =   3.000000000e+00 >=   2.000000000e+00  33.3% (11598; 2011053)
+20239266: mip =   3.000000000e+00 >=   2.000000000e+00  33.3% (11522; 2018585)
+20307629: mip =   3.000000000e+00 >=   2.000000000e+00  33.3% (11447; 2026062)
+20370935: mip =   3.000000000e+00 >=   2.000000000e+00  33.3% (11474; 2033429)
Time used: 1260.0 secs.  Memory used: 30.7 Mb.
+20437587: mip =   3.000000000e+00 >=   2.000000000e+00  33.3% (11532; 2040961)
+20503044: mip =   3.000000000e+00 >=   2.000000000e+00  33.3% (11542; 2048135)
+20564992: mip =   3.000000000e+00 >=   2.000000000e+00  33.3% (11610; 2055302)
+20623836: mip =   3.000000000e+00 >=   2.000000000e+00  33.3% (11596; 2062761)
+20685095: mip =   3.000000000e+00 >=   2.000000000e+00  33.3% (11683; 2069893)
+20749438: mip =   3.000000000e+00 >=   2.000000000e+00  33.3% (11778; 2076967)
+20810591: mip =   3.000000000e+00 >=   2.000000000e+00  33.3% (11764; 2084113)
+20872541: mip =   3.000000000e+00 >=   2.000000000e+00  33.3% (11320; 2091599)
+20952677: mip =   3.000000000e+00 >=   2.000000000e+00  33.3% (10685; 2100245)
+21035972: mip =   3.000000000e+00 >=   2.000000000e+00  33.3% (10396; 2108554)
+21116797: mip =   3.000000000e+00 >=   2.000000000e+00  33.3% (9907; 2118006)
+21221018: mip =   3.000000000e+00 >=   2.000000000e+00  33.3% (9485; 2127518)
Time used: 1320.0 secs.  Memory used: 30.7 Mb.
+21331411: mip =   3.000000000e+00 >=   2.000000000e+00  33.3% (9515; 2135637)
+21430892: mip =   3.000000000e+00 >=   2.000000000e+00  33.3% (9488; 2144057)
+21535176: mip =   3.000000000e+00 >=   2.000000000e+00  33.3% (9469; 2152450)
+21630661: mip =   3.000000000e+00 >=   2.000000000e+00  33.3% (9484; 2160928)
+21750169: mip =   3.000000000e+00 >=   2.000000000e+00  33.3% (9471; 2168810)
+21845728: mip =   3.000000000e+00 >=   2.000000000e+00  33.3% (9460; 2177422)
+21929539: mip =   3.000000000e+00 >=   2.000000000e+00  33.3% (9426; 2186685)
+22024304: mip =   3.000000000e+00 >=   2.000000000e+00  33.3% (9399; 2195506)
+22120907: mip =   3.000000000e+00 >=   2.000000000e+00  33.3% (9379; 2204253)
+22211986: mip =   3.000000000e+00 >=   2.000000000e+00  33.3% (9400; 2213026)
+22300548: mip =   3.000000000e+00 >=   2.000000000e+00  33.3% (9442; 2221818)
+22390977: mip =   3.000000000e+00 >=   2.000000000e+00  33.3% (9377; 2230855)
Time used: 1380.0 secs.  Memory used: 30.7 Mb.
+22499900: mip =   3.000000000e+00 >=   2.000000000e+00  33.3% (9232; 2239735)
+22589665: mip =   3.000000000e+00 >=   2.000000000e+00  33.3% (9234; 2248897)
+22681596: mip =   3.000000000e+00 >=   2.000000000e+00  33.3% (9178; 2258106)
+22773717: mip =   3.000000000e+00 >=   2.000000000e+00  33.3% (8876; 2268355)
+22855106: mip =   3.000000000e+00 >=   2.000000000e+00  33.3% (8763; 2278400)
+22941705: mip =   3.000000000e+00 >=   2.000000000e+00  33.3% (8804; 2287296)
+23028242: mip =   3.000000000e+00 >=   2.000000000e+00  33.3% (8818; 2296223)
+23113989: mip =   3.000000000e+00 >=   2.000000000e+00  33.3% (8849; 2305092)
+23199871: mip =   3.000000000e+00 >=   2.000000000e+00  33.3% (8867; 2313957)
+23287723: mip =   3.000000000e+00 >=   2.000000000e+00  33.3% (8906; 2322948)
+23374733: mip =   3.000000000e+00 >=   2.000000000e+00  33.3% (8861; 2332002)
+23467049: mip =   3.000000000e+00 >=   2.000000000e+00  33.3% (8813; 2341204)
Time used: 1440.0 secs.  Memory used: 30.7 Mb.
+23553758: mip =   3.000000000e+00 >=   2.000000000e+00  33.3% (8850; 2350205)
+23643148: mip =   3.000000000e+00 >=   2.000000000e+00  33.3% (8784; 2359479)
+23748239: mip =   3.000000000e+00 >=   2.000000000e+00  33.3% (8642; 2368370)
+23843496: mip =   3.000000000e+00 >=   2.000000000e+00  33.3% (8639; 2377387)
+23931073: mip =   3.000000000e+00 >=   2.000000000e+00  33.3% (8716; 2386533)
+24013110: mip =   3.000000000e+00 >=   2.000000000e+00  33.3% (8772; 2395838)
+24097696: mip =   3.000000000e+00 >=   2.000000000e+00  33.3% (8899; 2404255)
+24180352: mip =   3.000000000e+00 >=   2.000000000e+00  33.3% (8806; 2413449)
+24260209: mip =   3.000000000e+00 >=   2.000000000e+00  33.3% (8783; 2421922)
+24341538: mip =   3.000000000e+00 >=   2.000000000e+00  33.3% (8950; 2430273)
+24423103: mip =   3.000000000e+00 >=   2.000000000e+00  33.3% (8886; 2439139)
+24508446: mip =   3.000000000e+00 >=   2.000000000e+00  33.3% (8938; 2448070)
Time used: 1500.0 secs.  Memory used: 30.7 Mb.
+24596403: mip =   3.000000000e+00 >=   2.000000000e+00  33.3% (9815; 2455712)
+24670733: mip =   3.000000000e+00 >=   2.000000000e+00  33.3% (9380; 2464228)
+24753584: mip =   3.000000000e+00 >=   2.000000000e+00  33.3% (9493; 2472524)
+24838523: mip =   3.000000000e+00 >=   2.000000000e+00  33.3% (9830; 2479885)
+24918856: mip =   3.000000000e+00 >=   2.000000000e+00  33.3% (9749; 2487947)
+25001618: mip =   3.000000000e+00 >=   2.000000000e+00  33.3% (9740; 2496960)
+25090384: mip =   3.000000000e+00 >=   2.000000000e+00  33.3% (9653; 2505453)
+25171447: mip =   3.000000000e+00 >=   2.000000000e+00  33.3% (9507; 2514045)
+25252816: mip =   3.000000000e+00 >=   2.000000000e+00  33.3% (8984; 2525282)
+25332478: mip =   3.000000000e+00 >=   2.000000000e+00  33.3% (10824; 2531220)
+25398722: mip =   3.000000000e+00 >=   2.000000000e+00  33.3% (10682; 2538638)
+25475780: mip =   3.000000000e+00 >=   2.000000000e+00  33.3% (9538; 2549002)
Time used: 1560.0 secs.  Memory used: 30.7 Mb.
+25555303: mip =   3.000000000e+00 >=   2.000000000e+00  33.3% (10069; 2555943)
+25634556: mip =   3.000000000e+00 >=   2.000000000e+00  33.3% (10016; 2564218)
+25716327: mip =   3.000000000e+00 >=   2.000000000e+00  33.3% (9935; 2572970)
+25800344: mip =   3.000000000e+00 >=   2.000000000e+00  33.3% (9997; 2580474)
+25872361: mip =   3.000000000e+00 >=   2.000000000e+00  33.3% (9824; 2589378)
+25954328: mip =   3.000000000e+00 >=   2.000000000e+00  33.3% (9918; 2597517)
+26033681: mip =   3.000000000e+00 >=   2.000000000e+00  33.3% (9604; 2607420)
+26114455: mip =   3.000000000e+00 >=   2.000000000e+00  33.3% (9689; 2615989)
+26197753: mip =   3.000000000e+00 >=   2.000000000e+00  33.3% (9521; 2624928)
+26280543: mip =   3.000000000e+00 >=   2.000000000e+00  33.3% (9620; 2633274)
+26357659: mip =   3.000000000e+00 >=   2.000000000e+00  33.3% (9359; 2642802)
+26439546: mip =   3.000000000e+00 >=   2.000000000e+00  33.3% (9205; 2651826)
Time used: 1620.0 secs.  Memory used: 30.7 Mb.
+26520466: mip =   3.000000000e+00 >=   2.000000000e+00  33.3% (9211; 2660696)
+26610921: mip =   3.000000000e+00 >=   2.000000000e+00  33.3% (9121; 2669589)
+26700716: mip =   3.000000000e+00 >=   2.000000000e+00  33.3% (9215; 2677848)
+26791095: mip =   3.000000000e+00 >=   2.000000000e+00  33.3% (9187; 2687062)
+26876044: mip =   3.000000000e+00 >=   2.000000000e+00  33.3% (9358; 2696101)
+26951183: mip =   3.000000000e+00 >=   2.000000000e+00  33.3% (9207; 2706034)
+27036532: mip =   3.000000000e+00 >=   2.000000000e+00  33.3% (9520; 2714301)
+27113934: mip =   3.000000000e+00 >=   2.000000000e+00  33.3% (9246; 2724024)
+27198597: mip =   3.000000000e+00 >=   2.000000000e+00  33.3% (9670; 2731963)
+27281153: mip =   3.000000000e+00 >=   2.000000000e+00  33.3% (9340; 2741502)
+27351704: mip =   3.000000000e+00 >=   2.000000000e+00  33.3% (9114; 2751230)
+27457520: mip =   3.000000000e+00 >=   2.000000000e+00  33.3% (8985; 2759538)
Time used: 1680.0 secs.  Memory used: 30.7 Mb.
+27557324: mip =   3.000000000e+00 >=   2.000000000e+00  33.3% (8956; 2768086)
+27647994: mip =   3.000000000e+00 >=   2.000000000e+00  33.3% (8968; 2777119)
+27740246: mip =   3.000000000e+00 >=   2.000000000e+00  33.3% (8920; 2785758)
+27833322: mip =   3.000000000e+00 >=   2.000000000e+00  33.3% (8940; 2795009)
+27927349: mip =   3.000000000e+00 >=   2.000000000e+00  33.3% (8862; 2803796)
+28021160: mip =   3.000000000e+00 >=   2.000000000e+00  33.3% (8832; 2812894)
+28112055: mip =   3.000000000e+00 >=   2.000000000e+00  33.3% (8803; 2821683)
+28199325: mip =   3.000000000e+00 >=   2.000000000e+00  33.3% (8747; 2830931)
+28281281: mip =   3.000000000e+00 >=   2.000000000e+00  33.3% (8755; 2840764)
+28376371: mip =   3.000000000e+00 >=   2.000000000e+00  33.3% (8599; 2849660)
+28497118: mip =   3.000000000e+00 >=   2.000000000e+00  33.3% (8513; 2857978)
+28613302: mip =   3.000000000e+00 >=   2.000000000e+00  33.3% (8321; 2867546)
Time used: 1740.0 secs.  Memory used: 30.7 Mb.
+28726964: mip =   3.000000000e+00 >=   2.000000000e+00  33.3% (8113; 2877653)
+28831178: mip =   3.000000000e+00 >=   2.000000000e+00  33.3% (7721; 2889115)
+28939307: mip =   3.000000000e+00 >=   2.000000000e+00  33.3% (7538; 2900662)
+29053220: mip =   3.000000000e+00 >=   2.000000000e+00  33.3% (7350; 2912189)
+29173042: mip =   3.000000000e+00 >=   2.000000000e+00  33.3% (7047; 2924405)
+29306271: mip =   3.000000000e+00 >=   2.000000000e+00  33.3% (6976; 2935271)
+29432511: mip =   3.000000000e+00 >=   2.000000000e+00  33.3% (6827; 2947143)
+29537108: mip =   3.000000000e+00 >=   2.000000000e+00  33.3% (6863; 2959030)
+29646671: mip =   3.000000000e+00 >=   2.000000000e+00  33.3% (6897; 2970730)
+29755211: mip =   3.000000000e+00 >=   2.000000000e+00  33.3% (6751; 2982890)
+29867877: mip =   3.000000000e+00 >=   2.000000000e+00  33.3% (6811; 2995228)
+29987372: mip =   3.000000000e+00 >=   2.000000000e+00  33.3% (7010; 3006506)
Time used: 1800.0 secs.  Memory used: 30.7 Mb.
+30108147: mip =   3.000000000e+00 >=   2.000000000e+00  33.3% (6885; 3018558)
+30229961: mip =   3.000000000e+00 >=   2.000000000e+00  33.3% (6743; 3030255)
+30340886: mip =   3.000000000e+00 >=   2.000000000e+00  33.3% (6723; 3042548)
+30463215: mip =   3.000000000e+00 >=   2.000000000e+00  33.3% (6710; 3054510)
+30574965: mip =   3.000000000e+00 >=   2.000000000e+00  33.3% (6492; 3067420)
+30711765: mip =   3.000000000e+00 >=   2.000000000e+00  33.3% (6292; 3079205)
+30849821: mip =   3.000000000e+00 >=   2.000000000e+00  33.3% (6129; 3091266)
+30987138: mip =   3.000000000e+00 >=   2.000000000e+00  33.3% (5906; 3104339)
+31118172: mip =   3.000000000e+00 >=   2.000000000e+00  33.3% (5637; 3118124)
+31258053: mip =   3.000000000e+00 >=   2.000000000e+00  33.3% (5395; 3131551)
+31384002: mip =   3.000000000e+00 >=   2.000000000e+00  33.3% (5523; 3144570)
+31512411: mip =   3.000000000e+00 >=   2.000000000e+00  33.3% (5367; 3158403)
+31644426: mip =   3.000000000e+00 >=   2.000000000e+00  33.3% (4931; 3174406)
Time used: 1860.0 secs.  Memory used: 30.7 Mb.
+31790861: mip =   3.000000000e+00 >=   2.000000000e+00  33.3% (4775; 3187863)
+31927467: mip =   3.000000000e+00 >=   2.000000000e+00  33.3% (4528; 3202694)
+32078580: mip =   3.000000000e+00 >=   2.000000000e+00  33.3% (4256; 3218245)
+32222789: mip =   3.000000000e+00 >=   2.000000000e+00  33.3% (4308; 3232082)
+32365048: mip =   3.000000000e+00 >=   2.000000000e+00  33.3% (4367; 3246249)
+32497846: mip =   3.000000000e+00 >=   2.000000000e+00  33.3% (4376; 3261023)
+32632991: mip =   3.000000000e+00 >=   2.000000000e+00  33.3% (4448; 3275332)
+32771007: mip =   3.000000000e+00 >=   2.000000000e+00  33.3% (4392; 3289753)
+32916739: mip =   3.000000000e+00 >=   2.000000000e+00  33.3% (4443; 3304251)
+33057133: mip =   3.000000000e+00 >=   2.000000000e+00  33.3% (4578; 3318241)
+33190702: mip =   3.000000000e+00 >=   2.000000000e+00  33.3% (4492; 3332077)
+33333789: mip =   3.000000000e+00 >=   2.000000000e+00  33.3% (4531; 3345904)
Time used: 1920.0 secs.  Memory used: 30.7 Mb.
+33471994: mip =   3.000000000e+00 >=   2.000000000e+00  33.3% (4517; 3360918)
+33608118: mip =   3.000000000e+00 >=   2.000000000e+00  33.3% (4598; 3375447)
+33740861: mip =   3.000000000e+00 >=   2.000000000e+00  33.3% (4543; 3389540)
+33889386: mip =   3.000000000e+00 >=   2.000000000e+00  33.3% (4655; 3403218)
+34066334: mip =   3.000000000e+00 >=   2.000000000e+00  33.3% (4598; 3415805)
+34225788: mip =   3.000000000e+00 >=   2.000000000e+00  33.3% (4783; 3429322)
+34403860: mip =   3.000000000e+00 >=   2.000000000e+00  33.3% (4600; 3442694)
+34549111: mip =   3.000000000e+00 >=   2.000000000e+00  33.3% (4640; 3457744)
+34679469: mip =   3.000000000e+00 >=   2.000000000e+00  33.3% (4799; 3471306)
+34809470: mip =   3.000000000e+00 >=   2.000000000e+00  33.3% (4658; 3485219)
+34941629: mip =   3.000000000e+00 >=   2.000000000e+00  33.3% (4822; 3498434)
+35070618: mip =   3.000000000e+00 >=   2.000000000e+00  33.3% (4640; 3513155)
Time used: 1980.0 secs.  Memory used: 30.7 Mb.
+35274830: mip =   3.000000000e+00 >=   2.000000000e+00  33.3% (4699; 3523172)
+35478320: mip =   3.000000000e+00 >=   2.000000000e+00  33.3% (4738; 3533099)
+35677730: mip =   3.000000000e+00 >=   2.000000000e+00  33.3% (4756; 3544429)
+35870392: mip =   3.000000000e+00 >=   2.000000000e+00  33.3% (4728; 3556374)
+36006323: mip =   3.000000000e+00 >=   2.000000000e+00  33.3% (4704; 3570839)
+36144915: mip =   3.000000000e+00 >=   2.000000000e+00  33.3% (4714; 3586031)
+36289890: mip =   3.000000000e+00 >=   2.000000000e+00  33.3% (4770; 3599564)
+36492384: mip =   3.000000000e+00 >=   2.000000000e+00  33.3% (4773; 3610257)
+36682447: mip =   3.000000000e+00 >=   2.000000000e+00  33.3% (4834; 3621672)
+36836328: mip =   3.000000000e+00 >=   2.000000000e+00  33.3% (4844; 3634476)
+36979593: mip =   3.000000000e+00 >=   2.000000000e+00  33.3% (4962; 3647664)
+37123484: mip =   3.000000000e+00 >=   2.000000000e+00  33.3% (4927; 3661094)
Time used: 2040.0 secs.  Memory used: 30.7 Mb.
+37259294: mip =   3.000000000e+00 >=   2.000000000e+00  33.3% (4840; 3676151)
+37407980: mip =   3.000000000e+00 >=   2.000000000e+00  33.3% (4882; 3689186)
+37583621: mip =   3.000000000e+00 >=   2.000000000e+00  33.3% (4871; 3702260)
+37772644: mip =   3.000000000e+00 >=   2.000000000e+00  33.3% (5011; 3713013)
+37962535: mip =   3.000000000e+00 >=   2.000000000e+00  33.3% (4926; 3724309)
+38155291: mip =   3.000000000e+00 >=   2.000000000e+00  33.3% (4945; 3735595)
+38340683: mip =   3.000000000e+00 >=   2.000000000e+00  33.3% (4909; 3747510)
+38545822: mip =   3.000000000e+00 >=   2.000000000e+00  33.3% (4999; 3756863)
+38739408: mip =   3.000000000e+00 >=   2.000000000e+00  33.3% (5022; 3766493)
+38907549: mip =   3.000000000e+00 >=   2.000000000e+00  33.3% (5039; 3777005)
+39041620: mip =   3.000000000e+00 >=   2.000000000e+00  33.3% (4997; 3790170)
+39174635: mip =   3.000000000e+00 >=   2.000000000e+00  33.3% (5075; 3803011)
Time used: 2100.0 secs.  Memory used: 30.7 Mb.
+39309154: mip =   3.000000000e+00 >=   2.000000000e+00  33.3% (5080; 3815902)
+39459231: mip =   3.000000000e+00 >=   2.000000000e+00  33.3% (5124; 3827943)
+39654576: mip =   3.000000000e+00 >=   2.000000000e+00  33.3% (5089; 3838663)
+39851205: mip =   3.000000000e+00 >=   2.000000000e+00  33.3% (5121; 3849313)
+40039790: mip =   3.000000000e+00 >=   2.000000000e+00  33.3% (5098; 3860238)
+40235936: mip =   3.000000000e+00 >=   2.000000000e+00  33.3% (5164; 3870634)
+40428633: mip =   3.000000000e+00 >=   2.000000000e+00  33.3% (5154; 3881333)
+40618126: mip =   3.000000000e+00 >=   2.000000000e+00  33.3% (5168; 3892361)
+40811256: mip =   3.000000000e+00 >=   2.000000000e+00  33.3% (5231; 3903387)
+40996409: mip =   3.000000000e+00 >=   2.000000000e+00  33.3% (5239; 3914825)
+41182219: mip =   3.000000000e+00 >=   2.000000000e+00  33.3% (5294; 3925875)
+41360691: mip =   3.000000000e+00 >=   2.000000000e+00  33.3% (5254; 3938113)
Time used: 2160.0 secs.  Memory used: 30.7 Mb.
+41522370: mip =   3.000000000e+00 >=   2.000000000e+00  33.3% (5403; 3950081)
+41649738: mip =   3.000000000e+00 >=   2.000000000e+00  33.3% (5424; 3963999)
+41779624: mip =   3.000000000e+00 >=   2.000000000e+00  33.3% (5372; 3977737)
+41908688: mip =   3.000000000e+00 >=   2.000000000e+00  33.3% (5330; 3991304)
+42041583: mip =   3.000000000e+00 >=   2.000000000e+00  33.3% (5298; 4005709)
+42178414: mip =   3.000000000e+00 >=   2.000000000e+00  33.3% (5353; 4019623)
+42313673: mip =   3.000000000e+00 >=   2.000000000e+00  33.3% (5316; 4033783)
+42446973: mip =   3.000000000e+00 >=   2.000000000e+00  33.3% (5318; 4048019)
+42572216: mip =   3.000000000e+00 >=   2.000000000e+00  33.3% (5335; 4062353)
+42739601: mip =   3.000000000e+00 >=   2.000000000e+00  33.3% (5372; 4074467)
+42920317: mip =   3.000000000e+00 >=   2.000000000e+00  33.3% (5379; 4085938)
+43100054: mip =   3.000000000e+00 >=   2.000000000e+00  33.3% (5408; 4097676)
Time used: 2220.0 secs.  Memory used: 30.7 Mb.
+43251634: mip =   3.000000000e+00 >=   2.000000000e+00  33.3% (5426; 4110994)
+43448746: mip =   3.000000000e+00 >=   2.000000000e+00  33.3% (5467; 4120246)
+43641610: mip =   3.000000000e+00 >=   2.000000000e+00  33.3% (5474; 4129670)
+43815982: mip =   3.000000000e+00 >=   2.000000000e+00  33.3% (5600; 4140483)
+43940592: mip =   3.000000000e+00 >=   2.000000000e+00  33.3% (5479; 4154354)
+44067996: mip =   3.000000000e+00 >=   2.000000000e+00  33.3% (5445; 4168518)
+44198441: mip =   3.000000000e+00 >=   2.000000000e+00  33.3% (5500; 4182414)
+44367941: mip =   3.000000000e+00 >=   2.000000000e+00  33.3% (5573; 4193427)
+44539504: mip =   3.000000000e+00 >=   2.000000000e+00  33.3% (5557; 4204086)
+44722285: mip =   3.000000000e+00 >=   2.000000000e+00  33.3% (5546; 4214810)
+44915345: mip =   3.000000000e+00 >=   2.000000000e+00  33.3% (5613; 4224590)
+45097417: mip =   3.000000000e+00 >=   2.000000000e+00  33.3% (5604; 4235077)
Time used: 2280.0 secs.  Memory used: 30.7 Mb.
+45278579: mip =   3.000000000e+00 >=   2.000000000e+00  33.3% (5646; 4245748)
+45444959: mip =   3.000000000e+00 >=   2.000000000e+00  33.3% (5684; 4257041)
+45561250: mip =   3.000000000e+00 >=   2.000000000e+00  33.3% (5845; 4269026)
+45684716: mip =   3.000000000e+00 >=   2.000000000e+00  33.3% (5641; 4281462)
+45811264: mip =   3.000000000e+00 >=   2.000000000e+00  33.3% (5729; 4293512)
+45931156: mip =   3.000000000e+00 >=   2.000000000e+00  33.3% (5830; 4306098)
+46057510: mip =   3.000000000e+00 >=   2.000000000e+00  33.3% (5732; 4319389)
+46183199: mip =   3.000000000e+00 >=   2.000000000e+00  33.3% (5665; 4332807)
+46312317: mip =   3.000000000e+00 >=   2.000000000e+00  33.3% (5467; 4346260)
+46433462: mip =   3.000000000e+00 >=   2.000000000e+00  33.3% (5222; 4360900)
+46546742: mip =   3.000000000e+00 >=   2.000000000e+00  33.3% (5040; 4376404)
+46671169: mip =   3.000000000e+00 >=   2.000000000e+00  33.3% (4851; 4391560)
Time used: 2340.0 secs.  Memory used: 30.7 Mb.
+46810041: mip =   3.000000000e+00 >=   2.000000000e+00  33.3% (4600; 4406954)
+46947911: mip =   3.000000000e+00 >=   2.000000000e+00  33.3% (4593; 4421785)
+47095393: mip =   3.000000000e+00 >=   2.000000000e+00  33.3% (4576; 4435279)
+47263112: mip =   3.000000000e+00 >=   2.000000000e+00  33.3% (4592; 4448492)
+47398889: mip =   3.000000000e+00 >=   2.000000000e+00  33.3% (4641; 4463489)
+47542703: mip =   3.000000000e+00 >=   2.000000000e+00  33.3% (4658; 4477356)
+47689720: mip =   3.000000000e+00 >=   2.000000000e+00  33.3% (4660; 4490659)
+47836020: mip =   3.000000000e+00 >=   2.000000000e+00  33.3% (4658; 4504908)
+47971260: mip =   3.000000000e+00 >=   2.000000000e+00  33.3% (4703; 4519071)
+48110875: mip =   3.000000000e+00 >=   2.000000000e+00  33.3% (4686; 4532741)
+48252225: mip =   3.000000000e+00 >=   2.000000000e+00  33.3% (4691; 4546318)
+48399619: mip =   3.000000000e+00 >=   2.000000000e+00  33.3% (4712; 4560129)
Time used: 2400.0 secs.  Memory used: 30.7 Mb.
+48538561: mip =   3.000000000e+00 >=   2.000000000e+00  33.3% (4701; 4574805)
+48679710: mip =   3.000000000e+00 >=   2.000000000e+00  33.3% (4492; 4590359)
+48830690: mip =   3.000000000e+00 >=   2.000000000e+00  33.3% (4413; 4604926)
+48962841: mip =   3.000000000e+00 >=   2.000000000e+00  33.3% (4399; 4620442)
+49098774: mip =   3.000000000e+00 >=   2.000000000e+00  33.3% (4319; 4635988)
+49282229: mip =   3.000000000e+00 >=   2.000000000e+00  33.3% (3935; 4651963)
+49439022: mip =   3.000000000e+00 >=   2.000000000e+00  33.3% (3596; 4669354)
+49588941: mip =   3.000000000e+00 >=   2.000000000e+00  33.3% (3325; 4686852)
+49759338: mip =   3.000000000e+00 >=   2.000000000e+00  33.3% (3004; 4703682)
+49929241: mip =   3.000000000e+00 >=   2.000000000e+00  33.3% (2672; 4720885)
+50088507: mip =   3.000000000e+00 >=   2.000000000e+00  33.3% (2130; 4740523)
+50254555: mip =   3.000000000e+00 >=   2.000000000e+00  33.3% (1461; 4760375)
Time used: 2460.0 secs.  Memory used: 30.7 Mb.
+50457887: mip =   3.000000000e+00 >=   2.000000000e+00  33.3% (997; 4779998)
+50639236: mip =   3.000000000e+00 >=   2.000000000e+00  33.3% (649; 4799736)
+50814681: mip =   3.000000000e+00 >=   2.000000000e+00  33.3% (406; 4819977)
+51069674: mip =   3.000000000e+00 >=   2.000000000e+00  33.3% (383; 4833785)
+51321258: mip =   3.000000000e+00 >=   2.000000000e+00  33.3% (379; 4847943)
+51575395: mip =   3.000000000e+00 >=   2.000000000e+00  33.3% (377; 4862763)
+51785998: mip =   3.000000000e+00 >=   2.000000000e+00  33.3% (36; 4882653)
+51822218: mip =   3.000000000e+00 >=     tree is empty   0.0% (0; 4885383)
INTEGER OPTIMAL SOLUTION FOUND
Time used:   2495.7 secs
Memory used: 30.8 Mb (32276460 bytes)

#################################
SALBP-1 / LP Model Result

m = 3

N\S   1  2  3  4  5  6  7  8  9 10 11 12 13 14 15 16 17 18 19 20 21
  1   0  0  0  0  0  0  0  0  0  0  0  0  0  0  0  0  0  0  0  1  0
  2   0  0  1  0  0  0  0  0  0  0  0  0  0  0  0  0  0  0  0  0  0
  3   0  0  0  0  0  0  0  0  0  0  0  0  0  0  0  0  0  0  0  1  0
  4   0  0  0  0  0  1  0  0  0  0  0  0  0  0  0  0  0  0  0  0  0
  5   0  0  1  0  0  0  0  0  0  0  0  0  0  0  0  0  0  0  0  0  0
  6   0  0  0  0  0  0  0  0  0  0  0  0  0  0  0  0  0  0  0  1  0
  7   0  0  0  0  0  1  0  0  0  0  0  0  0  0  0  0  0  0  0  0  0
  8   0  0  0  0  0  1  0  0  0  0  0  0  0  0  0  0  0  0  0  0  0
  9   0  0  0  0  0  0  0  0  0  0  0  0  0  0  0  0  0  0  0  1  0
 10   0  0  1  0  0  0  0  0  0  0  0  0  0  0  0  0  0  0  0  0  0
 11   0  0  1  0  0  0  0  0  0  0  0  0  0  0  0  0  0  0  0  0  0
 12   0  0  0  0  0  1  0  0  0  0  0  0  0  0  0  0  0  0  0  0  0
 13   0  0  0  0  0  1  0  0  0  0  0  0  0  0  0  0  0  0  0  0  0
 14   0  0  1  0  0  0  0  0  0  0  0  0  0  0  0  0  0  0  0  0  0
 15   0  0  1  0  0  0  0  0  0  0  0  0  0  0  0  0  0  0  0  0  0
 16   0  0  1  0  0  0  0  0  0  0  0  0  0  0  0  0  0  0  0  0  0
 17   0  0  0  0  0  0  0  0  0  0  0  0  0  0  0  0  0  0  0  1  0
 18   0  0  1  0  0  0  0  0  0  0  0  0  0  0  0  0  0  0  0  0  0
 19   0  0  0  0  0  1  0  0  0  0  0  0  0  0  0  0  0  0  0  0  0
 20   0  0  1  0  0  0  0  0  0  0  0  0  0  0  0  0  0  0  0  0  0
 21   0  0  0  0  0  1  0  0  0  0  0  0  0  0  0  0  0  0  0  0  0
Model has been successfully processed
