GLPSOL: GLPK LP/MIP Solver, v4.65
Parameter(s) specified in the command line:
 -m salbp1.glpk.mod -d glpk-instances/MITCHELL_c_26.mod --tmlim 3600 --memlim
 7000 --log glpk-results/MITCHELL_c_26.log
Reading model section from salbp1.glpk.mod...
salbp1.glpk.mod:48: warning: unexpected end of file; missing end statement inserted
48 lines were read
Reading data section from glpk-instances/MITCHELL_c_26.mod...
glpk-instances/MITCHELL_c_26.mod:50: warning: final NL missing before end of file
glpk-instances/MITCHELL_c_26.mod:50: warning: unexpected end of file; missing end statement inserted
50 lines were read
Generating m...
Generating task_allocation...
Generating station_use...
Generating cycle_time...
Generating precedence...
Model has been successfully generated
GLPK Integer Optimizer, v4.65
4474 rows, 462 columns, 49875 non-zeros
462 integer variables, all of which are binary
Preprocessing...
63 rows, 462 columns, 1344 non-zeros
462 integer variables, all of which are binary
Scaling...
 A: min|aij| =  1.000e+00  max|aij| =  2.100e+01  ratio =  2.100e+01
GM: min|aij| =  5.266e-01  max|aij| =  1.899e+00  ratio =  3.606e+00
EQ: min|aij| =  2.774e-01  max|aij| =  1.000e+00  ratio =  3.606e+00
2N: min|aij| =  2.500e-01  max|aij| =  1.312e+00  ratio =  5.250e+00
Constructing initial basis...
Size of triangular part is 63
Solving LP relaxation...
GLPK Simplex Optimizer, v4.65
63 rows, 462 columns, 1344 non-zeros
      0: obj =   0.000000000e+00 inf =   4.075e+01 (2)
     48: obj =   1.535714286e+00 inf =   0.000e+00 (0)
*    49: obj =   1.000000000e+00 inf =   0.000e+00 (0)
OPTIMAL LP SOLUTION FOUND
Integer optimization begins...
Long-step dual simplex will be used
+    49: mip =     not found yet >=              -inf        (1; 0)
Solution found by heuristic: 5
+ 60886: mip =   5.000000000e+00 >=   2.000000000e+00  60.0% (16416; 729)
+105717: mip =   5.000000000e+00 >=   2.000000000e+00  60.0% (28014; 1420)
+140356: mip =   5.000000000e+00 >=   2.000000000e+00  60.0% (38650; 1894)
+180060: mip =   5.000000000e+00 >=   2.000000000e+00  60.0% (49050; 2239)
+210798: mip =   5.000000000e+00 >=   2.000000000e+00  60.0% (55411; 2666)
+238410: mip =   5.000000000e+00 >=   2.000000000e+00  60.0% (60950; 3078)
+262232: mip =   5.000000000e+00 >=   2.000000000e+00  60.0% (65779; 3469)
+284844: mip =   5.000000000e+00 >=   2.000000000e+00  60.0% (71588; 3810)
+308864: mip =   5.000000000e+00 >=   2.000000000e+00  60.0% (77922; 4113)
+330932: mip =   5.000000000e+00 >=   2.000000000e+00  60.0% (83977; 4399)
+352620: mip =   5.000000000e+00 >=   2.000000000e+00  60.0% (89915; 4668)
Time used: 60.0 secs.  Memory used: 70.9 Mb.
+373548: mip =   5.000000000e+00 >=   2.000000000e+00  60.0% (95486; 4924)
+392975: mip =   5.000000000e+00 >=   2.000000000e+00  60.0% (100610; 5175)
+411712: mip =   5.000000000e+00 >=   2.000000000e+00  60.0% (105244; 5421)
+428630: mip =   5.000000000e+00 >=   2.000000000e+00  60.0% (110244; 5652)
+445404: mip =   5.000000000e+00 >=   2.000000000e+00  60.0% (114279; 5888)
+461982: mip =   5.000000000e+00 >=   2.000000000e+00  60.0% (118926; 6104)
+477780: mip =   5.000000000e+00 >=   2.000000000e+00  60.0% (123066; 6320)
+492999: mip =   5.000000000e+00 >=   2.000000000e+00  60.0% (126894; 6532)
+506742: mip =   5.000000000e+00 >=   2.000000000e+00  60.0% (130321; 6745)
+516105: mip =   5.000000000e+00 >=   2.000000000e+00  60.0% (132650; 6968)
+525502: mip =   5.000000000e+00 >=   2.000000000e+00  60.0% (135187; 7184)
+534533: mip =   5.000000000e+00 >=   2.000000000e+00  60.0% (137636; 7398)
Time used: 120.0 secs.  Memory used: 98.6 Mb.
+543167: mip =   5.000000000e+00 >=   2.000000000e+00  60.0% (139936; 7606)
+551807: mip =   5.000000000e+00 >=   2.000000000e+00  60.0% (142039; 7816)
+560586: mip =   5.000000000e+00 >=   2.000000000e+00  60.0% (144236; 8022)
+568965: mip =   5.000000000e+00 >=   2.000000000e+00  60.0% (146479; 8225)
+577424: mip =   5.000000000e+00 >=   2.000000000e+00  60.0% (148856; 8424)
+585585: mip =   5.000000000e+00 >=   2.000000000e+00  60.0% (151033; 8621)
+593741: mip =   5.000000000e+00 >=   2.000000000e+00  60.0% (152924; 8818)
+603721: mip =   5.000000000e+00 >=   2.000000000e+00  60.0% (155902; 9001)
+613279: mip =   5.000000000e+00 >=   2.000000000e+00  60.0% (158280; 9186)
+623017: mip =   5.000000000e+00 >=   2.000000000e+00  60.0% (160956; 9365)
+632497: mip =   5.000000000e+00 >=   2.000000000e+00  60.0% (163839; 9539)
+641455: mip =   5.000000000e+00 >=   2.000000000e+00  60.0% (165978; 9715)
Time used: 180.0 secs.  Memory used: 119.7 Mb.
+650767: mip =   5.000000000e+00 >=   2.000000000e+00  60.0% (168638; 9885)
+659848: mip =   5.000000000e+00 >=   2.000000000e+00  60.0% (170973; 10056)
+668872: mip =   5.000000000e+00 >=   2.000000000e+00  60.0% (173522; 10223)
+677360: mip =   5.000000000e+00 >=   2.000000000e+00  60.0% (175649; 10391)
+685928: mip =   5.000000000e+00 >=   2.000000000e+00  60.0% (177972; 10556)
+694454: mip =   5.000000000e+00 >=   2.000000000e+00  60.0% (180302; 10719)
+702725: mip =   5.000000000e+00 >=   2.000000000e+00  60.0% (182315; 10884)
+711445: mip =   5.000000000e+00 >=   2.000000000e+00  60.0% (184969; 11041)
+719182: mip =   5.000000000e+00 >=   2.000000000e+00  60.0% (186602; 11205)
+728041: mip =   5.000000000e+00 >=   2.000000000e+00  60.0% (188863; 11361)
+740429: mip =   5.000000000e+00 >=   2.000000000e+00  60.0% (192059; 11506)
+753274: mip =   5.000000000e+00 >=   2.000000000e+00  60.0% (195836; 11640)
Time used: 240.0 secs.  Memory used: 137.0 Mb.
+765578: mip =   5.000000000e+00 >=   2.000000000e+00  60.0% (198693; 11783)
+778152: mip =   5.000000000e+00 >=   2.000000000e+00  60.0% (202761; 11913)
+790445: mip =   5.000000000e+00 >=   2.000000000e+00  60.0% (205558; 12051)
+802835: mip =   5.000000000e+00 >=   2.000000000e+00  60.0% (209522; 12179)
+814686: mip =   5.000000000e+00 >=   2.000000000e+00  60.0% (212132; 12318)
+827348: mip =   5.000000000e+00 >=   2.000000000e+00  60.0% (215724; 12447)
+838934: mip =   5.000000000e+00 >=   2.000000000e+00  60.0% (218629; 12580)
+850594: mip =   5.000000000e+00 >=   2.000000000e+00  60.0% (221138; 12715)
+860366: mip =   5.000000000e+00 >=   2.000000000e+00  60.0% (223308; 12854)
+865662: mip =   5.000000000e+00 >=   2.000000000e+00  60.0% (224725; 12999)
+871290: mip =   5.000000000e+00 >=   2.000000000e+00  60.0% (226248; 13142)
+876521: mip =   5.000000000e+00 >=   2.000000000e+00  60.0% (227447; 13288)
Time used: 300.0 secs.  Memory used: 155.0 Mb.
+881723: mip =   5.000000000e+00 >=   2.000000000e+00  60.0% (228712; 13433)
+886970: mip =   5.000000000e+00 >=   2.000000000e+00  60.0% (230047; 13577)
+892656: mip =   5.000000000e+00 >=   2.000000000e+00  60.0% (231661; 13719)
+898083: mip =   5.000000000e+00 >=   2.000000000e+00  60.0% (232985; 13863)
+903463: mip =   5.000000000e+00 >=   2.000000000e+00  60.0% (234372; 14007)
+908855: mip =   5.000000000e+00 >=   2.000000000e+00  60.0% (235806; 14152)
+914308: mip =   5.000000000e+00 >=   2.000000000e+00  60.0% (237225; 14296)
+920529: mip =   5.000000000e+00 >=   2.000000000e+00  60.0% (238529; 14441)
+931679: mip =   5.000000000e+00 >=   2.000000000e+00  60.0% (241352; 14572)
+943386: mip =   5.000000000e+00 >=   2.000000000e+00  60.0% (244679; 14699)
+953555: mip =   5.000000000e+00 >=   2.000000000e+00  60.0% (247096; 14830)
+965257: mip =   5.000000000e+00 >=   2.000000000e+00  60.0% (250507; 14953)
Time used: 360.0 secs.  Memory used: 168.8 Mb.
+975560: mip =   5.000000000e+00 >=   2.000000000e+00  60.0% (252978; 15080)
+985727: mip =   5.000000000e+00 >=   2.000000000e+00  60.0% (255446; 15207)
+997313: mip =   5.000000000e+00 >=   2.000000000e+00  60.0% (259207; 15323)
+1006678: mip =   5.000000000e+00 >=   2.000000000e+00  60.0% (261307; 15448)
+1017395: mip =   5.000000000e+00 >=   2.000000000e+00  60.0% (264241; 15567)
+1027785: mip =   5.000000000e+00 >=   2.000000000e+00  60.0% (267160; 15684)
+1037550: mip =   5.000000000e+00 >=   2.000000000e+00  60.0% (269626; 15803)
+1046459: mip =   5.000000000e+00 >=   2.000000000e+00  60.0% (271532; 15924)
+1054181: mip =   5.000000000e+00 >=   2.000000000e+00  60.0% (273281; 16048)
+1060208: mip =   5.000000000e+00 >=   2.000000000e+00  60.0% (274728; 16173)
+1070569: mip =   5.000000000e+00 >=   2.000000000e+00  60.0% (277279; 16288)
+1080662: mip =   5.000000000e+00 >=   2.000000000e+00  60.0% (279996; 16401)
Time used: 420.0 secs.  Memory used: 186.1 Mb.
+1090090: mip =   5.000000000e+00 >=   2.000000000e+00  60.0% (282286; 16516)
+1099707: mip =   5.000000000e+00 >=   2.000000000e+00  60.0% (284785; 16628)
+1108451: mip =   5.000000000e+00 >=   2.000000000e+00  60.0% (287023; 16741)
+1115924: mip =   5.000000000e+00 >=   2.000000000e+00  60.0% (288932; 16857)
+1124843: mip =   5.000000000e+00 >=   2.000000000e+00  60.0% (291129; 16969)
+1131792: mip =   5.000000000e+00 >=   2.000000000e+00  60.0% (293029; 17082)
+1137708: mip =   5.000000000e+00 >=   2.000000000e+00  60.0% (294337; 17198)
+1143152: mip =   5.000000000e+00 >=   2.000000000e+00  60.0% (295534; 17315)
+1148063: mip =   5.000000000e+00 >=   2.000000000e+00  60.0% (296361; 17432)
+1152415: mip =   5.000000000e+00 >=   2.000000000e+00  60.0% (297097; 17551)
+1157885: mip =   5.000000000e+00 >=   2.000000000e+00  60.0% (298322; 17665)
+1164024: mip =   5.000000000e+00 >=   2.000000000e+00  60.0% (299885; 17777)
Time used: 480.1 secs.  Memory used: 197.6 Mb.
+1172016: mip =   5.000000000e+00 >=   2.000000000e+00  60.0% (302002; 17885)
+1178609: mip =   5.000000000e+00 >=   2.000000000e+00  60.0% (303842; 17995)
+1185139: mip =   5.000000000e+00 >=   2.000000000e+00  60.0% (305242; 18106)
+1192225: mip =   5.000000000e+00 >=   2.000000000e+00  60.0% (307147; 18213)
+1199450: mip =   5.000000000e+00 >=   2.000000000e+00  60.0% (309509; 18316)
+1206864: mip =   5.000000000e+00 >=   2.000000000e+00  60.0% (312888; 18413)
+1214461: mip =   5.000000000e+00 >=   2.000000000e+00  60.0% (316134; 18509)
+1222382: mip =   5.000000000e+00 >=   2.000000000e+00  60.0% (317743; 18614)
+1229972: mip =   5.000000000e+00 >=   2.000000000e+00  60.0% (319405; 18718)
+1236493: mip =   5.000000000e+00 >=   2.000000000e+00  60.0% (320993; 18823)
+1241764: mip =   5.000000000e+00 >=   2.000000000e+00  60.0% (322356; 18929)
+1245446: mip =   5.000000000e+00 >=   2.000000000e+00  60.0% (323355; 19038)
Time used: 540.1 secs.  Memory used: 220.1 Mb.
+1249726: mip =   5.000000000e+00 >=   2.000000000e+00  60.0% (324377; 19144)
+1257350: mip =   5.000000000e+00 >=   2.000000000e+00  60.0% (326119; 19246)
+1263754: mip =   5.000000000e+00 >=   2.000000000e+00  60.0% (328037; 19347)
+1273083: mip =   5.000000000e+00 >=   2.000000000e+00  60.0% (330481; 19443)
+1280463: mip =   5.000000000e+00 >=   2.000000000e+00  60.0% (332404; 19542)
+1291995: mip =   5.000000000e+00 >=   2.000000000e+00  60.0% (334592; 19638)
+1303085: mip =   5.000000000e+00 >=   2.000000000e+00  60.0% (336817; 19733)
+1313865: mip =   5.000000000e+00 >=   2.000000000e+00  60.0% (338949; 19829)
+1324388: mip =   5.000000000e+00 >=   2.000000000e+00  60.0% (341080; 19923)
+1335118: mip =   5.000000000e+00 >=   2.000000000e+00  60.0% (343187; 20017)
+1342570: mip =   5.000000000e+00 >=   2.000000000e+00  60.0% (344959; 20113)
+1347243: mip =   5.000000000e+00 >=   2.000000000e+00  60.0% (346129; 20212)
Time used: 600.1 secs.  Memory used: 235.2 Mb.
+1352422: mip =   5.000000000e+00 >=   2.000000000e+00  60.0% (347235; 20310)
+1360050: mip =   5.000000000e+00 >=   2.000000000e+00  60.0% (348745; 20406)
+1367883: mip =   5.000000000e+00 >=   2.000000000e+00  60.0% (350301; 20501)
+1373556: mip =   5.000000000e+00 >=   2.000000000e+00  60.0% (351564; 20598)
+1378380: mip =   5.000000000e+00 >=   2.000000000e+00  60.0% (352639; 20695)
+1383846: mip =   5.000000000e+00 >=   2.000000000e+00  60.0% (353838; 20791)
+1391804: mip =   5.000000000e+00 >=   2.000000000e+00  60.0% (355512; 20883)
+1398696: mip =   5.000000000e+00 >=   2.000000000e+00  60.0% (357004; 20977)
+1405298: mip =   5.000000000e+00 >=   2.000000000e+00  60.0% (358252; 21072)
+1411672: mip =   5.000000000e+00 >=   2.000000000e+00  60.0% (359763; 21165)
+1420591: mip =   5.000000000e+00 >=   2.000000000e+00  60.0% (362560; 21251)
+1428598: mip =   5.000000000e+00 >=   2.000000000e+00  60.0% (365204; 21337)
Time used: 660.1 secs.  Memory used: 247.3 Mb.
+1434696: mip =   5.000000000e+00 >=   2.000000000e+00  60.0% (366965; 21427)
+1437828: mip =   5.000000000e+00 >=   2.000000000e+00  60.0% (367586; 21521)
+1444003: mip =   5.000000000e+00 >=   2.000000000e+00  60.0% (369059; 21611)
+1451761: mip =   5.000000000e+00 >=   2.000000000e+00  60.0% (370786; 21700)
+1457064: mip =   5.000000000e+00 >=   2.000000000e+00  60.0% (372006; 21792)
+1463367: mip =   5.000000000e+00 >=   2.000000000e+00  60.0% (373343; 21882)
+1469154: mip =   5.000000000e+00 >=   2.000000000e+00  60.0% (374706; 21972)
+1475258: mip =   5.000000000e+00 >=   2.000000000e+00  60.0% (376136; 22061)
+1479911: mip =   5.000000000e+00 >=   2.000000000e+00  60.0% (377289; 22151)
+1487051: mip =   5.000000000e+00 >=   2.000000000e+00  60.0% (379037; 22237)
+1492070: mip =   5.000000000e+00 >=   2.000000000e+00  60.0% (380239; 22326)
Time used: 720.1 secs.  Memory used: 257.2 Mb.
+1496011: mip =   5.000000000e+00 >=   2.000000000e+00  60.0% (381259; 22415)
+1502179: mip =   5.000000000e+00 >=   2.000000000e+00  60.0% (382691; 22502)
+1508550: mip =   5.000000000e+00 >=   2.000000000e+00  60.0% (383927; 22589)
+1514702: mip =   5.000000000e+00 >=   2.000000000e+00  60.0% (385153; 22676)
+1519204: mip =   5.000000000e+00 >=   2.000000000e+00  60.0% (386070; 22765)
+1522894: mip =   5.000000000e+00 >=   2.000000000e+00  60.0% (386735; 22855)
+1527612: mip =   5.000000000e+00 >=   2.000000000e+00  60.0% (387694; 22944)
+1532003: mip =   5.000000000e+00 >=   2.000000000e+00  60.0% (388607; 23032)
+1535695: mip =   5.000000000e+00 >=   2.000000000e+00  60.0% (389448; 23120)
+1539353: mip =   5.000000000e+00 >=   2.000000000e+00  60.0% (390119; 23208)
+1545185: mip =   5.000000000e+00 >=   2.000000000e+00  60.0% (391125; 23294)
+1550454: mip =   5.000000000e+00 >=   2.000000000e+00  60.0% (392039; 23382)
Time used: 780.2 secs.  Memory used: 265.7 Mb.
+1557759: mip =   5.000000000e+00 >=   2.000000000e+00  60.0% (394043; 23464)
+1562231: mip =   5.000000000e+00 >=   2.000000000e+00  60.0% (395170; 23551)
+1567068: mip =   5.000000000e+00 >=   2.000000000e+00  60.0% (396520; 23636)
+1573629: mip =   5.000000000e+00 >=   2.000000000e+00  60.0% (398122; 23720)
+1583107: mip =   5.000000000e+00 >=   2.000000000e+00  60.0% (400059; 23802)
+1590258: mip =   5.000000000e+00 >=   2.000000000e+00  60.0% (401673; 23885)
+1595835: mip =   5.000000000e+00 >=   2.000000000e+00  60.0% (403127; 23969)
+1600910: mip =   5.000000000e+00 >=   2.000000000e+00  60.0% (404490; 24054)
+1609248: mip =   5.000000000e+00 >=   2.000000000e+00  60.0% (407007; 24132)
+1616616: mip =   5.000000000e+00 >=   2.000000000e+00  60.0% (409034; 24213)
+1625216: mip =   5.000000000e+00 >=   2.000000000e+00  60.0% (411433; 24293)
+1632913: mip =   5.000000000e+00 >=   2.000000000e+00  60.0% (413282; 24375)
Time used: 840.2 secs.  Memory used: 279.0 Mb.
+1640363: mip =   5.000000000e+00 >=   2.000000000e+00  60.0% (415145; 24455)
+1648503: mip =   5.000000000e+00 >=   2.000000000e+00  60.0% (417003; 24536)
+1656526: mip =   5.000000000e+00 >=   2.000000000e+00  60.0% (418761; 24617)
+1664685: mip =   5.000000000e+00 >=   2.000000000e+00  60.0% (421022; 24695)
+1671459: mip =   5.000000000e+00 >=   2.000000000e+00  60.0% (422668; 24776)
+1680016: mip =   5.000000000e+00 >=   2.000000000e+00  60.0% (424852; 24853)
+1686648: mip =   5.000000000e+00 >=   2.000000000e+00  60.0% (426583; 24931)
+1694753: mip =   5.000000000e+00 >=   2.000000000e+00  60.0% (428956; 25007)
+1702858: mip =   5.000000000e+00 >=   2.000000000e+00  60.0% (430673; 25086)
+1708213: mip =   5.000000000e+00 >=   2.000000000e+00  60.0% (432438; 25165)
+1714167: mip =   5.000000000e+00 >=   2.000000000e+00  60.0% (434287; 25244)
+1719594: mip =   5.000000000e+00 >=   2.000000000e+00  60.0% (435912; 25322)
Time used: 900.2 secs.  Memory used: 294.7 Mb.
+1725073: mip =   5.000000000e+00 >=   2.000000000e+00  60.0% (437488; 25400)
+1731108: mip =   5.000000000e+00 >=   2.000000000e+00  60.0% (439086; 25477)
+1737114: mip =   5.000000000e+00 >=   2.000000000e+00  60.0% (440690; 25554)
+1741795: mip =   5.000000000e+00 >=   2.000000000e+00  60.0% (441592; 25634)
+1749801: mip =   5.000000000e+00 >=   2.000000000e+00  60.0% (443723; 25707)
+1754400: mip =   5.000000000e+00 >=   2.000000000e+00  60.0% (444992; 25785)
+1759821: mip =   5.000000000e+00 >=   2.000000000e+00  60.0% (446144; 25863)
+1765323: mip =   5.000000000e+00 >=   2.000000000e+00  60.0% (447466; 25940)
+1769829: mip =   5.000000000e+00 >=   2.000000000e+00  60.0% (448237; 26019)
+1774071: mip =   5.000000000e+00 >=   2.000000000e+00  60.0% (449505; 26097)
+1779640: mip =   5.000000000e+00 >=   2.000000000e+00  60.0% (451025; 26173)
+1783595: mip =   5.000000000e+00 >=   2.000000000e+00  60.0% (451753; 26252)
Time used: 960.2 secs.  Memory used: 304.2 Mb.
+1790689: mip =   5.000000000e+00 >=   2.000000000e+00  60.0% (453328; 26326)
+1798400: mip =   5.000000000e+00 >=   2.000000000e+00  60.0% (455033; 26399)
+1806057: mip =   5.000000000e+00 >=   2.000000000e+00  60.0% (456831; 26471)
+1813820: mip =   5.000000000e+00 >=   2.000000000e+00  60.0% (458683; 26543)
+1821504: mip =   5.000000000e+00 >=   2.000000000e+00  60.0% (460459; 26615)
+1828892: mip =   5.000000000e+00 >=   2.000000000e+00  60.0% (461953; 26687)
+1836467: mip =   5.000000000e+00 >=   2.000000000e+00  60.0% (463515; 26759)
+1844034: mip =   5.000000000e+00 >=   2.000000000e+00  60.0% (465305; 26831)
+1851365: mip =   5.000000000e+00 >=   2.000000000e+00  60.0% (466623; 26904)
+1859054: mip =   5.000000000e+00 >=   2.000000000e+00  60.0% (468439; 26975)
+1867562: mip =   5.000000000e+00 >=   2.000000000e+00  60.0% (470355; 27045)
+1875610: mip =   5.000000000e+00 >=   2.000000000e+00  60.0% (471887; 27115)
Time used: 1020.2 secs.  Memory used: 316.1 Mb.
+1883021: mip =   5.000000000e+00 >=   2.000000000e+00  60.0% (473574; 27185)
+1890399: mip =   5.000000000e+00 >=   2.000000000e+00  60.0% (475218; 27255)
+1897971: mip =   5.000000000e+00 >=   2.000000000e+00  60.0% (476746; 27326)
+1905147: mip =   5.000000000e+00 >=   2.000000000e+00  60.0% (478120; 27397)
+1912516: mip =   5.000000000e+00 >=   2.000000000e+00  60.0% (479609; 27467)
+1919691: mip =   5.000000000e+00 >=   2.000000000e+00  60.0% (481039; 27537)
+1927639: mip =   5.000000000e+00 >=   2.000000000e+00  60.0% (482582; 27606)
+1935158: mip =   5.000000000e+00 >=   2.000000000e+00  60.0% (484038; 27675)
+1942635: mip =   5.000000000e+00 >=   2.000000000e+00  60.0% (485647; 27744)
+1949744: mip =   5.000000000e+00 >=   2.000000000e+00  60.0% (487133; 27814)
+1957399: mip =   5.000000000e+00 >=   2.000000000e+00  60.0% (488722; 27883)
+1964747: mip =   5.000000000e+00 >=   2.000000000e+00  60.0% (490025; 27952)
Time used: 1080.2 secs.  Memory used: 326.6 Mb.
+1972500: mip =   5.000000000e+00 >=   2.000000000e+00  60.0% (491721; 28020)
+1980318: mip =   5.000000000e+00 >=   2.000000000e+00  60.0% (493282; 28088)
+1987853: mip =   5.000000000e+00 >=   2.000000000e+00  60.0% (494847; 28157)
+1993893: mip =   5.000000000e+00 >=   2.000000000e+00  60.0% (496638; 28225)
+1998348: mip =   5.000000000e+00 >=   2.000000000e+00  60.0% (497686; 28296)
+2001990: mip =   5.000000000e+00 >=   2.000000000e+00  60.0% (498509; 28367)
+2007133: mip =   5.000000000e+00 >=   2.000000000e+00  60.0% (499717; 28436)
+2014063: mip =   5.000000000e+00 >=   2.000000000e+00  60.0% (501186; 28503)
+2019859: mip =   5.000000000e+00 >=   2.000000000e+00  60.0% (502277; 28572)
+2025192: mip =   5.000000000e+00 >=   2.000000000e+00  60.0% (503323; 28642)
+2030003: mip =   5.000000000e+00 >=   2.000000000e+00  60.0% (504310; 28712)
Time used: 1140.3 secs.  Memory used: 336.1 Mb.
+2033590: mip =   5.000000000e+00 >=   2.000000000e+00  60.0% (505465; 28781)
+2037377: mip =   5.000000000e+00 >=   2.000000000e+00  60.0% (506717; 28850)
+2043531: mip =   5.000000000e+00 >=   2.000000000e+00  60.0% (508252; 28918)
+2051685: mip =   5.000000000e+00 >=   2.000000000e+00  60.0% (509861; 28985)
+2056400: mip =   5.000000000e+00 >=   2.000000000e+00  60.0% (510968; 29054)
+2061451: mip =   5.000000000e+00 >=   2.000000000e+00  60.0% (512185; 29122)
+2065870: mip =   5.000000000e+00 >=   2.000000000e+00  60.0% (513191; 29191)
+2070453: mip =   5.000000000e+00 >=   2.000000000e+00  60.0% (514305; 29259)
+2075137: mip =   5.000000000e+00 >=   2.000000000e+00  60.0% (515382; 29327)
+2082210: mip =   5.000000000e+00 >=   2.000000000e+00  60.0% (517415; 29390)
+2089805: mip =   5.000000000e+00 >=   2.000000000e+00  60.0% (520910; 29449)
+2095518: mip =   5.000000000e+00 >=   2.000000000e+00  60.0% (522386; 29514)
Time used: 1200.3 secs.  Memory used: 347.5 Mb.
+2101696: mip =   5.000000000e+00 >=   2.000000000e+00  60.0% (524302; 29578)
+2107191: mip =   5.000000000e+00 >=   2.000000000e+00  60.0% (525880; 29643)
+2111680: mip =   5.000000000e+00 >=   2.000000000e+00  60.0% (526816; 29709)
+2115460: mip =   5.000000000e+00 >=   2.000000000e+00  60.0% (527874; 29776)
+2119559: mip =   5.000000000e+00 >=   2.000000000e+00  60.0% (529094; 29842)
+2123458: mip =   5.000000000e+00 >=   2.000000000e+00  60.0% (530327; 29907)
+2127707: mip =   5.000000000e+00 >=   2.000000000e+00  60.0% (531659; 29972)
+2132476: mip =   5.000000000e+00 >=   2.000000000e+00  60.0% (532957; 30037)
+2135988: mip =   5.000000000e+00 >=   2.000000000e+00  60.0% (534246; 30102)
+2141707: mip =   5.000000000e+00 >=   2.000000000e+00  60.0% (535404; 30167)
+2146163: mip =   5.000000000e+00 >=   2.000000000e+00  60.0% (536313; 30233)
+2151204: mip =   5.000000000e+00 >=   2.000000000e+00  60.0% (537111; 30299)
Time used: 1260.4 secs.  Memory used: 355.8 Mb.
+2155605: mip =   5.000000000e+00 >=   2.000000000e+00  60.0% (537988; 30364)
+2158211: mip =   5.000000000e+00 >=   2.000000000e+00  60.0% (538908; 30429)
+2162238: mip =   5.000000000e+00 >=   2.000000000e+00  60.0% (539802; 30494)
+2167252: mip =   5.000000000e+00 >=   2.000000000e+00  60.0% (540682; 30559)
+2171016: mip =   5.000000000e+00 >=   2.000000000e+00  60.0% (541370; 30625)
+2176143: mip =   5.000000000e+00 >=   2.000000000e+00  60.0% (543372; 30686)
+2180941: mip =   5.000000000e+00 >=   2.000000000e+00  60.0% (544632; 30749)
+2185457: mip =   5.000000000e+00 >=   2.000000000e+00  60.0% (545530; 30814)
+2189532: mip =   5.000000000e+00 >=   2.000000000e+00  60.0% (546505; 30879)
+2194939: mip =   5.000000000e+00 >=   2.000000000e+00  60.0% (548023; 30941)
+2201246: mip =   5.000000000e+00 >=   2.000000000e+00  60.0% (549227; 31003)
+2208777: mip =   5.000000000e+00 >=   2.000000000e+00  60.0% (550802; 31063)
Time used: 1320.4 secs.  Memory used: 364.5 Mb.
+2216344: mip =   5.000000000e+00 >=   2.000000000e+00  60.0% (552215; 31123)
+2223123: mip =   5.000000000e+00 >=   2.000000000e+00  60.0% (553412; 31184)
+2230814: mip =   5.000000000e+00 >=   2.000000000e+00  60.0% (554508; 31244)
+2237798: mip =   5.000000000e+00 >=   2.000000000e+00  60.0% (555566; 31305)
+2242123: mip =   5.000000000e+00 >=   2.000000000e+00  60.0% (556428; 31368)
+2246624: mip =   5.000000000e+00 >=   2.000000000e+00  60.0% (557496; 31431)
+2250478: mip =   5.000000000e+00 >=   2.000000000e+00  60.0% (558439; 31493)
+2253644: mip =   5.000000000e+00 >=   2.000000000e+00  60.0% (559314; 31556)
+2257644: mip =   5.000000000e+00 >=   2.000000000e+00  60.0% (560191; 31619)
+2262407: mip =   5.000000000e+00 >=   2.000000000e+00  60.0% (561227; 31681)
+2266540: mip =   5.000000000e+00 >=   2.000000000e+00  60.0% (562090; 31744)
+2269740: mip =   5.000000000e+00 >=   2.000000000e+00  60.0% (562805; 31808)
Time used: 1380.4 secs.  Memory used: 372.6 Mb.
+2275475: mip =   5.000000000e+00 >=   2.000000000e+00  60.0% (564150; 31870)
+2281681: mip =   5.000000000e+00 >=   2.000000000e+00  60.0% (565376; 31932)
+2287243: mip =   5.000000000e+00 >=   2.000000000e+00  60.0% (567209; 31992)
+2291619: mip =   5.000000000e+00 >=   2.000000000e+00  60.0% (568307; 32055)
+2296807: mip =   5.000000000e+00 >=   2.000000000e+00  60.0% (569524; 32117)
+2302039: mip =   5.000000000e+00 >=   2.000000000e+00  60.0% (570811; 32178)
+2306613: mip =   5.000000000e+00 >=   2.000000000e+00  60.0% (572030; 32240)
+2310321: mip =   5.000000000e+00 >=   2.000000000e+00  60.0% (573004; 32303)
+2314083: mip =   5.000000000e+00 >=   2.000000000e+00  60.0% (574015; 32365)
+2317469: mip =   5.000000000e+00 >=   2.000000000e+00  60.0% (574850; 32427)
+2320770: mip =   5.000000000e+00 >=   2.000000000e+00  60.0% (575726; 32488)
Time used: 1440.5 secs.  Memory used: 381.7 Mb.
+2324732: mip =   5.000000000e+00 >=   2.000000000e+00  60.0% (576700; 32550)
+2329169: mip =   5.000000000e+00 >=   2.000000000e+00  60.0% (577588; 32612)
+2333856: mip =   5.000000000e+00 >=   2.000000000e+00  60.0% (578694; 32673)
+2338495: mip =   5.000000000e+00 >=   2.000000000e+00  60.0% (579734; 32735)
+2343376: mip =   5.000000000e+00 >=   2.000000000e+00  60.0% (580764; 32797)
+2347234: mip =   5.000000000e+00 >=   2.000000000e+00  60.0% (581666; 32859)
+2350701: mip =   5.000000000e+00 >=   2.000000000e+00  60.0% (582511; 32921)
+2354660: mip =   5.000000000e+00 >=   2.000000000e+00  60.0% (583421; 32983)
+2358082: mip =   5.000000000e+00 >=   2.000000000e+00  60.0% (584083; 33045)
+2361111: mip =   5.000000000e+00 >=   2.000000000e+00  60.0% (584920; 33107)
+2363849: mip =   5.000000000e+00 >=   2.000000000e+00  60.0% (585560; 33169)
+2366463: mip =   5.000000000e+00 >=   2.000000000e+00  60.0% (586137; 33231)
Time used: 1500.5 secs.  Memory used: 388.5 Mb.
+2368737: mip =   5.000000000e+00 >=   2.000000000e+00  60.0% (586656; 33293)
+2371077: mip =   5.000000000e+00 >=   2.000000000e+00  60.0% (587151; 33355)
+2373181: mip =   5.000000000e+00 >=   2.000000000e+00  60.0% (587639; 33416)
+2375568: mip =   5.000000000e+00 >=   2.000000000e+00  60.0% (588113; 33478)
+2377469: mip =   5.000000000e+00 >=   2.000000000e+00  60.0% (588463; 33541)
+2379881: mip =   5.000000000e+00 >=   2.000000000e+00  60.0% (589101; 33603)
+2382132: mip =   5.000000000e+00 >=   2.000000000e+00  60.0% (589671; 33665)
+2384469: mip =   5.000000000e+00 >=   2.000000000e+00  60.0% (590223; 33727)
+2386924: mip =   5.000000000e+00 >=   2.000000000e+00  60.0% (590819; 33789)
+2389047: mip =   5.000000000e+00 >=   2.000000000e+00  60.0% (591107; 33851)
+2391710: mip =   5.000000000e+00 >=   2.000000000e+00  60.0% (591707; 33912)
+2394863: mip =   5.000000000e+00 >=   2.000000000e+00  60.0% (592405; 33973)
Time used: 1560.6 secs.  Memory used: 392.3 Mb.
+2397950: mip =   5.000000000e+00 >=   2.000000000e+00  60.0% (593074; 34034)
+2401008: mip =   5.000000000e+00 >=   2.000000000e+00  60.0% (593770; 34095)
+2403415: mip =   5.000000000e+00 >=   2.000000000e+00  60.0% (594354; 34157)
+2405716: mip =   5.000000000e+00 >=   2.000000000e+00  60.0% (594894; 34219)
+2408370: mip =   5.000000000e+00 >=   2.000000000e+00  60.0% (595548; 34280)
+2413207: mip =   5.000000000e+00 >=   2.000000000e+00  60.0% (596662; 34338)
+2418534: mip =   5.000000000e+00 >=   2.000000000e+00  60.0% (597904; 34396)
+2423154: mip =   5.000000000e+00 >=   2.000000000e+00  60.0% (599048; 34455)
+2428207: mip =   5.000000000e+00 >=   2.000000000e+00  60.0% (600120; 34514)
+2432868: mip =   5.000000000e+00 >=   2.000000000e+00  60.0% (601209; 34572)
+2437128: mip =   5.000000000e+00 >=   2.000000000e+00  60.0% (602096; 34631)
+2441733: mip =   5.000000000e+00 >=   2.000000000e+00  60.0% (603129; 34689)
Time used: 1620.6 secs.  Memory used: 399.2 Mb.
+2446623: mip =   5.000000000e+00 >=   2.000000000e+00  60.0% (604236; 34747)
+2450700: mip =   5.000000000e+00 >=   2.000000000e+00  60.0% (605275; 34805)
+2454258: mip =   5.000000000e+00 >=   2.000000000e+00  60.0% (606224; 34864)
+2457751: mip =   5.000000000e+00 >=   2.000000000e+00  60.0% (607141; 34923)
+2461033: mip =   5.000000000e+00 >=   2.000000000e+00  60.0% (608010; 34982)
+2464366: mip =   5.000000000e+00 >=   2.000000000e+00  60.0% (608883; 35041)
+2468100: mip =   5.000000000e+00 >=   2.000000000e+00  60.0% (609802; 35099)
+2471788: mip =   5.000000000e+00 >=   2.000000000e+00  60.0% (610564; 35158)
+2475712: mip =   5.000000000e+00 >=   2.000000000e+00  60.0% (611386; 35217)
+2479881: mip =   5.000000000e+00 >=   2.000000000e+00  60.0% (612293; 35275)
+2483731: mip =   5.000000000e+00 >=   2.000000000e+00  60.0% (613115; 35334)
+2487980: mip =   5.000000000e+00 >=   2.000000000e+00  60.0% (614023; 35392)
Time used: 1680.7 secs.  Memory used: 406.6 Mb.
+2492019: mip =   5.000000000e+00 >=   2.000000000e+00  60.0% (614872; 35450)
+2495481: mip =   5.000000000e+00 >=   2.000000000e+00  60.0% (615705; 35508)
+2499544: mip =   5.000000000e+00 >=   2.000000000e+00  60.0% (616547; 35566)
+2503193: mip =   5.000000000e+00 >=   2.000000000e+00  60.0% (617440; 35624)
+2506557: mip =   5.000000000e+00 >=   2.000000000e+00  60.0% (618041; 35683)
+2511153: mip =   5.000000000e+00 >=   2.000000000e+00  60.0% (619088; 35740)
+2515941: mip =   5.000000000e+00 >=   2.000000000e+00  60.0% (620186; 35796)
+2520468: mip =   5.000000000e+00 >=   2.000000000e+00  60.0% (621187; 35853)
+2524843: mip =   5.000000000e+00 >=   2.000000000e+00  60.0% (622521; 35908)
+2528545: mip =   5.000000000e+00 >=   2.000000000e+00  60.0% (623533; 35965)
+2532034: mip =   5.000000000e+00 >=   2.000000000e+00  60.0% (624382; 36021)
Time used: 1740.7 secs.  Memory used: 413.9 Mb.
+2535214: mip =   5.000000000e+00 >=   2.000000000e+00  60.0% (625220; 36078)
+2538445: mip =   5.000000000e+00 >=   2.000000000e+00  60.0% (626038; 36135)
+2541761: mip =   5.000000000e+00 >=   2.000000000e+00  60.0% (626899; 36192)
+2545280: mip =   5.000000000e+00 >=   2.000000000e+00  60.0% (627716; 36249)
+2549377: mip =   5.000000000e+00 >=   2.000000000e+00  60.0% (628534; 36305)
+2553667: mip =   5.000000000e+00 >=   2.000000000e+00  60.0% (629576; 36360)
+2557875: mip =   5.000000000e+00 >=   2.000000000e+00  60.0% (630470; 36416)
+2562018: mip =   5.000000000e+00 >=   2.000000000e+00  60.0% (631419; 36472)
+2566232: mip =   5.000000000e+00 >=   2.000000000e+00  60.0% (632354; 36528)
+2569283: mip =   5.000000000e+00 >=   2.000000000e+00  60.0% (633071; 36584)
+2572793: mip =   5.000000000e+00 >=   2.000000000e+00  60.0% (633745; 36640)
+2576190: mip =   5.000000000e+00 >=   2.000000000e+00  60.0% (634610; 36695)
Time used: 1800.8 secs.  Memory used: 420.9 Mb.
+2580220: mip =   5.000000000e+00 >=   2.000000000e+00  60.0% (635376; 36750)
+2584247: mip =   5.000000000e+00 >=   2.000000000e+00  60.0% (636271; 36805)
+2588622: mip =   5.000000000e+00 >=   2.000000000e+00  60.0% (637323; 36859)
+2593421: mip =   5.000000000e+00 >=   2.000000000e+00  60.0% (638549; 36913)
+2597349: mip =   5.000000000e+00 >=   2.000000000e+00  60.0% (639565; 36968)
+2600569: mip =   5.000000000e+00 >=   2.000000000e+00  60.0% (640383; 37023)
+2603897: mip =   5.000000000e+00 >=   2.000000000e+00  60.0% (641263; 37078)
+2607002: mip =   5.000000000e+00 >=   2.000000000e+00  60.0% (642067; 37133)
+2609967: mip =   5.000000000e+00 >=   2.000000000e+00  60.0% (642827; 37189)
+2613384: mip =   5.000000000e+00 >=   2.000000000e+00  60.0% (643742; 37243)
+2616638: mip =   5.000000000e+00 >=   2.000000000e+00  60.0% (644473; 37298)
+2620959: mip =   5.000000000e+00 >=   2.000000000e+00  60.0% (645349; 37353)
Time used: 1860.8 secs.  Memory used: 448.1 Mb.
+2625156: mip =   5.000000000e+00 >=   2.000000000e+00  60.0% (646331; 37407)
+2629253: mip =   5.000000000e+00 >=   2.000000000e+00  60.0% (647242; 37462)
+2633403: mip =   5.000000000e+00 >=   2.000000000e+00  60.0% (648142; 37517)
+2637347: mip =   5.000000000e+00 >=   2.000000000e+00  60.0% (649083; 37572)
+2640570: mip =   5.000000000e+00 >=   2.000000000e+00  60.0% (649792; 37627)
+2644131: mip =   5.000000000e+00 >=   2.000000000e+00  60.0% (650627; 37682)
+2647236: mip =   5.000000000e+00 >=   2.000000000e+00  60.0% (651301; 37737)
+2651108: mip =   5.000000000e+00 >=   2.000000000e+00  60.0% (652040; 37791)
+2655237: mip =   5.000000000e+00 >=   2.000000000e+00  60.0% (652984; 37845)
+2659496: mip =   5.000000000e+00 >=   2.000000000e+00  60.0% (653999; 37898)
+2664174: mip =   5.000000000e+00 >=   2.000000000e+00  60.0% (655204; 37951)
+2667955: mip =   5.000000000e+00 >=   2.000000000e+00  60.0% (656173; 38004)
Time used: 1920.9 secs.  Memory used: 455.4 Mb.
+2671025: mip =   5.000000000e+00 >=   2.000000000e+00  60.0% (656962; 38057)
+2674320: mip =   5.000000000e+00 >=   2.000000000e+00  60.0% (657820; 38111)
+2677358: mip =   5.000000000e+00 >=   2.000000000e+00  60.0% (658613; 38165)
+2680247: mip =   5.000000000e+00 >=   2.000000000e+00  60.0% (659357; 38219)
+2683537: mip =   5.000000000e+00 >=   2.000000000e+00  60.0% (660240; 38271)
+2686718: mip =   5.000000000e+00 >=   2.000000000e+00  60.0% (660984; 38325)
+2690776: mip =   5.000000000e+00 >=   2.000000000e+00  60.0% (661785; 38378)
+2694836: mip =   5.000000000e+00 >=   2.000000000e+00  60.0% (662773; 38430)
+2698828: mip =   5.000000000e+00 >=   2.000000000e+00  60.0% (663659; 38483)
+2702903: mip =   5.000000000e+00 >=   2.000000000e+00  60.0% (664568; 38536)
+2706976: mip =   5.000000000e+00 >=   2.000000000e+00  60.0% (665473; 38589)
Time used: 1980.9 secs.  Memory used: 462.2 Mb.
+2710179: mip =   5.000000000e+00 >=   2.000000000e+00  60.0% (666245; 38642)
+2713332: mip =   5.000000000e+00 >=   2.000000000e+00  60.0% (666871; 38695)
+2716573: mip =   5.000000000e+00 >=   2.000000000e+00  60.0% (667704; 38748)
+2719889: mip =   5.000000000e+00 >=   2.000000000e+00  60.0% (668358; 38801)
+2722026: mip =   5.000000000e+00 >=   2.000000000e+00  60.0% (668948; 38855)
+2724436: mip =   5.000000000e+00 >=   2.000000000e+00  60.0% (669507; 38909)
+2726625: mip =   5.000000000e+00 >=   2.000000000e+00  60.0% (669990; 38963)
+2728751: mip =   5.000000000e+00 >=   2.000000000e+00  60.0% (670474; 39017)
+2730777: mip =   5.000000000e+00 >=   2.000000000e+00  60.0% (670949; 39071)
+2732694: mip =   5.000000000e+00 >=   2.000000000e+00  60.0% (671361; 39125)
+2734588: mip =   5.000000000e+00 >=   2.000000000e+00  60.0% (671852; 39180)
+2736520: mip =   5.000000000e+00 >=   2.000000000e+00  60.0% (672123; 39235)
Time used: 2040.9 secs.  Memory used: 466.1 Mb.
+2738287: mip =   5.000000000e+00 >=   2.000000000e+00  60.0% (672499; 39289)
+2740377: mip =   5.000000000e+00 >=   2.000000000e+00  60.0% (673065; 39343)
+2742287: mip =   5.000000000e+00 >=   2.000000000e+00  60.0% (673572; 39397)
+2744234: mip =   5.000000000e+00 >=   2.000000000e+00  60.0% (674050; 39451)
+2746282: mip =   5.000000000e+00 >=   2.000000000e+00  60.0% (674530; 39504)
+2748348: mip =   5.000000000e+00 >=   2.000000000e+00  60.0% (674906; 39559)
+2750074: mip =   5.000000000e+00 >=   2.000000000e+00  60.0% (675208; 39613)
+2752495: mip =   5.000000000e+00 >=   2.000000000e+00  60.0% (675783; 39667)
+2754542: mip =   5.000000000e+00 >=   2.000000000e+00  60.0% (676318; 39721)
+2756927: mip =   5.000000000e+00 >=   2.000000000e+00  60.0% (676870; 39775)
+2759080: mip =   5.000000000e+00 >=   2.000000000e+00  60.0% (677330; 39828)
+2761105: mip =   5.000000000e+00 >=   2.000000000e+00  60.0% (677793; 39882)
Time used: 2101.0 secs.  Memory used: 469.5 Mb.
+2763177: mip =   5.000000000e+00 >=   2.000000000e+00  60.0% (678250; 39935)
+2765023: mip =   5.000000000e+00 >=   2.000000000e+00  60.0% (678642; 39989)
+2766863: mip =   5.000000000e+00 >=   2.000000000e+00  60.0% (679170; 40042)
+2768626: mip =   5.000000000e+00 >=   2.000000000e+00  60.0% (679337; 40096)
+2770524: mip =   5.000000000e+00 >=   2.000000000e+00  60.0% (679757; 40150)
+2772626: mip =   5.000000000e+00 >=   2.000000000e+00  60.0% (680333; 40204)
+2774520: mip =   5.000000000e+00 >=   2.000000000e+00  60.0% (680814; 40258)
+2776519: mip =   5.000000000e+00 >=   2.000000000e+00  60.0% (681315; 40311)
+2778472: mip =   5.000000000e+00 >=   2.000000000e+00  60.0% (681780; 40364)
+2780306: mip =   5.000000000e+00 >=   2.000000000e+00  60.0% (682093; 40417)
+2782127: mip =   5.000000000e+00 >=   2.000000000e+00  60.0% (682426; 40470)
+2784389: mip =   5.000000000e+00 >=   2.000000000e+00  60.0% (682938; 40524)
Time used: 2161.0 secs.  Memory used: 472.6 Mb.
+2786525: mip =   5.000000000e+00 >=   2.000000000e+00  60.0% (683513; 40577)
+2788853: mip =   5.000000000e+00 >=   2.000000000e+00  60.0% (684027; 40630)
+2790921: mip =   5.000000000e+00 >=   2.000000000e+00  60.0% (684488; 40683)
+2792972: mip =   5.000000000e+00 >=   2.000000000e+00  60.0% (684946; 40736)
+2794974: mip =   5.000000000e+00 >=   2.000000000e+00  60.0% (685375; 40789)
+2796804: mip =   5.000000000e+00 >=   2.000000000e+00  60.0% (685771; 40842)
+2798728: mip =   5.000000000e+00 >=   2.000000000e+00  60.0% (686292; 40895)
+2800454: mip =   5.000000000e+00 >=   2.000000000e+00  60.0% (686448; 40949)
+2802363: mip =   5.000000000e+00 >=   2.000000000e+00  60.0% (686893; 41002)
+2804409: mip =   5.000000000e+00 >=   2.000000000e+00  60.0% (687456; 41055)
+2806268: mip =   5.000000000e+00 >=   2.000000000e+00  60.0% (687925; 41108)
+2808244: mip =   5.000000000e+00 >=   2.000000000e+00  60.0% (688417; 41161)
Time used: 2221.1 secs.  Memory used: 475.8 Mb.
+2810216: mip =   5.000000000e+00 >=   2.000000000e+00  60.0% (688889; 41214)
+2811872: mip =   5.000000000e+00 >=   2.000000000e+00  60.0% (689181; 41267)
+2813799: mip =   5.000000000e+00 >=   2.000000000e+00  60.0% (689505; 41320)
+2815983: mip =   5.000000000e+00 >=   2.000000000e+00  60.0% (689996; 41372)
+2818084: mip =   5.000000000e+00 >=   2.000000000e+00  60.0% (690559; 41424)
+2820388: mip =   5.000000000e+00 >=   2.000000000e+00  60.0% (691066; 41476)
+2822403: mip =   5.000000000e+00 >=   2.000000000e+00  60.0% (691514; 41528)
+2824402: mip =   5.000000000e+00 >=   2.000000000e+00  60.0% (691971; 41580)
+2826427: mip =   5.000000000e+00 >=   2.000000000e+00  60.0% (692402; 41632)
+2828241: mip =   5.000000000e+00 >=   2.000000000e+00  60.0% (692791; 41685)
+2830050: mip =   5.000000000e+00 >=   2.000000000e+00  60.0% (693318; 41737)
Time used: 2281.2 secs.  Memory used: 478.8 Mb.
+2831835: mip =   5.000000000e+00 >=   2.000000000e+00  60.0% (693468; 41790)
+2833671: mip =   5.000000000e+00 >=   2.000000000e+00  60.0% (693893; 41842)
+2835672: mip =   5.000000000e+00 >=   2.000000000e+00  60.0% (694448; 41894)
+2837561: mip =   5.000000000e+00 >=   2.000000000e+00  60.0% (694929; 41946)
+2839450: mip =   5.000000000e+00 >=   2.000000000e+00  60.0% (695392; 41998)
+2841455: mip =   5.000000000e+00 >=   2.000000000e+00  60.0% (695878; 42050)
+2843500: mip =   5.000000000e+00 >=   2.000000000e+00  60.0% (696273; 42103)
+2845102: mip =   5.000000000e+00 >=   2.000000000e+00  60.0% (696544; 42155)
+2847600: mip =   5.000000000e+00 >=   2.000000000e+00  60.0% (697078; 42207)
+2850467: mip =   5.000000000e+00 >=   2.000000000e+00  60.0% (697813; 42257)
+2853078: mip =   5.000000000e+00 >=   2.000000000e+00  60.0% (698353; 42309)
+2855674: mip =   5.000000000e+00 >=   2.000000000e+00  60.0% (698931; 42361)
Time used: 2341.2 secs.  Memory used: 482.4 Mb.
+2858240: mip =   5.000000000e+00 >=   2.000000000e+00  60.0% (699466; 42413)
+2860210: mip =   5.000000000e+00 >=   2.000000000e+00  60.0% (699871; 42465)
+2863262: mip =   5.000000000e+00 >=   2.000000000e+00  60.0% (700697; 42515)
+2865898: mip =   5.000000000e+00 >=   2.000000000e+00  60.0% (701248; 42567)
+2868483: mip =   5.000000000e+00 >=   2.000000000e+00  60.0% (701801; 42618)
+2870982: mip =   5.000000000e+00 >=   2.000000000e+00  60.0% (702367; 42669)
+2873203: mip =   5.000000000e+00 >=   2.000000000e+00  60.0% (702882; 42721)
+2876080: mip =   5.000000000e+00 >=   2.000000000e+00  60.0% (703620; 42772)
+2878744: mip =   5.000000000e+00 >=   2.000000000e+00  60.0% (704159; 42823)
+2881248: mip =   5.000000000e+00 >=   2.000000000e+00  60.0% (704728; 42874)
+2883836: mip =   5.000000000e+00 >=   2.000000000e+00  60.0% (705319; 42925)
+2886147: mip =   5.000000000e+00 >=   2.000000000e+00  60.0% (705886; 42976)
Time used: 2401.3 secs.  Memory used: 486.7 Mb.
+2888769: mip =   5.000000000e+00 >=   2.000000000e+00  60.0% (706477; 43026)
+2891353: mip =   5.000000000e+00 >=   2.000000000e+00  60.0% (707038; 43077)
+2893717: mip =   5.000000000e+00 >=   2.000000000e+00  60.0% (707570; 43128)
+2896253: mip =   5.000000000e+00 >=   2.000000000e+00  60.0% (708130; 43179)
+2898286: mip =   5.000000000e+00 >=   2.000000000e+00  60.0% (708592; 43231)
+2900184: mip =   5.000000000e+00 >=   2.000000000e+00  60.0% (709039; 43282)
+2902063: mip =   5.000000000e+00 >=   2.000000000e+00  60.0% (709439; 43333)
+2903990: mip =   5.000000000e+00 >=   2.000000000e+00  60.0% (709923; 43384)
+2905848: mip =   5.000000000e+00 >=   2.000000000e+00  60.0% (710344; 43435)
+2907727: mip =   5.000000000e+00 >=   2.000000000e+00  60.0% (710772; 43486)
+2909596: mip =   5.000000000e+00 >=   2.000000000e+00  60.0% (711214; 43537)
+2911446: mip =   5.000000000e+00 >=   2.000000000e+00  60.0% (711637; 43588)
Time used: 2461.4 secs.  Memory used: 490.0 Mb.
+2913321: mip =   5.000000000e+00 >=   2.000000000e+00  60.0% (712070; 43639)
+2915219: mip =   5.000000000e+00 >=   2.000000000e+00  60.0% (712518; 43690)
+2917058: mip =   5.000000000e+00 >=   2.000000000e+00  60.0% (712922; 43741)
+2919163: mip =   5.000000000e+00 >=   2.000000000e+00  60.0% (713461; 43792)
+2923468: mip =   5.000000000e+00 >=   2.000000000e+00  60.0% (714520; 43841)
+2927706: mip =   5.000000000e+00 >=   2.000000000e+00  60.0% (715415; 43891)
+2931649: mip =   5.000000000e+00 >=   2.000000000e+00  60.0% (716298; 43940)
+2935589: mip =   5.000000000e+00 >=   2.000000000e+00  60.0% (717160; 43989)
+2939737: mip =   5.000000000e+00 >=   2.000000000e+00  60.0% (718031; 44039)
+2943772: mip =   5.000000000e+00 >=   2.000000000e+00  60.0% (719043; 44087)
+2948011: mip =   5.000000000e+00 >=   2.000000000e+00  60.0% (719974; 44136)
Time used: 2521.5 secs.  Memory used: 496.1 Mb.
+2952286: mip =   5.000000000e+00 >=   2.000000000e+00  60.0% (720914; 44184)
+2956156: mip =   5.000000000e+00 >=   2.000000000e+00  60.0% (721883; 44233)
+2960430: mip =   5.000000000e+00 >=   2.000000000e+00  60.0% (722820; 44282)
+2963986: mip =   5.000000000e+00 >=   2.000000000e+00  60.0% (723528; 44331)
+2968053: mip =   5.000000000e+00 >=   2.000000000e+00  60.0% (724502; 44379)
+2972446: mip =   5.000000000e+00 >=   2.000000000e+00  60.0% (725523; 44427)
+2976342: mip =   5.000000000e+00 >=   2.000000000e+00  60.0% (726391; 44475)
+2980400: mip =   5.000000000e+00 >=   2.000000000e+00  60.0% (727406; 44523)
+2984529: mip =   5.000000000e+00 >=   2.000000000e+00  60.0% (728294; 44571)
+2988270: mip =   5.000000000e+00 >=   2.000000000e+00  60.0% (729168; 44620)
+2992465: mip =   5.000000000e+00 >=   2.000000000e+00  60.0% (730075; 44669)
+2996802: mip =   5.000000000e+00 >=   2.000000000e+00  60.0% (731111; 44717)
Time used: 2581.5 secs.  Memory used: 503.3 Mb.
+3000661: mip =   5.000000000e+00 >=   2.000000000e+00  60.0% (732058; 44765)
+3004692: mip =   5.000000000e+00 >=   2.000000000e+00  60.0% (732947; 44813)
+3008162: mip =   5.000000000e+00 >=   2.000000000e+00  60.0% (733732; 44862)
+3011785: mip =   5.000000000e+00 >=   2.000000000e+00  60.0% (734667; 44910)
+3014960: mip =   5.000000000e+00 >=   2.000000000e+00  60.0% (735631; 44958)
+3018855: mip =   5.000000000e+00 >=   2.000000000e+00  60.0% (736433; 45006)
+3022006: mip =   5.000000000e+00 >=   2.000000000e+00  60.0% (737575; 45054)
+3025182: mip =   5.000000000e+00 >=   2.000000000e+00  60.0% (738405; 45102)
+3027963: mip =   5.000000000e+00 >=   2.000000000e+00  60.0% (739055; 45150)
+3029163: mip =   5.000000000e+00 >=   2.000000000e+00  60.0% (739373; 45198)
+3030536: mip =   5.000000000e+00 >=   2.000000000e+00  60.0% (739769; 45247)
+3032071: mip =   5.000000000e+00 >=   2.000000000e+00  60.0% (740139; 45296)
Time used: 2641.6 secs.  Memory used: 508.5 Mb.
+3034423: mip =   5.000000000e+00 >=   2.000000000e+00  60.0% (740536; 45345)
+3038610: mip =   5.000000000e+00 >=   2.000000000e+00  60.0% (741534; 45392)
+3041728: mip =   5.000000000e+00 >=   2.000000000e+00  60.0% (742274; 45440)
+3045128: mip =   5.000000000e+00 >=   2.000000000e+00  60.0% (743160; 45488)
+3047445: mip =   5.000000000e+00 >=   2.000000000e+00  60.0% (743507; 45537)
+3050619: mip =   5.000000000e+00 >=   2.000000000e+00  60.0% (744056; 45586)
+3055123: mip =   5.000000000e+00 >=   2.000000000e+00  60.0% (744872; 45634)
+3059021: mip =   5.000000000e+00 >=   2.000000000e+00  60.0% (745472; 45683)
+3061336: mip =   5.000000000e+00 >=   2.000000000e+00  60.0% (745895; 45732)
+3063889: mip =   5.000000000e+00 >=   2.000000000e+00  60.0% (746380; 45781)
+3067074: mip =   5.000000000e+00 >=   2.000000000e+00  60.0% (747038; 45829)
+3069866: mip =   5.000000000e+00 >=   2.000000000e+00  60.0% (747708; 45877)
Time used: 2701.6 secs.  Memory used: 513.8 Mb.
+3072366: mip =   5.000000000e+00 >=   2.000000000e+00  60.0% (748402; 45925)
+3077665: mip =   5.000000000e+00 >=   2.000000000e+00  60.0% (749722; 45971)
+3083239: mip =   5.000000000e+00 >=   2.000000000e+00  60.0% (751381; 46016)
+3087664: mip =   5.000000000e+00 >=   2.000000000e+00  60.0% (752533; 46063)
+3093260: mip =   5.000000000e+00 >=   2.000000000e+00  60.0% (753914; 46108)
+3098685: mip =   5.000000000e+00 >=   2.000000000e+00  60.0% (755079; 46154)
+3104035: mip =   5.000000000e+00 >=   2.000000000e+00  60.0% (756359; 46200)
+3108446: mip =   5.000000000e+00 >=   2.000000000e+00  60.0% (757276; 46247)
+3112235: mip =   5.000000000e+00 >=   2.000000000e+00  60.0% (758652; 46293)
+3117909: mip =   5.000000000e+00 >=   2.000000000e+00  60.0% (760745; 46337)
+3122982: mip =   5.000000000e+00 >=   2.000000000e+00  60.0% (761816; 46383)
Time used: 2761.7 secs.  Memory used: 522.9 Mb.
+3126369: mip =   5.000000000e+00 >=   2.000000000e+00  60.0% (762485; 46430)
+3130019: mip =   5.000000000e+00 >=   2.000000000e+00  60.0% (763107; 46477)
+3133487: mip =   5.000000000e+00 >=   2.000000000e+00  60.0% (763889; 46524)
+3137434: mip =   5.000000000e+00 >=   2.000000000e+00  60.0% (764851; 46570)
+3140955: mip =   5.000000000e+00 >=   2.000000000e+00  60.0% (765547; 46617)
+3144132: mip =   5.000000000e+00 >=   2.000000000e+00  60.0% (766359; 46664)
+3147361: mip =   5.000000000e+00 >=   2.000000000e+00  60.0% (767218; 46710)
+3150450: mip =   5.000000000e+00 >=   2.000000000e+00  60.0% (767810; 46757)
+3152595: mip =   5.000000000e+00 >=   2.000000000e+00  60.0% (768309; 46804)
+3155086: mip =   5.000000000e+00 >=   2.000000000e+00  60.0% (768893; 46851)
+3157869: mip =   5.000000000e+00 >=   2.000000000e+00  60.0% (769645; 46898)
+3159889: mip =   5.000000000e+00 >=   2.000000000e+00  60.0% (770060; 46945)
Time used: 2821.8 secs.  Memory used: 527.8 Mb.
+3162420: mip =   5.000000000e+00 >=   2.000000000e+00  60.0% (770526; 46992)
+3164949: mip =   5.000000000e+00 >=   2.000000000e+00  60.0% (770936; 47039)
+3168256: mip =   5.000000000e+00 >=   2.000000000e+00  60.0% (771610; 47086)
+3172442: mip =   5.000000000e+00 >=   2.000000000e+00  60.0% (772670; 47132)
+3176828: mip =   5.000000000e+00 >=   2.000000000e+00  60.0% (773880; 47176)
+3181484: mip =   5.000000000e+00 >=   2.000000000e+00  60.0% (775214; 47221)
+3186075: mip =   5.000000000e+00 >=   2.000000000e+00  60.0% (776489; 47266)
+3191022: mip =   5.000000000e+00 >=   2.000000000e+00  60.0% (777981; 47311)
+3194952: mip =   5.000000000e+00 >=   2.000000000e+00  60.0% (779034; 47356)
+3197255: mip =   5.000000000e+00 >=   2.000000000e+00  60.0% (779667; 47403)
+3199878: mip =   5.000000000e+00 >=   2.000000000e+00  60.0% (780290; 47449)
+3202435: mip =   5.000000000e+00 >=   2.000000000e+00  60.0% (781079; 47495)
Time used: 2881.8 secs.  Memory used: 534.8 Mb.
+3205749: mip =   5.000000000e+00 >=   2.000000000e+00  60.0% (782011; 47540)
+3208834: mip =   5.000000000e+00 >=   2.000000000e+00  60.0% (782626; 47586)
+3211275: mip =   5.000000000e+00 >=   2.000000000e+00  60.0% (783147; 47632)
+3214923: mip =   5.000000000e+00 >=   2.000000000e+00  60.0% (783888; 47677)
+3218774: mip =   5.000000000e+00 >=   2.000000000e+00  60.0% (784912; 47722)
+3222098: mip =   5.000000000e+00 >=   2.000000000e+00  60.0% (785644; 47767)
+3224429: mip =   5.000000000e+00 >=   2.000000000e+00  60.0% (786139; 47813)
+3226762: mip =   5.000000000e+00 >=   2.000000000e+00  60.0% (786532; 47859)
+3229569: mip =   5.000000000e+00 >=   2.000000000e+00  60.0% (787130; 47905)
+3231773: mip =   5.000000000e+00 >=   2.000000000e+00  60.0% (787530; 47951)
+3233853: mip =   5.000000000e+00 >=   2.000000000e+00  60.0% (787884; 47997)
+3237246: mip =   5.000000000e+00 >=   2.000000000e+00  60.0% (788683; 48042)
Time used: 2941.9 secs.  Memory used: 539.5 Mb.
+3240186: mip =   5.000000000e+00 >=   2.000000000e+00  60.0% (789209; 48087)
+3241135: mip =   5.000000000e+00 >=   2.000000000e+00  60.0% (789420; 48133)
+3243015: mip =   5.000000000e+00 >=   2.000000000e+00  60.0% (789940; 48179)
+3244962: mip =   5.000000000e+00 >=   2.000000000e+00  60.0% (790404; 48225)
+3246632: mip =   5.000000000e+00 >=   2.000000000e+00  60.0% (790858; 48271)
+3249010: mip =   5.000000000e+00 >=   2.000000000e+00  60.0% (791364; 48317)
+3252495: mip =   5.000000000e+00 >=   2.000000000e+00  60.0% (792138; 48361)
+3256490: mip =   5.000000000e+00 >=   2.000000000e+00  60.0% (793015; 48406)
+3261241: mip =   5.000000000e+00 >=   2.000000000e+00  60.0% (793998; 48450)
+3264622: mip =   5.000000000e+00 >=   2.000000000e+00  60.0% (794907; 48494)
+3268512: mip =   5.000000000e+00 >=   2.000000000e+00  60.0% (796097; 48538)
Time used: 3001.9 secs.  Memory used: 544.9 Mb.
+3271916: mip =   5.000000000e+00 >=   2.000000000e+00  60.0% (797365; 48582)
+3275748: mip =   5.000000000e+00 >=   2.000000000e+00  60.0% (798636; 48626)
+3278928: mip =   5.000000000e+00 >=   2.000000000e+00  60.0% (799607; 48670)
+3280506: mip =   5.000000000e+00 >=   2.000000000e+00  60.0% (800023; 48715)
+3284065: mip =   5.000000000e+00 >=   2.000000000e+00  60.0% (800602; 48760)
+3286878: mip =   5.000000000e+00 >=   2.000000000e+00  60.0% (801143; 48805)
+3289920: mip =   5.000000000e+00 >=   2.000000000e+00  60.0% (801732; 48850)
+3294943: mip =   5.000000000e+00 >=   2.000000000e+00  60.0% (803051; 48893)
+3299872: mip =   5.000000000e+00 >=   2.000000000e+00  60.0% (804159; 48937)
+3302938: mip =   5.000000000e+00 >=   2.000000000e+00  60.0% (804870; 48981)
+3306839: mip =   5.000000000e+00 >=   2.000000000e+00  60.0% (805590; 49025)
+3309453: mip =   5.000000000e+00 >=   2.000000000e+00  60.0% (806198; 49069)
Time used: 3061.9 secs.  Memory used: 551.1 Mb.
+3312689: mip =   5.000000000e+00 >=   2.000000000e+00  60.0% (806884; 49113)
+3316640: mip =   5.000000000e+00 >=   2.000000000e+00  60.0% (807992; 49156)
+3319606: mip =   5.000000000e+00 >=   2.000000000e+00  60.0% (808770; 49200)
+3322870: mip =   5.000000000e+00 >=   2.000000000e+00  60.0% (809464; 49244)
+3326197: mip =   5.000000000e+00 >=   2.000000000e+00  60.0% (810373; 49288)
+3328708: mip =   5.000000000e+00 >=   2.000000000e+00  60.0% (810950; 49332)
+3332472: mip =   5.000000000e+00 >=   2.000000000e+00  60.0% (811961; 49375)
+3335357: mip =   5.000000000e+00 >=   2.000000000e+00  60.0% (812697; 49419)
+3337701: mip =   5.000000000e+00 >=   2.000000000e+00  60.0% (813313; 49463)
+3340460: mip =   5.000000000e+00 >=   2.000000000e+00  60.0% (814113; 49507)
+3342879: mip =   5.000000000e+00 >=   2.000000000e+00  60.0% (814783; 49551)
+3346195: mip =   5.000000000e+00 >=   2.000000000e+00  60.0% (815589; 49594)
Time used: 3122.0 secs.  Memory used: 556.9 Mb.
+3349709: mip =   5.000000000e+00 >=   2.000000000e+00  60.0% (816499; 49637)
+3353037: mip =   5.000000000e+00 >=   2.000000000e+00  60.0% (817305; 49680)
+3354379: mip =   5.000000000e+00 >=   2.000000000e+00  60.0% (817550; 49724)
+3357142: mip =   5.000000000e+00 >=   2.000000000e+00  60.0% (818157; 49768)
+3360169: mip =   5.000000000e+00 >=   2.000000000e+00  60.0% (818806; 49811)
+3363223: mip =   5.000000000e+00 >=   2.000000000e+00  60.0% (819505; 49854)
+3366333: mip =   5.000000000e+00 >=   2.000000000e+00  60.0% (820208; 49897)
+3368084: mip =   5.000000000e+00 >=   2.000000000e+00  60.0% (820580; 49941)
+3371240: mip =   5.000000000e+00 >=   2.000000000e+00  60.0% (821321; 49984)
+3375251: mip =   5.000000000e+00 >=   2.000000000e+00  60.0% (822415; 50027)
+3379059: mip =   5.000000000e+00 >=   2.000000000e+00  60.0% (823520; 50069)
Time used: 3182.0 secs.  Memory used: 562.5 Mb.
+3383042: mip =   5.000000000e+00 >=   2.000000000e+00  60.0% (824736; 50111)
+3386488: mip =   5.000000000e+00 >=   2.000000000e+00  60.0% (825850; 50153)
+3389623: mip =   5.000000000e+00 >=   2.000000000e+00  60.0% (826741; 50195)
+3393354: mip =   5.000000000e+00 >=   2.000000000e+00  60.0% (827498; 50238)
+3397068: mip =   5.000000000e+00 >=   2.000000000e+00  60.0% (828326; 50281)
+3400745: mip =   5.000000000e+00 >=   2.000000000e+00  60.0% (829123; 50323)
+3405524: mip =   5.000000000e+00 >=   2.000000000e+00  60.0% (830248; 50365)
+3409500: mip =   5.000000000e+00 >=   2.000000000e+00  60.0% (831847; 50406)
+3413435: mip =   5.000000000e+00 >=   2.000000000e+00  60.0% (833115; 50448)
+3416612: mip =   5.000000000e+00 >=   2.000000000e+00  60.0% (834090; 50490)
+3420365: mip =   5.000000000e+00 >=   2.000000000e+00  60.0% (835159; 50532)
+3423853: mip =   5.000000000e+00 >=   2.000000000e+00  60.0% (836119; 50574)
Time used: 3242.1 secs.  Memory used: 569.6 Mb.
+3427060: mip =   5.000000000e+00 >=   2.000000000e+00  60.0% (837072; 50616)
+3430129: mip =   5.000000000e+00 >=   2.000000000e+00  60.0% (837868; 50658)
+3432838: mip =   5.000000000e+00 >=   2.000000000e+00  60.0% (838731; 50700)
+3434047: mip =   5.000000000e+00 >=   2.000000000e+00  60.0% (839134; 50743)
+3435243: mip =   5.000000000e+00 >=   2.000000000e+00  60.0% (839506; 50786)
+3437413: mip =   5.000000000e+00 >=   2.000000000e+00  60.0% (840058; 50829)
+3440742: mip =   5.000000000e+00 >=   2.000000000e+00  60.0% (840907; 50871)
+3443912: mip =   5.000000000e+00 >=   2.000000000e+00  60.0% (841711; 50913)
+3446739: mip =   5.000000000e+00 >=   2.000000000e+00  60.0% (842259; 50955)
+3450602: mip =   5.000000000e+00 >=   2.000000000e+00  60.0% (843735; 50995)
+3454998: mip =   5.000000000e+00 >=   2.000000000e+00  60.0% (844693; 51036)
+3458012: mip =   5.000000000e+00 >=   2.000000000e+00  60.0% (845432; 51078)
Time used: 3302.2 secs.  Memory used: 575.4 Mb.
+3461018: mip =   5.000000000e+00 >=   2.000000000e+00  60.0% (846256; 51120)
+3463239: mip =   5.000000000e+00 >=   2.000000000e+00  60.0% (846838; 51162)
+3467166: mip =   5.000000000e+00 >=   2.000000000e+00  60.0% (847743; 51203)
+3471180: mip =   5.000000000e+00 >=   2.000000000e+00  60.0% (848800; 51244)
+3474093: mip =   5.000000000e+00 >=   2.000000000e+00  60.0% (849560; 51286)
+3476029: mip =   5.000000000e+00 >=   2.000000000e+00  60.0% (850108; 51328)
+3478005: mip =   5.000000000e+00 >=   2.000000000e+00  60.0% (850652; 51370)
+3480640: mip =   5.000000000e+00 >=   2.000000000e+00  60.0% (851382; 51412)
+3482969: mip =   5.000000000e+00 >=   2.000000000e+00  60.0% (851998; 51454)
+3484597: mip =   5.000000000e+00 >=   2.000000000e+00  60.0% (852365; 51497)
+3487259: mip =   5.000000000e+00 >=   2.000000000e+00  60.0% (852962; 51540)
+3491534: mip =   5.000000000e+00 >=   2.000000000e+00  60.0% (853871; 51582)
Time used: 3362.2 secs.  Memory used: 580.2 Mb.
+3495201: mip =   5.000000000e+00 >=   2.000000000e+00  60.0% (854639; 51624)
+3497044: mip =   5.000000000e+00 >=   2.000000000e+00  60.0% (855052; 51666)
+3500106: mip =   5.000000000e+00 >=   2.000000000e+00  60.0% (855785; 51708)
+3503128: mip =   5.000000000e+00 >=   2.000000000e+00  60.0% (856365; 51750)
+3506236: mip =   5.000000000e+00 >=   2.000000000e+00  60.0% (857033; 51792)
+3508249: mip =   5.000000000e+00 >=   2.000000000e+00  60.0% (857482; 51835)
+3509934: mip =   5.000000000e+00 >=   2.000000000e+00  60.0% (857840; 51878)
+3511886: mip =   5.000000000e+00 >=   2.000000000e+00  60.0% (858302; 51921)
+3514111: mip =   5.000000000e+00 >=   2.000000000e+00  60.0% (858883; 51964)
+3515641: mip =   5.000000000e+00 >=   2.000000000e+00  60.0% (859161; 52007)
+3518875: mip =   5.000000000e+00 >=   2.000000000e+00  60.0% (859823; 52049)
Time used: 3422.3 secs.  Memory used: 584.4 Mb.
+3522696: mip =   5.000000000e+00 >=   2.000000000e+00  60.0% (860826; 52090)
+3525693: mip =   5.000000000e+00 >=   2.000000000e+00  60.0% (861546; 52132)
+3528869: mip =   5.000000000e+00 >=   2.000000000e+00  60.0% (862409; 52174)
+3532025: mip =   5.000000000e+00 >=   2.000000000e+00  60.0% (863151; 52216)
+3535137: mip =   5.000000000e+00 >=   2.000000000e+00  60.0% (863864; 52257)
+3538447: mip =   5.000000000e+00 >=   2.000000000e+00  60.0% (864662; 52299)
+3540791: mip =   5.000000000e+00 >=   2.000000000e+00  60.0% (865291; 52341)
+3542841: mip =   5.000000000e+00 >=   2.000000000e+00  60.0% (865927; 52383)
+3546073: mip =   5.000000000e+00 >=   2.000000000e+00  60.0% (866971; 52424)
+3549389: mip =   5.000000000e+00 >=   2.000000000e+00  60.0% (867754; 52465)
+3551549: mip =   5.000000000e+00 >=   2.000000000e+00  60.0% (868234; 52507)
+3555772: mip =   5.000000000e+00 >=   2.000000000e+00  60.0% (869498; 52547)
Time used: 3482.3 secs.  Memory used: 589.8 Mb.
+3558004: mip =   5.000000000e+00 >=   2.000000000e+00  60.0% (870113; 52589)
+3559691: mip =   5.000000000e+00 >=   2.000000000e+00  60.0% (870497; 52631)
+3561117: mip =   5.000000000e+00 >=   2.000000000e+00  60.0% (870758; 52673)
+3563391: mip =   5.000000000e+00 >=   2.000000000e+00  60.0% (871218; 52715)
+3567476: mip =   5.000000000e+00 >=   2.000000000e+00  60.0% (872309; 52755)
+3571460: mip =   5.000000000e+00 >=   2.000000000e+00  60.0% (873363; 52795)
+3574891: mip =   5.000000000e+00 >=   2.000000000e+00  60.0% (874328; 52836)
+3577753: mip =   5.000000000e+00 >=   2.000000000e+00  60.0% (875176; 52877)
+3581066: mip =   5.000000000e+00 >=   2.000000000e+00  60.0% (875904; 52918)
+3583514: mip =   5.000000000e+00 >=   2.000000000e+00  60.0% (876483; 52959)
+3585185: mip =   5.000000000e+00 >=   2.000000000e+00  60.0% (876852; 53001)
+3587369: mip =   5.000000000e+00 >=   2.000000000e+00  60.0% (877472; 53042)
Time used: 3542.3 secs.  Memory used: 594.2 Mb.
+3589077: mip =   5.000000000e+00 >=   2.000000000e+00  60.0% (877750; 53084)
+3592985: mip =   5.000000000e+00 >=   2.000000000e+00  60.0% (878973; 53123)
+3596296: mip =   5.000000000e+00 >=   2.000000000e+00  60.0% (879774; 53164)
+3598978: mip =   5.000000000e+00 >=   2.000000000e+00  60.0% (880257; 53205)
+3602537: mip =   5.000000000e+00 >=   2.000000000e+00  60.0% (881170; 53245)
+3605463: mip =   5.000000000e+00 >=   2.000000000e+00  60.0% (881845; 53286)
+3609235: mip =   5.000000000e+00 >=   2.000000000e+00  60.0% (882639; 53327)
+3611738: mip =   5.000000000e+00 >=   2.000000000e+00  60.0% (883347; 53368)
+3614141: mip =   5.000000000e+00 >=   2.000000000e+00  60.0% (884045; 53409)
+3616833: mip =   5.000000000e+00 >=   2.000000000e+00  60.0% (884736; 53449)
+3620209: mip =   5.000000000e+00 >=   2.000000000e+00  60.0% (885688; 53489)
+3621380: mip =   5.000000000e+00 >=   2.000000000e+00  60.0% (885996; 53506)
TIME LIMIT EXCEEDED; SEARCH TERMINATED
Time used:   3600.1 secs
Memory used: 599.6 Mb (628700642 bytes)

#################################
SALBP-1 / LP Model Result

m = 5

N\S   1  2  3  4  5  6  7  8  9 10 11 12 13 14 15 16 17 18 19 20 21
  1   0  0  0  1  0  0  0  0  0  0  0  0  0  0  0  0  0  0  0  0  0
  2   0  0  0  1  0  0  0  0  0  0  0  0  0  0  0  0  0  0  0  0  0
  3   0  0  0  0  0  0  0  0  0  1  0  0  0  0  0  0  0  0  0  0  0
  4   0  0  0  0  0  1  0  0  0  0  0  0  0  0  0  0  0  0  0  0  0
  5   0  0  0  0  0  1  0  0  0  0  0  0  0  0  0  0  0  0  0  0  0
  6   0  0  0  1  0  0  0  0  0  0  0  0  0  0  0  0  0  0  0  0  0
  7   0  0  0  1  0  0  0  0  0  0  0  0  0  0  0  0  0  0  0  0  0
  8   0  0  0  0  0  0  0  0  0  0  0  0  0  0  0  0  0  0  0  1  0
  9   0  0  0  0  0  1  0  0  0  0  0  0  0  0  0  0  0  0  0  0  0
 10   0  0  0  0  0  0  0  0  0  1  0  0  0  0  0  0  0  0  0  0  0
 11   0  0  0  0  0  0  0  0  0  1  0  0  0  0  0  0  0  0  0  0  0
 12   0  0  0  0  0  0  0  0  0  1  0  0  0  0  0  0  0  0  0  0  0
 13   0  0  0  1  0  0  0  0  0  0  0  0  0  0  0  0  0  0  0  0  0
 14   0  0  0  0  0  0  0  0  0  1  0  0  0  0  0  0  0  0  0  0  0
 15   0  0  0  0  0  1  0  0  0  0  0  0  0  0  0  0  0  0  0  0  0
 16   0  0  0  0  0  0  0  0  0  1  0  0  0  0  0  0  0  0  0  0  0
 17   0  0  0  0  0  0  0  1  0  0  0  0  0  0  0  0  0  0  0  0  0
 18   0  0  0  0  0  0  0  1  0  0  0  0  0  0  0  0  0  0  0  0  0
 19   0  0  0  0  0  0  0  0  0  1  0  0  0  0  0  0  0  0  0  0  0
 20   0  0  0  0  0  0  0  0  0  1  0  0  0  0  0  0  0  0  0  0  0
 21   0  0  0  0  0  0  0  1  0  0  0  0  0  0  0  0  0  0  0  0  0
Model has been successfully processed
