GLPSOL: GLPK LP/MIP Solver, v4.65
Parameter(s) specified in the command line:
 -m salbp1.glpk.mod -d glpk-instances/WEE-MAG_c_36.mod --tmlim 3600 --memlim
 7000 --log glpk-results/WEE-MAG_c_36.log
Reading model section from salbp1.glpk.mod...
salbp1.glpk.mod:48: warning: unexpected end of file; missing end statement inserted
48 lines were read
Reading data section from glpk-instances/WEE-MAG_c_36.mod...
glpk-instances/WEE-MAG_c_36.mod:158: warning: final NL missing before end of file
glpk-instances/WEE-MAG_c_36.mod:158: warning: unexpected end of file; missing end statement inserted
158 lines were read
Generating m...
Generating task_allocation...
Generating station_use...
Generating cycle_time...
Generating precedence...
Model has been successfully generated
GLPK Integer Optimizer, v4.65
208351 rows, 5700 columns, 7925775 non-zeros
5700 integer variables, all of which are binary
Preprocessing...
225 rows, 5700 columns, 16950 non-zeros
5700 integer variables, all of which are binary
Scaling...
 A: min|aij| =  1.000e+00  max|aij| =  7.500e+01  ratio =  7.500e+01
GM: min|aij| =  5.217e-01  max|aij| =  1.917e+00  ratio =  3.674e+00
EQ: min|aij| =  2.722e-01  max|aij| =  1.000e+00  ratio =  3.674e+00
2N: min|aij| =  1.875e-01  max|aij| =  1.000e+00  ratio =  5.333e+00
Constructing initial basis...
Size of triangular part is 225
Solving LP relaxation...
GLPK Simplex Optimizer, v4.65
225 rows, 5700 columns, 16950 non-zeros
      0: obj =   0.000000000e+00 inf =   2.579e+02 (2)
    250: obj =   1.000000000e+00 inf =   1.839e-15 (0)
OPTIMAL LP SOLUTION FOUND
Integer optimization begins...
Long-step dual simplex will be used
+   250: mip =     not found yet >=              -inf        (1; 0)
+  5225: mip =     not found yet >=   1.000000000e+00        (313; 1)
+  6251: mip =     not found yet >=   1.000000000e+00        (628; 1)
+ 11192: mip =     not found yet >=   1.000000000e+00        (1040; 3)
+ 14926: mip =     not found yet >=   1.000000000e+00        (1343; 4)
+ 18721: mip =     not found yet >=   1.000000000e+00        (1707; 5)
+ 24148: mip =     not found yet >=   1.000000000e+00        (2064; 7)
+ 27598: mip =     not found yet >=   1.000000000e+00        (2436; 8)
+ 33306: mip =     not found yet >=   1.000000000e+00        (2853; 10)
+ 38641: mip =     not found yet >=   1.000000000e+00        (3217; 11)
+ 44747: mip =     not found yet >=   1.000000000e+00        (3591; 14)
+ 48995: mip =     not found yet >=   1.000000000e+00        (3913; 15)
Time used: 60.0 secs.  Memory used: 712.8 Mb.
+ 52081: mip =     not found yet >=   1.000000000e+00        (4355; 16)
+ 55959: mip =     not found yet >=   1.000000000e+00        (4660; 17)
+ 58831: mip =     not found yet >=   1.000000000e+00        (5006; 18)
+ 61678: mip =     not found yet >=   1.000000000e+00        (5391; 19)
+ 65271: mip =     not found yet >=   1.000000000e+00        (5747; 20)
+ 71441: mip =     not found yet >=   1.000000000e+00        (6140; 22)
+ 75604: mip =     not found yet >=   1.000000000e+00        (6490; 24)
+ 79804: mip =     not found yet >=   1.000000000e+00        (6849; 25)
+ 86159: mip =     not found yet >=   1.000000000e+00        (7212; 27)
+ 91286: mip =     not found yet >=   1.000000000e+00        (7626; 29)
+ 94241: mip =     not found yet >=   1.000000000e+00        (8017; 30)
+ 94894: mip =     not found yet >=   1.000000000e+00        (8375; 30)
Time used: 120.0 secs.  Memory used: 718.2 Mb.
+ 98642: mip =     not found yet >=   1.000000000e+00        (8691; 31)
+100033: mip =     not found yet >=   1.000000000e+00        (8999; 32)
+100494: mip =     not found yet >=   1.000000000e+00        (9354; 32)
+104142: mip =     not found yet >=   1.000000000e+00        (9732; 33)
+106889: mip =     not found yet >=   1.000000000e+00        (10063; 34)
+112611: mip =     not found yet >=   1.000000000e+00        (10496; 36)
+117832: mip =     not found yet >=   1.000000000e+00        (10870; 38)
+118740: mip =     not found yet >=   1.000000000e+00        (11204; 38)
+127211: mip =     not found yet >=   1.000000000e+00        (11650; 41)
+127731: mip =     not found yet >=   1.000000000e+00        (11950; 42)
+134939: mip =     not found yet >=   1.000000000e+00        (12384; 44)
+142519: mip =     not found yet >=   1.000000000e+00        (12811; 47)
Time used: 180.0 secs.  Memory used: 724.6 Mb.
+149815: mip =     not found yet >=   1.000000000e+00        (13214; 50)
+153881: mip =     not found yet >=   1.000000000e+00        (13606; 52)
+155571: mip =     not found yet >=   1.000000000e+00        (13937; 53)
+155951: mip =     not found yet >=   1.000000000e+00        (14314; 53)
+160982: mip =     not found yet >=   1.000000000e+00        (14685; 55)
+165395: mip =     not found yet >=   1.000000000e+00        (14976; 56)
+168441: >>>>>   6.000000000e+01 >=   1.000000000e+00  98.3% (15210; 57)
+172354: mip =   6.000000000e+01 >=   1.000000000e+00  98.3% (15560; 65)
+176305: mip =   6.000000000e+01 >=   1.000000000e+00  98.3% (15890; 66)
+179163: mip =   6.000000000e+01 >=   1.000000000e+00  98.3% (16276; 67)
+181838: mip =   6.000000000e+01 >=   1.000000000e+00  98.3% (16646; 68)
+185228: mip =   6.000000000e+01 >=   1.000000000e+00  98.3% (16958; 69)
+190468: mip =   6.000000000e+01 >=   1.000000000e+00  98.3% (17296; 71)
Time used: 240.0 secs.  Memory used: 729.7 Mb.
+190857: mip =   6.000000000e+01 >=   1.000000000e+00  98.3% (17583; 71)
+195673: mip =   6.000000000e+01 >=   1.000000000e+00  98.3% (17939; 73)
+196110: mip =   6.000000000e+01 >=   1.000000000e+00  98.3% (18222; 73)
+198347: mip =   6.000000000e+01 >=   1.000000000e+00  98.3% (18572; 74)
+198681: mip =   6.000000000e+01 >=   1.000000000e+00  98.3% (18902; 74)
+201986: mip =   6.000000000e+01 >=   1.000000000e+00  98.3% (19311; 75)
+207466: mip =   6.000000000e+01 >=   1.000000000e+00  98.3% (19761; 77)
+207801: mip =   6.000000000e+01 >=   1.000000000e+00  98.3% (20075; 77)
+208121: mip =   6.000000000e+01 >=   1.000000000e+00  98.3% (20391; 77)
+211004: mip =   6.000000000e+01 >=   1.000000000e+00  98.3% (20736; 78)
+215812: mip =   6.000000000e+01 >=   1.000000000e+00  98.3% (21083; 80)
+216124: mip =   6.000000000e+01 >=   1.000000000e+00  98.3% (21391; 80)
Time used: 300.0 secs.  Memory used: 734.0 Mb.
+219820: mip =   6.000000000e+01 >=   1.000000000e+00  98.3% (21761; 82)
+223017: mip =   6.000000000e+01 >=   1.000000000e+00  98.3% (22119; 83)
+225585: mip =   6.000000000e+01 >=   1.000000000e+00  98.3% (22413; 84)
+226173: mip =   6.000000000e+01 >=   1.000000000e+00  98.3% (22715; 84)
+229451: mip =   6.000000000e+01 >=   1.000000000e+00  98.3% (23035; 85)
+232802: mip =   6.000000000e+01 >=   1.000000000e+00  98.3% (23391; 86)
+236835: mip =   6.000000000e+01 >=   1.000000000e+00  98.3% (23785; 88)
+241056: mip =   6.000000000e+01 >=   1.000000000e+00  98.3% (24171; 89)
+241559: mip =   6.000000000e+01 >=   1.000000000e+00  98.3% (24526; 89)
+246055: mip =   6.000000000e+01 >=   1.000000000e+00  98.3% (24975; 91)
+251148: mip =   6.000000000e+01 >=   1.000000000e+00  98.3% (25379; 93)
+252021: mip =   6.000000000e+01 >=   1.000000000e+00  98.3% (25697; 93)
Time used: 360.1 secs.  Memory used: 738.9 Mb.
+257689: mip =   6.000000000e+01 >=   1.000000000e+00  98.3% (26181; 96)
+262561: mip =   6.000000000e+01 >=   1.000000000e+00  98.3% (26620; 98)
+265345: mip =   6.000000000e+01 >=   1.000000000e+00  98.3% (26939; 99)
+269673: mip =   6.000000000e+01 >=   1.000000000e+00  98.3% (27327; 101)
+271539: mip =   6.000000000e+01 >=   1.000000000e+00  98.3% (27699; 102)
+276162: mip =   6.000000000e+01 >=   1.000000000e+00  98.3% (28056; 104)
+280775: mip =   6.000000000e+01 >=   1.000000000e+00  98.3% (28426; 106)
+284607: mip =   6.000000000e+01 >=   1.000000000e+00  98.3% (28838; 108)
+285293: mip =   6.000000000e+01 >=   1.000000000e+00  98.3% (29146; 108)
+287406: mip =   6.000000000e+01 >=   1.000000000e+00  98.3% (29499; 109)
+287891: mip =   6.000000000e+01 >=   1.000000000e+00  98.3% (29829; 109)
+292903: mip =   6.000000000e+01 >=   1.000000000e+00  98.3% (30218; 111)
Time used: 420.1 secs.  Memory used: 744.6 Mb.
+296200: mip =   6.000000000e+01 >=   1.000000000e+00  98.3% (30605; 112)
+300792: mip =   6.000000000e+01 >=   1.000000000e+00  98.3% (31028; 114)
+302710: mip =   6.000000000e+01 >=   1.000000000e+00  98.3% (31368; 114)
+309345: mip =   6.000000000e+01 >=   1.000000000e+00  98.3% (31772; 117)
+316217: mip =   6.000000000e+01 >=   1.000000000e+00  98.3% (32168; 120)
+322700: mip =   6.000000000e+01 >=   1.000000000e+00  98.3% (32577; 123)
+328370: mip =   6.000000000e+01 >=   1.000000000e+00  98.3% (33061; 125)
+332704: mip =   6.000000000e+01 >=   1.000000000e+00  98.3% (33443; 127)
+335978: mip =   6.000000000e+01 >=   1.000000000e+00  98.3% (33777; 128)
+338811: mip =   6.000000000e+01 >=   1.000000000e+00  98.3% (34143; 129)
+340241: mip =   6.000000000e+01 >=   1.000000000e+00  98.3% (34460; 129)
+343883: mip =   6.000000000e+01 >=   1.000000000e+00  98.3% (34883; 131)
Time used: 480.1 secs.  Memory used: 751.2 Mb.
+347263: mip =   6.000000000e+01 >=   1.000000000e+00  98.3% (35181; 132)
+350164: mip =   6.000000000e+01 >=   1.000000000e+00  98.3% (35531; 133)
+354940: mip =   6.000000000e+01 >=   1.000000000e+00  98.3% (35883; 135)
+357823: mip =   6.000000000e+01 >=   1.000000000e+00  98.3% (36195; 136)
+360736: mip =   6.000000000e+01 >=   1.000000000e+00  98.3% (36576; 137)
+361395: mip =   6.000000000e+01 >=   1.000000000e+00  98.3% (36909; 137)
+365282: mip =   6.000000000e+01 >=   1.000000000e+00  98.3% (37271; 138)
+369528: mip =   6.000000000e+01 >=   1.000000000e+00  98.3% (37600; 139)
+373034: mip =   6.000000000e+01 >=   1.000000000e+00  98.3% (37930; 141)
+376650: mip =   6.000000000e+01 >=   1.000000000e+00  98.3% (38301; 143)
+377011: mip =   6.000000000e+01 >=   1.000000000e+00  98.3% (38632; 143)
+379612: mip =   6.000000000e+01 >=   1.000000000e+00  98.3% (38975; 144)
Time used: 540.1 secs.  Memory used: 755.6 Mb.
+382497: mip =   6.000000000e+01 >=   1.000000000e+00  98.3% (39312; 145)
+382859: mip =   6.000000000e+01 >=   1.000000000e+00  98.3% (39644; 145)
+386246: mip =   6.000000000e+01 >=   1.000000000e+00  98.3% (39983; 146)
+391053: mip =   6.000000000e+01 >=   1.000000000e+00  98.3% (40307; 148)
+391420: mip =   6.000000000e+01 >=   1.000000000e+00  98.3% (40648; 148)
+393501: mip =   6.000000000e+01 >=   1.000000000e+00  98.3% (41036; 149)
+396017: mip =   6.000000000e+01 >=   1.000000000e+00  98.3% (41440; 150)
+398400: mip =   6.000000000e+01 >=   1.000000000e+00  98.3% (41789; 152)
+398881: mip =   6.000000000e+01 >=   1.000000000e+00  98.3% (42111; 152)
+404659: mip =   6.000000000e+01 >=   1.000000000e+00  98.3% (42537; 154)
+410970: mip =   6.000000000e+01 >=   1.000000000e+00  98.3% (42946; 156)
+414757: mip =   6.000000000e+01 >=   1.000000000e+00  98.3% (43334; 158)
Time used: 600.1 secs.  Memory used: 761.7 Mb.
+417855: mip =   6.000000000e+01 >=   1.000000000e+00  98.3% (43757; 160)
+419912: mip =   6.000000000e+01 >=   1.000000000e+00  98.3% (44112; 161)
+425066: mip =   6.000000000e+01 >=   1.000000000e+00  98.3% (44443; 163)
+431460: mip =   6.000000000e+01 >=   1.000000000e+00  98.3% (44841; 165)
+437984: mip =   6.000000000e+01 >=   1.000000000e+00  98.3% (45216; 167)
+441036: mip =   6.000000000e+01 >=   1.000000000e+00  98.3% (45636; 169)
+443767: mip =   6.000000000e+01 >=   1.000000000e+00  98.3% (45973; 170)
+446226: mip =   6.000000000e+01 >=   1.000000000e+00  98.3% (46403; 171)
+449842: mip =   6.000000000e+01 >=   1.000000000e+00  98.3% (46798; 172)
+454000: mip =   6.000000000e+01 >=   1.000000000e+00  98.3% (47184; 174)
+454889: mip =   6.000000000e+01 >=   1.000000000e+00  98.3% (47504; 174)
+455287: mip =   6.000000000e+01 >=   1.000000000e+00  98.3% (47825; 174)
Time used: 660.1 secs.  Memory used: 767.0 Mb.
+456913: mip =   6.000000000e+01 >=   1.000000000e+00  98.3% (48205; 175)
+462847: mip =   6.000000000e+01 >=   1.000000000e+00  98.3% (48584; 177)
+468260: mip =   6.000000000e+01 >=   1.000000000e+00  98.3% (48898; 179)
+472657: mip =   6.000000000e+01 >=   1.000000000e+00  98.3% (49258; 181)
+478437: mip =   6.000000000e+01 >=   1.000000000e+00  98.3% (49638; 183)
+481144: mip =   6.000000000e+01 >=   1.000000000e+00  98.3% (50045; 184)
+483165: mip =   6.000000000e+01 >=   1.000000000e+00  98.3% (50404; 185)
+483639: mip =   6.000000000e+01 >=   1.000000000e+00  98.3% (50715; 185)
+488407: mip =   6.000000000e+01 >=   1.000000000e+00  98.3% (51063; 187)
+495927: mip =   6.000000000e+01 >=   1.000000000e+00  98.3% (51441; 190)
+504000: mip =   6.000000000e+01 >=   1.000000000e+00  98.3% (51876; 193)
+509373: mip =   6.000000000e+01 >=   1.000000000e+00  98.3% (52342; 195)
Time used: 720.1 secs.  Memory used: 773.8 Mb.
+514013: mip =   6.000000000e+01 >=   1.000000000e+00  98.3% (52772; 198)
+514873: mip =   6.000000000e+01 >=   1.000000000e+00  98.3% (53111; 199)
+519968: mip =   6.000000000e+01 >=   1.000000000e+00  98.3% (53476; 200)
+526670: mip =   6.000000000e+01 >=   1.000000000e+00  98.3% (53914; 203)
+531798: mip =   6.000000000e+01 >=   1.000000000e+00  98.3% (54275; 205)
+534216: mip =   6.000000000e+01 >=   1.000000000e+00  98.3% (54662; 206)
+536216: mip =   6.000000000e+01 >=   1.000000000e+00  98.3% (55103; 207)
+539100: mip =   6.000000000e+01 >=   1.000000000e+00  98.3% (55500; 209)
+544321: mip =   6.000000000e+01 >=   1.000000000e+00  98.3% (55964; 211)
+544915: mip =   6.000000000e+01 >=   1.000000000e+00  98.3% (56328; 211)
+545451: mip =   6.000000000e+01 >=   1.000000000e+00  98.3% (56694; 211)
+549268: mip =   6.000000000e+01 >=   1.000000000e+00  98.3% (57081; 212)
Time used: 780.1 secs.  Memory used: 779.2 Mb.
+557477: mip =   6.000000000e+01 >=   1.000000000e+00  98.3% (57526; 215)
+560730: mip =   6.000000000e+01 >=   1.000000000e+00  98.3% (57886; 217)
+561864: mip =   6.000000000e+01 >=   1.000000000e+00  98.3% (58241; 218)
+567608: mip =   6.000000000e+01 >=   1.000000000e+00  98.3% (58620; 220)
+573448: mip =   6.000000000e+01 >=   1.000000000e+00  98.3% (59117; 223)
+577939: mip =   6.000000000e+01 >=   1.000000000e+00  98.3% (59644; 225)
+584252: mip =   6.000000000e+01 >=   1.000000000e+00  98.3% (60024; 228)
+586758: mip =   6.000000000e+01 >=   1.000000000e+00  98.3% (60476; 229)
+590581: mip =   6.000000000e+01 >=   1.000000000e+00  98.3% (60887; 231)
+594613: mip =   6.000000000e+01 >=   1.000000000e+00  98.3% (61386; 233)
+597117: mip =   6.000000000e+01 >=   1.000000000e+00  98.3% (61781; 234)
+599180: mip =   6.000000000e+01 >=   1.000000000e+00  98.3% (62183; 235)
Time used: 840.1 secs.  Memory used: 786.3 Mb.
+603296: mip =   6.000000000e+01 >=   1.000000000e+00  98.3% (62599; 237)
+606221: mip =   6.000000000e+01 >=   1.000000000e+00  98.3% (63024; 239)
+612177: mip =   6.000000000e+01 >=   1.000000000e+00  98.3% (63445; 241)
+614991: mip =   6.000000000e+01 >=   1.000000000e+00  98.3% (63938; 242)
+619223: mip =   6.000000000e+01 >=   1.000000000e+00  98.3% (64310; 244)
+623523: mip =   6.000000000e+01 >=   1.000000000e+00  98.3% (64769; 246)
+626637: mip =   6.000000000e+01 >=   1.000000000e+00  98.3% (65196; 247)
+630465: mip =   6.000000000e+01 >=   1.000000000e+00  98.3% (65765; 249)
+635975: mip =   6.000000000e+01 >=   1.000000000e+00  98.3% (66169; 252)
+643119: mip =   6.000000000e+01 >=   1.000000000e+00  98.3% (66540; 255)
+644663: mip =   6.000000000e+01 >=   1.000000000e+00  98.3% (66876; 256)
+650595: mip =   6.000000000e+01 >=   1.000000000e+00  98.3% (67393; 259)
Time used: 900.1 secs.  Memory used: 793.2 Mb.
+656409: mip =   6.000000000e+01 >=   1.000000000e+00  98.3% (67849; 262)
+661140: mip =   6.000000000e+01 >=   1.000000000e+00  98.3% (68331; 264)
+664880: mip =   6.000000000e+01 >=   1.000000000e+00  98.3% (68761; 266)
+670421: mip =   6.000000000e+01 >=   1.000000000e+00  98.3% (69194; 268)
+675465: mip =   6.000000000e+01 >=   1.000000000e+00  98.3% (69738; 271)
+680633: mip =   6.000000000e+01 >=   1.000000000e+00  98.3% (70246; 274)
+685637: mip =   6.000000000e+01 >=   1.000000000e+00  98.3% (70694; 276)
+690211: mip =   6.000000000e+01 >=   1.000000000e+00  98.3% (71153; 278)
+696287: mip =   6.000000000e+01 >=   1.000000000e+00  98.3% (71577; 280)
+698561: mip =   6.000000000e+01 >=   1.000000000e+00  98.3% (71961; 281)
+703007: mip =   6.000000000e+01 >=   1.000000000e+00  98.3% (72417; 283)
+708491: mip =   6.000000000e+01 >=   1.000000000e+00  98.3% (72871; 285)
Time used: 960.1 secs.  Memory used: 801.4 Mb.
+714679: mip =   6.000000000e+01 >=   1.000000000e+00  98.3% (73299; 287)
+721264: mip =   6.000000000e+01 >=   1.000000000e+00  98.3% (73803; 291)
+726915: mip =   6.000000000e+01 >=   1.000000000e+00  98.3% (74163; 293)
+731041: mip =   6.000000000e+01 >=   1.000000000e+00  98.3% (74688; 295)
+736095: mip =   6.000000000e+01 >=   1.000000000e+00  98.3% (75199; 298)
+742784: mip =   6.000000000e+01 >=   1.000000000e+00  98.3% (75647; 301)
+747949: mip =   6.000000000e+01 >=   1.000000000e+00  98.3% (76031; 303)
+755142: mip =   6.000000000e+01 >=   1.000000000e+00  98.3% (76478; 307)
+758708: mip =   6.000000000e+01 >=   1.000000000e+00  98.3% (76956; 309)
+764719: mip =   6.000000000e+01 >=   1.000000000e+00  98.3% (77322; 312)
+767602: mip =   6.000000000e+01 >=   1.000000000e+00  98.3% (77702; 313)
+773917: mip =   6.000000000e+01 >=   1.000000000e+00  98.3% (78151; 316)
Time used: 1020.1 secs.  Memory used: 810.3 Mb.
+778079: mip =   6.000000000e+01 >=   1.000000000e+00  98.3% (78609; 318)
+783044: mip =   6.000000000e+01 >=   1.000000000e+00  98.3% (79088; 320)
+787100: mip =   6.000000000e+01 >=   1.000000000e+00  98.3% (79548; 322)
+790634: mip =   6.000000000e+01 >=   1.000000000e+00  98.3% (79980; 323)
+796594: mip =   6.000000000e+01 >=   1.000000000e+00  98.3% (80451; 326)
+802055: mip =   6.000000000e+01 >=   1.000000000e+00  98.3% (80868; 328)
+805753: mip =   6.000000000e+01 >=   1.000000000e+00  98.3% (81301; 330)
+809508: mip =   6.000000000e+01 >=   1.000000000e+00  98.3% (81709; 332)
+815887: mip =   6.000000000e+01 >=   1.000000000e+00  98.3% (82146; 334)
+816780: mip =   6.000000000e+01 >=   1.000000000e+00  98.3% (82452; 334)
+822268: mip =   6.000000000e+01 >=   1.000000000e+00  98.3% (82862; 336)
+826982: mip =   6.000000000e+01 >=   1.000000000e+00  98.3% (83451; 339)
Time used: 1080.1 secs.  Memory used: 820.2 Mb.
+832490: mip =   6.000000000e+01 >=   1.000000000e+00  98.3% (83960; 342)
+839452: mip =   6.000000000e+01 >=   1.000000000e+00  98.3% (84395; 345)
+844008: mip =   6.000000000e+01 >=   1.000000000e+00  98.3% (84859; 347)
+848381: mip =   6.000000000e+01 >=   1.000000000e+00  98.3% (85394; 348)
+854466: mip =   6.000000000e+01 >=   1.000000000e+00  98.3% (85862; 351)
+854919: mip =   6.000000000e+01 >=   1.000000000e+00  98.3% (86204; 351)
+858205: mip =   6.000000000e+01 >=   1.000000000e+00  98.3% (86573; 353)
+858879: mip =   6.000000000e+01 >=   1.000000000e+00  98.3% (86945; 354)
+862280: mip =   6.000000000e+01 >=   1.000000000e+00  98.3% (87316; 356)
+866357: mip =   6.000000000e+01 >=   1.000000000e+00  98.3% (87730; 358)
+871231: mip =   6.000000000e+01 >=   1.000000000e+00  98.3% (88210; 360)
+873090: mip =   6.000000000e+01 >=   1.000000000e+00  98.3% (88566; 361)
Time used: 1140.1 secs.  Memory used: 826.6 Mb.
+877210: mip =   6.000000000e+01 >=   1.000000000e+00  98.3% (88982; 363)
+879462: mip =   6.000000000e+01 >=   1.000000000e+00  98.3% (89361; 364)
+884058: mip =   6.000000000e+01 >=   1.000000000e+00  98.3% (89875; 366)
+886093: mip =   6.000000000e+01 >=   1.000000000e+00  98.3% (90252; 367)
+888486: mip =   6.000000000e+01 >=   1.000000000e+00  98.3% (90597; 368)
+888857: mip =   6.000000000e+01 >=   1.000000000e+00  98.3% (90963; 368)
+890551: mip =   6.000000000e+01 >=   1.000000000e+00  98.3% (91394; 369)
+892584: mip =   6.000000000e+01 >=   1.000000000e+00  98.3% (91817; 370)
+896053: mip =   6.000000000e+01 >=   1.000000000e+00  98.3% (92294; 372)
+898698: mip =   6.000000000e+01 >=   1.000000000e+00  98.3% (92629; 372)
+905467: mip =   6.000000000e+01 >=   1.000000000e+00  98.3% (92962; 375)
Time used: 1200.1 secs.  Memory used: 831.8 Mb.
+910317: mip =   6.000000000e+01 >=   1.000000000e+00  98.3% (93389; 377)
+915105: mip =   6.000000000e+01 >=   1.000000000e+00  98.3% (93823; 379)
+920420: mip =   6.000000000e+01 >=   1.000000000e+00  98.3% (94159; 381)
+920962: mip =   6.000000000e+01 >=   1.000000000e+00  98.3% (94487; 381)
+925282: mip =   6.000000000e+01 >=   1.000000000e+00  98.3% (94797; 383)
+926121: mip =   6.000000000e+01 >=   1.000000000e+00  98.3% (95167; 383)
+931541: mip =   6.000000000e+01 >=   1.000000000e+00  98.3% (95595; 385)
+937579: mip =   6.000000000e+01 >=   1.000000000e+00  98.3% (96076; 388)
+938105: mip =   6.000000000e+01 >=   1.000000000e+00  98.3% (96500; 388)
+941856: mip =   6.000000000e+01 >=   1.000000000e+00  98.3% (96943; 390)
+945511: mip =   6.000000000e+01 >=   1.000000000e+00  98.3% (97387; 392)
+946163: mip =   6.000000000e+01 >=   1.000000000e+00  98.3% (97748; 392)
Time used: 1260.1 secs.  Memory used: 836.8 Mb.
+948516: mip =   6.000000000e+01 >=   1.000000000e+00  98.3% (98156; 393)
+951236: mip =   6.000000000e+01 >=   1.000000000e+00  98.3% (98667; 394)
+953819: mip =   6.000000000e+01 >=   1.000000000e+00  98.3% (99032; 395)
+956010: mip =   6.000000000e+01 >=   1.000000000e+00  98.3% (99445; 396)
+957858: mip =   6.000000000e+01 >=   1.000000000e+00  98.3% (99861; 397)
+962447: mip =   6.000000000e+01 >=   1.000000000e+00  98.3% (100337; 399)
+967392: mip =   6.000000000e+01 >=   1.000000000e+00  98.3% (100750; 400)
+971905: mip =   6.000000000e+01 >=   1.000000000e+00  98.3% (101176; 402)
+977124: mip =   6.000000000e+01 >=   1.000000000e+00  98.3% (101602; 404)
+978629: mip =   6.000000000e+01 >=   1.000000000e+00  98.3% (102060; 405)
+979851: mip =   6.000000000e+01 >=   1.000000000e+00  98.3% (102438; 405)
+985791: mip =   6.000000000e+01 >=   1.000000000e+00  98.3% (102831; 407)
Time used: 1320.1 secs.  Memory used: 842.3 Mb.
+991148: mip =   6.000000000e+01 >=   1.000000000e+00  98.3% (103305; 409)
+991538: mip =   6.000000000e+01 >=   1.000000000e+00  98.3% (103631; 409)
+995703: mip =   6.000000000e+01 >=   1.000000000e+00  98.3% (104066; 411)
+1001990: mip =   6.000000000e+01 >=   1.000000000e+00  98.3% (104511; 414)
+1002545: mip =   6.000000000e+01 >=   1.000000000e+00  98.3% (104935; 414)
+1006323: mip =   6.000000000e+01 >=   1.000000000e+00  98.3% (105342; 416)
+1011218: mip =   6.000000000e+01 >=   1.000000000e+00  98.3% (105761; 418)
+1012530: mip =   6.000000000e+01 >=   1.000000000e+00  98.3% (106084; 419)
+1014682: mip =   6.000000000e+01 >=   1.000000000e+00  98.3% (106500; 420)
+1017742: mip =   6.000000000e+01 >=   1.000000000e+00  98.3% (106930; 421)
+1018215: mip =   6.000000000e+01 >=   1.000000000e+00  98.3% (107355; 421)
+1023858: mip =   6.000000000e+01 >=   1.000000000e+00  98.3% (107791; 423)
Time used: 1380.2 secs.  Memory used: 847.0 Mb.
+1024312: mip =   6.000000000e+01 >=   1.000000000e+00  98.3% (108217; 423)
+1027921: mip =   6.000000000e+01 >=   1.000000000e+00  98.3% (108635; 425)
+1032175: mip =   6.000000000e+01 >=   1.000000000e+00  98.3% (108983; 427)
+1035458: mip =   6.000000000e+01 >=   1.000000000e+00  98.3% (109441; 428)
+1041514: mip =   6.000000000e+01 >=   1.000000000e+00  98.3% (109923; 431)
+1042060: mip =   6.000000000e+01 >=   1.000000000e+00  98.3% (110340; 431)
+1045661: mip =   6.000000000e+01 >=   1.000000000e+00  98.3% (110731; 433)
+1049398: mip =   6.000000000e+01 >=   1.000000000e+00  98.3% (111156; 435)
+1051542: mip =   6.000000000e+01 >=   1.000000000e+00  98.3% (111566; 436)
+1051985: mip =   6.000000000e+01 >=   1.000000000e+00  98.3% (111961; 436)
+1054204: mip =   6.000000000e+01 >=   1.000000000e+00  98.3% (112309; 437)
+1056539: mip =   6.000000000e+01 >=   1.000000000e+00  98.3% (112765; 438)
Time used: 1440.2 secs.  Memory used: 851.9 Mb.
+1058770: mip =   6.000000000e+01 >=   1.000000000e+00  98.3% (113148; 438)
+1062007: mip =   6.000000000e+01 >=   1.000000000e+00  98.3% (113598; 440)
+1064483: mip =   6.000000000e+01 >=   1.000000000e+00  98.3% (114105; 442)
+1066721: mip =   6.000000000e+01 >=   1.000000000e+00  98.3% (114534; 443)
+1068222: mip =   6.000000000e+01 >=   1.000000000e+00  98.3% (114999; 444)
+1071697: mip =   6.000000000e+01 >=   1.000000000e+00  98.3% (115443; 445)
+1073540: mip =   6.000000000e+01 >=   1.000000000e+00  98.3% (115856; 446)
+1075735: mip =   6.000000000e+01 >=   1.000000000e+00  98.3% (116285; 447)
+1078925: mip =   6.000000000e+01 >=   1.000000000e+00  98.3% (116692; 448)
+1079925: mip =   6.000000000e+01 >=   1.000000000e+00  98.3% (117093; 449)
+1081749: mip =   6.000000000e+01 >=   1.000000000e+00  98.3% (117505; 450)
+1082380: mip =   6.000000000e+01 >=   1.000000000e+00  98.3% (117907; 450)
Time used: 1500.2 secs.  Memory used: 856.2 Mb.
+1083692: mip =   6.000000000e+01 >=   1.000000000e+00  98.3% (118273; 450)
+1084827: mip =   6.000000000e+01 >=   1.000000000e+00  98.3% (118757; 451)
+1087208: mip =   6.000000000e+01 >=   1.000000000e+00  98.3% (119226; 452)
+1090753: mip =   6.000000000e+01 >=   1.000000000e+00  98.3% (119671; 454)
+1091445: mip =   6.000000000e+01 >=   1.000000000e+00  98.3% (120056; 455)
+1091869: mip =   6.000000000e+01 >=   1.000000000e+00  98.3% (120476; 455)
+1095222: mip =   6.000000000e+01 >=   1.000000000e+00  98.3% (120871; 456)
+1099482: mip =   6.000000000e+01 >=   1.000000000e+00  98.3% (121311; 458)
+1102052: mip =   6.000000000e+01 >=   1.000000000e+00  98.3% (121715; 459)
+1106310: mip =   6.000000000e+01 >=   1.000000000e+00  98.3% (122219; 461)
+1107241: mip =   6.000000000e+01 >=   1.000000000e+00  98.3% (122618; 461)
+1110580: mip =   6.000000000e+01 >=   1.000000000e+00  98.3% (123067; 463)
Time used: 1560.2 secs.  Memory used: 860.7 Mb.
+1111510: mip =   6.000000000e+01 >=   1.000000000e+00  98.3% (123458; 463)
+1118200: mip =   6.000000000e+01 >=   1.000000000e+00  98.3% (123822; 466)
+1123777: mip =   6.000000000e+01 >=   1.000000000e+00  98.3% (124358; 469)
+1124379: mip =   6.000000000e+01 >=   1.000000000e+00  98.3% (124722; 469)
+1127152: mip =   6.000000000e+01 >=   1.000000000e+00  98.3% (125205; 470)
+1131583: mip =   6.000000000e+01 >=   1.000000000e+00  98.3% (125665; 473)
+1133383: mip =   6.000000000e+01 >=   1.000000000e+00  98.3% (126088; 473)
+1134103: mip =   6.000000000e+01 >=   1.000000000e+00  98.3% (126487; 474)
+1135943: mip =   6.000000000e+01 >=   1.000000000e+00  98.3% (126899; 475)
+1138487: mip =   6.000000000e+01 >=   1.000000000e+00  98.3% (127293; 476)
+1139746: mip =   6.000000000e+01 >=   1.000000000e+00  98.3% (127654; 476)
+1140847: mip =   6.000000000e+01 >=   1.000000000e+00  98.3% (128140; 477)
Time used: 1620.2 secs.  Memory used: 865.6 Mb.
+1141524: mip =   6.000000000e+01 >=   1.000000000e+00  98.3% (128551; 479)
+1142243: mip =   6.000000000e+01 >=   1.000000000e+00  98.3% (128965; 480)
+1143777: mip =   6.000000000e+01 >=   1.000000000e+00  98.3% (129387; 481)
+1145835: mip =   6.000000000e+01 >=   1.000000000e+00  98.3% (129846; 483)
+1148632: mip =   6.000000000e+01 >=   1.000000000e+00  98.3% (130294; 484)
+1150369: mip =   6.000000000e+01 >=   1.000000000e+00  98.3% (130666; 484)
+1153917: mip =   6.000000000e+01 >=   1.000000000e+00  98.3% (131127; 486)
+1159428: mip =   6.000000000e+01 >=   1.000000000e+00  98.3% (131663; 489)
+1162868: mip =   6.000000000e+01 >=   1.000000000e+00  98.3% (132142; 491)
+1165317: mip =   6.000000000e+01 >=   1.000000000e+00  98.3% (132651; 492)
+1167759: mip =   6.000000000e+01 >=   1.000000000e+00  98.3% (133159; 493)
+1170482: mip =   6.000000000e+01 >=   1.000000000e+00  98.3% (133675; 494)
Time used: 1680.2 secs.  Memory used: 870.8 Mb.
+1173583: mip =   6.000000000e+01 >=   1.000000000e+00  98.3% (134186; 496)
+1176721: mip =   6.000000000e+01 >=   1.000000000e+00  98.3% (134698; 498)
+1179904: mip =   6.000000000e+01 >=   1.000000000e+00  98.3% (135210; 500)
+1183057: mip =   6.000000000e+01 >=   1.000000000e+00  98.3% (135723; 502)
+1186181: mip =   6.000000000e+01 >=   1.000000000e+00  98.3% (136236; 504)
+1189269: mip =   6.000000000e+01 >=   1.000000000e+00  98.3% (136751; 506)
+1193054: mip =   6.000000000e+01 >=   1.000000000e+00  98.3% (137263; 508)
+1195546: mip =   6.000000000e+01 >=   1.000000000e+00  98.3% (137692; 509)
+1196268: mip =   6.000000000e+01 >=   1.000000000e+00  98.3% (138128; 510)
+1198197: mip =   6.000000000e+01 >=   1.000000000e+00  98.3% (138590; 511)
+1198583: mip =   6.000000000e+01 >=   1.000000000e+00  98.3% (138973; 511)
+1200733: mip =   6.000000000e+01 >=   1.000000000e+00  98.3% (139380; 512)
Time used: 1740.2 secs.  Memory used: 876.2 Mb.
+1201139: mip =   6.000000000e+01 >=   1.000000000e+00  98.3% (139769; 512)
+1201610: mip =   6.000000000e+01 >=   1.000000000e+00  98.3% (140142; 512)
+1203690: mip =   6.000000000e+01 >=   1.000000000e+00  98.3% (140570; 513)
+1204082: mip =   6.000000000e+01 >=   1.000000000e+00  98.3% (140958; 513)
+1206201: mip =   6.000000000e+01 >=   1.000000000e+00  98.3% (141339; 514)
+1206586: mip =   6.000000000e+01 >=   1.000000000e+00  98.3% (141721; 514)
+1208284: mip =   6.000000000e+01 >=   1.000000000e+00  98.3% (142146; 515)
+1208679: mip =   6.000000000e+01 >=   1.000000000e+00  98.3% (142526; 515)
+1209237: mip =   6.000000000e+01 >=   1.000000000e+00  98.3% (142892; 515)
+1210791: mip =   6.000000000e+01 >=   1.000000000e+00  98.3% (143332; 516)
+1213687: mip =   6.000000000e+01 >=   1.000000000e+00  98.3% (143730; 517)
+1218286: mip =   6.000000000e+01 >=   1.000000000e+00  98.3% (144171; 519)
Time used: 1800.2 secs.  Memory used: 879.8 Mb.
+1221071: mip =   6.000000000e+01 >=   1.000000000e+00  98.3% (144605; 521)
+1222634: mip =   6.000000000e+01 >=   1.000000000e+00  98.3% (145047; 521)
+1223384: mip =   6.000000000e+01 >=   1.000000000e+00  98.3% (145454; 522)
+1225191: mip =   6.000000000e+01 >=   1.000000000e+00  98.3% (145893; 523)
+1225924: mip =   6.000000000e+01 >=   1.000000000e+00  98.3% (146327; 523)
+1227475: mip =   6.000000000e+01 >=   1.000000000e+00  98.3% (146744; 524)
+1229211: mip =   6.000000000e+01 >=   1.000000000e+00  98.3% (147184; 525)
+1229861: mip =   6.000000000e+01 >=   1.000000000e+00  98.3% (147598; 525)
+1231446: mip =   6.000000000e+01 >=   1.000000000e+00  98.3% (148012; 526)
+1233281: mip =   6.000000000e+01 >=   1.000000000e+00  98.3% (148450; 527)
+1235487: mip =   6.000000000e+01 >=   1.000000000e+00  98.3% (148873; 528)
+1237092: mip =   6.000000000e+01 >=   1.000000000e+00  98.3% (149306; 529)
Time used: 1860.2 secs.  Memory used: 883.2 Mb.
+1239429: mip =   6.000000000e+01 >=   1.000000000e+00  98.3% (149828; 530)
+1241445: mip =   6.000000000e+01 >=   1.000000000e+00  98.3% (150257; 531)
+1242301: mip =   6.000000000e+01 >=   1.000000000e+00  98.3% (150674; 531)
+1245418: mip =   6.000000000e+01 >=   1.000000000e+00  98.3% (151177; 533)
+1246160: mip =   6.000000000e+01 >=   1.000000000e+00  98.3% (151643; 533)
+1248133: mip =   6.000000000e+01 >=   1.000000000e+00  98.3% (152039; 534)
+1251609: mip =   6.000000000e+01 >=   1.000000000e+00  98.3% (152497; 536)
+1255272: mip =   6.000000000e+01 >=   1.000000000e+00  98.3% (152926; 538)
+1255998: mip =   6.000000000e+01 >=   1.000000000e+00  98.3% (153347; 538)
+1258793: mip =   6.000000000e+01 >=   1.000000000e+00  98.3% (153792; 540)
+1259234: mip =   6.000000000e+01 >=   1.000000000e+00  98.3% (154224; 540)
+1262734: mip =   6.000000000e+01 >=   1.000000000e+00  98.3% (154672; 542)
Time used: 1920.2 secs.  Memory used: 888.0 Mb.
+1266561: mip =   6.000000000e+01 >=   1.000000000e+00  98.3% (155201; 545)
+1269016: mip =   6.000000000e+01 >=   1.000000000e+00  98.3% (155660; 546)
+1272135: mip =   6.000000000e+01 >=   1.000000000e+00  98.3% (156084; 547)
+1272617: mip =   6.000000000e+01 >=   1.000000000e+00  98.3% (156502; 547)
+1276277: mip =   6.000000000e+01 >=   1.000000000e+00  98.3% (156998; 549)
+1276702: mip =   6.000000000e+01 >=   1.000000000e+00  98.3% (157419; 549)
+1280599: mip =   6.000000000e+01 >=   1.000000000e+00  98.3% (157861; 550)
+1284991: mip =   6.000000000e+01 >=   1.000000000e+00  98.3% (158259; 553)
+1286550: mip =   6.000000000e+01 >=   1.000000000e+00  98.3% (158678; 554)
+1287091: mip =   6.000000000e+01 >=   1.000000000e+00  98.3% (159081; 554)
+1287496: mip =   6.000000000e+01 >=   1.000000000e+00  98.3% (159480; 554)
+1290958: mip =   6.000000000e+01 >=   1.000000000e+00  98.3% (159803; 556)
Time used: 1980.2 secs.  Memory used: 892.5 Mb.
+1293856: mip =   6.000000000e+01 >=   1.000000000e+00  98.3% (160282; 558)
+1298680: mip =   6.000000000e+01 >=   1.000000000e+00  98.3% (160715; 560)
+1299018: mip =   6.000000000e+01 >=   1.000000000e+00  98.3% (161050; 560)
+1300983: mip =   6.000000000e+01 >=   1.000000000e+00  98.3% (161480; 561)
+1301422: mip =   6.000000000e+01 >=   1.000000000e+00  98.3% (161916; 561)
+1303825: mip =   6.000000000e+01 >=   1.000000000e+00  98.3% (162362; 562)
+1308360: mip =   6.000000000e+01 >=   1.000000000e+00  98.3% (162826; 564)
+1309817: mip =   6.000000000e+01 >=   1.000000000e+00  98.3% (163278; 565)
+1311872: mip =   6.000000000e+01 >=   1.000000000e+00  98.3% (163718; 566)
+1314958: mip =   6.000000000e+01 >=   1.000000000e+00  98.3% (164194; 568)
+1315466: mip =   6.000000000e+01 >=   1.000000000e+00  98.3% (164611; 568)
+1319434: mip =   6.000000000e+01 >=   1.000000000e+00  98.3% (165092; 570)
Time used: 2040.3 secs.  Memory used: 902.5 Mb.
+1324468: mip =   6.000000000e+01 >=   1.000000000e+00  98.3% (165514; 572)
+1330315: mip =   6.000000000e+01 >=   1.000000000e+00  98.3% (165851; 575)
+1334855: mip =   6.000000000e+01 >=   1.000000000e+00  98.3% (166219; 577)
+1340863: mip =   6.000000000e+01 >=   1.000000000e+00  98.3% (166553; 579)
+1345679: mip =   6.000000000e+01 >=   1.000000000e+00  98.3% (166914; 582)
+1350885: mip =   6.000000000e+01 >=   1.000000000e+00  98.3% (167269; 584)
+1356580: mip =   6.000000000e+01 >=   1.000000000e+00  98.3% (167610; 587)
+1361123: mip =   6.000000000e+01 >=   1.000000000e+00  98.3% (167978; 589)
+1367277: mip =   6.000000000e+01 >=   1.000000000e+00  98.3% (168309; 592)
+1373592: mip =   6.000000000e+01 >=   1.000000000e+00  98.3% (168737; 595)
+1377372: mip =   6.000000000e+01 >=   1.000000000e+00  98.3% (169071; 596)
+1380289: mip =   6.000000000e+01 >=   1.000000000e+00  98.3% (169450; 597)
Time used: 2100.3 secs.  Memory used: 908.3 Mb.
+1380721: mip =   6.000000000e+01 >=   1.000000000e+00  98.3% (169881; 597)
+1381718: mip =   6.000000000e+01 >=   1.000000000e+00  98.3% (170330; 598)
+1384417: mip =   6.000000000e+01 >=   1.000000000e+00  98.3% (170754; 599)
+1387796: mip =   6.000000000e+01 >=   1.000000000e+00  98.3% (171165; 601)
+1391698: mip =   6.000000000e+01 >=   1.000000000e+00  98.3% (171541; 602)
+1396050: mip =   6.000000000e+01 >=   1.000000000e+00  98.3% (171992; 604)
+1399425: mip =   6.000000000e+01 >=   1.000000000e+00  98.3% (172435; 606)
+1402902: mip =   6.000000000e+01 >=   1.000000000e+00  98.3% (172980; 608)
+1403330: mip =   6.000000000e+01 >=   1.000000000e+00  98.3% (173363; 608)
+1403715: mip =   6.000000000e+01 >=   1.000000000e+00  98.3% (173745; 608)
+1406291: mip =   6.000000000e+01 >=   1.000000000e+00  98.3% (174111; 609)
+1406676: mip =   6.000000000e+01 >=   1.000000000e+00  98.3% (174495; 609)
Time used: 2160.3 secs.  Memory used: 912.8 Mb.
+1408704: mip =   6.000000000e+01 >=   1.000000000e+00  98.3% (174911; 610)
+1413064: mip =   6.000000000e+01 >=   1.000000000e+00  98.3% (175339; 613)
+1413915: mip =   6.000000000e+01 >=   1.000000000e+00  98.3% (175745; 613)
+1417628: mip =   6.000000000e+01 >=   1.000000000e+00  98.3% (176189; 615)
+1420241: mip =   6.000000000e+01 >=   1.000000000e+00  98.3% (176666; 617)
+1420728: mip =   6.000000000e+01 >=   1.000000000e+00  98.3% (177081; 617)
+1423839: mip =   6.000000000e+01 >=   1.000000000e+00  98.3% (177505; 618)
+1426324: mip =   6.000000000e+01 >=   1.000000000e+00  98.3% (178068; 620)
+1426864: mip =   6.000000000e+01 >=   1.000000000e+00  98.3% (178462; 620)
+1427349: mip =   6.000000000e+01 >=   1.000000000e+00  98.3% (178849; 620)
+1432768: mip =   6.000000000e+01 >=   1.000000000e+00  98.3% (179202; 622)
+1435147: mip =   6.000000000e+01 >=   1.000000000e+00  98.3% (179665; 623)
Time used: 2220.3 secs.  Memory used: 917.1 Mb.
+1435609: mip =   6.000000000e+01 >=   1.000000000e+00  98.3% (180078; 623)
+1441159: mip =   6.000000000e+01 >=   1.000000000e+00  98.3% (180482; 625)
+1441547: mip =   6.000000000e+01 >=   1.000000000e+00  98.3% (180851; 625)
+1442215: mip =   6.000000000e+01 >=   1.000000000e+00  98.3% (181217; 626)
+1447365: mip =   6.000000000e+01 >=   1.000000000e+00  98.3% (181664; 628)
+1452644: mip =   6.000000000e+01 >=   1.000000000e+00  98.3% (182095; 630)
+1453217: mip =   6.000000000e+01 >=   1.000000000e+00  98.3% (182457; 631)
+1456880: mip =   6.000000000e+01 >=   1.000000000e+00  98.3% (182829; 632)
+1459764: mip =   6.000000000e+01 >=   1.000000000e+00  98.3% (183297; 634)
+1462758: mip =   6.000000000e+01 >=   1.000000000e+00  98.3% (183797; 635)
+1466397: mip =   6.000000000e+01 >=   1.000000000e+00  98.3% (184278; 638)
+1469129: mip =   6.000000000e+01 >=   1.000000000e+00  98.3% (184726; 639)
Time used: 2280.3 secs.  Memory used: 922.1 Mb.
+1473129: mip =   6.000000000e+01 >=   1.000000000e+00  98.3% (185198; 641)
+1475745: mip =   6.000000000e+01 >=   1.000000000e+00  98.3% (185569; 642)
+1477475: mip =   6.000000000e+01 >=   1.000000000e+00  98.3% (186063; 643)
+1478992: mip =   6.000000000e+01 >=   1.000000000e+00  98.3% (186466; 644)
+1483432: mip =   6.000000000e+01 >=   1.000000000e+00  98.3% (186922; 646)
+1487256: mip =   6.000000000e+01 >=   1.000000000e+00  98.3% (187387; 648)
+1489806: mip =   6.000000000e+01 >=   1.000000000e+00  98.3% (187835; 650)
+1490267: mip =   6.000000000e+01 >=   1.000000000e+00  98.3% (188251; 650)
+1490707: mip =   6.000000000e+01 >=   1.000000000e+00  98.3% (188659; 650)
+1492520: mip =   6.000000000e+01 >=   1.000000000e+00  98.3% (189070; 651)
+1492946: mip =   6.000000000e+01 >=   1.000000000e+00  98.3% (189493; 651)
+1495624: mip =   6.000000000e+01 >=   1.000000000e+00  98.3% (189923; 653)
Time used: 2340.3 secs.  Memory used: 926.5 Mb.
+1497408: mip =   6.000000000e+01 >=   1.000000000e+00  98.3% (190355; 655)
+1499937: mip =   6.000000000e+01 >=   1.000000000e+00  98.3% (190771; 656)
+1503770: mip =   6.000000000e+01 >=   1.000000000e+00  98.3% (191203; 658)
+1505819: mip =   6.000000000e+01 >=   1.000000000e+00  98.3% (191611; 659)
+1508374: mip =   6.000000000e+01 >=   1.000000000e+00  98.3% (191989; 660)
+1511284: mip =   6.000000000e+01 >=   1.000000000e+00  98.3% (192390; 661)
+1516062: mip =   6.000000000e+01 >=   1.000000000e+00  98.3% (192842; 663)
+1519460: mip =   6.000000000e+01 >=   1.000000000e+00  98.3% (193285; 664)
+1523324: mip =   6.000000000e+01 >=   1.000000000e+00  98.3% (193762; 666)
+1524623: mip =   6.000000000e+01 >=   1.000000000e+00  98.3% (194190; 667)
+1528061: mip =   6.000000000e+01 >=   1.000000000e+00  98.3% (194741; 670)
+1531211: mip =   6.000000000e+01 >=   1.000000000e+00  98.3% (195273; 672)
Time used: 2400.3 secs.  Memory used: 932.0 Mb.
+1534862: mip =   6.000000000e+01 >=   1.000000000e+00  98.3% (195830; 675)
+1538008: mip =   6.000000000e+01 >=   1.000000000e+00  98.3% (196355; 677)
+1541664: mip =   6.000000000e+01 >=   1.000000000e+00  98.3% (196919; 680)
+1544780: mip =   6.000000000e+01 >=   1.000000000e+00  98.3% (197436; 682)
+1548458: mip =   6.000000000e+01 >=   1.000000000e+00  98.3% (198008; 685)
+1551408: mip =   6.000000000e+01 >=   1.000000000e+00  98.3% (198521; 687)
+1555965: mip =   6.000000000e+01 >=   1.000000000e+00  98.3% (199054; 690)
+1556521: mip =   6.000000000e+01 >=   1.000000000e+00  98.3% (199488; 690)
+1559016: mip =   6.000000000e+01 >=   1.000000000e+00  98.3% (199919; 691)
+1561132: mip =   6.000000000e+01 >=   1.000000000e+00  98.3% (200368; 692)
+1565241: mip =   6.000000000e+01 >=   1.000000000e+00  98.3% (200729; 694)
+1568660: mip =   6.000000000e+01 >=   1.000000000e+00  98.3% (201245; 696)
Time used: 2460.3 secs.  Memory used: 938.8 Mb.
+1572013: mip =   6.000000000e+01 >=   1.000000000e+00  98.3% (201665; 697)
+1576212: mip =   6.000000000e+01 >=   1.000000000e+00  98.3% (202116; 699)
+1580629: mip =   6.000000000e+01 >=   1.000000000e+00  98.3% (202599; 701)
+1584308: mip =   6.000000000e+01 >=   1.000000000e+00  98.3% (203058; 704)
+1584867: mip =   6.000000000e+01 >=   1.000000000e+00  98.3% (203456; 705)
+1587952: mip =   6.000000000e+01 >=   1.000000000e+00  98.3% (203830; 706)
+1589650: mip =   6.000000000e+01 >=   1.000000000e+00  98.3% (204301; 707)
+1591351: mip =   6.000000000e+01 >=   1.000000000e+00  98.3% (204749; 708)
+1593095: mip =   6.000000000e+01 >=   1.000000000e+00  98.3% (205217; 709)
+1596353: mip =   6.000000000e+01 >=   1.000000000e+00  98.3% (205597; 710)
+1600359: mip =   6.000000000e+01 >=   1.000000000e+00  98.3% (206042; 712)
+1603513: mip =   6.000000000e+01 >=   1.000000000e+00  98.3% (206389; 713)
Time used: 2520.3 secs.  Memory used: 943.7 Mb.
+1607763: mip =   6.000000000e+01 >=   1.000000000e+00  98.3% (206839; 715)
+1610701: mip =   6.000000000e+01 >=   1.000000000e+00  98.3% (207416; 717)
+1613132: mip =   6.000000000e+01 >=   1.000000000e+00  98.3% (207881; 718)
+1616737: mip =   6.000000000e+01 >=   1.000000000e+00  98.3% (208349; 720)
+1619693: mip =   6.000000000e+01 >=   1.000000000e+00  98.3% (208837; 721)
+1623264: mip =   6.000000000e+01 >=   1.000000000e+00  98.3% (209277; 723)
+1625343: mip =   6.000000000e+01 >=   1.000000000e+00  98.3% (209688; 724)
+1627838: mip =   6.000000000e+01 >=   1.000000000e+00  98.3% (210041; 725)
+1629877: mip =   6.000000000e+01 >=   1.000000000e+00  98.3% (210445; 726)
+1632119: mip =   6.000000000e+01 >=   1.000000000e+00  98.3% (210862; 727)
+1632721: mip =   6.000000000e+01 >=   1.000000000e+00  98.3% (211284; 727)
Time used: 2580.3 secs.  Memory used: 948.4 Mb.
+1634988: mip =   6.000000000e+01 >=   1.000000000e+00  98.3% (211722; 728)
+1636227: mip =   6.000000000e+01 >=   1.000000000e+00  98.3% (212194; 729)
+1639797: mip =   6.000000000e+01 >=   1.000000000e+00  98.3% (212571; 731)
+1642142: mip =   6.000000000e+01 >=   1.000000000e+00  98.3% (212966; 732)
+1644065: mip =   6.000000000e+01 >=   1.000000000e+00  98.3% (213424; 733)
+1645976: mip =   6.000000000e+01 >=   1.000000000e+00  98.3% (213845; 734)
+1648166: mip =   6.000000000e+01 >=   1.000000000e+00  98.3% (214205; 736)
+1650780: mip =   6.000000000e+01 >=   1.000000000e+00  98.3% (214673; 737)
+1654353: mip =   6.000000000e+01 >=   1.000000000e+00  98.3% (215063; 739)
+1656482: mip =   6.000000000e+01 >=   1.000000000e+00  98.3% (215488; 740)
+1658015: mip =   6.000000000e+01 >=   1.000000000e+00  98.3% (215880; 741)
+1661755: mip =   6.000000000e+01 >=   1.000000000e+00  98.3% (216339; 743)
Time used: 2640.3 secs.  Memory used: 952.7 Mb.
+1662202: mip =   6.000000000e+01 >=   1.000000000e+00  98.3% (216764; 743)
+1664163: mip =   6.000000000e+01 >=   1.000000000e+00  98.3% (217148; 744)
+1666328: mip =   6.000000000e+01 >=   1.000000000e+00  98.3% (217560; 744)
+1667375: mip =   6.000000000e+01 >=   1.000000000e+00  98.3% (217971; 745)
+1670817: mip =   6.000000000e+01 >=   1.000000000e+00  98.3% (218404; 746)
+1671720: mip =   6.000000000e+01 >=   1.000000000e+00  98.3% (218802; 747)
+1673293: mip =   6.000000000e+01 >=   1.000000000e+00  98.3% (219217; 747)
+1677316: mip =   6.000000000e+01 >=   1.000000000e+00  98.3% (219646; 750)
+1679150: mip =   6.000000000e+01 >=   1.000000000e+00  98.3% (220080; 750)
+1681172: mip =   6.000000000e+01 >=   1.000000000e+00  98.3% (220515; 752)
+1683521: mip =   6.000000000e+01 >=   1.000000000e+00  98.3% (220905; 753)
+1686420: mip =   6.000000000e+01 >=   1.000000000e+00  98.3% (221283; 754)
Time used: 2700.3 secs.  Memory used: 956.7 Mb.
+1686880: mip =   6.000000000e+01 >=   1.000000000e+00  98.3% (221706; 754)
+1688227: mip =   6.000000000e+01 >=   1.000000000e+00  98.3% (222130; 755)
+1692436: mip =   6.000000000e+01 >=   1.000000000e+00  98.3% (222517; 756)
+1694929: mip =   6.000000000e+01 >=   1.000000000e+00  98.3% (222995; 757)
+1697003: mip =   6.000000000e+01 >=   1.000000000e+00  98.3% (223411; 758)
+1699385: mip =   6.000000000e+01 >=   1.000000000e+00  98.3% (223838; 759)
+1703714: mip =   6.000000000e+01 >=   1.000000000e+00  98.3% (224259; 761)
+1704138: mip =   6.000000000e+01 >=   1.000000000e+00  98.3% (224641; 761)
+1705700: mip =   6.000000000e+01 >=   1.000000000e+00  98.3% (225068; 762)
+1710124: mip =   6.000000000e+01 >=   1.000000000e+00  98.3% (225481; 764)
+1712106: mip =   6.000000000e+01 >=   1.000000000e+00  98.3% (225927; 765)
+1712830: mip =   6.000000000e+01 >=   1.000000000e+00  98.3% (226343; 766)
Time used: 2760.3 secs.  Memory used: 961.0 Mb.
+1716563: mip =   6.000000000e+01 >=   1.000000000e+00  98.3% (226761; 768)
+1720778: mip =   6.000000000e+01 >=   1.000000000e+00  98.3% (227182; 770)
+1722656: mip =   6.000000000e+01 >=   1.000000000e+00  98.3% (227638; 771)
+1723946: mip =   6.000000000e+01 >=   1.000000000e+00  98.3% (228135; 772)
+1726375: mip =   6.000000000e+01 >=   1.000000000e+00  98.3% (228578; 773)
+1730183: mip =   6.000000000e+01 >=   1.000000000e+00  98.3% (229073; 775)
+1733198: mip =   6.000000000e+01 >=   1.000000000e+00  98.3% (229603; 777)
+1736356: mip =   6.000000000e+01 >=   1.000000000e+00  98.3% (230121; 779)
+1738308: mip =   6.000000000e+01 >=   1.000000000e+00  98.3% (230586; 780)
+1740929: mip =   6.000000000e+01 >=   1.000000000e+00  98.3% (230959; 781)
+1743344: mip =   6.000000000e+01 >=   1.000000000e+00  98.3% (231413; 782)
+1746934: mip =   6.000000000e+01 >=   1.000000000e+00  98.3% (231814; 784)
Time used: 2820.3 secs.  Memory used: 966.1 Mb.
+1749703: mip =   6.000000000e+01 >=   1.000000000e+00  98.3% (232225; 785)
+1753093: mip =   6.000000000e+01 >=   1.000000000e+00  98.3% (232645; 786)
+1756820: mip =   6.000000000e+01 >=   1.000000000e+00  98.3% (233079; 788)
+1760591: mip =   6.000000000e+01 >=   1.000000000e+00  98.3% (233564; 791)
+1764365: mip =   6.000000000e+01 >=   1.000000000e+00  98.3% (234020; 793)
+1768529: mip =   6.000000000e+01 >=   1.000000000e+00  98.3% (234516; 795)
+1771130: mip =   6.000000000e+01 >=   1.000000000e+00  98.3% (235018; 796)
+1772625: mip =   6.000000000e+01 >=   1.000000000e+00  98.3% (235453; 797)
+1775629: mip =   6.000000000e+01 >=   1.000000000e+00  98.3% (235910; 798)
+1777560: mip =   6.000000000e+01 >=   1.000000000e+00  98.3% (236384; 800)
+1780558: mip =   6.000000000e+01 >=   1.000000000e+00  98.3% (236874; 802)
+1783804: mip =   6.000000000e+01 >=   1.000000000e+00  98.3% (237340; 803)
Time used: 2880.3 secs.  Memory used: 972.0 Mb.
+1786042: mip =   6.000000000e+01 >=   1.000000000e+00  98.3% (237874; 805)
+1789216: mip =   6.000000000e+01 >=   1.000000000e+00  98.3% (238292; 806)
+1791017: mip =   6.000000000e+01 >=   1.000000000e+00  98.3% (238695; 807)
+1795611: mip =   6.000000000e+01 >=   1.000000000e+00  98.3% (239084; 809)
+1796203: mip =   6.000000000e+01 >=   1.000000000e+00  98.3% (239468; 809)
+1797066: mip =   6.000000000e+01 >=   1.000000000e+00  98.3% (239866; 810)
+1799759: mip =   6.000000000e+01 >=   1.000000000e+00  98.3% (240241; 811)
+1803370: mip =   6.000000000e+01 >=   1.000000000e+00  98.3% (240677; 813)
+1806435: mip =   6.000000000e+01 >=   1.000000000e+00  98.3% (241012; 814)
+1809238: mip =   6.000000000e+01 >=   1.000000000e+00  98.3% (241492; 816)
+1812173: mip =   6.000000000e+01 >=   1.000000000e+00  98.3% (241904; 817)
+1817708: mip =   6.000000000e+01 >=   1.000000000e+00  98.3% (242306; 820)
Time used: 2940.3 secs.  Memory used: 976.5 Mb.
+1818208: mip =   6.000000000e+01 >=   1.000000000e+00  98.3% (242712; 820)
+1821367: mip =   6.000000000e+01 >=   1.000000000e+00  98.3% (243149; 822)
+1825483: mip =   6.000000000e+01 >=   1.000000000e+00  98.3% (243563; 824)
+1828746: mip =   6.000000000e+01 >=   1.000000000e+00  98.3% (243981; 826)
+1829858: mip =   6.000000000e+01 >=   1.000000000e+00  98.3% (244381; 827)
+1830247: mip =   6.000000000e+01 >=   1.000000000e+00  98.3% (244741; 827)
+1832522: mip =   6.000000000e+01 >=   1.000000000e+00  98.3% (245164; 828)
+1833699: mip =   6.000000000e+01 >=   1.000000000e+00  98.3% (245569; 829)
+1836084: mip =   6.000000000e+01 >=   1.000000000e+00  98.3% (245950; 830)
+1837263: mip =   6.000000000e+01 >=   1.000000000e+00  98.3% (246391; 831)
+1839417: mip =   6.000000000e+01 >=   1.000000000e+00  98.3% (246898; 833)
+1841227: mip =   6.000000000e+01 >=   1.000000000e+00  98.3% (247390; 834)
Time used: 3000.3 secs.  Memory used: 980.5 Mb.
+1842895: mip =   6.000000000e+01 >=   1.000000000e+00  98.3% (247871; 835)
+1843308: mip =   6.000000000e+01 >=   1.000000000e+00  98.3% (248280; 835)
+1845551: mip =   6.000000000e+01 >=   1.000000000e+00  98.3% (248705; 837)
+1851226: mip =   6.000000000e+01 >=   1.000000000e+00  98.3% (249171; 840)
+1853943: mip =   6.000000000e+01 >=   1.000000000e+00  98.3% (249695; 841)
+1856879: mip =   6.000000000e+01 >=   1.000000000e+00  98.3% (250184; 843)
+1860864: mip =   6.000000000e+01 >=   1.000000000e+00  98.3% (250728; 845)
+1866169: mip =   6.000000000e+01 >=   1.000000000e+00  98.3% (251144; 848)
+1868518: mip =   6.000000000e+01 >=   1.000000000e+00  98.3% (251629; 849)
+1873894: mip =   6.000000000e+01 >=   1.000000000e+00  98.3% (252154; 852)
+1878981: mip =   6.000000000e+01 >=   1.000000000e+00  98.3% (252665; 855)
+1883891: mip =   6.000000000e+01 >=   1.000000000e+00  98.3% (253150; 859)
Time used: 3060.3 secs.  Memory used: 987.6 Mb.
+1888809: mip =   6.000000000e+01 >=   1.000000000e+00  98.3% (253639; 863)
+1893719: mip =   6.000000000e+01 >=   1.000000000e+00  98.3% (254129; 867)
+1898655: mip =   6.000000000e+01 >=   1.000000000e+00  98.3% (254620; 871)
+1903342: mip =   6.000000000e+01 >=   1.000000000e+00  98.3% (255093; 875)
+1909130: mip =   6.000000000e+01 >=   1.000000000e+00  98.3% (255548; 877)
+1913122: mip =   6.000000000e+01 >=   1.000000000e+00  98.3% (255999; 879)
+1914882: mip =   6.000000000e+01 >=   1.000000000e+00  98.3% (256397; 880)
+1917331: mip =   6.000000000e+01 >=   1.000000000e+00  98.3% (256818; 881)
+1917970: mip =   6.000000000e+01 >=   1.000000000e+00  98.3% (257233; 882)
+1924057: mip =   6.000000000e+01 >=   1.000000000e+00  98.3% (257618; 885)
+1926054: mip =   6.000000000e+01 >=   1.000000000e+00  98.3% (258011; 886)
+1926463: mip =   6.000000000e+01 >=   1.000000000e+00  98.3% (258419; 886)
Time used: 3120.4 secs.  Memory used: 994.0 Mb.
+1928970: mip =   6.000000000e+01 >=   1.000000000e+00  98.3% (258856; 887)
+1933110: mip =   6.000000000e+01 >=   1.000000000e+00  98.3% (259279; 889)
+1936148: mip =   6.000000000e+01 >=   1.000000000e+00  98.3% (259649; 890)
+1938559: mip =   6.000000000e+01 >=   1.000000000e+00  98.3% (260059; 891)
+1942533: mip =   6.000000000e+01 >=   1.000000000e+00  98.3% (260502; 893)
+1945218: mip =   6.000000000e+01 >=   1.000000000e+00  98.3% (261003; 895)
+1946985: mip =   6.000000000e+01 >=   1.000000000e+00  98.3% (261436; 896)
+1947979: mip =   6.000000000e+01 >=   1.000000000e+00  98.3% (261838; 897)
+1949934: mip =   6.000000000e+01 >=   1.000000000e+00  98.3% (262292; 898)
+1951517: mip =   6.000000000e+01 >=   1.000000000e+00  98.3% (262750; 899)
+1953405: mip =   6.000000000e+01 >=   1.000000000e+00  98.3% (263181; 900)
+1956193: mip =   6.000000000e+01 >=   1.000000000e+00  98.3% (263537; 901)
Time used: 3180.4 secs.  Memory used: 998.6 Mb.
+1959259: mip =   6.000000000e+01 >=   1.000000000e+00  98.3% (263960; 903)
+1961543: mip =   6.000000000e+01 >=   1.000000000e+00  98.3% (264436; 904)
+1964739: mip =   6.000000000e+01 >=   1.000000000e+00  98.3% (264842; 906)
+1967420: mip =   6.000000000e+01 >=   1.000000000e+00  98.3% (265327; 907)
+1969102: mip =   6.000000000e+01 >=   1.000000000e+00  98.3% (265743; 908)
+1970862: mip =   6.000000000e+01 >=   1.000000000e+00  98.3% (266167; 909)
+1972763: mip =   6.000000000e+01 >=   1.000000000e+00  98.3% (266611; 910)
+1975882: mip =   6.000000000e+01 >=   1.000000000e+00  98.3% (267084; 912)
+1977525: mip =   6.000000000e+01 >=   1.000000000e+00  98.3% (267524; 913)
+1980620: mip =   6.000000000e+01 >=   1.000000000e+00  98.3% (267963; 915)
+1983605: mip =   6.000000000e+01 >=   1.000000000e+00  98.3% (268366; 916)
+1986050: mip =   6.000000000e+01 >=   1.000000000e+00  98.3% (268835; 917)
Time used: 3240.4 secs.  Memory used: 1003.4 Mb.
+1989838: mip =   6.000000000e+01 >=   1.000000000e+00  98.3% (269252; 919)
+1990917: mip =   6.000000000e+01 >=   1.000000000e+00  98.3% (269721; 920)
+1992858: mip =   6.000000000e+01 >=   1.000000000e+00  98.3% (270152; 921)
+1995180: mip =   6.000000000e+01 >=   1.000000000e+00  98.3% (270542; 922)
+1998664: mip =   6.000000000e+01 >=   1.000000000e+00  98.3% (270972; 923)
+2002226: mip =   6.000000000e+01 >=   1.000000000e+00  98.3% (271418; 925)
+2002775: mip =   6.000000000e+01 >=   1.000000000e+00  98.3% (271819; 926)
+2004219: mip =   6.000000000e+01 >=   1.000000000e+00  98.3% (272267; 927)
+2006252: mip =   6.000000000e+01 >=   1.000000000e+00  98.3% (272666; 928)
+2008269: mip =   6.000000000e+01 >=   1.000000000e+00  98.3% (273100; 929)
+2010243: mip =   6.000000000e+01 >=   1.000000000e+00  98.3% (273531; 930)
+2012427: mip =   6.000000000e+01 >=   1.000000000e+00  98.3% (273969; 931)
Time used: 3300.4 secs.  Memory used: 1007.5 Mb.
+2014657: mip =   6.000000000e+01 >=   1.000000000e+00  98.3% (274357; 932)
+2018075: mip =   6.000000000e+01 >=   1.000000000e+00  98.3% (274839; 934)
+2019500: mip =   6.000000000e+01 >=   1.000000000e+00  98.3% (275268; 935)
+2021124: mip =   6.000000000e+01 >=   1.000000000e+00  98.3% (275722; 935)
+2024261: mip =   6.000000000e+01 >=   1.000000000e+00  98.3% (276159; 937)
+2025652: mip =   6.000000000e+01 >=   1.000000000e+00  98.3% (276597; 938)
+2028181: mip =   6.000000000e+01 >=   1.000000000e+00  98.3% (276996; 939)
+2028618: mip =   6.000000000e+01 >=   1.000000000e+00  98.3% (277416; 939)
+2030235: mip =   6.000000000e+01 >=   1.000000000e+00  98.3% (277873; 940)
+2030878: mip =   6.000000000e+01 >=   1.000000000e+00  98.3% (278311; 941)
+2032864: mip =   6.000000000e+01 >=   1.000000000e+00  98.3% (278781; 943)
+2033555: mip =   6.000000000e+01 >=   1.000000000e+00  98.3% (279217; 944)
Time used: 3360.4 secs.  Memory used: 1011.4 Mb.
+2034157: mip =   6.000000000e+01 >=   1.000000000e+00  98.3% (279659; 945)
+2036883: mip =   6.000000000e+01 >=   1.000000000e+00  98.3% (280028; 946)
+2038475: mip =   6.000000000e+01 >=   1.000000000e+00  98.3% (280460; 948)
+2040442: mip =   6.000000000e+01 >=   1.000000000e+00  98.3% (280888; 949)
+2042730: mip =   6.000000000e+01 >=   1.000000000e+00  98.3% (281316; 951)
+2043265: mip =   6.000000000e+01 >=   1.000000000e+00  98.3% (281725; 951)
+2044119: mip =   6.000000000e+01 >=   1.000000000e+00  98.3% (282129; 952)
+2045763: mip =   6.000000000e+01 >=   1.000000000e+00  98.3% (282590; 953)
+2047718: mip =   6.000000000e+01 >=   1.000000000e+00  98.3% (283024; 955)
+2052633: mip =   6.000000000e+01 >=   1.000000000e+00  98.3% (283432; 957)
+2059564: mip =   6.000000000e+01 >=   1.000000000e+00  98.3% (283961; 960)
+2063543: mip =   6.000000000e+01 >=   1.000000000e+00  98.3% (284457; 962)
Time used: 3420.4 secs.  Memory used: 1015.9 Mb.
+2068791: mip =   6.000000000e+01 >=   1.000000000e+00  98.3% (284907; 964)
+2075347: mip =   6.000000000e+01 >=   1.000000000e+00  98.3% (285347; 966)
+2080580: mip =   6.000000000e+01 >=   1.000000000e+00  98.3% (285795; 968)
+2085846: mip =   6.000000000e+01 >=   1.000000000e+00  98.3% (286243; 970)
+2091332: mip =   6.000000000e+01 >=   1.000000000e+00  98.3% (286697; 972)
+2096973: mip =   6.000000000e+01 >=   1.000000000e+00  98.3% (287183; 974)
+2102567: mip =   6.000000000e+01 >=   1.000000000e+00  98.3% (287631; 977)
+2107879: mip =   6.000000000e+01 >=   1.000000000e+00  98.3% (288110; 979)
+2111006: mip =   6.000000000e+01 >=   1.000000000e+00  98.3% (288567; 980)
+2114074: mip =   6.000000000e+01 >=   1.000000000e+00  98.3% (288993; 981)
+2118848: mip =   6.000000000e+01 >=   1.000000000e+00  98.3% (289422; 983)
+2121524: mip =   6.000000000e+01 >=   1.000000000e+00  98.3% (289915; 985)
Time used: 3480.4 secs.  Memory used: 1022.2 Mb.
+2123776: mip =   6.000000000e+01 >=   1.000000000e+00  98.3% (290316; 986)
+2124489: mip =   6.000000000e+01 >=   1.000000000e+00  98.3% (290756; 986)
+2127342: mip =   6.000000000e+01 >=   1.000000000e+00  98.3% (291174; 988)
+2127972: mip =   6.000000000e+01 >=   1.000000000e+00  98.3% (291593; 988)
+2130425: mip =   6.000000000e+01 >=   1.000000000e+00  98.3% (292070; 990)
+2132408: mip =   6.000000000e+01 >=   1.000000000e+00  98.3% (292520; 991)
+2133779: mip =   6.000000000e+01 >=   1.000000000e+00  98.3% (292974; 992)
+2135952: mip =   6.000000000e+01 >=   1.000000000e+00  98.3% (293450; 994)
+2139999: mip =   6.000000000e+01 >=   1.000000000e+00  98.3% (293902; 996)
+2142327: mip =   6.000000000e+01 >=   1.000000000e+00  98.3% (294351; 997)
+2143458: mip =   6.000000000e+01 >=   1.000000000e+00  98.3% (294738; 997)
Time used: 3540.4 secs.  Memory used: 1026.8 Mb.
+2147160: mip =   6.000000000e+01 >=   1.000000000e+00  98.3% (295198; 999)
+2150324: mip =   6.000000000e+01 >=   1.000000000e+00  98.3% (295616; 1001)
+2153539: mip =   6.000000000e+01 >=   1.000000000e+00  98.3% (296083; 1003)
+2156672: mip =   6.000000000e+01 >=   1.000000000e+00  98.3% (296482; 1005)
+2158923: mip =   6.000000000e+01 >=   1.000000000e+00  98.3% (296890; 1006)
+2161401: mip =   6.000000000e+01 >=   1.000000000e+00  98.3% (297293; 1007)
+2165862: mip =   6.000000000e+01 >=   1.000000000e+00  98.3% (297807; 1010)
+2170836: mip =   6.000000000e+01 >=   1.000000000e+00  98.3% (298316; 1013)
+2173699: mip =   6.000000000e+01 >=   1.000000000e+00  98.3% (298784; 1014)
+2178434: mip =   6.000000000e+01 >=   1.000000000e+00  98.3% (299281; 1017)
+2178873: mip =   6.000000000e+01 >=   1.000000000e+00  98.3% (299717; 1017)
+2183947: mip =   6.000000000e+01 >=   1.000000000e+00  98.3% (300070; 1019)
+2184936: mip =   6.000000000e+01 >=   1.000000000e+00  98.3% (300461; 1019)
TIME LIMIT EXCEEDED; SEARCH TERMINATED
Time used:   3601.1 secs
Memory used: 1146.4 Mb (1202116152 bytes)

#################################
SALBP-1 / LP Model Result

m = 60

N\S   1  2  3  4  5  6  7  8  9 10 11 12 13 14 15 16 17 18 19 20 21 22 23 24 25 26 27 28 29 30 31 32 33 34 35 36 37 38 39 40 41 42 43 44 45 46 47 48 49 50 51 52 53 54 55 56 57 58 59 60 61 62 63 64 65 66 67 68 69 70 71 72 73 74 75
  1   0  0  0  0  0  0  0  0  0  0  0  0  0  0  0  0  0  0  0  0  0  0  0  0  0  0  0  0  0  0  0  0  0  0  0  1  0  0  0  0  0  0  0  0  0  0  0  0  0  0  0  0  0  0  0  0  0  0  0  0  0  0  0  0  0  0  0  0  0  0  0  0  0  0  0
  2   0  0  0  0  0  0  0  0  0  0  0  0  0  0  0  0  0  0  0  0  0  0  0  0  0  0  0  0  0  0  0  0  0  0  1  0  0  0  0  0  0  0  0  0  0  0  0  0  0  0  0  0  0  0  0  0  0  0  0  0  0  0  0  0  0  0  0  0  0  0  0  0  0  0  0
  3   0  0  0  0  0  0  0  0  0  0  0  0  0  0  0  0  0  0  0  0  0  0  0  0  0  0  0  1  0  0  0  0  0  0  0  0  0  0  0  0  0  0  0  0  0  0  0  0  0  0  0  0  0  0  0  0  0  0  0  0  0  0  0  0  0  0  0  0  0  0  0  0  0  0  0
  4   0  0  0  0  0  0  0  0  0  0  0  0  0  0  0  0  0  0  0  0  0  0  0  0  0  0  0  0  0  0  0  0  0  0  0  0  0  0  0  0  0  0  0  0  0  0  0  0  0  0  0  0  0  0  1  0  0  0  0  0  0  0  0  0  0  0  0  0  0  0  0  0  0  0  0
  5   0  0  0  0  0  0  0  0  0  0  0  0  0  0  0  0  0  0  0  0  0  0  0  0  0  0  0  0  0  0  0  0  0  0  0  0  0  0  1  0  0  0  0  0  0  0  0  0  0  0  0  0  0  0  0  0  0  0  0  0  0  0  0  0  0  0  0  0  0  0  0  0  0  0  0
  6   0  0  0  0  0  0  0  0  0  0  0  0  0  0  0  0  0  0  0  0  0  0  0  0  0  0  0  0  0  0  0  1  0  0  0  0  0  0  0  0  0  0  0  0  0  0  0  0  0  0  0  0  0  0  0  0  0  0  0  0  0  0  0  0  0  0  0  0  0  0  0  0  0  0  0
  7   0  0  0  0  0  0  0  0  1  0  0  0  0  0  0  0  0  0  0  0  0  0  0  0  0  0  0  0  0  0  0  0  0  0  0  0  0  0  0  0  0  0  0  0  0  0  0  0  0  0  0  0  0  0  0  0  0  0  0  0  0  0  0  0  0  0  0  0  0  0  0  0  0  0  0
  8   0  0  0  0  0  0  0  1  0  0  0  0  0  0  0  0  0  0  0  0  0  0  0  0  0  0  0  0  0  0  0  0  0  0  0  0  0  0  0  0  0  0  0  0  0  0  0  0  0  0  0  0  0  0  0  0  0  0  0  0  0  0  0  0  0  0  0  0  0  0  0  0  0  0  0
  9   0  0  0  0  1  0  0  0  0  0  0  0  0  0  0  0  0  0  0  0  0  0  0  0  0  0  0  0  0  0  0  0  0  0  0  0  0  0  0  0  0  0  0  0  0  0  0  0  0  0  0  0  0  0  0  0  0  0  0  0  0  0  0  0  0  0  0  0  0  0  0  0  0  0  0
 10   0  0  0  0  0  0  0  0  0  0  0  0  0  0  0  0  0  0  0  0  0  0  0  0  0  0  0  0  0  0  0  0  0  0  0  0  0  0  0  0  0  0  0  0  0  0  0  0  0  0  0  0  1  0  0  0  0  0  0  0  0  0  0  0  0  0  0  0  0  0  0  0  0  0  0
 11   0  0  0  0  0  0  0  0  0  0  0  0  0  0  0  0  0  0  0  0  0  0  0  0  0  0  0  0  0  0  0  0  0  0  0  0  0  0  0  0  0  0  0  0  0  0  0  0  0  0  0  0  0  0  0  0  0  0  0  0  0  0  0  0  0  1  0  0  0  0  0  0  0  0  0
 12   0  0  1  0  0  0  0  0  0  0  0  0  0  0  0  0  0  0  0  0  0  0  0  0  0  0  0  0  0  0  0  0  0  0  0  0  0  0  0  0  0  0  0  0  0  0  0  0  0  0  0  0  0  0  0  0  0  0  0  0  0  0  0  0  0  0  0  0  0  0  0  0  0  0  0
 13   0  0  0  0  0  0  0  0  0  0  0  0  0  1  0  0  0  0  0  0  0  0  0  0  0  0  0  0  0  0  0  0  0  0  0  0  0  0  0  0  0  0  0  0  0  0  0  0  0  0  0  0  0  0  0  0  0  0  0  0  0  0  0  0  0  0  0  0  0  0  0  0  0  0  0
 14   0  0  0  0  0  0  0  0  0  0  0  0  0  0  0  0  0  0  0  0  0  0  0  0  0  0  0  0  0  0  0  0  0  0  0  0  0  0  0  0  0  0  0  0  0  0  1  0  0  0  0  0  0  0  0  0  0  0  0  0  0  0  0  0  0  0  0  0  0  0  0  0  0  0  0
 15   0  0  0  0  0  0  0  0  0  0  0  0  0  0  0  0  0  0  0  0  0  0  0  0  0  0  0  1  0  0  0  0  0  0  0  0  0  0  0  0  0  0  0  0  0  0  0  0  0  0  0  0  0  0  0  0  0  0  0  0  0  0  0  0  0  0  0  0  0  0  0  0  0  0  0
 16   0  0  0  0  0  0  0  0  0  0  0  0  0  0  0  1  0  0  0  0  0  0  0  0  0  0  0  0  0  0  0  0  0  0  0  0  0  0  0  0  0  0  0  0  0  0  0  0  0  0  0  0  0  0  0  0  0  0  0  0  0  0  0  0  0  0  0  0  0  0  0  0  0  0  0
 17   0  0  0  0  0  0  0  0  0  0  0  0  0  0  0  0  0  0  0  0  0  0  0  0  0  0  0  0  0  0  0  0  0  0  0  0  0  0  0  0  0  0  0  0  0  0  0  0  0  0  0  1  0  0  0  0  0  0  0  0  0  0  0  0  0  0  0  0  0  0  0  0  0  0  0
 18   0  0  0  0  0  0  0  0  0  1  0  0  0  0  0  0  0  0  0  0  0  0  0  0  0  0  0  0  0  0  0  0  0  0  0  0  0  0  0  0  0  0  0  0  0  0  0  0  0  0  0  0  0  0  0  0  0  0  0  0  0  0  0  0  0  0  0  0  0  0  0  0  0  0  0
 19   0  0  0  0  0  0  0  0  0  0  0  0  0  0  0  0  0  0  1  0  0  0  0  0  0  0  0  0  0  0  0  0  0  0  0  0  0  0  0  0  0  0  0  0  0  0  0  0  0  0  0  0  0  0  0  0  0  0  0  0  0  0  0  0  0  0  0  0  0  0  0  0  0  0  0
 20   0  0  0  0  0  0  0  0  0  0  0  0  0  0  0  0  0  0  0  0  0  0  0  0  0  0  0  0  0  0  0  0  0  0  0  0  0  0  0  0  0  0  0  0  0  0  0  0  0  0  0  0  0  0  0  0  0  0  0  0  0  0  0  0  0  0  0  1  0  0  0  0  0  0  0
 21   0  0  0  0  0  0  0  0  0  0  0  0  0  0  0  0  0  0  0  0  0  0  0  0  0  0  0  0  0  0  0  0  1  0  0  0  0  0  0  0  0  0  0  0  0  0  0  0  0  0  0  0  0  0  0  0  0  0  0  0  0  0  0  0  0  0  0  0  0  0  0  0  0  0  0
 22   0  0  0  0  0  0  0  0  0  0  0  0  0  0  0  0  0  0  0  0  0  0  0  0  0  0  0  0  0  0  0  0  0  0  0  0  0  0  0  0  0  0  0  0  1  0  0  0  0  0  0  0  0  0  0  0  0  0  0  0  0  0  0  0  0  0  0  0  0  0  0  0  0  0  0
 23   0  0  0  0  0  0  0  0  0  0  0  0  0  0  0  0  0  0  0  0  0  0  0  0  0  0  0  0  0  0  0  0  0  0  0  0  0  1  0  0  0  0  0  0  0  0  0  0  0  0  0  0  0  0  0  0  0  0  0  0  0  0  0  0  0  0  0  0  0  0  0  0  0  0  0
 24   0  0  0  0  0  0  0  0  0  0  0  0  0  0  0  0  0  0  0  0  0  0  0  0  0  0  0  0  0  1  0  0  0  0  0  0  0  0  0  0  0  0  0  0  0  0  0  0  0  0  0  0  0  0  0  0  0  0  0  0  0  0  0  0  0  0  0  0  0  0  0  0  0  0  0
 25   0  0  0  0  0  0  0  0  0  0  0  0  0  0  0  0  0  0  0  0  0  0  0  0  0  0  0  0  0  0  0  0  0  0  0  0  0  0  0  0  0  0  0  0  0  0  0  0  0  0  0  0  0  0  0  0  0  0  0  0  0  0  0  0  0  0  0  0  0  0  0  1  0  0  0
 26   0  0  0  0  0  0  0  0  0  0  0  0  0  0  0  0  0  0  0  0  0  0  0  0  0  0  0  0  0  0  0  0  0  0  0  0  0  0  0  0  0  0  0  0  0  0  0  0  0  0  0  0  0  0  0  0  0  0  0  0  0  0  0  0  0  0  0  0  0  0  0  0  0  1  0
 27   0  0  0  0  0  0  0  0  0  0  0  0  0  0  0  0  0  0  0  0  0  0  0  0  0  0  0  0  0  0  0  0  0  0  0  0  0  0  0  0  0  0  0  0  0  0  0  0  0  0  0  0  0  0  0  0  0  0  0  0  0  0  0  0  0  0  0  0  0  1  0  0  0  0  0
 28   0  0  0  0  1  0  0  0  0  0  0  0  0  0  0  0  0  0  0  0  0  0  0  0  0  0  0  0  0  0  0  0  0  0  0  0  0  0  0  0  0  0  0  0  0  0  0  0  0  0  0  0  0  0  0  0  0  0  0  0  0  0  0  0  0  0  0  0  0  0  0  0  0  0  0
 29   0  0  0  0  0  0  0  0  0  0  0  0  0  0  0  0  0  0  0  0  0  0  0  0  0  0  0  0  0  0  0  0  0  0  0  0  0  0  0  0  0  0  0  0  0  0  0  0  0  0  0  0  0  0  0  0  0  0  0  0  0  0  0  0  0  0  0  0  0  0  0  0  1  0  0
 30   0  0  0  0  0  1  0  0  0  0  0  0  0  0  0  0  0  0  0  0  0  0  0  0  0  0  0  0  0  0  0  0  0  0  0  0  0  0  0  0  0  0  0  0  0  0  0  0  0  0  0  0  0  0  0  0  0  0  0  0  0  0  0  0  0  0  0  0  0  0  0  0  0  0  0
 31   0  0  0  0  0  0  0  0  0  0  0  0  0  0  0  0  0  0  0  0  0  0  0  0  0  1  0  0  0  0  0  0  0  0  0  0  0  0  0  0  0  0  0  0  0  0  0  0  0  0  0  0  0  0  0  0  0  0  0  0  0  0  0  0  0  0  0  0  0  0  0  0  0  0  0
 32   0  0  0  0  0  0  0  0  0  0  0  0  0  0  0  0  0  0  0  0  0  0  0  0  0  0  0  0  0  0  0  0  0  0  0  0  0  0  0  0  1  0  0  0  0  0  0  0  0  0  0  0  0  0  0  0  0  0  0  0  0  0  0  0  0  0  0  0  0  0  0  0  0  0  0
 33   0  0  0  0  0  0  0  0  0  0  0  0  0  0  0  0  0  0  0  0  0  0  0  0  0  0  0  0  0  0  0  0  0  0  0  0  0  0  0  0  0  0  0  0  0  0  0  0  0  0  0  0  0  0  0  0  0  0  0  0  0  0  0  0  0  0  0  0  0  0  0  0  0  0  1
 34   0  0  0  0  0  0  0  0  0  0  0  0  0  0  0  0  0  0  0  0  0  0  0  0  0  0  0  0  0  0  0  0  0  0  0  0  0  0  0  0  0  0  0  0  0  0  0  0  1  0  0  0  0  0  0  0  0  0  0  0  0  0  0  0  0  0  0  0  0  0  0  0  0  0  0
 35   0  0  0  0  0  0  0  0  0  0  0  0  0  0  0  0  0  0  0  0  0  0  0  0  0  0  0  0  0  0  0  0  0  0  0  0  0  0  0  0  0  0  0  0  0  0  0  0  0  0  0  0  0  0  0  0  0  0  0  0  0  0  0  0  0  0  0  0  0  0  1  0  0  0  0
 36   0  0  0  0  0  0  0  0  0  0  1  0  0  0  0  0  0  0  0  0  0  0  0  0  0  0  0  0  0  0  0  0  0  0  0  0  0  0  0  0  0  0  0  0  0  0  0  0  0  0  0  0  0  0  0  0  0  0  0  0  0  0  0  0  0  0  0  0  0  0  0  0  0  0  0
 37   0  0  0  0  0  0  0  0  0  0  0  0  0  1  0  0  0  0  0  0  0  0  0  0  0  0  0  0  0  0  0  0  0  0  0  0  0  0  0  0  0  0  0  0  0  0  0  0  0  0  0  0  0  0  0  0  0  0  0  0  0  0  0  0  0  0  0  0  0  0  0  0  0  0  0
 38   0  0  0  0  0  0  0  0  0  0  0  1  0  0  0  0  0  0  0  0  0  0  0  0  0  0  0  0  0  0  0  0  0  0  0  0  0  0  0  0  0  0  0  0  0  0  0  0  0  0  0  0  0  0  0  0  0  0  0  0  0  0  0  0  0  0  0  0  0  0  0  0  0  0  0
 39   0  0  0  0  0  0  0  0  0  0  0  0  0  0  0  0  0  0  0  0  0  0  0  0  0  0  0  0  0  0  0  0  0  0  0  0  0  0  0  0  0  0  0  1  0  0  0  0  0  0  0  0  0  0  0  0  0  0  0  0  0  0  0  0  0  0  0  0  0  0  0  0  0  0  0
 40   0  0  0  0  0  0  0  0  0  0  0  0  0  0  0  0  0  0  0  0  0  0  0  0  1  0  0  0  0  0  0  0  0  0  0  0  0  0  0  0  0  0  0  0  0  0  0  0  0  0  0  0  0  0  0  0  0  0  0  0  0  0  0  0  0  0  0  0  0  0  0  0  0  0  0
 41   1  0  0  0  0  0  0  0  0  0  0  0  0  0  0  0  0  0  0  0  0  0  0  0  0  0  0  0  0  0  0  0  0  0  0  0  0  0  0  0  0  0  0  0  0  0  0  0  0  0  0  0  0  0  0  0  0  0  0  0  0  0  0  0  0  0  0  0  0  0  0  0  0  0  0
 42   0  0  0  0  0  0  0  0  0  0  0  0  0  0  0  0  0  0  0  0  0  0  0  0  0  0  0  0  0  0  0  0  0  0  0  0  1  0  0  0  0  0  0  0  0  0  0  0  0  0  0  0  0  0  0  0  0  0  0  0  0  0  0  0  0  0  0  0  0  0  0  0  0  0  0
 43   0  0  0  0  0  0  0  0  0  0  0  0  0  0  0  0  0  0  0  0  0  0  0  0  0  0  0  0  0  0  1  0  0  0  0  0  0  0  0  0  0  0  0  0  0  0  0  0  0  0  0  0  0  0  0  0  0  0  0  0  0  0  0  0  0  0  0  0  0  0  0  0  0  0  0
 44   1  0  0  0  0  0  0  0  0  0  0  0  0  0  0  0  0  0  0  0  0  0  0  0  0  0  0  0  0  0  0  0  0  0  0  0  0  0  0  0  0  0  0  0  0  0  0  0  0  0  0  0  0  0  0  0  0  0  0  0  0  0  0  0  0  0  0  0  0  0  0  0  0  0  0
 45   0  0  1  0  0  0  0  0  0  0  0  0  0  0  0  0  0  0  0  0  0  0  0  0  0  0  0  0  0  0  0  0  0  0  0  0  0  0  0  0  0  0  0  0  0  0  0  0  0  0  0  0  0  0  0  0  0  0  0  0  0  0  0  0  0  0  0  0  0  0  0  0  0  0  0
 46   0  0  0  0  0  0  0  0  1  0  0  0  0  0  0  0  0  0  0  0  0  0  0  0  0  0  0  0  0  0  0  0  0  0  0  0  0  0  0  0  0  0  0  0  0  0  0  0  0  0  0  0  0  0  0  0  0  0  0  0  0  0  0  0  0  0  0  0  0  0  0  0  0  0  0
 47   0  0  0  0  0  0  0  0  0  0  0  0  0  0  0  0  0  0  0  0  0  0  0  0  0  0  0  0  0  0  0  0  0  0  0  0  0  1  0  0  0  0  0  0  0  0  0  0  0  0  0  0  0  0  0  0  0  0  0  0  0  0  0  0  0  0  0  0  0  0  0  0  0  0  0
 48   0  0  0  0  0  0  0  0  0  0  0  0  0  0  0  0  0  0  0  0  0  0  0  0  0  0  0  0  0  0  0  0  0  0  0  0  0  0  0  1  0  0  0  0  0  0  0  0  0  0  0  0  0  0  0  0  0  0  0  0  0  0  0  0  0  0  0  0  0  0  0  0  0  0  0
 49   0  0  0  1  0  0  0  0  0  0  0  0  0  0  0  0  0  0  0  0  0  0  0  0  0  0  0  0  0  0  0  0  0  0  0  0  0  0  0  0  0  0  0  0  0  0  0  0  0  0  0  0  0  0  0  0  0  0  0  0  0  0  0  0  0  0  0  0  0  0  0  0  0  0  0
 50   0  0  0  0  0  0  0  0  0  0  1  0  0  0  0  0  0  0  0  0  0  0  0  0  0  0  0  0  0  0  0  0  0  0  0  0  0  0  0  0  0  0  0  0  0  0  0  0  0  0  0  0  0  0  0  0  0  0  0  0  0  0  0  0  0  0  0  0  0  0  0  0  0  0  0
 51   0  0  0  0  0  0  0  0  0  0  0  0  0  0  0  0  0  0  0  0  0  0  0  0  0  0  0  0  0  0  0  0  0  0  0  0  0  0  0  0  0  0  0  0  0  0  0  1  0  0  0  0  0  0  0  0  0  0  0  0  0  0  0  0  0  0  0  0  0  0  0  0  0  0  0
 52   0  0  0  0  0  0  0  0  0  0  0  0  0  0  0  0  0  0  0  0  1  0  0  0  0  0  0  0  0  0  0  0  0  0  0  0  0  0  0  0  0  0  0  0  0  0  0  0  0  0  0  0  0  0  0  0  0  0  0  0  0  0  0  0  0  0  0  0  0  0  0  0  0  0  0
 53   0  0  0  0  0  0  0  0  0  1  0  0  0  0  0  0  0  0  0  0  0  0  0  0  0  0  0  0  0  0  0  0  0  0  0  0  0  0  0  0  0  0  0  0  0  0  0  0  0  0  0  0  0  0  0  0  0  0  0  0  0  0  0  0  0  0  0  0  0  0  0  0  0  0  0
 54   1  0  0  0  0  0  0  0  0  0  0  0  0  0  0  0  0  0  0  0  0  0  0  0  0  0  0  0  0  0  0  0  0  0  0  0  0  0  0  0  0  0  0  0  0  0  0  0  0  0  0  0  0  0  0  0  0  0  0  0  0  0  0  0  0  0  0  0  0  0  0  0  0  0  0
 55   0  0  0  0  0  0  0  0  0  0  0  0  0  0  0  0  0  0  0  0  0  1  0  0  0  0  0  0  0  0  0  0  0  0  0  0  0  0  0  0  0  0  0  0  0  0  0  0  0  0  0  0  0  0  0  0  0  0  0  0  0  0  0  0  0  0  0  0  0  0  0  0  0  0  0
 56   0  0  0  0  0  0  0  0  0  0  0  0  0  0  0  0  1  0  0  0  0  0  0  0  0  0  0  0  0  0  0  0  0  0  0  0  0  0  0  0  0  0  0  0  0  0  0  0  0  0  0  0  0  0  0  0  0  0  0  0  0  0  0  0  0  0  0  0  0  0  0  0  0  0  0
 57   0  0  0  0  0  0  0  0  0  0  0  0  1  0  0  0  0  0  0  0  0  0  0  0  0  0  0  0  0  0  0  0  0  0  0  0  0  0  0  0  0  0  0  0  0  0  0  0  0  0  0  0  0  0  0  0  0  0  0  0  0  0  0  0  0  0  0  0  0  0  0  0  0  0  0
 58   0  0  0  0  0  0  0  0  0  0  0  0  0  0  0  0  0  0  0  0  0  0  0  0  0  0  1  0  0  0  0  0  0  0  0  0  0  0  0  0  0  0  0  0  0  0  0  0  0  0  0  0  0  0  0  0  0  0  0  0  0  0  0  0  0  0  0  0  0  0  0  0  0  0  0
 59   0  0  0  0  0  0  0  0  0  0  0  0  0  0  0  0  0  0  0  0  0  0  0  0  0  0  0  0  0  0  0  0  0  0  0  0  0  0  0  0  0  0  0  0  0  0  0  0  0  0  0  0  0  1  0  0  0  0  0  0  0  0  0  0  0  0  0  0  0  0  0  0  0  0  0
 60   0  0  0  0  0  0  0  0  0  0  0  0  0  0  0  0  0  0  0  0  0  0  0  0  0  0  0  0  0  0  0  0  0  1  0  0  0  0  0  0  0  0  0  0  0  0  0  0  0  0  0  0  0  0  0  0  0  0  0  0  0  0  0  0  0  0  0  0  0  0  0  0  0  0  0
 61   0  0  0  0  0  0  0  0  0  0  0  0  0  0  0  0  0  0  0  0  0  0  0  0  0  0  0  0  1  0  0  0  0  0  0  0  0  0  0  0  0  0  0  0  0  0  0  0  0  0  0  0  0  0  0  0  0  0  0  0  0  0  0  0  0  0  0  0  0  0  0  0  0  0  0
 62   0  0  0  0  0  0  1  0  0  0  0  0  0  0  0  0  0  0  0  0  0  0  0  0  0  0  0  0  0  0  0  0  0  0  0  0  0  0  0  0  0  0  0  0  0  0  0  0  0  0  0  0  0  0  0  0  0  0  0  0  0  0  0  0  0  0  0  0  0  0  0  0  0  0  0
 63   0  0  0  0  0  0  0  0  0  0  0  0  0  0  0  0  0  0  0  0  0  0  0  0  0  0  0  0  0  0  0  0  0  0  0  0  0  0  0  0  0  0  0  0  0  0  0  0  0  0  0  0  0  0  0  1  0  0  0  0  0  0  0  0  0  0  0  0  0  0  0  0  0  0  0
 64   0  0  0  0  0  0  0  0  0  0  0  0  0  0  0  0  0  0  0  0  0  0  0  0  0  0  0  0  0  0  0  0  0  0  0  0  0  0  0  0  0  1  0  0  0  0  0  0  0  0  0  0  0  0  0  0  0  0  0  0  0  0  0  0  0  0  0  0  0  0  0  0  0  0  0
 65   0  0  0  0  0  0  0  0  0  0  0  0  0  0  0  0  0  0  0  0  0  0  0  1  0  0  0  0  0  0  0  0  0  0  0  0  0  0  0  0  0  0  0  0  0  0  0  0  0  0  0  0  0  0  0  0  0  0  0  0  0  0  0  0  0  0  0  0  0  0  0  0  0  0  0
 66   0  0  0  0  0  0  0  0  0  0  0  0  0  0  0  0  0  0  0  0  0  0  0  0  0  0  0  0  0  0  0  0  0  0  0  0  0  0  0  0  0  0  0  0  0  0  0  0  0  0  0  0  0  0  0  0  0  0  0  0  0  0  0  0  0  0  0  0  0  0  0  0  0  1  0
 67   0  0  0  0  0  0  0  0  0  0  0  0  0  0  0  0  0  0  0  0  0  0  1  0  0  0  0  0  0  0  0  0  0  0  0  0  0  0  0  0  0  0  0  0  0  0  0  0  0  0  0  0  0  0  0  0  0  0  0  0  0  0  0  0  0  0  0  0  0  0  0  0  0  0  0
 68   0  0  0  0  0  0  0  0  0  0  0  0  0  0  0  0  0  0  0  0  0  0  0  0  0  0  0  0  0  0  0  0  0  0  0  0  0  0  0  0  0  0  0  0  0  0  0  0  0  0  0  0  0  0  0  0  0  0  0  0  0  0  0  0  0  0  0  0  0  0  0  0  1  0  0
 69   0  0  0  0  0  0  0  0  0  0  0  0  0  0  0  0  0  1  0  0  0  0  0  0  0  0  0  0  0  0  0  0  0  0  0  0  0  0  0  0  0  0  0  0  0  0  0  0  0  0  0  0  0  0  0  0  0  0  0  0  0  0  0  0  0  0  0  0  0  0  0  0  0  0  0
 70   0  0  0  0  0  0  0  0  0  0  0  0  0  0  0  0  0  0  0  1  0  0  0  0  0  0  0  0  0  0  0  0  0  0  0  0  0  0  0  0  0  0  0  0  0  0  0  0  0  0  0  0  0  0  0  0  0  0  0  0  0  0  0  0  0  0  0  0  0  0  0  0  0  0  0
 71   0  0  0  0  0  1  0  0  0  0  0  0  0  0  0  0  0  0  0  0  0  0  0  0  0  0  0  0  0  0  0  0  0  0  0  0  0  0  0  0  0  0  0  0  0  0  0  0  0  0  0  0  0  0  0  0  0  0  0  0  0  0  0  0  0  0  0  0  0  0  0  0  0  0  0
 72   0  0  0  0  0  0  0  0  0  0  0  0  0  0  0  0  0  0  0  1  0  0  0  0  0  0  0  0  0  0  0  0  0  0  0  0  0  0  0  0  0  0  0  0  0  0  0  0  0  0  0  0  0  0  0  0  0  0  0  0  0  0  0  0  0  0  0  0  0  0  0  0  0  0  0
 73   0  0  0  0  0  0  0  0  0  0  0  0  0  0  0  0  0  0  0  0  0  0  0  0  0  0  0  0  0  0  0  0  0  0  0  0  0  0  0  0  0  0  1  0  0  0  0  0  0  0  0  0  0  0  0  0  0  0  0  0  0  0  0  0  0  0  0  0  0  0  0  0  0  0  0
 74   0  0  0  0  0  0  0  0  0  0  0  0  0  0  0  1  0  0  0  0  0  0  0  0  0  0  0  0  0  0  0  0  0  0  0  0  0  0  0  0  0  0  0  0  0  0  0  0  0  0  0  0  0  0  0  0  0  0  0  0  0  0  0  0  0  0  0  0  0  0  0  0  0  0  0
 75   0  0  0  0  0  0  0  0  0  0  0  0  0  0  1  0  0  0  0  0  0  0  0  0  0  0  0  0  0  0  0  0  0  0  0  0  0  0  0  0  0  0  0  0  0  0  0  0  0  0  0  0  0  0  0  0  0  0  0  0  0  0  0  0  0  0  0  0  0  0  0  0  0  0  0
Model has been successfully processed
