GLPSOL: GLPK LP/MIP Solver, v4.65
Parameter(s) specified in the command line:
 -m salbp1.glpk.mod -d glpk-instances/WEE-MAG_c_56.mod --tmlim 3600 --memlim
 7000 --log glpk-results/WEE-MAG_c_56.log
Reading model section from salbp1.glpk.mod...
salbp1.glpk.mod:48: warning: unexpected end of file; missing end statement inserted
48 lines were read
Reading data section from glpk-instances/WEE-MAG_c_56.mod...
glpk-instances/WEE-MAG_c_56.mod:158: warning: final NL missing before end of file
glpk-instances/WEE-MAG_c_56.mod:158: warning: unexpected end of file; missing end statement inserted
158 lines were read
Generating m...
Generating task_allocation...
Generating station_use...
Generating cycle_time...
Generating precedence...
Model has been successfully generated
GLPK Integer Optimizer, v4.65
208351 rows, 5700 columns, 7925775 non-zeros
5700 integer variables, all of which are binary
Preprocessing...
225 rows, 5700 columns, 16950 non-zeros
5700 integer variables, all of which are binary
Scaling...
 A: min|aij| =  1.000e+00  max|aij| =  7.500e+01  ratio =  7.500e+01
GM: min|aij| =  5.217e-01  max|aij| =  1.917e+00  ratio =  3.674e+00
EQ: min|aij| =  2.722e-01  max|aij| =  1.000e+00  ratio =  3.674e+00
2N: min|aij| =  1.875e-01  max|aij| =  1.000e+00  ratio =  5.333e+00
Constructing initial basis...
Size of triangular part is 225
Solving LP relaxation...
GLPK Simplex Optimizer, v4.65
225 rows, 5700 columns, 16950 non-zeros
      0: obj =   0.000000000e+00 inf =   2.554e+02 (2)
    233: obj =   1.000000000e+00 inf =   1.017e-14 (0)
OPTIMAL LP SOLUTION FOUND
Integer optimization begins...
Long-step dual simplex will be used
+   233: mip =     not found yet >=              -inf        (1; 0)
+  1775: mip =     not found yet >=   1.000000000e+00        (467; 0)
+  6360: mip =     not found yet >=   1.000000000e+00        (948; 1)
+  6894: mip =     not found yet >=   1.000000000e+00        (1397; 1)
+  9651: mip =     not found yet >=   1.000000000e+00        (1857; 1)
+ 14887: mip =     not found yet >=   1.000000000e+00        (2281; 3)
+ 15786: mip =     not found yet >=   1.000000000e+00        (2757; 3)
+ 21358: mip =     not found yet >=   1.000000000e+00        (3173; 4)
+ 26425: mip =     not found yet >=   1.000000000e+00        (3631; 5)
+ 28030: mip =     not found yet >=   1.000000000e+00        (4208; 5)
+ 29115: mip =     not found yet >=   1.000000000e+00        (4655; 6)
+ 30042: mip =     not found yet >=   1.000000000e+00        (5140; 6)
Time used: 60.0 secs.  Memory used: 710.8 Mb.
+ 32444: mip =     not found yet >=   1.000000000e+00        (5751; 6)
+ 37319: mip =     not found yet >=   1.000000000e+00        (6217; 8)
+ 41121: mip =     not found yet >=   1.000000000e+00        (6644; 9)
+ 46257: mip =     not found yet >=   1.000000000e+00        (7046; 10)
+ 51608: mip =     not found yet >=   1.000000000e+00        (7450; 11)
+ 56201: mip =     not found yet >=   1.000000000e+00        (7899; 12)
+ 56837: mip =     not found yet >=   1.000000000e+00        (8398; 12)
+ 61556: mip =     not found yet >=   1.000000000e+00        (8742; 13)
+ 63213: mip =     not found yet >=   1.000000000e+00        (9187; 13)
+ 66557: mip =     not found yet >=   1.000000000e+00        (9663; 14)
+ 67279: mip =     not found yet >=   1.000000000e+00        (10120; 14)
+ 77852: mip =     not found yet >=   1.000000000e+00        (10441; 16)
Time used: 120.0 secs.  Memory used: 715.7 Mb.
+ 82668: mip =     not found yet >=   1.000000000e+00        (10895; 18)
+ 83445: mip =     not found yet >=   1.000000000e+00        (11407; 18)
+ 86945: mip =     not found yet >=   1.000000000e+00        (11825; 19)
+ 92224: mip =     not found yet >=   1.000000000e+00        (12240; 20)
+ 99142: mip =     not found yet >=   1.000000000e+00        (12608; 22)
+ 99601: mip =     not found yet >=   1.000000000e+00        (13063; 22)
+100255: mip =     not found yet >=   1.000000000e+00        (13450; 22)
+105240: mip =     not found yet >=   1.000000000e+00        (13889; 23)
+108049: mip =     not found yet >=   1.000000000e+00        (14379; 23)
+110576: mip =     not found yet >=   1.000000000e+00        (14854; 24)
+111661: mip =     not found yet >=   1.000000000e+00        (15306; 24)
+115267: mip =     not found yet >=   1.000000000e+00        (15768; 25)
Time used: 180.0 secs.  Memory used: 719.3 Mb.
+116003: mip =     not found yet >=   1.000000000e+00        (16246; 25)
+120367: mip =     not found yet >=   1.000000000e+00        (16635; 26)
+120990: mip =     not found yet >=   1.000000000e+00        (17114; 26)
+126178: mip =     not found yet >=   1.000000000e+00        (17569; 27)
+130150: mip =     not found yet >=   1.000000000e+00        (18029; 28)
+130742: mip =     not found yet >=   1.000000000e+00        (18486; 28)
+132335: mip =     not found yet >=   1.000000000e+00        (18939; 29)
+133185: mip =     not found yet >=   1.000000000e+00        (19479; 29)
+137572: mip =     not found yet >=   1.000000000e+00        (19944; 30)
+139695: mip =     not found yet >=   1.000000000e+00        (20442; 30)
+147567: mip =     not found yet >=   1.000000000e+00        (20810; 32)
+148530: mip =     not found yet >=   1.000000000e+00        (21293; 32)
Time used: 240.0 secs.  Memory used: 723.7 Mb.
+156240: mip =     not found yet >=   1.000000000e+00        (21659; 34)
+156956: mip =     not found yet >=   1.000000000e+00        (22169; 34)
+161096: mip =     not found yet >=   1.000000000e+00        (22607; 35)
+161668: mip =     not found yet >=   1.000000000e+00        (23069; 35)
+165759: mip =     not found yet >=   1.000000000e+00        (23490; 36)
+166678: mip =     not found yet >=   1.000000000e+00        (23990; 36)
+171093: mip =     not found yet >=   1.000000000e+00        (24656; 37)
+175723: mip =     not found yet >=   1.000000000e+00        (25039; 38)
+180677: mip =     not found yet >=   1.000000000e+00        (25463; 39)
+185119: mip =     not found yet >=   1.000000000e+00        (25890; 40)
+188102: mip =     not found yet >=   1.000000000e+00        (26333; 41)
+190149: mip =     not found yet >=   1.000000000e+00        (26847; 41)
Time used: 300.0 secs.  Memory used: 727.6 Mb.
+193334: mip =     not found yet >=   1.000000000e+00        (27267; 42)
+197890: mip =     not found yet >=   1.000000000e+00        (27658; 43)
+199921: mip =     not found yet >=   1.000000000e+00        (28128; 43)
+202726: mip =     not found yet >=   1.000000000e+00        (28530; 44)
+209224: mip =     not found yet >=   1.000000000e+00        (28949; 45)
+213393: mip =     not found yet >=   1.000000000e+00        (29423; 46)
+220623: mip =     not found yet >=   1.000000000e+00        (29789; 48)
+224836: mip =     not found yet >=   1.000000000e+00        (30216; 49)
+225554: mip =     not found yet >=   1.000000000e+00        (30681; 49)
+226259: mip =     not found yet >=   1.000000000e+00        (31107; 49)
+230986: mip =     not found yet >=   1.000000000e+00        (31507; 50)
+235936: mip =     not found yet >=   1.000000000e+00        (31908; 51)
Time used: 360.0 secs.  Memory used: 732.1 Mb.
+243556: mip =     not found yet >=   1.000000000e+00        (32268; 53)
+245383: mip =     not found yet >=   1.000000000e+00        (32724; 53)
+249734: mip =     not found yet >=   1.000000000e+00        (33150; 54)
+252896: mip =     not found yet >=   1.000000000e+00        (33607; 55)
+254113: mip =     not found yet >=   1.000000000e+00        (34080; 55)
+261640: mip =     not found yet >=   1.000000000e+00        (34455; 57)
+262301: mip =     not found yet >=   1.000000000e+00        (34945; 57)
+263769: mip =     not found yet >=   1.000000000e+00        (35529; 57)
+268681: mip =     not found yet >=   1.000000000e+00        (35923; 59)
+274822: mip =     not found yet >=   1.000000000e+00        (36334; 60)
+279679: mip =     not found yet >=   1.000000000e+00        (36822; 61)
+281776: mip =     not found yet >=   1.000000000e+00        (37530; 62)
Time used: 420.0 secs.  Memory used: 736.2 Mb.
+282975: mip =     not found yet >=   1.000000000e+00        (38024; 62)
+287936: mip =     not found yet >=   1.000000000e+00        (38454; 63)
+291673: mip =     not found yet >=   1.000000000e+00        (38870; 64)
+296338: mip =     not found yet >=   1.000000000e+00        (39299; 65)
+302573: mip =     not found yet >=   1.000000000e+00        (39707; 66)
+304290: mip =     not found yet >=   1.000000000e+00        (40205; 67)
+305025: mip =     not found yet >=   1.000000000e+00        (40646; 67)
+310003: mip =     not found yet >=   1.000000000e+00        (41154; 68)
+318810: mip =     not found yet >=   1.000000000e+00        (41590; 70)
+331770: mip =     not found yet >=   1.000000000e+00        (41895; 74)
+344839: mip =     not found yet >=   1.000000000e+00        (42188; 77)
+357705: mip =     not found yet >=   1.000000000e+00        (42495; 81)
Time used: 480.0 secs.  Memory used: 744.6 Mb.
+370133: mip =     not found yet >=   1.000000000e+00        (42845; 84)
+382677: mip =     not found yet >=   1.000000000e+00        (43200; 88)
+393671: mip =     not found yet >=   1.000000000e+00        (43571; 91)
+402759: mip =     not found yet >=   1.000000000e+00        (43972; 94)
+409937: mip =     not found yet >=   1.000000000e+00        (44416; 96)
+417589: mip =     not found yet >=   1.000000000e+00        (44893; 98)
+428199: mip =     not found yet >=   1.000000000e+00        (45277; 101)
+437817: mip =     not found yet >=   1.000000000e+00        (45663; 104)
+440017: mip =     not found yet >=   1.000000000e+00        (46222; 105)
+442342: mip =     not found yet >=   1.000000000e+00        (46752; 105)
+449423: mip =     not found yet >=   1.000000000e+00        (47284; 107)
+458104: mip =     not found yet >=   1.000000000e+00        (47690; 110)
Time used: 540.0 secs.  Memory used: 752.8 Mb.
+460291: mip =     not found yet >=   1.000000000e+00        (48230; 110)
+472092: mip =     not found yet >=   1.000000000e+00        (48576; 114)
+472557: mip =     not found yet >=   1.000000000e+00        (49038; 114)
+473277: mip =     not found yet >=   1.000000000e+00        (49453; 114)
+477555: mip =     not found yet >=   1.000000000e+00        (49978; 115)
+481093: mip =     not found yet >=   1.000000000e+00        (50472; 116)
+484537: mip =     not found yet >=   1.000000000e+00        (50940; 117)
+487487: mip =     not found yet >=   1.000000000e+00        (51421; 117)
+490078: mip =     not found yet >=   1.000000000e+00        (51906; 118)
+492780: mip =     not found yet >=   1.000000000e+00        (52393; 119)
+495837: mip =     not found yet >=   1.000000000e+00        (52869; 120)
+499212: mip =     not found yet >=   1.000000000e+00        (53339; 121)
Time used: 600.0 secs.  Memory used: 757.6 Mb.
+502701: mip =     not found yet >=   1.000000000e+00        (53811; 122)
+506185: mip =     not found yet >=   1.000000000e+00        (54281; 123)
+509672: mip =     not found yet >=   1.000000000e+00        (54751; 124)
+513157: mip =     not found yet >=   1.000000000e+00        (55222; 125)
+516639: mip =     not found yet >=   1.000000000e+00        (55690; 126)
+520127: mip =     not found yet >=   1.000000000e+00        (56161; 127)
+523528: mip =     not found yet >=   1.000000000e+00        (56628; 128)
+526969: mip =     not found yet >=   1.000000000e+00        (57094; 129)
+530450: mip =     not found yet >=   1.000000000e+00        (57561; 130)
+533905: mip =     not found yet >=   1.000000000e+00        (58029; 131)
+537387: mip =     not found yet >=   1.000000000e+00        (58497; 132)
+540536: mip =     not found yet >=   1.000000000e+00        (58971; 132)
Time used: 660.0 secs.  Memory used: 762.2 Mb.
+543069: mip =     not found yet >=   1.000000000e+00        (59455; 133)
+545752: mip =     not found yet >=   1.000000000e+00        (59941; 134)
+548650: mip =     not found yet >=   1.000000000e+00        (60420; 135)
+552019: mip =     not found yet >=   1.000000000e+00        (60891; 136)
+555507: mip =     not found yet >=   1.000000000e+00        (61362; 137)
+558991: mip =     not found yet >=   1.000000000e+00        (61832; 138)
+562477: mip =     not found yet >=   1.000000000e+00        (62301; 139)
+565962: mip =     not found yet >=   1.000000000e+00        (62772; 140)
+569448: mip =     not found yet >=   1.000000000e+00        (63244; 141)
+572936: mip =     not found yet >=   1.000000000e+00        (63715; 142)
+576373: mip =     not found yet >=   1.000000000e+00        (64184; 143)
+579792: mip =     not found yet >=   1.000000000e+00        (64662; 144)
Time used: 720.0 secs.  Memory used: 767.0 Mb.
+583303: mip =     not found yet >=   1.000000000e+00        (65156; 145)
+586815: mip =     not found yet >=   1.000000000e+00        (65651; 146)
+590327: mip =     not found yet >=   1.000000000e+00        (66146; 147)
+593839: mip =     not found yet >=   1.000000000e+00        (66641; 148)
+597350: mip =     not found yet >=   1.000000000e+00        (67135; 149)
+600861: mip =     not found yet >=   1.000000000e+00        (67629; 150)
+604370: mip =     not found yet >=   1.000000000e+00        (68124; 151)
+607852: mip =     not found yet >=   1.000000000e+00        (68619; 152)
+611364: mip =     not found yet >=   1.000000000e+00        (69114; 153)
+614876: mip =     not found yet >=   1.000000000e+00        (69609; 154)
+618388: mip =     not found yet >=   1.000000000e+00        (70104; 155)
+621901: mip =     not found yet >=   1.000000000e+00        (70600; 156)
Time used: 780.1 secs.  Memory used: 771.7 Mb.
+625414: mip =     not found yet >=   1.000000000e+00        (71096; 157)
+628924: mip =     not found yet >=   1.000000000e+00        (71592; 158)
+632437: mip =     not found yet >=   1.000000000e+00        (72088; 159)
+635949: mip =     not found yet >=   1.000000000e+00        (72583; 160)
+639463: mip =     not found yet >=   1.000000000e+00        (73080; 161)
+646848: mip =     not found yet >=   1.000000000e+00        (73513; 163)
+654707: mip =     not found yet >=   1.000000000e+00        (73935; 165)
+663118: mip =     not found yet >=   1.000000000e+00        (74338; 167)
+673022: mip =     not found yet >=   1.000000000e+00        (74698; 169)
+682120: mip =     not found yet >=   1.000000000e+00        (75088; 172)
+691343: mip =     not found yet >=   1.000000000e+00        (75471; 174)
+701077: mip =     not found yet >=   1.000000000e+00        (75836; 177)
Time used: 840.1 secs.  Memory used: 778.9 Mb.
+709613: mip =     not found yet >=   1.000000000e+00        (76240; 179)
+719590: mip =     not found yet >=   1.000000000e+00        (76600; 181)
+729014: mip =     not found yet >=   1.000000000e+00        (76982; 184)
+737962: mip =     not found yet >=   1.000000000e+00        (77373; 186)
+747946: mip =     not found yet >=   1.000000000e+00        (77730; 189)
+756415: mip =     not found yet >=   1.000000000e+00        (78133; 191)
+766103: mip =     not found yet >=   1.000000000e+00        (78501; 193)
+775898: mip =     not found yet >=   1.000000000e+00        (78873; 196)
+783773: mip =     not found yet >=   1.000000000e+00        (79241; 198)
+793082: mip =     not found yet >=   1.000000000e+00        (79607; 200)
+802778: mip =     not found yet >=   1.000000000e+00        (79974; 203)
+811521: mip =     not found yet >=   1.000000000e+00        (80376; 205)
Time used: 900.1 secs.  Memory used: 787.2 Mb.
+821394: mip =     not found yet >=   1.000000000e+00        (80737; 207)
+830573: mip =     not found yet >=   1.000000000e+00        (81117; 210)
+834816: mip =     not found yet >=   1.000000000e+00        (81609; 211)
+844619: mip =     not found yet >=   1.000000000e+00        (81987; 213)
+856522: mip =     not found yet >=   1.000000000e+00        (82305; 215)
+868554: mip =     not found yet >=   1.000000000e+00        (82642; 218)
+879601: mip =     not found yet >=   1.000000000e+00        (82977; 220)
+892835: mip =     not found yet >=   1.000000000e+00        (83299; 223)
+903113: mip =     not found yet >=   1.000000000e+00        (83653; 225)
+914957: mip =     not found yet >=   1.000000000e+00        (83971; 227)
+927110: mip =     not found yet >=   1.000000000e+00        (84306; 230)
+938028: mip =     not found yet >=   1.000000000e+00        (84643; 232)
Time used: 960.1 secs.  Memory used: 797.7 Mb.
+951395: mip =     not found yet >=   1.000000000e+00        (84967; 235)
+961625: mip =     not found yet >=   1.000000000e+00        (85320; 237)
+973351: mip =     not found yet >=   1.000000000e+00        (85638; 239)
+985548: mip =     not found yet >=   1.000000000e+00        (85971; 242)
+996523: mip =     not found yet >=   1.000000000e+00        (86311; 244)
+1009025: mip =     not found yet >=   1.000000000e+00        (86629; 246)
+1020879: mip =     not found yet >=   1.000000000e+00        (86967; 249)
+1032109: mip =     not found yet >=   1.000000000e+00        (87304; 251)
+1041604: mip =     not found yet >=   1.000000000e+00        (87701; 253)
+1050417: mip =     not found yet >=   1.000000000e+00        (88106; 255)
+1059571: mip =     not found yet >=   1.000000000e+00        (88518; 257)
+1066135: mip =     not found yet >=   1.000000000e+00        (88952; 258)
Time used: 1020.1 secs.  Memory used: 805.2 Mb.
+1070224: mip =     not found yet >=   1.000000000e+00        (89412; 260)
+1071175: mip =     not found yet >=   1.000000000e+00        (89946; 260)
+1072363: mip =     not found yet >=   1.000000000e+00        (90452; 260)
+1076642: mip =     not found yet >=   1.000000000e+00        (90934; 261)
+1084310: mip =     not found yet >=   1.000000000e+00        (91347; 263)
+1085460: mip =     not found yet >=   1.000000000e+00        (91894; 263)
+1091393: mip =     not found yet >=   1.000000000e+00        (92312; 265)
+1095031: mip =     not found yet >=   1.000000000e+00        (92790; 266)
+1100190: mip =     not found yet >=   1.000000000e+00        (93244; 267)
+1104996: mip =     not found yet >=   1.000000000e+00        (93719; 268)
+1110701: mip =     not found yet >=   1.000000000e+00        (94138; 270)
+1114177: mip =     not found yet >=   1.000000000e+00        (94623; 270)
Time used: 1080.1 secs.  Memory used: 809.9 Mb.
+1116033: mip =     not found yet >=   1.000000000e+00        (95061; 271)
+1116490: mip =     not found yet >=   1.000000000e+00        (95514; 271)
+1121131: mip =     not found yet >=   1.000000000e+00        (96019; 272)
+1125296: mip =     not found yet >=   1.000000000e+00        (96511; 273)
+1129678: mip =     not found yet >=   1.000000000e+00        (96937; 274)
+1130797: mip =     not found yet >=   1.000000000e+00        (97407; 274)
+1137016: mip =     not found yet >=   1.000000000e+00        (97832; 276)
+1144722: mip =     not found yet >=   1.000000000e+00        (98242; 278)
+1147250: mip =     not found yet >=   1.000000000e+00        (98719; 279)
+1151609: mip =     not found yet >=   1.000000000e+00        (99156; 280)
+1158162: mip =     not found yet >=   1.000000000e+00        (99613; 281)
+1164716: mip =     not found yet >=   1.000000000e+00        (100070; 283)
Time used: 1140.1 secs.  Memory used: 814.6 Mb.
+1167248: mip =     not found yet >=   1.000000000e+00        (100648; 283)
+1174847: mip =     not found yet >=   1.000000000e+00        (101052; 285)
+1182457: mip =     not found yet >=   1.000000000e+00        (101451; 287)
+1185929: mip =     not found yet >=   1.000000000e+00        (101942; 288)
+1191286: mip =     not found yet >=   1.000000000e+00        (102391; 290)
+1195377: mip =     not found yet >=   1.000000000e+00        (102881; 291)
+1199855: mip =     not found yet >=   1.000000000e+00        (103314; 292)
+1205530: mip =     not found yet >=   1.000000000e+00        (103748; 293)
+1206391: mip =     not found yet >=   1.000000000e+00        (104357; 293)
+1212244: mip =     not found yet >=   1.000000000e+00        (104842; 294)
+1218435: mip =     not found yet >=   1.000000000e+00        (105284; 296)
+1225961: mip =     not found yet >=   1.000000000e+00        (105673; 298)
Time used: 1200.1 secs.  Memory used: 820.2 Mb.
+1230296: mip =     not found yet >=   1.000000000e+00        (106117; 299)
+1235352: mip =     not found yet >=   1.000000000e+00        (106563; 300)
+1240294: mip =     not found yet >=   1.000000000e+00        (107038; 301)
+1241927: mip =     not found yet >=   1.000000000e+00        (107521; 302)
+1250154: mip =     not found yet >=   1.000000000e+00        (107917; 304)
+1252157: mip =     not found yet >=   1.000000000e+00        (108399; 305)
+1255819: mip =     not found yet >=   1.000000000e+00        (108890; 306)
+1260008: mip =     not found yet >=   1.000000000e+00        (109363; 307)
+1268519: mip =     not found yet >=   1.000000000e+00        (109733; 309)
+1277516: mip =     not found yet >=   1.000000000e+00        (110090; 311)
+1286773: mip =     not found yet >=   1.000000000e+00        (110437; 313)
+1295955: mip =     not found yet >=   1.000000000e+00        (110786; 315)
Time used: 1260.1 secs.  Memory used: 825.9 Mb.
+1305024: mip =     not found yet >=   1.000000000e+00        (111137; 317)
+1314024: mip =     not found yet >=   1.000000000e+00        (111491; 319)
+1322905: mip =     not found yet >=   1.000000000e+00        (111847; 321)
+1331658: mip =     not found yet >=   1.000000000e+00        (112205; 323)
+1340292: mip =     not found yet >=   1.000000000e+00        (112565; 325)
+1348857: mip =     not found yet >=   1.000000000e+00        (112928; 327)
+1357309: mip =     not found yet >=   1.000000000e+00        (113293; 329)
+1365686: mip =     not found yet >=   1.000000000e+00        (113660; 331)
+1374322: mip =     not found yet >=   1.000000000e+00        (114016; 333)
+1383134: mip =     not found yet >=   1.000000000e+00        (114370; 335)
+1391883: mip =     not found yet >=   1.000000000e+00        (114726; 337)
+1400685: mip =     not found yet >=   1.000000000e+00        (115081; 339)
Time used: 1320.1 secs.  Memory used: 832.7 Mb.
+1408405: mip =     not found yet >=   1.000000000e+00        (115448; 341)
+1416080: mip =     not found yet >=   1.000000000e+00        (115822; 342)
+1423669: mip =     not found yet >=   1.000000000e+00        (116203; 344)
+1431865: mip =     not found yet >=   1.000000000e+00        (116569; 346)
+1440610: mip =     not found yet >=   1.000000000e+00        (116923; 348)
+1449380: mip =     not found yet >=   1.000000000e+00        (117279; 350)
+1456102: mip =     not found yet >=   1.000000000e+00        (117662; 351)
+1463079: mip =     not found yet >=   1.000000000e+00        (118068; 353)
+1466485: mip =     not found yet >=   1.000000000e+00        (118575; 354)
+1468397: mip =     not found yet >=   1.000000000e+00        (119079; 355)
+1468905: mip =     not found yet >=   1.000000000e+00        (119580; 355)
+1471828: mip =     not found yet >=   1.000000000e+00        (120126; 355)
Time used: 1380.1 secs.  Memory used: 838.1 Mb.
+1478193: mip =     not found yet >=   1.000000000e+00        (120564; 357)
+1485675: mip =     not found yet >=   1.000000000e+00        (120971; 359)
+1490737: mip =     not found yet >=   1.000000000e+00        (121415; 360)
+1497600: mip =     not found yet >=   1.000000000e+00        (121837; 362)
+1503272: mip =     not found yet >=   1.000000000e+00        (122273; 364)
+1507363: mip =     not found yet >=   1.000000000e+00        (122746; 365)
+1508706: mip =     not found yet >=   1.000000000e+00        (123265; 365)
+1512824: mip =     not found yet >=   1.000000000e+00        (123742; 367)
+1517341: mip =     not found yet >=   1.000000000e+00        (124185; 369)
+1521631: mip =     not found yet >=   1.000000000e+00        (124660; 370)
+1526913: mip =     not found yet >=   1.000000000e+00        (125111; 371)
+1528068: mip =     not found yet >=   1.000000000e+00        (125641; 371)
Time used: 1440.2 secs.  Memory used: 843.2 Mb.
+1537504: mip =     not found yet >=   1.000000000e+00        (126144; 373)
+1546431: mip =     not found yet >=   1.000000000e+00        (126499; 375)
+1552736: mip =     not found yet >=   1.000000000e+00        (126910; 376)
+1555989: mip =     not found yet >=   1.000000000e+00        (127345; 377)
+1563851: mip =     not found yet >=   1.000000000e+00        (127764; 379)
+1571308: mip =     not found yet >=   1.000000000e+00        (128183; 380)
+1580682: mip =     not found yet >=   1.000000000e+00        (128543; 382)
+1588486: mip =     not found yet >=   1.000000000e+00        (128947; 384)
+1598238: mip =     not found yet >=   1.000000000e+00        (129337; 386)
+1607142: mip =     not found yet >=   1.000000000e+00        (129658; 388)
+1616645: mip =     not found yet >=   1.000000000e+00        (129992; 390)
+1626207: mip =     not found yet >=   1.000000000e+00        (130347; 392)
Time used: 1500.2 secs.  Memory used: 849.6 Mb.
+1632696: mip =     not found yet >=   1.000000000e+00        (130738; 393)
+1635915: mip =     not found yet >=   1.000000000e+00        (131175; 394)
+1637917: mip =     not found yet >=   1.000000000e+00        (131644; 394)
+1642566: mip =     not found yet >=   1.000000000e+00        (132044; 395)
+1645857: mip =     not found yet >=   1.000000000e+00        (132478; 396)
+1654100: mip =     not found yet >=   1.000000000e+00        (132896; 398)
+1661264: mip =     not found yet >=   1.000000000e+00        (133323; 400)
+1669180: mip =     not found yet >=   1.000000000e+00        (133742; 401)
+1672513: mip =     not found yet >=   1.000000000e+00        (134196; 402)
+1678062: mip =     not found yet >=   1.000000000e+00        (134600; 403)
+1685588: mip =     not found yet >=   1.000000000e+00        (135003; 405)
+1694405: mip =     not found yet >=   1.000000000e+00        (135371; 407)
Time used: 1560.2 secs.  Memory used: 854.7 Mb.
+1703984: mip =     not found yet >=   1.000000000e+00        (135722; 409)
+1712892: mip =     not found yet >=   1.000000000e+00        (136076; 411)
+1721024: mip =     not found yet >=   1.000000000e+00        (136446; 412)
+1728472: mip =     not found yet >=   1.000000000e+00        (136851; 414)
+1736608: mip =     not found yet >=   1.000000000e+00        (137230; 416)
+1745758: mip =     not found yet >=   1.000000000e+00        (137627; 418)
+1750955: mip =     not found yet >=   1.000000000e+00        (138093; 419)
+1754971: mip =     not found yet >=   1.000000000e+00        (138608; 420)
+1760788: mip =     not found yet >=   1.000000000e+00        (139130; 421)
+1761594: mip =     not found yet >=   1.000000000e+00        (139604; 422)
+1765375: mip =     not found yet >=   1.000000000e+00        (140113; 423)
+1771647: mip =     not found yet >=   1.000000000e+00        (140565; 424)
Time used: 1620.2 secs.  Memory used: 860.3 Mb.
+1774703: mip =     not found yet >=   1.000000000e+00        (141058; 426)
+1778252: mip =     not found yet >=   1.000000000e+00        (141547; 427)
+1784478: mip =     not found yet >=   1.000000000e+00        (142001; 429)
+1789783: mip =     not found yet >=   1.000000000e+00        (142428; 430)
+1790142: mip =     not found yet >=   1.000000000e+00        (142781; 430)
+1791351: mip =     not found yet >=   1.000000000e+00        (143214; 431)
+1791892: mip =     not found yet >=   1.000000000e+00        (143750; 431)
+1798542: mip =     not found yet >=   1.000000000e+00        (144103; 433)
+1805676: mip =     not found yet >=   1.000000000e+00        (144476; 434)
+1814283: mip =     not found yet >=   1.000000000e+00        (144853; 437)
+1822437: mip =     not found yet >=   1.000000000e+00        (145226; 439)
+1831536: mip =     not found yet >=   1.000000000e+00        (145592; 441)
Time used: 1680.2 secs.  Memory used: 865.6 Mb.
+1841491: mip =     not found yet >=   1.000000000e+00        (145950; 444)
+1850452: mip =     not found yet >=   1.000000000e+00        (146311; 446)
+1860355: mip =     not found yet >=   1.000000000e+00        (146665; 448)
+1869786: mip =     not found yet >=   1.000000000e+00        (147032; 451)
+1878818: mip =     not found yet >=   1.000000000e+00        (147397; 453)
+1889095: mip =     not found yet >=   1.000000000e+00        (147746; 456)
+1898164: mip =     not found yet >=   1.000000000e+00        (148108; 458)
+1907607: mip =     not found yet >=   1.000000000e+00        (148469; 460)
+1917117: mip =     not found yet >=   1.000000000e+00        (148835; 463)
+1926032: mip =     not found yet >=   1.000000000e+00        (149195; 465)
+1936214: mip =     not found yet >=   1.000000000e+00        (149542; 468)
+1945653: mip =     not found yet >=   1.000000000e+00        (149906; 470)
Time used: 1740.2 secs.  Memory used: 873.6 Mb.
+1954689: mip =     not found yet >=   1.000000000e+00        (150271; 472)
+1964762: mip =     not found yet >=   1.000000000e+00        (150626; 475)
+1973724: mip =     not found yet >=   1.000000000e+00        (150987; 477)
+1983510: mip =     not found yet >=   1.000000000e+00        (151344; 479)
+1989130: mip =     not found yet >=   1.000000000e+00        (151764; 481)
+1994071: mip =     not found yet >=   1.000000000e+00        (152195; 482)
+1996465: mip =     not found yet >=   1.000000000e+00        (152646; 483)
+1998102: mip =     not found yet >=   1.000000000e+00        (153129; 484)
+2006291: mip =     not found yet >=   1.000000000e+00        (153587; 486)
+2011093: mip =     not found yet >=   1.000000000e+00        (154057; 487)
+2017742: mip =     not found yet >=   1.000000000e+00        (154487; 489)
+2024944: mip =     not found yet >=   1.000000000e+00        (154900; 491)
Time used: 1800.2 secs.  Memory used: 879.8 Mb.
+2029796: mip =     not found yet >=   1.000000000e+00        (155349; 493)
+2032059: mip =     not found yet >=   1.000000000e+00        (155845; 494)
+2036135: mip =     not found yet >=   1.000000000e+00        (156349; 495)
+2043723: mip =     not found yet >=   1.000000000e+00        (156765; 497)
+2045131: mip =     not found yet >=   1.000000000e+00        (157309; 498)
+2046008: mip =     not found yet >=   1.000000000e+00        (157772; 498)
+2049731: mip =     not found yet >=   1.000000000e+00        (158227; 499)
+2053344: mip =     not found yet >=   1.000000000e+00        (158748; 500)
+2055584: mip =     not found yet >=   1.000000000e+00        (159250; 501)
+2060603: mip =     not found yet >=   1.000000000e+00        (159658; 502)
+2066405: mip =     not found yet >=   1.000000000e+00        (160094; 504)
+2068972: mip =     not found yet >=   1.000000000e+00        (160582; 504)
Time used: 1860.2 secs.  Memory used: 884.0 Mb.
+2077215: mip =     not found yet >=   1.000000000e+00        (160980; 507)
+2085328: mip =     not found yet >=   1.000000000e+00        (161410; 509)
+2092399: mip =     not found yet >=   1.000000000e+00        (161854; 511)
+2094859: mip =     not found yet >=   1.000000000e+00        (162378; 512)
+2098940: mip =     not found yet >=   1.000000000e+00        (162873; 514)
+2099632: mip =     not found yet >=   1.000000000e+00        (163366; 514)
+2103455: mip =     not found yet >=   1.000000000e+00        (163819; 515)
+2106696: mip =     not found yet >=   1.000000000e+00        (164331; 516)
+2110703: mip =     not found yet >=   1.000000000e+00        (164811; 517)
+2111601: mip =     not found yet >=   1.000000000e+00        (165364; 517)
+2118210: mip =     not found yet >=   1.000000000e+00        (165844; 519)
+2123395: mip =     not found yet >=   1.000000000e+00        (166333; 521)
Time used: 1920.2 secs.  Memory used: 894.0 Mb.
+2127629: mip =     not found yet >=   1.000000000e+00        (166865; 522)
+2131793: mip =     not found yet >=   1.000000000e+00        (167355; 523)
+2138917: mip =     not found yet >=   1.000000000e+00        (167785; 525)
+2145865: mip =     not found yet >=   1.000000000e+00        (168225; 527)
+2153120: mip =     not found yet >=   1.000000000e+00        (168657; 529)
+2160630: mip =     not found yet >=   1.000000000e+00        (169082; 531)
+2168182: mip =     not found yet >=   1.000000000e+00        (169507; 533)
+2175779: mip =     not found yet >=   1.000000000e+00        (169933; 535)
+2183457: mip =     not found yet >=   1.000000000e+00        (170360; 537)
+2190638: mip =     not found yet >=   1.000000000e+00        (170795; 540)
+2197617: mip =     not found yet >=   1.000000000e+00        (171239; 542)
+2204570: mip =     not found yet >=   1.000000000e+00        (171684; 544)
Time used: 1980.2 secs.  Memory used: 901.0 Mb.
+2211590: mip =     not found yet >=   1.000000000e+00        (172124; 546)
+2218537: mip =     not found yet >=   1.000000000e+00        (172563; 548)
+2225483: mip =     not found yet >=   1.000000000e+00        (173001; 550)
+2232552: mip =     not found yet >=   1.000000000e+00        (173437; 552)
+2239992: mip =     not found yet >=   1.000000000e+00        (173862; 554)
+2247460: mip =     not found yet >=   1.000000000e+00        (174286; 556)
+2254994: mip =     not found yet >=   1.000000000e+00        (174711; 558)
+2262603: mip =     not found yet >=   1.000000000e+00        (175137; 560)
+2270179: mip =     not found yet >=   1.000000000e+00        (175562; 563)
+2277210: mip =     not found yet >=   1.000000000e+00        (176005; 565)
+2284177: mip =     not found yet >=   1.000000000e+00        (176449; 567)
+2291127: mip =     not found yet >=   1.000000000e+00        (176894; 569)
Time used: 2040.2 secs.  Memory used: 908.3 Mb.
+2295513: mip =     not found yet >=   1.000000000e+00        (177325; 570)
+2298636: mip =     not found yet >=   1.000000000e+00        (177790; 571)
+2299241: mip =     not found yet >=   1.000000000e+00        (178369; 571)
+2302868: mip =     not found yet >=   1.000000000e+00        (178856; 572)
+2306621: mip =     not found yet >=   1.000000000e+00        (179332; 573)
+2308404: mip =     not found yet >=   1.000000000e+00        (179871; 574)
+2313841: mip =     not found yet >=   1.000000000e+00        (180325; 576)
+2320441: mip =     not found yet >=   1.000000000e+00        (180771; 577)
+2322807: mip =     not found yet >=   1.000000000e+00        (181287; 578)
+2323504: mip =     not found yet >=   1.000000000e+00        (181766; 578)
+2327450: mip =     not found yet >=   1.000000000e+00        (182203; 579)
+2333499: mip =     not found yet >=   1.000000000e+00        (182697; 580)
Time used: 2100.2 secs.  Memory used: 912.3 Mb.
+2338626: mip =     not found yet >=   1.000000000e+00        (183326; 581)
+2345296: mip =     not found yet >=   1.000000000e+00        (183849; 583)
+2351245: mip =     not found yet >=   1.000000000e+00        (184320; 585)
+2356196: mip =     not found yet >=   1.000000000e+00        (184776; 586)
+2356710: mip =     not found yet >=   1.000000000e+00        (185285; 586)
+2358813: mip =     not found yet >=   1.000000000e+00        (185732; 587)
+2359321: mip =     not found yet >=   1.000000000e+00        (186216; 587)
+2362722: mip =     not found yet >=   1.000000000e+00        (186598; 588)
+2368182: mip =     not found yet >=   1.000000000e+00        (187148; 589)
+2375973: mip =     not found yet >=   1.000000000e+00        (187561; 591)
+2382911: mip =     not found yet >=   1.000000000e+00        (187991; 593)
+2383398: mip =     not found yet >=   1.000000000e+00        (188475; 593)
Time used: 2160.2 secs.  Memory used: 917.0 Mb.
+2385835: mip =     not found yet >=   1.000000000e+00        (188916; 593)
+2391692: mip =     not found yet >=   1.000000000e+00        (189353; 595)
+2392247: mip =     not found yet >=   1.000000000e+00        (189845; 595)
+2396413: mip =     not found yet >=   1.000000000e+00        (190416; 596)
+2401597: mip =     not found yet >=   1.000000000e+00        (190896; 598)
+2407773: mip =     not found yet >=   1.000000000e+00        (191359; 600)
+2414868: mip =     not found yet >=   1.000000000e+00        (191783; 602)
+2417596: mip =     not found yet >=   1.000000000e+00        (192229; 603)
+2421236: mip =     not found yet >=   1.000000000e+00        (192615; 604)
+2427232: mip =     not found yet >=   1.000000000e+00        (193060; 606)
+2433677: mip =     not found yet >=   1.000000000e+00        (193452; 607)
+2438940: mip =     not found yet >=   1.000000000e+00        (193902; 609)
Time used: 2220.2 secs.  Memory used: 921.9 Mb.
+2441312: mip =     not found yet >=   1.000000000e+00        (194356; 610)
+2444810: mip =     not found yet >=   1.000000000e+00        (194812; 611)
+2451971: mip =     not found yet >=   1.000000000e+00        (195207; 613)
+2458372: mip =     not found yet >=   1.000000000e+00        (195634; 615)
+2460082: mip =     not found yet >=   1.000000000e+00        (196151; 615)
+2465634: mip =     not found yet >=   1.000000000e+00        (196597; 617)
+2466408: mip =     not found yet >=   1.000000000e+00        (197152; 617)
+2471822: mip =     not found yet >=   1.000000000e+00        (197629; 618)
+2476799: mip =     not found yet >=   1.000000000e+00        (198193; 619)
+2484323: mip =     not found yet >=   1.000000000e+00        (198600; 621)
+2485622: mip =     not found yet >=   1.000000000e+00        (199132; 622)
+2492552: mip =     not found yet >=   1.000000000e+00        (199572; 624)
Time used: 2280.2 secs.  Memory used: 927.0 Mb.
+2496702: mip =     not found yet >=   1.000000000e+00        (200052; 625)
+2499154: mip =     not found yet >=   1.000000000e+00        (200562; 625)
+2504077: mip =     not found yet >=   1.000000000e+00        (201046; 627)
+2507839: mip =     not found yet >=   1.000000000e+00        (201510; 628)
+2516952: mip =     not found yet >=   1.000000000e+00        (201884; 631)
+2521265: mip =     not found yet >=   1.000000000e+00        (202353; 632)
+2524191: mip =     not found yet >=   1.000000000e+00        (202840; 633)
+2526828: mip =     not found yet >=   1.000000000e+00        (203279; 634)
+2530692: mip =     not found yet >=   1.000000000e+00        (203784; 635)
+2534006: mip =     not found yet >=   1.000000000e+00        (204251; 636)
+2534505: mip =     not found yet >=   1.000000000e+00        (204747; 636)
+2540750: mip =     not found yet >=   1.000000000e+00        (205153; 637)
Time used: 2340.2 secs.  Memory used: 931.4 Mb.
+2546522: mip =     not found yet >=   1.000000000e+00        (205670; 639)
+2548212: mip =     not found yet >=   1.000000000e+00        (206186; 639)
+2555624: mip =     not found yet >=   1.000000000e+00        (206604; 641)
+2557931: mip =     not found yet >=   1.000000000e+00        (207138; 642)
+2561903: mip =     not found yet >=   1.000000000e+00        (207710; 643)
+2567151: mip =     not found yet >=   1.000000000e+00        (208198; 645)
+2570529: mip =     not found yet >=   1.000000000e+00        (208651; 646)
+2575418: mip =     not found yet >=   1.000000000e+00        (209142; 647)
+2582398: mip =     not found yet >=   1.000000000e+00        (209608; 649)
+2587408: mip =     not found yet >=   1.000000000e+00        (210115; 651)
+2592859: mip =     not found yet >=   1.000000000e+00        (210653; 652)
+2600531: mip =     not found yet >=   1.000000000e+00        (211086; 655)
Time used: 2400.2 secs.  Memory used: 937.0 Mb.
+2605253: mip =     not found yet >=   1.000000000e+00        (211533; 656)
+2612996: mip =     not found yet >=   1.000000000e+00        (211957; 658)
+2613696: mip =     not found yet >=   1.000000000e+00        (212499; 658)
+2615568: mip =     not found yet >=   1.000000000e+00        (213057; 658)
+2619893: mip =     not found yet >=   1.000000000e+00        (213619; 660)
+2623737: mip =     not found yet >=   1.000000000e+00        (214232; 661)
+2625938: mip =     not found yet >=   1.000000000e+00        (214676; 661)
+2628302: mip =     not found yet >=   1.000000000e+00        (215139; 662)
+2630609: mip =     not found yet >=   1.000000000e+00        (215649; 662)
+2635068: mip =     not found yet >=   1.000000000e+00        (216064; 664)
+2635530: mip =     not found yet >=   1.000000000e+00        (216522; 664)
+2637020: mip =     not found yet >=   1.000000000e+00        (216917; 664)
Time used: 2460.2 secs.  Memory used: 940.8 Mb.
+2640640: mip =     not found yet >=   1.000000000e+00        (217440; 665)
+2645329: mip =     not found yet >=   1.000000000e+00        (217978; 666)
+2649015: mip =     not found yet >=   1.000000000e+00        (218498; 667)
+2649737: mip =     not found yet >=   1.000000000e+00        (219037; 668)
+2652269: mip =     not found yet >=   1.000000000e+00        (219593; 668)
+2658625: mip =     not found yet >=   1.000000000e+00        (220006; 670)
+2662132: mip =     not found yet >=   1.000000000e+00        (220451; 671)
+2665306: mip =     not found yet >=   1.000000000e+00        (220906; 672)
+2667288: mip =     not found yet >=   1.000000000e+00        (221393; 673)
+2671112: mip =     not found yet >=   1.000000000e+00        (221854; 675)
+2671710: mip =     not found yet >=   1.000000000e+00        (222398; 675)
Time used: 2520.2 secs.  Memory used: 944.8 Mb.
+2672911: mip =     not found yet >=   1.000000000e+00        (222935; 675)
+2679562: mip =     not found yet >=   1.000000000e+00        (223399; 677)
+2683119: mip =     not found yet >=   1.000000000e+00        (224029; 678)
+2691234: mip =     not found yet >=   1.000000000e+00        (224460; 680)
+2696417: mip =     not found yet >=   1.000000000e+00        (225056; 682)
+2703424: mip =     not found yet >=   1.000000000e+00        (225505; 684)
+2707741: mip =     not found yet >=   1.000000000e+00        (225960; 686)
+2711526: mip =     not found yet >=   1.000000000e+00        (226453; 687)
+2716056: mip =     not found yet >=   1.000000000e+00        (226952; 688)
+2720519: mip =     not found yet >=   1.000000000e+00        (227515; 689)
+2725521: mip =     not found yet >=   1.000000000e+00        (227990; 691)
+2731230: mip =     not found yet >=   1.000000000e+00        (228476; 693)
Time used: 2580.2 secs.  Memory used: 950.5 Mb.
+2734006: mip =     not found yet >=   1.000000000e+00        (229050; 694)
+2737858: mip =     not found yet >=   1.000000000e+00        (229807; 695)
+2746781: mip =     not found yet >=   1.000000000e+00        (230188; 698)
+2747906: mip =     not found yet >=   1.000000000e+00        (230733; 699)
+2751422: mip =     not found yet >=   1.000000000e+00        (231373; 700)
+2752312: mip =     not found yet >=   1.000000000e+00        (231970; 700)
+2756281: mip =     not found yet >=   1.000000000e+00        (232456; 702)
+2759746: mip =     not found yet >=   1.000000000e+00        (232981; 703)
+2763272: mip =     not found yet >=   1.000000000e+00        (233581; 704)
+2772111: mip =     not found yet >=   1.000000000e+00        (233977; 707)
+2778600: mip =     not found yet >=   1.000000000e+00        (234446; 709)
+2784010: mip =     not found yet >=   1.000000000e+00        (234940; 712)
Time used: 2640.2 secs.  Memory used: 956.0 Mb.
+2787391: mip =     not found yet >=   1.000000000e+00        (235466; 714)
+2789129: mip =     not found yet >=   1.000000000e+00        (236056; 715)
+2791524: mip =     not found yet >=   1.000000000e+00        (236619; 717)
+2794033: mip =     not found yet >=   1.000000000e+00        (237178; 719)
+2796533: mip =     not found yet >=   1.000000000e+00        (237737; 721)
+2798165: mip =     not found yet >=   1.000000000e+00        (238330; 722)
+2800668: mip =     not found yet >=   1.000000000e+00        (238889; 724)
+2803170: mip =     not found yet >=   1.000000000e+00        (239449; 726)
+2804832: mip =     not found yet >=   1.000000000e+00        (240040; 727)
+2807301: mip =     not found yet >=   1.000000000e+00        (240600; 729)
+2809808: mip =     not found yet >=   1.000000000e+00        (241159; 731)
+2812119: mip =     not found yet >=   1.000000000e+00        (241727; 732)
Time used: 2700.3 secs.  Memory used: 959.9 Mb.
+2813874: mip =     not found yet >=   1.000000000e+00        (242258; 734)
+2816376: mip =     not found yet >=   1.000000000e+00        (242815; 736)
+2818566: mip =     not found yet >=   1.000000000e+00        (243390; 737)
+2820511: mip =     not found yet >=   1.000000000e+00        (243968; 739)
+2823009: mip =     not found yet >=   1.000000000e+00        (244528; 741)
+2825517: mip =     not found yet >=   1.000000000e+00        (245087; 743)
+2827140: mip =     not found yet >=   1.000000000e+00        (245679; 744)
+2829650: mip =     not found yet >=   1.000000000e+00        (246238; 746)
+2832145: mip =     not found yet >=   1.000000000e+00        (246798; 748)
+2834036: mip =     not found yet >=   1.000000000e+00        (247381; 749)
+2836280: mip =     not found yet >=   1.000000000e+00        (247948; 751)
+2838785: mip =     not found yet >=   1.000000000e+00        (248508; 753)
Time used: 2760.3 secs.  Memory used: 963.7 Mb.
+2841288: mip =     not found yet >=   1.000000000e+00        (249067; 755)
+2842916: mip =     not found yet >=   1.000000000e+00        (249659; 756)
+2846403: mip =     not found yet >=   1.000000000e+00        (250169; 758)
+2846889: mip =     not found yet >=   1.000000000e+00        (250649; 758)
+2847924: mip =     not found yet >=   1.000000000e+00        (251083; 758)
+2851598: mip =     not found yet >=   1.000000000e+00        (251599; 759)
+2854864: mip =     not found yet >=   1.000000000e+00        (252126; 760)
+2855915: mip =     not found yet >=   1.000000000e+00        (252677; 760)
+2859327: mip =     not found yet >=   1.000000000e+00        (253355; 761)
+2860760: mip =     not found yet >=   1.000000000e+00        (253886; 761)
+2866551: mip =     not found yet >=   1.000000000e+00        (254348; 763)
+2867304: mip =     not found yet >=   1.000000000e+00        (254932; 763)
Time used: 2820.3 secs.  Memory used: 967.3 Mb.
+2869693: mip =     not found yet >=   1.000000000e+00        (255436; 764)
+2870898: mip =     not found yet >=   1.000000000e+00        (256068; 764)
+2874207: mip =     not found yet >=   1.000000000e+00        (256589; 765)
+2878896: mip =     not found yet >=   1.000000000e+00        (257090; 767)
+2879602: mip =     not found yet >=   1.000000000e+00        (257652; 767)
+2881872: mip =     not found yet >=   1.000000000e+00        (258140; 768)
+2882555: mip =     not found yet >=   1.000000000e+00        (258767; 768)
+2886342: mip =     not found yet >=   1.000000000e+00        (259327; 769)
+2888739: mip =     not found yet >=   1.000000000e+00        (259864; 769)
+2891993: mip =     not found yet >=   1.000000000e+00        (260405; 770)
+2892772: mip =     not found yet >=   1.000000000e+00        (260927; 770)
+2896033: mip =     not found yet >=   1.000000000e+00        (261362; 771)
Time used: 2880.3 secs.  Memory used: 970.8 Mb.
+2897592: mip =     not found yet >=   1.000000000e+00        (261852; 772)
+2898125: mip =     not found yet >=   1.000000000e+00        (262353; 772)
+2899926: mip =     not found yet >=   1.000000000e+00        (262827; 773)
+2900557: mip =     not found yet >=   1.000000000e+00        (263321; 773)
+2904791: mip =     not found yet >=   1.000000000e+00        (263733; 775)
+2905518: mip =     not found yet >=   1.000000000e+00        (264175; 775)
+2907807: mip =     not found yet >=   1.000000000e+00        (264694; 776)
+2915499: mip =     not found yet >=   1.000000000e+00        (265104; 778)
+2923151: mip =     not found yet >=   1.000000000e+00        (265555; 781)
+2923765: mip =     not found yet >=   1.000000000e+00        (266159; 781)
+2924998: mip =     not found yet >=   1.000000000e+00        (266754; 781)
+2928106: mip =     not found yet >=   1.000000000e+00        (267349; 782)
Time used: 2940.3 secs.  Memory used: 974.5 Mb.
+2928610: mip =     not found yet >=   1.000000000e+00        (267847; 782)
+2930325: mip =     not found yet >=   1.000000000e+00        (268374; 782)
+2933128: mip =     not found yet >=   1.000000000e+00        (269032; 783)
+2936391: mip =     not found yet >=   1.000000000e+00        (269646; 784)
+2938972: mip =     not found yet >=   1.000000000e+00        (270269; 784)
+2940352: mip =     not found yet >=   1.000000000e+00        (270917; 785)
+2943618: mip =     not found yet >=   1.000000000e+00        (271532; 786)
+2946879: mip =     not found yet >=   1.000000000e+00        (272145; 787)
+2947577: mip =     not found yet >=   1.000000000e+00        (272803; 787)
+2950841: mip =     not found yet >=   1.000000000e+00        (273417; 788)
+2954106: mip =     not found yet >=   1.000000000e+00        (274031; 789)
+2956172: mip =     not found yet >=   1.000000000e+00        (274660; 789)
Time used: 3000.3 secs.  Memory used: 978.6 Mb.
+2958063: mip =     not found yet >=   1.000000000e+00        (275301; 790)
+2961330: mip =     not found yet >=   1.000000000e+00        (275916; 791)
+2964592: mip =     not found yet >=   1.000000000e+00        (276528; 792)
+2965290: mip =     not found yet >=   1.000000000e+00        (277186; 792)
+2968551: mip =     not found yet >=   1.000000000e+00        (277799; 793)
+2971814: mip =     not found yet >=   1.000000000e+00        (278411; 794)
+2973619: mip =     not found yet >=   1.000000000e+00        (279048; 794)
+2975776: mip =     not found yet >=   1.000000000e+00        (279684; 795)
+2979041: mip =     not found yet >=   1.000000000e+00        (280299; 796)
+2982303: mip =     not found yet >=   1.000000000e+00        (280911; 797)
+2983002: mip =     not found yet >=   1.000000000e+00        (281570; 797)
+2986267: mip =     not found yet >=   1.000000000e+00        (282185; 798)
Time used: 3060.3 secs.  Memory used: 982.9 Mb.
+2989528: mip =     not found yet >=   1.000000000e+00        (282798; 799)
+2990533: mip =     not found yet >=   1.000000000e+00        (283440; 799)
+2993487: mip =     not found yet >=   1.000000000e+00        (284067; 800)
+2996753: mip =     not found yet >=   1.000000000e+00        (284681; 801)
+2999966: mip =     not found yet >=   1.000000000e+00        (285291; 802)
+3000711: mip =     not found yet >=   1.000000000e+00        (285952; 802)
+3003977: mip =     not found yet >=   1.000000000e+00        (286567; 803)
+3007238: mip =     not found yet >=   1.000000000e+00        (287178; 804)
+3008132: mip =     not found yet >=   1.000000000e+00        (287828; 804)
+3011197: mip =     not found yet >=   1.000000000e+00        (288449; 805)
+3014461: mip =     not found yet >=   1.000000000e+00        (289062; 806)
+3017257: mip =     not found yet >=   1.000000000e+00        (289682; 806)
Time used: 3120.3 secs.  Memory used: 987.1 Mb.
+3018422: mip =     not found yet >=   1.000000000e+00        (290333; 807)
+3021687: mip =     not found yet >=   1.000000000e+00        (290949; 808)
+3024948: mip =     not found yet >=   1.000000000e+00        (291561; 809)
+3025646: mip =     not found yet >=   1.000000000e+00        (292218; 809)
+3028911: mip =     not found yet >=   1.000000000e+00        (292833; 810)
+3032173: mip =     not found yet >=   1.000000000e+00        (293446; 811)
+3034476: mip =     not found yet >=   1.000000000e+00        (294071; 811)
+3036128: mip =     not found yet >=   1.000000000e+00        (294714; 812)
+3039396: mip =     not found yet >=   1.000000000e+00        (295329; 813)
+3042656: mip =     not found yet >=   1.000000000e+00        (295940; 814)
+3043353: mip =     not found yet >=   1.000000000e+00        (296597; 814)
+3046616: mip =     not found yet >=   1.000000000e+00        (297212; 815)
Time used: 3180.3 secs.  Memory used: 991.3 Mb.
+3049879: mip =     not found yet >=   1.000000000e+00        (297824; 816)
+3051754: mip =     not found yet >=   1.000000000e+00        (298457; 816)
+3053837: mip =     not found yet >=   1.000000000e+00        (299093; 817)
+3057102: mip =     not found yet >=   1.000000000e+00        (299708; 818)
+3060362: mip =     not found yet >=   1.000000000e+00        (300318; 819)
+3061061: mip =     not found yet >=   1.000000000e+00        (300977; 819)
+3064325: mip =     not found yet >=   1.000000000e+00        (301591; 820)
+3067586: mip =     not found yet >=   1.000000000e+00        (302204; 821)
+3068716: mip =     not found yet >=   1.000000000e+00        (302846; 821)
+3071546: mip =     not found yet >=   1.000000000e+00        (303474; 822)
+3074812: mip =     not found yet >=   1.000000000e+00        (304088; 823)
+3078031: mip =     not found yet >=   1.000000000e+00        (304698; 824)
Time used: 3240.3 secs.  Memory used: 995.6 Mb.
+3078770: mip =     not found yet >=   1.000000000e+00        (305359; 824)
+3082036: mip =     not found yet >=   1.000000000e+00        (305974; 825)
+3085298: mip =     not found yet >=   1.000000000e+00        (306586; 826)
+3086194: mip =     not found yet >=   1.000000000e+00        (307235; 826)
+3089257: mip =     not found yet >=   1.000000000e+00        (307857; 827)
+3092898: mip =     not found yet >=   1.000000000e+00        (308399; 828)
+3095120: mip =     not found yet >=   1.000000000e+00        (308921; 829)
+3097994: mip =     not found yet >=   1.000000000e+00        (309436; 829)
+3104536: mip =     not found yet >=   1.000000000e+00        (309854; 831)
+3106583: mip =     not found yet >=   1.000000000e+00        (310407; 832)
+3110551: mip =     not found yet >=   1.000000000e+00        (310980; 833)
+3114548: mip =     not found yet >=   1.000000000e+00        (311532; 834)
Time used: 3300.3 secs.  Memory used: 999.9 Mb.
+3115358: mip =     not found yet >=   1.000000000e+00        (312039; 835)
+3116780: mip =     not found yet >=   1.000000000e+00        (312569; 835)
+3122350: mip =     not found yet >=   1.000000000e+00        (313122; 837)
+3123035: mip =     not found yet >=   1.000000000e+00        (313644; 837)
+3126673: mip =     not found yet >=   1.000000000e+00        (314096; 838)
+3128396: mip =     not found yet >=   1.000000000e+00        (314614; 838)
+3134649: mip =     not found yet >=   1.000000000e+00        (315004; 840)
+3135181: mip =     not found yet >=   1.000000000e+00        (315518; 840)
+3138714: mip =     not found yet >=   1.000000000e+00        (315997; 841)
+3140435: mip =     not found yet >=   1.000000000e+00        (316555; 842)
+3143783: mip =     not found yet >=   1.000000000e+00        (317060; 843)
+3144352: mip =     not found yet >=   1.000000000e+00        (317623; 843)
Time used: 3360.3 secs.  Memory used: 1003.6 Mb.
+3148544: mip =     not found yet >=   1.000000000e+00        (318019; 844)
+3149447: mip =     not found yet >=   1.000000000e+00        (318529; 844)
+3154107: mip =     not found yet >=   1.000000000e+00        (319011; 846)
+3158384: mip =     not found yet >=   1.000000000e+00        (319484; 847)
+3159016: mip =     not found yet >=   1.000000000e+00        (319998; 847)
+3165443: mip =     not found yet >=   1.000000000e+00        (320433; 849)
+3167050: mip =     not found yet >=   1.000000000e+00        (320969; 850)
+3167653: mip =     not found yet >=   1.000000000e+00        (321566; 850)
+3174156: mip =     not found yet >=   1.000000000e+00        (322037; 852)
+3174754: mip =     not found yet >=   1.000000000e+00        (322582; 852)
+3178808: mip =     not found yet >=   1.000000000e+00        (323028; 853)
+3186876: mip =     not found yet >=   1.000000000e+00        (323502; 855)
Time used: 3420.3 secs.  Memory used: 1007.8 Mb.
+3192708: mip =     not found yet >=   1.000000000e+00        (323952; 857)
+3196822: mip =     not found yet >=   1.000000000e+00        (324470; 858)
+3197405: mip =     not found yet >=   1.000000000e+00        (325047; 858)
+3201848: mip =     not found yet >=   1.000000000e+00        (325528; 859)
+3202558: mip =     not found yet >=   1.000000000e+00        (326084; 859)
+3204489: mip =     not found yet >=   1.000000000e+00        (326566; 860)
+3205035: mip =     not found yet >=   1.000000000e+00        (327066; 860)
+3206700: mip =     not found yet >=   1.000000000e+00        (327542; 861)
+3210847: mip =     not found yet >=   1.000000000e+00        (328004; 862)
+3214417: mip =     not found yet >=   1.000000000e+00        (328494; 863)
+3215251: mip =     not found yet >=   1.000000000e+00        (329030; 864)
+3216731: mip =     not found yet >=   1.000000000e+00        (329644; 864)
Time used: 3480.3 secs.  Memory used: 1021.4 Mb.
+3221428: mip =     not found yet >=   1.000000000e+00        (330161; 866)
+3221948: mip =     not found yet >=   1.000000000e+00        (330674; 866)
+3223839: mip =     not found yet >=   1.000000000e+00        (331140; 867)
+3226331: mip =     not found yet >=   1.000000000e+00        (331654; 868)
+3229466: mip =     not found yet >=   1.000000000e+00        (332186; 869)
+3232845: mip =     not found yet >=   1.000000000e+00        (332707; 870)
+3234934: mip =     not found yet >=   1.000000000e+00        (333190; 870)
+3240313: mip =     not found yet >=   1.000000000e+00        (333626; 872)
+3245048: mip =     not found yet >=   1.000000000e+00        (334123; 874)
+3245858: mip =     not found yet >=   1.000000000e+00        (334640; 874)
+3247805: mip =     not found yet >=   1.000000000e+00        (335080; 875)
+3251734: mip =     not found yet >=   1.000000000e+00        (335552; 876)
Time used: 3540.3 secs.  Memory used: 1025.2 Mb.
+3255609: mip =     not found yet >=   1.000000000e+00        (336047; 877)
+3257032: mip =     not found yet >=   1.000000000e+00        (336600; 878)
+3259697: mip =     not found yet >=   1.000000000e+00        (337107; 880)
+3260727: mip =     not found yet >=   1.000000000e+00        (337603; 880)
+3266219: mip =     not found yet >=   1.000000000e+00        (338047; 881)
+3270074: mip =     not found yet >=   1.000000000e+00        (338556; 884)
+3276549: mip =     not found yet >=   1.000000000e+00        (339009; 885)
+3282293: mip =     not found yet >=   1.000000000e+00        (339491; 887)
+3288168: mip =     not found yet >=   1.000000000e+00        (339977; 889)
+3290368: mip =     not found yet >=   1.000000000e+00        (340544; 890)
+3294330: mip =     not found yet >=   1.000000000e+00        (341044; 891)
+3298017: mip =     not found yet >=   1.000000000e+00        (341601; 893)
+3300115: mip =     not found yet >=   1.000000000e+00        (341728; 893)
TIME LIMIT EXCEEDED; SEARCH TERMINATED
Time used:   3601.1 secs
Memory used: 1146.4 Mb (1202116152 bytes)
