GLPSOL: GLPK LP/MIP Solver, v4.65
Parameter(s) specified in the command line:
 -m salbp1.glpk.mod -d glpk-instances/WEE-MAG_c_28.mod --tmlim 3600 --memlim
 7000 --log glpk-results/WEE-MAG_c_28.log
Reading model section from salbp1.glpk.mod...
salbp1.glpk.mod:48: warning: unexpected end of file; missing end statement inserted
48 lines were read
Reading data section from glpk-instances/WEE-MAG_c_28.mod...
glpk-instances/WEE-MAG_c_28.mod:158: warning: final NL missing before end of file
glpk-instances/WEE-MAG_c_28.mod:158: warning: unexpected end of file; missing end statement inserted
158 lines were read
Generating m...
Generating task_allocation...
Generating station_use...
Generating cycle_time...
Generating precedence...
Model has been successfully generated
GLPK Integer Optimizer, v4.65
208351 rows, 5700 columns, 7925775 non-zeros
5700 integer variables, all of which are binary
Preprocessing...
225 rows, 5700 columns, 16950 non-zeros
5700 integer variables, all of which are binary
Scaling...
 A: min|aij| =  1.000e+00  max|aij| =  7.500e+01  ratio =  7.500e+01
GM: min|aij| =  5.217e-01  max|aij| =  1.917e+00  ratio =  3.674e+00
EQ: min|aij| =  2.722e-01  max|aij| =  1.000e+00  ratio =  3.674e+00
2N: min|aij| =  1.875e-01  max|aij| =  1.000e+00  ratio =  5.333e+00
Constructing initial basis...
Size of triangular part is 225
Solving LP relaxation...
GLPK Simplex Optimizer, v4.65
225 rows, 5700 columns, 16950 non-zeros
      0: obj =   0.000000000e+00 inf =   2.589e+02 (2)
    268: obj =   1.000000000e+00 inf =   1.749e-14 (0)
OPTIMAL LP SOLUTION FOUND
Integer optimization begins...
Long-step dual simplex will be used
+   268: mip =     not found yet >=              -inf        (1; 0)
+  5464: mip =     not found yet >=   1.000000000e+00        (426; 1)
+  7118: >>>>>   6.300000000e+01 >=   1.000000000e+00  98.4% (670; 1)
+ 12009: mip =   6.300000000e+01 >=   1.000000000e+00  98.4% (1024; 5)
+ 16860: mip =   6.300000000e+01 >=   1.000000000e+00  98.4% (1459; 6)
+ 25566: mip =   6.300000000e+01 >=   1.000000000e+00  98.4% (1968; 8)
+ 31750: mip =   6.300000000e+01 >=   1.000000000e+00  98.4% (2499; 10)
+ 36042: mip =   6.300000000e+01 >=   1.000000000e+00  98.4% (2866; 11)
+ 41426: mip =   6.300000000e+01 >=   1.000000000e+00  98.4% (3334; 13)
+ 45871: mip =   6.300000000e+01 >=   1.000000000e+00  98.4% (3723; 14)
+ 47002: mip =   6.300000000e+01 >=   1.000000000e+00  98.4% (4048; 15)
+ 47287: mip =   6.300000000e+01 >=   1.000000000e+00  98.4% (4310; 15)
+ 48463: mip =   6.300000000e+01 >=   1.000000000e+00  98.4% (4637; 16)
Time used: 60.0 secs.  Memory used: 712.9 Mb.
+ 51363: mip =   6.300000000e+01 >=   1.000000000e+00  98.4% (5080; 17)
+ 55765: mip =   6.300000000e+01 >=   1.000000000e+00  98.4% (5450; 18)
+ 60736: mip =   6.300000000e+01 >=   1.000000000e+00  98.4% (5927; 19)
+ 65353: mip =   6.300000000e+01 >=   1.000000000e+00  98.4% (6302; 21)
+ 68500: mip =   6.300000000e+01 >=   1.000000000e+00  98.4% (6734; 22)
+ 75459: mip =   6.300000000e+01 >=   1.000000000e+00  98.4% (7208; 24)
+ 79534: mip =   6.300000000e+01 >=   1.000000000e+00  98.4% (7723; 26)
+ 82528: mip =   6.300000000e+01 >=   1.000000000e+00  98.4% (8071; 26)
+ 89044: mip =   6.300000000e+01 >=   1.000000000e+00  98.4% (8513; 28)
+ 95816: mip =   6.300000000e+01 >=   1.000000000e+00  98.4% (8990; 30)
+ 97889: mip =   6.300000000e+01 >=   1.000000000e+00  98.4% (9449; 31)
+106614: mip =   6.300000000e+01 >=   1.000000000e+00  98.4% (9890; 33)
Time used: 120.0 secs.  Memory used: 719.9 Mb.
+110814: mip =   6.300000000e+01 >=   1.000000000e+00  98.4% (10320; 34)
+117169: mip =   6.300000000e+01 >=   1.000000000e+00  98.4% (10862; 36)
+124248: mip =   6.300000000e+01 >=   1.000000000e+00  98.4% (11291; 38)
+131073: mip =   6.300000000e+01 >=   1.000000000e+00  98.4% (11771; 40)
+137525: mip =   6.300000000e+01 >=   1.000000000e+00  98.4% (12269; 41)
+145304: mip =   6.300000000e+01 >=   1.000000000e+00  98.4% (12731; 43)
+151600: mip =   6.300000000e+01 >=   1.000000000e+00  98.4% (13195; 45)
+157855: mip =   6.300000000e+01 >=   1.000000000e+00  98.4% (13720; 47)
+164268: mip =   6.300000000e+01 >=   1.000000000e+00  98.4% (14246; 48)
+171143: mip =   6.300000000e+01 >=   1.000000000e+00  98.4% (14642; 50)
+176798: mip =   6.300000000e+01 >=   1.000000000e+00  98.4% (15195; 52)
+182406: mip =   6.300000000e+01 >=   1.000000000e+00  98.4% (15813; 54)
Time used: 180.0 secs.  Memory used: 727.7 Mb.
+187432: mip =   6.300000000e+01 >=   1.000000000e+00  98.4% (16242; 55)
+193179: mip =   6.300000000e+01 >=   1.000000000e+00  98.4% (16787; 57)
+199766: mip =   6.300000000e+01 >=   1.000000000e+00  98.4% (17168; 58)
+206207: mip =   6.300000000e+01 >=   1.000000000e+00  98.4% (17489; 59)
+212139: mip =   6.300000000e+01 >=   1.000000000e+00  98.4% (17976; 61)
+218538: mip =   6.300000000e+01 >=   1.000000000e+00  98.4% (18517; 62)
+222605: mip =   6.300000000e+01 >=   1.000000000e+00  98.4% (18865; 64)
+231271: mip =   6.300000000e+01 >=   1.000000000e+00  98.4% (19400; 66)
+236325: mip =   6.300000000e+01 >=   1.000000000e+00  98.4% (19813; 67)
+240356: mip =   6.300000000e+01 >=   1.000000000e+00  98.4% (20318; 67)
+245315: mip =   6.300000000e+01 >=   1.000000000e+00  98.4% (20747; 69)
+253807: mip =   6.300000000e+01 >=   1.000000000e+00  98.4% (21153; 71)
Time used: 240.0 secs.  Memory used: 734.5 Mb.
+257873: mip =   6.300000000e+01 >=   1.000000000e+00  98.4% (21550; 72)
+263583: mip =   6.300000000e+01 >=   1.000000000e+00  98.4% (22042; 73)
+267842: mip =   6.300000000e+01 >=   1.000000000e+00  98.4% (22457; 74)
+273575: mip =   6.300000000e+01 >=   1.000000000e+00  98.4% (22974; 76)
+277370: mip =   6.300000000e+01 >=   1.000000000e+00  98.4% (23330; 77)
+284145: mip =   6.300000000e+01 >=   1.000000000e+00  98.4% (23811; 79)
+291476: mip =   6.300000000e+01 >=   1.000000000e+00  98.4% (24240; 80)
+299209: mip =   6.300000000e+01 >=   1.000000000e+00  98.4% (24670; 82)
+305868: mip =   6.300000000e+01 >=   1.000000000e+00  98.4% (25136; 84)
+310840: mip =   6.300000000e+01 >=   1.000000000e+00  98.4% (25554; 85)
+316020: mip =   6.300000000e+01 >=   1.000000000e+00  98.4% (26074; 86)
+321354: mip =   6.300000000e+01 >=   1.000000000e+00  98.4% (26489; 88)
Time used: 300.0 secs.  Memory used: 741.3 Mb.
+328384: mip =   6.300000000e+01 >=   1.000000000e+00  98.4% (26944; 90)
+335328: mip =   6.300000000e+01 >=   1.000000000e+00  98.4% (27424; 91)
+340954: mip =   6.300000000e+01 >=   1.000000000e+00  98.4% (27892; 92)
+342234: mip =   6.300000000e+01 >=   1.000000000e+00  98.4% (28308; 93)
+346945: mip =   6.300000000e+01 >=   1.000000000e+00  98.4% (28684; 94)
+352376: mip =   6.300000000e+01 >=   1.000000000e+00  98.4% (29099; 95)
+358414: mip =   6.300000000e+01 >=   1.000000000e+00  98.4% (29542; 96)
+362304: mip =   6.300000000e+01 >=   1.000000000e+00  98.4% (29944; 98)
+368251: mip =   6.300000000e+01 >=   1.000000000e+00  98.4% (30301; 99)
+375935: mip =   6.300000000e+01 >=   1.000000000e+00  98.4% (30763; 101)
+379523: mip =   6.300000000e+01 >=   1.000000000e+00  98.4% (31174; 102)
+384610: mip =   6.300000000e+01 >=   1.000000000e+00  98.4% (31604; 103)
Time used: 360.1 secs.  Memory used: 747.2 Mb.
+387732: mip =   6.300000000e+01 >=   1.000000000e+00  98.4% (32011; 104)
+391507: mip =   6.300000000e+01 >=   1.000000000e+00  98.4% (32466; 105)
+397111: mip =   6.300000000e+01 >=   1.000000000e+00  98.4% (33033; 106)
+401558: mip =   6.300000000e+01 >=   1.000000000e+00  98.4% (33464; 108)
+402154: mip =   6.300000000e+01 >=   1.000000000e+00  98.4% (33771; 108)
+407698: mip =   6.300000000e+01 >=   1.000000000e+00  98.4% (34147; 110)
+414848: mip =   6.300000000e+01 >=   1.000000000e+00  98.4% (34563; 111)
+424425: mip =   6.300000000e+01 >=   1.000000000e+00  98.4% (35044; 113)
+431759: mip =   6.300000000e+01 >=   1.000000000e+00  98.4% (35544; 115)
+439903: mip =   6.300000000e+01 >=   1.000000000e+00  98.4% (35992; 117)
+444905: mip =   6.300000000e+01 >=   1.000000000e+00  98.4% (36426; 118)
+448652: mip =   6.300000000e+01 >=   1.000000000e+00  98.4% (36870; 120)
Time used: 420.1 secs.  Memory used: 753.2 Mb.
+451382: mip =   6.300000000e+01 >=   1.000000000e+00  98.4% (37184; 120)
+457482: mip =   6.300000000e+01 >=   1.000000000e+00  98.4% (37549; 121)
+464236: mip =   6.300000000e+01 >=   1.000000000e+00  98.4% (38017; 123)
+468727: mip =   6.300000000e+01 >=   1.000000000e+00  98.4% (38383; 123)
+470908: mip =   6.300000000e+01 >=   1.000000000e+00  98.4% (38768; 124)
+477914: mip =   6.300000000e+01 >=   1.000000000e+00  98.4% (39133; 126)
+480628: mip =   6.300000000e+01 >=   1.000000000e+00  98.4% (39582; 127)
+482973: mip =   6.300000000e+01 >=   1.000000000e+00  98.4% (39871; 127)
+486835: mip =   6.300000000e+01 >=   1.000000000e+00  98.4% (40256; 128)
+490808: mip =   6.300000000e+01 >=   1.000000000e+00  98.4% (40705; 129)
+494560: mip =   6.300000000e+01 >=   1.000000000e+00  98.4% (41083; 129)
+498687: mip =   6.300000000e+01 >=   1.000000000e+00  98.4% (41348; 130)
Time used: 480.1 secs.  Memory used: 759.0 Mb.
+505458: mip =   6.300000000e+01 >=   1.000000000e+00  98.4% (41850; 132)
+508074: mip =   6.300000000e+01 >=   1.000000000e+00  98.4% (42173; 133)
+508364: mip =   6.300000000e+01 >=   1.000000000e+00  98.4% (42462; 133)
+513192: mip =   6.300000000e+01 >=   1.000000000e+00  98.4% (42872; 135)
+515889: mip =   6.300000000e+01 >=   1.000000000e+00  98.4% (43256; 136)
+520574: mip =   6.300000000e+01 >=   1.000000000e+00  98.4% (43809; 138)
+523768: mip =   6.300000000e+01 >=   1.000000000e+00  98.4% (44252; 139)
+529199: mip =   6.300000000e+01 >=   1.000000000e+00  98.4% (44768; 141)
+534187: mip =   6.300000000e+01 >=   1.000000000e+00  98.4% (45159; 142)
+539343: mip =   6.300000000e+01 >=   1.000000000e+00  98.4% (45605; 143)
+548136: mip =   6.300000000e+01 >=   1.000000000e+00  98.4% (46031; 144)
+551798: mip =   6.300000000e+01 >=   1.000000000e+00  98.4% (46440; 145)
Time used: 540.1 secs.  Memory used: 764.8 Mb.
+559527: mip =   6.300000000e+01 >=   1.000000000e+00  98.4% (46905; 147)
+565482: mip =   6.300000000e+01 >=   1.000000000e+00  98.4% (47432; 149)
+568876: mip =   6.300000000e+01 >=   1.000000000e+00  98.4% (47817; 149)
+574080: mip =   6.300000000e+01 >=   1.000000000e+00  98.4% (48211; 151)
+579798: mip =   6.300000000e+01 >=   1.000000000e+00  98.4% (48627; 152)
+581761: mip =   6.300000000e+01 >=   1.000000000e+00  98.4% (49074; 153)
+582060: mip =   6.300000000e+01 >=   1.000000000e+00  98.4% (49354; 153)
+586291: mip =   6.300000000e+01 >=   1.000000000e+00  98.4% (49688; 155)
+592460: mip =   6.300000000e+01 >=   1.000000000e+00  98.4% (50309; 157)
+601027: mip =   6.300000000e+01 >=   1.000000000e+00  98.4% (50708; 159)
+608074: mip =   6.300000000e+01 >=   1.000000000e+00  98.4% (51203; 161)
+614225: mip =   6.300000000e+01 >=   1.000000000e+00  98.4% (51693; 163)
Time used: 600.1 secs.  Memory used: 771.1 Mb.
+620722: mip =   6.300000000e+01 >=   1.000000000e+00  98.4% (52238; 164)
+624332: mip =   6.300000000e+01 >=   1.000000000e+00  98.4% (52669; 166)
+631652: mip =   6.300000000e+01 >=   1.000000000e+00  98.4% (53126; 168)
+639170: mip =   6.300000000e+01 >=   1.000000000e+00  98.4% (53558; 170)
+644953: mip =   6.300000000e+01 >=   1.000000000e+00  98.4% (53982; 171)
+649969: mip =   6.300000000e+01 >=   1.000000000e+00  98.4% (54355; 173)
+656121: mip =   6.300000000e+01 >=   1.000000000e+00  98.4% (54797; 175)
+662515: mip =   6.300000000e+01 >=   1.000000000e+00  98.4% (55228; 177)
+668518: mip =   6.300000000e+01 >=   1.000000000e+00  98.4% (55555; 178)
+674013: mip =   6.300000000e+01 >=   1.000000000e+00  98.4% (56045; 180)
+678203: mip =   6.300000000e+01 >=   1.000000000e+00  98.4% (56505; 181)
+683435: mip =   6.300000000e+01 >=   1.000000000e+00  98.4% (57040; 182)
Time used: 660.1 secs.  Memory used: 778.0 Mb.
+688385: mip =   6.300000000e+01 >=   1.000000000e+00  98.4% (57461; 184)
+695154: mip =   6.300000000e+01 >=   1.000000000e+00  98.4% (57865; 186)
+700070: mip =   6.300000000e+01 >=   1.000000000e+00  98.4% (58237; 187)
+703535: mip =   6.300000000e+01 >=   1.000000000e+00  98.4% (58590; 188)
+710277: mip =   6.300000000e+01 >=   1.000000000e+00  98.4% (59037; 190)
+713471: mip =   6.300000000e+01 >=   1.000000000e+00  98.4% (59505; 192)
+715580: mip =   6.300000000e+01 >=   1.000000000e+00  98.4% (59965; 193)
+722633: mip =   6.300000000e+01 >=   1.000000000e+00  98.4% (60375; 194)
+725815: mip =   6.300000000e+01 >=   1.000000000e+00  98.4% (60804; 195)
+728482: mip =   6.300000000e+01 >=   1.000000000e+00  98.4% (61196; 196)
+735463: mip =   6.300000000e+01 >=   1.000000000e+00  98.4% (61600; 197)
+742983: mip =   6.300000000e+01 >=   1.000000000e+00  98.4% (62096; 199)
Time used: 720.1 secs.  Memory used: 784.1 Mb.
+750805: mip =   6.300000000e+01 >=   1.000000000e+00  98.4% (62490; 200)
+758058: mip =   6.300000000e+01 >=   1.000000000e+00  98.4% (62895; 202)
+760761: mip =   6.300000000e+01 >=   1.000000000e+00  98.4% (63353; 203)
+768991: mip =   6.300000000e+01 >=   1.000000000e+00  98.4% (63910; 205)
+775267: mip =   6.300000000e+01 >=   1.000000000e+00  98.4% (64394; 206)
+781421: mip =   6.300000000e+01 >=   1.000000000e+00  98.4% (65010; 208)
+785425: mip =   6.300000000e+01 >=   1.000000000e+00  98.4% (65411; 209)
+794205: mip =   6.300000000e+01 >=   1.000000000e+00  98.4% (65916; 211)
+799851: mip =   6.300000000e+01 >=   1.000000000e+00  98.4% (66363; 213)
+807621: mip =   6.300000000e+01 >=   1.000000000e+00  98.4% (66877; 215)
+813054: mip =   6.300000000e+01 >=   1.000000000e+00  98.4% (67271; 216)
+817319: mip =   6.300000000e+01 >=   1.000000000e+00  98.4% (67671; 217)
Time used: 780.2 secs.  Memory used: 790.8 Mb.
+824002: mip =   6.300000000e+01 >=   1.000000000e+00  98.4% (68124; 219)
+830924: mip =   6.300000000e+01 >=   1.000000000e+00  98.4% (68600; 221)
+834177: mip =   6.300000000e+01 >=   1.000000000e+00  98.4% (68992; 222)
+839640: mip =   6.300000000e+01 >=   1.000000000e+00  98.4% (69347; 223)
+846203: mip =   6.300000000e+01 >=   1.000000000e+00  98.4% (69879; 225)
+851861: mip =   6.300000000e+01 >=   1.000000000e+00  98.4% (70527; 226)
+858582: mip =   6.300000000e+01 >=   1.000000000e+00  98.4% (71104; 228)
+865381: mip =   6.300000000e+01 >=   1.000000000e+00  98.4% (71546; 230)
+870021: mip =   6.300000000e+01 >=   1.000000000e+00  98.4% (71999; 231)
+875118: mip =   6.300000000e+01 >=   1.000000000e+00  98.4% (72437; 233)
+880285: mip =   6.300000000e+01 >=   1.000000000e+00  98.4% (72819; 234)
+883774: mip =   6.300000000e+01 >=   1.000000000e+00  98.4% (73244; 235)
Time used: 840.2 secs.  Memory used: 797.5 Mb.
+890409: mip =   6.300000000e+01 >=   1.000000000e+00  98.4% (73742; 236)
+893482: mip =   6.300000000e+01 >=   1.000000000e+00  98.4% (74070; 238)
+900230: mip =   6.300000000e+01 >=   1.000000000e+00  98.4% (74589; 240)
+903888: mip =   6.300000000e+01 >=   1.000000000e+00  98.4% (75079; 241)
+907472: mip =   6.300000000e+01 >=   1.000000000e+00  98.4% (75440; 242)
+910681: mip =   6.300000000e+01 >=   1.000000000e+00  98.4% (75744; 242)
+917193: mip =   6.300000000e+01 >=   1.000000000e+00  98.4% (76180; 244)
+920828: mip =   6.300000000e+01 >=   1.000000000e+00  98.4% (76601; 245)
+929156: mip =   6.300000000e+01 >=   1.000000000e+00  98.4% (77054; 247)
+932628: mip =   6.300000000e+01 >=   1.000000000e+00  98.4% (77410; 248)
+937903: mip =   6.300000000e+01 >=   1.000000000e+00  98.4% (77911; 250)
+942737: mip =   6.300000000e+01 >=   1.000000000e+00  98.4% (78363; 251)
Time used: 900.2 secs.  Memory used: 803.3 Mb.
+949354: mip =   6.300000000e+01 >=   1.000000000e+00  98.4% (78842; 253)
+955597: mip =   6.300000000e+01 >=   1.000000000e+00  98.4% (79282; 254)
+957978: mip =   6.300000000e+01 >=   1.000000000e+00  98.4% (79748; 254)
+964977: mip =   6.300000000e+01 >=   1.000000000e+00  98.4% (80241; 256)
+970292: mip =   6.300000000e+01 >=   1.000000000e+00  98.4% (80710; 257)
+977556: mip =   6.300000000e+01 >=   1.000000000e+00  98.4% (81300; 259)
+981777: mip =   6.300000000e+01 >=   1.000000000e+00  98.4% (81843; 260)
+986200: mip =   6.300000000e+01 >=   1.000000000e+00  98.4% (82354; 262)
+994614: mip =   6.300000000e+01 >=   1.000000000e+00  98.4% (82782; 264)
+1000448: mip =   6.300000000e+01 >=   1.000000000e+00  98.4% (83277; 266)
+1003536: mip =   6.300000000e+01 >=   1.000000000e+00  98.4% (83586; 267)
+1008097: mip =   6.300000000e+01 >=   1.000000000e+00  98.4% (84005; 268)
Time used: 960.2 secs.  Memory used: 811.9 Mb.
+1012105: mip =   6.300000000e+01 >=   1.000000000e+00  98.4% (84332; 268)
+1018379: mip =   6.300000000e+01 >=   1.000000000e+00  98.4% (84662; 270)
+1025400: mip =   6.300000000e+01 >=   1.000000000e+00  98.4% (85138; 271)
+1032299: mip =   6.300000000e+01 >=   1.000000000e+00  98.4% (85652; 274)
+1036311: mip =   6.300000000e+01 >=   1.000000000e+00  98.4% (86088; 275)
+1041080: mip =   6.300000000e+01 >=   1.000000000e+00  98.4% (86440; 277)
+1045996: mip =   6.300000000e+01 >=   1.000000000e+00  98.4% (86793; 279)
+1051039: mip =   6.300000000e+01 >=   1.000000000e+00  98.4% (87144; 281)
+1056082: mip =   6.300000000e+01 >=   1.000000000e+00  98.4% (87495; 283)
+1061107: mip =   6.300000000e+01 >=   1.000000000e+00  98.4% (87846; 285)
+1065717: mip =   6.300000000e+01 >=   1.000000000e+00  98.4% (88191; 286)
+1070522: mip =   6.300000000e+01 >=   1.000000000e+00  98.4% (88526; 288)
Time used: 1020.2 secs.  Memory used: 818.8 Mb.
+1075379: mip =   6.300000000e+01 >=   1.000000000e+00  98.4% (88865; 290)
+1079364: mip =   6.300000000e+01 >=   1.000000000e+00  98.4% (89219; 292)
+1084292: mip =   6.300000000e+01 >=   1.000000000e+00  98.4% (89575; 294)
+1087944: mip =   6.300000000e+01 >=   1.000000000e+00  98.4% (90032; 295)
+1096996: mip =   6.300000000e+01 >=   1.000000000e+00  98.4% (90498; 297)
+1105868: mip =   6.300000000e+01 >=   1.000000000e+00  98.4% (90994; 299)
+1116139: mip =   6.300000000e+01 >=   1.000000000e+00  98.4% (91388; 300)
+1126042: mip =   6.300000000e+01 >=   1.000000000e+00  98.4% (91846; 302)
+1134749: mip =   6.300000000e+01 >=   1.000000000e+00  98.4% (92338; 304)
+1144730: mip =   6.300000000e+01 >=   1.000000000e+00  98.4% (92782; 305)
+1153765: mip =   6.300000000e+01 >=   1.000000000e+00  98.4% (93215; 307)
+1160953: mip =   6.300000000e+01 >=   1.000000000e+00  98.4% (93725; 309)
Time used: 1080.2 secs.  Memory used: 826.2 Mb.
+1168422: mip =   6.300000000e+01 >=   1.000000000e+00  98.4% (94247; 311)
+1175493: mip =   6.300000000e+01 >=   1.000000000e+00  98.4% (94777; 313)
+1182619: mip =   6.300000000e+01 >=   1.000000000e+00  98.4% (95304; 315)
+1186135: mip =   6.300000000e+01 >=   1.000000000e+00  98.4% (95766; 316)
+1188921: mip =   6.300000000e+01 >=   1.000000000e+00  98.4% (96127; 317)
+1189421: mip =   6.300000000e+01 >=   1.000000000e+00  98.4% (96414; 318)
+1190569: mip =   6.300000000e+01 >=   1.000000000e+00  98.4% (96691; 319)
+1191567: mip =   6.300000000e+01 >=   1.000000000e+00  98.4% (96974; 319)
+1192711: mip =   6.300000000e+01 >=   1.000000000e+00  98.4% (97259; 320)
+1193203: mip =   6.300000000e+01 >=   1.000000000e+00  98.4% (97550; 321)
+1194352: mip =   6.300000000e+01 >=   1.000000000e+00  98.4% (97827; 322)
+1195349: mip =   6.300000000e+01 >=   1.000000000e+00  98.4% (98104; 323)
Time used: 1140.2 secs.  Memory used: 829.8 Mb.
+1196490: mip =   6.300000000e+01 >=   1.000000000e+00  98.4% (98392; 323)
+1196987: mip =   6.300000000e+01 >=   1.000000000e+00  98.4% (98686; 324)
+1198137: mip =   6.300000000e+01 >=   1.000000000e+00  98.4% (98963; 325)
+1199279: mip =   6.300000000e+01 >=   1.000000000e+00  98.4% (99240; 326)
+1200281: mip =   6.300000000e+01 >=   1.000000000e+00  98.4% (99524; 326)
+1201427: mip =   6.300000000e+01 >=   1.000000000e+00  98.4% (99810; 327)
+1201917: mip =   6.300000000e+01 >=   1.000000000e+00  98.4% (100098; 328)
+1203062: mip =   6.300000000e+01 >=   1.000000000e+00  98.4% (100374; 329)
+1204059: mip =   6.300000000e+01 >=   1.000000000e+00  98.4% (100656; 329)
+1205207: mip =   6.300000000e+01 >=   1.000000000e+00  98.4% (100942; 330)
+1205701: mip =   6.300000000e+01 >=   1.000000000e+00  98.4% (101233; 331)
+1206845: mip =   6.300000000e+01 >=   1.000000000e+00  98.4% (101510; 332)
Time used: 1200.2 secs.  Memory used: 831.3 Mb.
+1207985: mip =   6.300000000e+01 >=   1.000000000e+00  98.4% (101787; 333)
+1208994: mip =   6.300000000e+01 >=   1.000000000e+00  98.4% (102074; 333)
+1210130: mip =   6.300000000e+01 >=   1.000000000e+00  98.4% (102364; 334)
+1210634: mip =   6.300000000e+01 >=   1.000000000e+00  98.4% (102650; 335)
+1212604: mip =   6.300000000e+01 >=   1.000000000e+00  98.4% (102925; 336)
+1218280: mip =   6.300000000e+01 >=   1.000000000e+00  98.4% (103325; 337)
+1224099: mip =   6.300000000e+01 >=   1.000000000e+00  98.4% (103803; 339)
+1226245: mip =   6.300000000e+01 >=   1.000000000e+00  98.4% (104222; 340)
+1230954: mip =   6.300000000e+01 >=   1.000000000e+00  98.4% (104599; 341)
+1234342: mip =   6.300000000e+01 >=   1.000000000e+00  98.4% (105079; 342)
+1239319: mip =   6.300000000e+01 >=   1.000000000e+00  98.4% (105480; 343)
+1244006: mip =   6.300000000e+01 >=   1.000000000e+00  98.4% (105915; 344)
Time used: 1260.2 secs.  Memory used: 835.1 Mb.
+1248653: mip =   6.300000000e+01 >=   1.000000000e+00  98.4% (106331; 345)
+1253939: mip =   6.300000000e+01 >=   1.000000000e+00  98.4% (106705; 346)
+1260219: mip =   6.300000000e+01 >=   1.000000000e+00  98.4% (107141; 348)
+1267361: mip =   6.300000000e+01 >=   1.000000000e+00  98.4% (107674; 350)
+1267792: mip =   6.300000000e+01 >=   1.000000000e+00  98.4% (107954; 350)
+1268285: mip =   6.300000000e+01 >=   1.000000000e+00  98.4% (108233; 350)
+1274862: mip =   6.300000000e+01 >=   1.000000000e+00  98.4% (108635; 351)
+1279621: mip =   6.300000000e+01 >=   1.000000000e+00  98.4% (109227; 353)
+1287156: mip =   6.300000000e+01 >=   1.000000000e+00  98.4% (109620; 355)
+1288704: mip =   6.300000000e+01 >=   1.000000000e+00  98.4% (110003; 356)
+1289005: mip =   6.300000000e+01 >=   1.000000000e+00  98.4% (110260; 356)
Time used: 1320.2 secs.  Memory used: 840.1 Mb.
+1290617: mip =   6.300000000e+01 >=   1.000000000e+00  98.4% (110545; 357)
+1292831: mip =   6.300000000e+01 >=   1.000000000e+00  98.4% (110951; 358)
+1298306: mip =   6.300000000e+01 >=   2.000000000e+00  96.8% (111324; 359)
+1300151: mip =   6.300000000e+01 >=   2.000000000e+00  96.8% (111725; 360)
+1304374: mip =   6.300000000e+01 >=   2.000000000e+00  96.8% (112141; 362)
+1309943: mip =   6.300000000e+01 >=   2.000000000e+00  96.8% (112654; 364)
+1315097: mip =   6.300000000e+01 >=   2.000000000e+00  96.8% (113071; 365)
+1319211: mip =   6.300000000e+01 >=   2.000000000e+00  96.8% (113570; 367)
+1325288: mip =   6.300000000e+01 >=   2.000000000e+00  96.8% (114081; 369)
+1329084: mip =   6.300000000e+01 >=   2.000000000e+00  96.8% (114488; 370)
+1334559: mip =   6.300000000e+01 >=   2.000000000e+00  96.8% (114998; 372)
+1340103: mip =   6.300000000e+01 >=   2.000000000e+00  96.8% (115422; 373)
Time used: 1380.2 secs.  Memory used: 846.5 Mb.
+1344068: mip =   6.300000000e+01 >=   2.000000000e+00  96.8% (115912; 375)
+1349907: mip =   6.300000000e+01 >=   2.000000000e+00  96.8% (116426; 377)
+1354379: mip =   6.300000000e+01 >=   2.000000000e+00  96.8% (116831; 378)
+1359176: mip =   6.300000000e+01 >=   2.000000000e+00  96.8% (117343; 380)
+1365745: mip =   6.300000000e+01 >=   2.000000000e+00  96.8% (117839; 381)
+1373214: mip =   6.300000000e+01 >=   2.000000000e+00  96.8% (118369; 383)
+1379688: mip =   6.300000000e+01 >=   2.000000000e+00  96.8% (118942; 385)
+1388383: mip =   6.300000000e+01 >=   2.000000000e+00  96.8% (119454; 387)
+1396554: mip =   6.300000000e+01 >=   2.000000000e+00  96.8% (120002; 389)
+1404146: mip =   6.300000000e+01 >=   2.000000000e+00  96.8% (120554; 391)
+1411641: mip =   6.300000000e+01 >=   2.000000000e+00  96.8% (121103; 393)
+1418886: mip =   6.300000000e+01 >=   2.000000000e+00  96.8% (121663; 395)
Time used: 1440.2 secs.  Memory used: 854.4 Mb.
+1427289: mip =   6.300000000e+01 >=   2.000000000e+00  96.8% (122190; 397)
+1435110: mip =   6.300000000e+01 >=   2.000000000e+00  96.8% (122754; 400)
+1437163: mip =   6.300000000e+01 >=   2.000000000e+00  96.8% (123177; 401)
+1439121: mip =   6.300000000e+01 >=   2.000000000e+00  96.8% (123603; 402)
+1441795: mip =   6.300000000e+01 >=   2.000000000e+00  96.8% (124024; 403)
+1444500: mip =   6.300000000e+01 >=   2.000000000e+00  96.8% (124554; 405)
+1446553: mip =   6.300000000e+01 >=   2.000000000e+00  96.8% (124977; 406)
+1448511: mip =   6.300000000e+01 >=   2.000000000e+00  96.8% (125403; 407)
+1451185: mip =   6.300000000e+01 >=   2.000000000e+00  96.8% (125824; 408)
+1453890: mip =   6.300000000e+01 >=   2.000000000e+00  96.8% (126354; 410)
+1455942: mip =   6.300000000e+01 >=   2.000000000e+00  96.8% (126776; 411)
+1457900: mip =   6.300000000e+01 >=   2.000000000e+00  96.8% (127202; 412)
Time used: 1500.2 secs.  Memory used: 860.1 Mb.
+1460325: mip =   6.300000000e+01 >=   2.000000000e+00  96.8% (127623; 413)
+1463252: mip =   6.300000000e+01 >=   2.000000000e+00  96.8% (128153; 415)
+1465331: mip =   6.300000000e+01 >=   2.000000000e+00  96.8% (128575; 416)
+1467289: mip =   6.300000000e+01 >=   2.000000000e+00  96.8% (129001; 417)
+1469702: mip =   6.300000000e+01 >=   2.000000000e+00  96.8% (129422; 418)
+1471989: mip =   6.300000000e+01 >=   2.000000000e+00  96.8% (129843; 420)
+1474970: mip =   6.300000000e+01 >=   2.000000000e+00  96.8% (130110; 421)
+1478101: mip =   6.300000000e+01 >=   2.000000000e+00  96.8% (130599; 421)
+1484269: mip =   6.300000000e+01 >=   2.000000000e+00  96.8% (130996; 423)
+1488822: mip =   6.300000000e+01 >=   2.000000000e+00  96.8% (131426; 424)
+1496501: mip =   6.300000000e+01 >=   2.000000000e+00  96.8% (131943; 427)
+1500989: mip =   6.300000000e+01 >=   2.000000000e+00  96.8% (132332; 428)
Time used: 1560.2 secs.  Memory used: 865.7 Mb.
+1505157: mip =   6.300000000e+01 >=   2.000000000e+00  96.8% (132677; 429)
+1508999: mip =   6.300000000e+01 >=   2.000000000e+00  96.8% (132995; 429)
+1513161: mip =   6.300000000e+01 >=   2.000000000e+00  96.8% (133357; 431)
+1517828: mip =   6.300000000e+01 >=   2.000000000e+00  96.8% (133801; 432)
+1520839: mip =   6.300000000e+01 >=   2.000000000e+00  96.8% (134315; 433)
+1527408: mip =   6.300000000e+01 >=   2.000000000e+00  96.8% (134713; 434)
+1532477: mip =   6.300000000e+01 >=   2.000000000e+00  96.8% (135210; 436)
+1538423: mip =   6.300000000e+01 >=   2.000000000e+00  96.8% (135685; 438)
+1545909: mip =   6.300000000e+01 >=   2.000000000e+00  96.8% (136071; 440)
+1551541: mip =   6.300000000e+01 >=   2.000000000e+00  96.8% (136485; 441)
+1556708: mip =   6.300000000e+01 >=   2.000000000e+00  96.8% (136920; 443)
+1563610: mip =   6.300000000e+01 >=   2.000000000e+00  96.8% (137477; 444)
Time used: 1620.3 secs.  Memory used: 871.9 Mb.
+1570773: mip =   6.300000000e+01 >=   2.000000000e+00  96.8% (137872; 446)
+1574391: mip =   6.300000000e+01 >=   2.000000000e+00  96.8% (138395; 448)
+1581224: mip =   6.300000000e+01 >=   2.000000000e+00  96.8% (138836; 450)
+1589539: mip =   6.300000000e+01 >=   2.000000000e+00  96.8% (139269; 452)
+1595765: mip =   6.300000000e+01 >=   2.000000000e+00  96.8% (139690; 453)
+1599375: mip =   6.300000000e+01 >=   2.000000000e+00  96.8% (140108; 454)
+1600854: mip =   6.300000000e+01 >=   2.000000000e+00  96.8% (140536; 455)
+1604209: mip =   6.300000000e+01 >=   2.000000000e+00  96.8% (140969; 456)
+1605327: mip =   6.300000000e+01 >=   2.000000000e+00  96.8% (141290; 456)
+1610541: mip =   6.300000000e+01 >=   2.000000000e+00  96.8% (141742; 458)
+1614431: mip =   6.300000000e+01 >=   2.000000000e+00  96.8% (142186; 459)
+1618329: mip =   6.300000000e+01 >=   2.000000000e+00  96.8% (142613; 460)
Time used: 1680.3 secs.  Memory used: 877.7 Mb.
+1625354: mip =   6.300000000e+01 >=   2.000000000e+00  96.8% (143164; 462)
+1634233: mip =   6.300000000e+01 >=   2.000000000e+00  96.8% (143688; 465)
+1641491: mip =   6.300000000e+01 >=   2.000000000e+00  96.8% (144137; 467)
+1650553: mip =   6.300000000e+01 >=   2.000000000e+00  96.8% (144639; 469)
+1659917: mip =   6.300000000e+01 >=   2.000000000e+00  96.8% (145153; 471)
+1669059: mip =   6.300000000e+01 >=   2.000000000e+00  96.8% (145649; 474)
+1678856: mip =   6.300000000e+01 >=   2.000000000e+00  96.8% (146142; 476)
+1687784: mip =   6.300000000e+01 >=   2.000000000e+00  96.8% (146693; 479)
+1692209: mip =   6.300000000e+01 >=   2.000000000e+00  96.8% (147088; 480)
+1699055: mip =   6.300000000e+01 >=   2.000000000e+00  96.8% (147565; 482)
+1704800: mip =   6.300000000e+01 >=   2.000000000e+00  96.8% (147899; 483)
+1710142: mip =   6.300000000e+01 >=   2.000000000e+00  96.8% (148272; 484)
Time used: 1740.3 secs.  Memory used: 885.5 Mb.
+1713611: mip =   6.300000000e+01 >=   2.000000000e+00  96.8% (148660; 485)
+1718976: mip =   6.300000000e+01 >=   2.000000000e+00  96.8% (149017; 486)
+1722109: mip =   6.300000000e+01 >=   2.000000000e+00  96.8% (149322; 486)
+1724423: mip =   6.300000000e+01 >=   2.000000000e+00  96.8% (149744; 487)
+1725398: mip =   6.300000000e+01 >=   2.000000000e+00  96.8% (150048; 487)
+1728692: mip =   6.300000000e+01 >=   2.000000000e+00  96.8% (150368; 488)
+1729968: mip =   6.300000000e+01 >=   2.000000000e+00  96.8% (150664; 489)
+1730717: mip =   6.300000000e+01 >=   2.000000000e+00  96.8% (150969; 489)
+1733159: mip =   6.300000000e+01 >=   2.000000000e+00  96.8% (151252; 490)
+1734086: mip =   6.300000000e+01 >=   2.000000000e+00  96.8% (151564; 490)
+1739439: mip =   6.300000000e+01 >=   2.000000000e+00  96.8% (152088; 491)
+1745939: mip =   6.300000000e+01 >=   2.000000000e+00  96.8% (152518; 493)
Time used: 1800.3 secs.  Memory used: 889.4 Mb.
+1751925: mip =   6.300000000e+01 >=   2.000000000e+00  96.8% (152923; 495)
+1757597: mip =   6.300000000e+01 >=   2.000000000e+00  96.8% (153329; 496)
+1761852: mip =   6.300000000e+01 >=   2.000000000e+00  96.8% (153809; 498)
+1767856: mip =   6.300000000e+01 >=   2.000000000e+00  96.8% (154337; 500)
+1773689: mip =   6.300000000e+01 >=   2.000000000e+00  96.8% (154669; 501)
+1779454: mip =   6.300000000e+01 >=   2.000000000e+00  96.8% (155092; 503)
+1785822: mip =   6.300000000e+01 >=   2.000000000e+00  96.8% (155596; 505)
+1793223: mip =   6.300000000e+01 >=   2.000000000e+00  96.8% (156082; 507)
+1798110: mip =   6.300000000e+01 >=   2.000000000e+00  96.8% (156442; 508)
+1803045: mip =   6.300000000e+01 >=   2.000000000e+00  96.8% (156886; 509)
+1810838: mip =   6.300000000e+01 >=   2.000000000e+00  96.8% (157398; 512)
+1815586: mip =   6.300000000e+01 >=   2.000000000e+00  96.8% (157735; 513)
Time used: 1860.3 secs.  Memory used: 896.2 Mb.
+1821837: mip =   6.300000000e+01 >=   2.000000000e+00  96.8% (158259; 514)
+1828286: mip =   6.300000000e+01 >=   2.000000000e+00  96.8% (158652; 516)
+1835497: mip =   6.300000000e+01 >=   2.000000000e+00  96.8% (159095; 518)
+1839715: mip =   6.300000000e+01 >=   2.000000000e+00  96.8% (159471; 519)
+1846972: mip =   6.300000000e+01 >=   2.000000000e+00  96.8% (159880; 521)
+1855070: mip =   6.300000000e+01 >=   2.000000000e+00  96.8% (160418; 524)
+1859811: mip =   6.300000000e+01 >=   2.000000000e+00  96.8% (160756; 525)
+1866676: mip =   6.300000000e+01 >=   2.000000000e+00  96.8% (161223; 527)
+1873347: mip =   6.300000000e+01 >=   2.000000000e+00  96.8% (161629; 528)
+1879874: mip =   6.300000000e+01 >=   2.000000000e+00  96.8% (162114; 530)
+1884594: mip =   6.300000000e+01 >=   2.000000000e+00  96.8% (162467; 531)
+1889001: mip =   6.300000000e+01 >=   2.000000000e+00  96.8% (162935; 533)
Time used: 1920.3 secs.  Memory used: 903.4 Mb.
+1897398: mip =   6.300000000e+01 >=   2.000000000e+00  96.8% (163455; 536)
+1902133: mip =   6.300000000e+01 >=   2.000000000e+00  96.8% (163793; 537)
+1909019: mip =   6.300000000e+01 >=   2.000000000e+00  96.8% (164291; 539)
+1913279: mip =   6.300000000e+01 >=   2.000000000e+00  96.8% (164761; 540)
+1919666: mip =   6.300000000e+01 >=   2.000000000e+00  96.8% (165144; 542)
+1924558: mip =   6.300000000e+01 >=   2.000000000e+00  96.8% (165493; 543)
+1930529: mip =   6.300000000e+01 >=   2.000000000e+00  96.8% (165966; 545)
+1937384: mip =   6.300000000e+01 >=   2.000000000e+00  96.8% (166516; 547)
+1944008: mip =   6.300000000e+01 >=   2.000000000e+00  96.8% (167008; 549)
+1948994: mip =   6.300000000e+01 >=   2.000000000e+00  96.8% (167365; 550)
+1954267: mip =   6.300000000e+01 >=   2.000000000e+00  96.8% (167845; 551)
+1962504: mip =   6.300000000e+01 >=   2.000000000e+00  96.8% (168466; 553)
Time used: 1980.3 secs.  Memory used: 915.4 Mb.
+1967458: mip =   6.300000000e+01 >=   2.000000000e+00  96.8% (168856; 555)
+1973517: mip =   6.300000000e+01 >=   2.000000000e+00  96.8% (169279; 556)
+1980396: mip =   6.300000000e+01 >=   2.000000000e+00  96.8% (169848; 558)
+1984696: mip =   6.300000000e+01 >=   2.000000000e+00  96.8% (170484; 560)
+1989872: mip =   6.300000000e+01 >=   2.000000000e+00  96.8% (170826; 561)
+1996293: mip =   6.300000000e+01 >=   2.000000000e+00  96.8% (171363; 564)
+2004480: mip =   6.300000000e+01 >=   2.000000000e+00  96.8% (171815; 566)
+2009213: mip =   6.300000000e+01 >=   2.000000000e+00  96.8% (172154; 567)
+2017631: mip =   6.300000000e+01 >=   2.000000000e+00  96.8% (172610; 569)
+2025853: mip =   6.300000000e+01 >=   2.000000000e+00  96.8% (173164; 571)
+2030753: mip =   6.300000000e+01 >=   2.000000000e+00  96.8% (173504; 573)
+2037509: mip =   6.300000000e+01 >=   2.000000000e+00  96.8% (173975; 575)
Time used: 2040.3 secs.  Memory used: 923.1 Mb.
+2044183: mip =   6.300000000e+01 >=   2.000000000e+00  96.8% (174527; 577)
+2048924: mip =   6.300000000e+01 >=   2.000000000e+00  96.8% (174915; 579)
+2054578: mip =   6.300000000e+01 >=   2.000000000e+00  96.8% (175335; 580)
+2062807: mip =   6.300000000e+01 >=   2.000000000e+00  96.8% (175920; 582)
+2069528: mip =   6.300000000e+01 >=   2.000000000e+00  96.8% (176386; 585)
+2073244: mip =   6.300000000e+01 >=   2.000000000e+00  96.8% (176760; 585)
+2081066: mip =   6.300000000e+01 >=   2.000000000e+00  96.8% (177277; 588)
+2085335: mip =   6.300000000e+01 >=   2.000000000e+00  96.8% (177782; 590)
+2089760: mip =   6.300000000e+01 >=   2.000000000e+00  96.8% (178149; 591)
+2100400: mip =   6.300000000e+01 >=   2.000000000e+00  96.8% (178633; 594)
+2104705: mip =   6.300000000e+01 >=   2.000000000e+00  96.8% (179044; 595)
+2110246: mip =   6.300000000e+01 >=   2.000000000e+00  96.8% (179493; 597)
Time used: 2100.3 secs.  Memory used: 930.4 Mb.
+2116653: mip =   6.300000000e+01 >=   2.000000000e+00  96.8% (179899; 598)
+2123905: mip =   6.300000000e+01 >=   2.000000000e+00  96.8% (180404; 601)
+2130194: mip =   6.300000000e+01 >=   2.000000000e+00  96.8% (180803; 603)
+2137878: mip =   6.300000000e+01 >=   2.000000000e+00  96.8% (181173; 604)
+2145067: mip =   6.300000000e+01 >=   2.000000000e+00  96.8% (181553; 606)
+2151357: mip =   6.300000000e+01 >=   2.000000000e+00  96.8% (182031; 608)
+2155540: mip =   6.300000000e+01 >=   2.000000000e+00  96.8% (182405; 610)
+2159704: mip =   6.300000000e+01 >=   2.000000000e+00  96.8% (182775; 611)
+2164222: mip =   6.300000000e+01 >=   2.000000000e+00  96.8% (183161; 612)
+2170435: mip =   6.300000000e+01 >=   2.000000000e+00  96.8% (183672; 614)
+2172696: mip =   6.300000000e+01 >=   2.000000000e+00  96.8% (184037; 615)
+2175662: mip =   6.300000000e+01 >=   2.000000000e+00  96.8% (184475; 617)
Time used: 2160.3 secs.  Memory used: 937.3 Mb.
+2177699: mip =   6.300000000e+01 >=   2.000000000e+00  96.8% (184843; 618)
+2181106: mip =   6.300000000e+01 >=   2.000000000e+00  96.8% (185269; 619)
+2185228: mip =   6.300000000e+01 >=   2.000000000e+00  96.8% (185622; 620)
+2189787: mip =   6.300000000e+01 >=   2.000000000e+00  96.8% (186000; 621)
+2194402: mip =   6.300000000e+01 >=   2.000000000e+00  96.8% (186359; 622)
+2200731: mip =   6.300000000e+01 >=   2.000000000e+00  96.8% (186772; 624)
+2205593: mip =   6.300000000e+01 >=   2.000000000e+00  96.8% (187255; 626)
+2212285: mip =   6.300000000e+01 >=   2.000000000e+00  96.8% (187641; 627)
+2217719: mip =   6.300000000e+01 >=   2.000000000e+00  96.8% (188038; 628)
+2221274: mip =   6.300000000e+01 >=   2.000000000e+00  96.8% (188455; 630)
+2228337: mip =   6.300000000e+01 >=   2.000000000e+00  96.8% (188903; 632)
+2230371: mip =   6.300000000e+01 >=   2.000000000e+00  96.8% (189259; 633)
Time used: 2220.3 secs.  Memory used: 943.3 Mb.
+2232691: mip =   6.300000000e+01 >=   2.000000000e+00  96.8% (189639; 634)
+2235598: mip =   6.300000000e+01 >=   2.000000000e+00  96.8% (190073; 636)
+2238991: mip =   6.300000000e+01 >=   2.000000000e+00  96.8% (190497; 637)
+2241761: mip =   6.300000000e+01 >=   2.000000000e+00  96.8% (190855; 638)
+2245984: mip =   6.300000000e+01 >=   2.000000000e+00  96.8% (191222; 639)
+2249643: mip =   6.300000000e+01 >=   2.000000000e+00  96.8% (191662; 640)
+2254133: mip =   6.300000000e+01 >=   2.000000000e+00  96.8% (192040; 641)
+2262014: mip =   6.300000000e+01 >=   2.000000000e+00  96.8% (192438; 643)
+2266619: mip =   6.300000000e+01 >=   2.000000000e+00  96.8% (193002; 645)
+2270650: mip =   6.300000000e+01 >=   2.000000000e+00  96.8% (193362; 646)
+2275687: mip =   6.300000000e+01 >=   2.000000000e+00  96.8% (193744; 647)
+2280918: mip =   6.300000000e+01 >=   2.000000000e+00  96.8% (194130; 648)
Time used: 2280.3 secs.  Memory used: 949.0 Mb.
+2285159: mip =   6.300000000e+01 >=   2.000000000e+00  96.8% (194693; 650)
+2287258: mip =   6.300000000e+01 >=   2.000000000e+00  96.8% (195058; 651)
+2290373: mip =   6.300000000e+01 >=   2.000000000e+00  96.8% (195496; 653)
+2292407: mip =   6.300000000e+01 >=   2.000000000e+00  96.8% (195864; 654)
+2295810: mip =   6.300000000e+01 >=   2.000000000e+00  96.8% (196290; 655)
+2299558: mip =   6.300000000e+01 >=   2.000000000e+00  96.8% (196642; 656)
+2304528: mip =   6.300000000e+01 >=   2.000000000e+00  96.8% (197013; 657)
+2308448: mip =   6.300000000e+01 >=   2.000000000e+00  96.8% (197401; 658)
+2314901: mip =   6.300000000e+01 >=   2.000000000e+00  96.8% (197835; 660)
+2320882: mip =   6.300000000e+01 >=   2.000000000e+00  96.8% (198289; 662)
+2326977: mip =   6.300000000e+01 >=   2.000000000e+00  96.8% (198643; 663)
+2331099: mip =   6.300000000e+01 >=   2.000000000e+00  96.8% (199022; 664)
Time used: 2340.3 secs.  Memory used: 954.8 Mb.
+2335360: mip =   6.300000000e+01 >=   2.000000000e+00  96.8% (199470; 665)
+2341656: mip =   6.300000000e+01 >=   2.000000000e+00  96.8% (199874; 667)
+2344143: mip =   6.300000000e+01 >=   2.000000000e+00  96.8% (200332; 669)
+2346416: mip =   6.300000000e+01 >=   2.000000000e+00  96.8% (200699; 670)
+2348774: mip =   6.300000000e+01 >=   2.000000000e+00  96.8% (201077; 671)
+2353152: mip =   6.300000000e+01 >=   2.000000000e+00  96.8% (201570; 673)
+2355908: mip =   6.300000000e+01 >=   2.000000000e+00  96.8% (201927; 674)
+2359941: mip =   6.300000000e+01 >=   2.000000000e+00  96.8% (202295; 675)
+2363315: mip =   6.300000000e+01 >=   2.000000000e+00  96.8% (202691; 676)
+2367801: mip =   6.300000000e+01 >=   2.000000000e+00  96.8% (203069; 677)
+2376573: mip =   6.300000000e+01 >=   2.000000000e+00  96.8% (203452; 679)
+2381471: mip =   6.300000000e+01 >=   2.000000000e+00  96.8% (203957; 681)
Time used: 2400.3 secs.  Memory used: 960.7 Mb.
+2385491: mip =   6.300000000e+01 >=   2.000000000e+00  96.8% (204317; 682)
+2390394: mip =   6.300000000e+01 >=   2.000000000e+00  96.8% (204710; 683)
+2394897: mip =   6.300000000e+01 >=   2.000000000e+00  96.8% (205096; 684)
+2400423: mip =   6.300000000e+01 >=   2.000000000e+00  96.8% (205533; 686)
+2403282: mip =   6.300000000e+01 >=   2.000000000e+00  96.8% (205961; 687)
+2405412: mip =   6.300000000e+01 >=   2.000000000e+00  96.8% (206336; 689)
+2408314: mip =   6.300000000e+01 >=   2.000000000e+00  96.8% (206706; 690)
+2412260: mip =   6.300000000e+01 >=   2.000000000e+00  96.8% (207128; 691)
+2415525: mip =   6.300000000e+01 >=   2.000000000e+00  96.8% (207495; 692)
+2420497: mip =   6.300000000e+01 >=   2.000000000e+00  96.8% (207901; 694)
+2424653: mip =   6.300000000e+01 >=   2.000000000e+00  96.8% (208250; 694)
Time used: 2460.4 secs.  Memory used: 966.2 Mb.
+2430212: mip =   6.300000000e+01 >=   2.000000000e+00  96.8% (208615; 696)
+2436155: mip =   6.300000000e+01 >=   2.000000000e+00  96.8% (209113; 698)
+2442013: mip =   6.300000000e+01 >=   2.000000000e+00  96.8% (209479; 699)
+2446766: mip =   6.300000000e+01 >=   2.000000000e+00  96.8% (209849; 700)
+2451033: mip =   6.300000000e+01 >=   2.000000000e+00  96.8% (210281; 701)
+2456613: mip =   6.300000000e+01 >=   2.000000000e+00  96.8% (210704; 703)
+2459777: mip =   6.300000000e+01 >=   2.000000000e+00  96.8% (211133; 705)
+2462011: mip =   6.300000000e+01 >=   2.000000000e+00  96.8% (211500; 706)
+2464224: mip =   6.300000000e+01 >=   2.000000000e+00  96.8% (211877; 707)
+2468765: mip =   6.300000000e+01 >=   2.000000000e+00  96.8% (212370; 709)
+2471521: mip =   6.300000000e+01 >=   2.000000000e+00  96.8% (212727; 710)
+2475539: mip =   6.300000000e+01 >=   2.000000000e+00  96.8% (213095; 711)
Time used: 2520.4 secs.  Memory used: 972.0 Mb.
+2478902: mip =   6.300000000e+01 >=   2.000000000e+00  96.8% (213489; 712)
+2483388: mip =   6.300000000e+01 >=   2.000000000e+00  96.8% (213867; 713)
+2490932: mip =   6.300000000e+01 >=   2.000000000e+00  96.8% (214268; 715)
+2496550: mip =   6.300000000e+01 >=   2.000000000e+00  96.8% (214712; 717)
+2501813: mip =   6.300000000e+01 >=   2.000000000e+00  96.8% (215056; 718)
+2507087: mip =   6.300000000e+01 >=   2.000000000e+00  96.8% (215422; 719)
+2511538: mip =   6.300000000e+01 >=   2.000000000e+00  96.8% (215808; 720)
+2519163: mip =   6.300000000e+01 >=   2.000000000e+00  96.8% (216245; 722)
+2521554: mip =   6.300000000e+01 >=   2.000000000e+00  96.8% (216614; 723)
+2524355: mip =   6.300000000e+01 >=   2.000000000e+00  96.8% (217046; 725)
+2526520: mip =   6.300000000e+01 >=   2.000000000e+00  96.8% (217413; 726)
+2530011: mip =   6.300000000e+01 >=   2.000000000e+00  96.8% (217839; 727)
Time used: 2580.4 secs.  Memory used: 977.8 Mb.
+2534003: mip =   6.300000000e+01 >=   2.000000000e+00  96.8% (218196; 728)
+2538741: mip =   6.300000000e+01 >=   2.000000000e+00  96.8% (218628; 729)
+2542032: mip =   6.300000000e+01 >=   2.000000000e+00  96.8% (219017; 730)
+2548018: mip =   6.300000000e+01 >=   2.000000000e+00  96.8% (219449; 731)
+2553855: mip =   6.300000000e+01 >=   2.000000000e+00  96.8% (219860; 733)
+2558392: mip =   6.300000000e+01 >=   2.000000000e+00  96.8% (220332; 735)
+2562414: mip =   6.300000000e+01 >=   2.000000000e+00  96.8% (220688; 736)
+2567650: mip =   6.300000000e+01 >=   2.000000000e+00  96.8% (221032; 737)
+2573335: mip =   6.300000000e+01 >=   2.000000000e+00  96.8% (221426; 738)
+2575159: mip =   6.300000000e+01 >=   2.000000000e+00  96.8% (221812; 739)
+2579128: mip =   6.300000000e+01 >=   2.000000000e+00  96.8% (222247; 741)
+2581241: mip =   6.300000000e+01 >=   2.000000000e+00  96.8% (222615; 742)
Time used: 2640.4 secs.  Memory used: 983.3 Mb.
+2583525: mip =   6.300000000e+01 >=   2.000000000e+00  96.8% (222989; 743)
+2588094: mip =   6.300000000e+01 >=   2.000000000e+00  96.8% (223483; 745)
+2590845: mip =   6.300000000e+01 >=   2.000000000e+00  96.8% (223839; 746)
+2595038: mip =   6.300000000e+01 >=   2.000000000e+00  96.8% (224250; 747)
+2598583: mip =   6.300000000e+01 >=   2.000000000e+00  96.8% (224641; 748)
+2603070: mip =   6.300000000e+01 >=   2.000000000e+00  96.8% (225019; 749)
+2610132: mip =   6.300000000e+01 >=   2.000000000e+00  96.8% (225395; 751)
+2615572: mip =   6.300000000e+01 >=   2.000000000e+00  96.8% (225870; 752)
+2620062: mip =   6.300000000e+01 >=   2.000000000e+00  96.8% (226267; 754)
+2623330: mip =   6.300000000e+01 >=   2.000000000e+00  96.8% (226642; 755)
+2627806: mip =   6.300000000e+01 >=   2.000000000e+00  96.8% (227027; 756)
+2633399: mip =   6.300000000e+01 >=   2.000000000e+00  96.8% (227585; 758)
Time used: 2700.4 secs.  Memory used: 989.2 Mb.
+2635440: mip =   6.300000000e+01 >=   2.000000000e+00  96.8% (227943; 759)
+2637901: mip =   6.300000000e+01 >=   2.000000000e+00  96.8% (228327; 760)
+2640599: mip =   6.300000000e+01 >=   2.000000000e+00  96.8% (228754; 762)
+2643971: mip =   6.300000000e+01 >=   2.000000000e+00  96.8% (229178; 763)
+2646899: mip =   6.300000000e+01 >=   2.000000000e+00  96.8% (229536; 764)
+2650930: mip =   6.300000000e+01 >=   2.000000000e+00  96.8% (229951; 765)
+2655441: mip =   6.300000000e+01 >=   2.000000000e+00  96.8% (230297; 766)
+2661308: mip =   6.300000000e+01 >=   2.000000000e+00  96.8% (230675; 767)
+2668566: mip =   6.300000000e+01 >=   2.000000000e+00  96.8% (231216; 769)
+2672721: mip =   6.300000000e+01 >=   2.000000000e+00  96.8% (231649; 771)
+2677736: mip =   6.300000000e+01 >=   2.000000000e+00  96.8% (232002; 772)
+2682241: mip =   6.300000000e+01 >=   2.000000000e+00  96.8% (232404; 773)
Time used: 2760.4 secs.  Memory used: 994.9 Mb.
+2686525: mip =   6.300000000e+01 >=   2.000000000e+00  96.8% (232846; 775)
+2686847: mip =   6.300000000e+01 >=   2.000000000e+00  96.8% (233165; 775)
+2688502: mip =   6.300000000e+01 >=   2.000000000e+00  96.8% (233520; 777)
+2690912: mip =   6.300000000e+01 >=   2.000000000e+00  96.8% (233890; 778)
+2693385: mip =   6.300000000e+01 >=   2.000000000e+00  96.8% (234275; 779)
+2697455: mip =   6.300000000e+01 >=   2.000000000e+00  96.8% (234755; 781)
+2700208: mip =   6.300000000e+01 >=   2.000000000e+00  96.8% (235113; 782)
+2704392: mip =   6.300000000e+01 >=   2.000000000e+00  96.8% (235524; 783)
+2707731: mip =   6.300000000e+01 >=   2.000000000e+00  96.8% (235914; 784)
+2712209: mip =   6.300000000e+01 >=   2.000000000e+00  96.8% (236292; 785)
+2719539: mip =   6.300000000e+01 >=   2.000000000e+00  96.8% (236673; 787)
+2724768: mip =   6.300000000e+01 >=   2.000000000e+00  96.8% (237193; 789)
Time used: 2820.4 secs.  Memory used: 1000.2 Mb.
+2730020: mip =   6.300000000e+01 >=   2.000000000e+00  96.8% (237538; 790)
+2733408: mip =   6.300000000e+01 >=   2.000000000e+00  96.8% (237913; 791)
+2739007: mip =   6.300000000e+01 >=   2.000000000e+00  96.8% (238315; 792)
+2740172: mip =   6.300000000e+01 >=   2.000000000e+00  96.8% (238682; 793)
+2745546: mip =   6.300000000e+01 >=   2.000000000e+00  96.8% (239069; 794)
+2747607: mip =   6.300000000e+01 >=   2.000000000e+00  96.8% (239442; 796)
+2749867: mip =   6.300000000e+01 >=   2.000000000e+00  96.8% (239809; 797)
+2754021: mip =   6.300000000e+01 >=   2.000000000e+00  96.8% (240223; 798)
+2757324: mip =   6.300000000e+01 >=   2.000000000e+00  96.8% (240667; 800)
+2761003: mip =   6.300000000e+01 >=   2.000000000e+00  96.8% (241022; 800)
+2764879: mip =   6.300000000e+01 >=   2.000000000e+00  96.8% (241463; 802)
+2769357: mip =   6.300000000e+01 >=   2.000000000e+00  96.8% (241841; 803)
Time used: 2880.5 secs.  Memory used: 1005.3 Mb.
+2776076: mip =   6.300000000e+01 >=   2.000000000e+00  96.8% (242192; 804)
+2779778: mip =   6.300000000e+01 >=   2.000000000e+00  96.8% (242693; 806)
+2787728: mip =   6.300000000e+01 >=   2.000000000e+00  96.8% (243090; 807)
+2791210: mip =   6.300000000e+01 >=   2.000000000e+00  96.8% (243516; 809)
+2794434: mip =   6.300000000e+01 >=   2.000000000e+00  96.8% (243913; 810)
+2798296: mip =   6.300000000e+01 >=   2.000000000e+00  96.8% (244282; 811)
+2798598: mip =   6.300000000e+01 >=   2.000000000e+00  96.8% (244581; 811)
+2800242: mip =   6.300000000e+01 >=   2.000000000e+00  96.8% (244934; 813)
+2802651: mip =   6.300000000e+01 >=   2.000000000e+00  96.8% (245305; 814)
+2805163: mip =   6.300000000e+01 >=   2.000000000e+00  96.8% (245702; 815)
+2809179: mip =   6.300000000e+01 >=   2.000000000e+00  96.8% (246169; 817)
+2811928: mip =   6.300000000e+01 >=   2.000000000e+00  96.8% (246527; 818)
Time used: 2940.5 secs.  Memory used: 1010.6 Mb.
+2816108: mip =   6.300000000e+01 >=   2.000000000e+00  96.8% (246938; 819)
+2819489: mip =   6.300000000e+01 >=   2.000000000e+00  96.8% (247326; 820)
+2824298: mip =   6.300000000e+01 >=   2.000000000e+00  96.8% (247743; 821)
+2833191: mip =   6.300000000e+01 >=   2.000000000e+00  96.8% (248205; 823)
+2837930: mip =   6.300000000e+01 >=   2.000000000e+00  96.8% (248712; 825)
+2843191: mip =   6.300000000e+01 >=   2.000000000e+00  96.8% (249056; 826)
+2847911: mip =   6.300000000e+01 >=   2.000000000e+00  96.8% (249421; 827)
+2854140: mip =   6.300000000e+01 >=   2.000000000e+00  96.8% (249886; 829)
+2857832: mip =   6.300000000e+01 >=   2.000000000e+00  96.8% (250239; 830)
+2860192: mip =   6.300000000e+01 >=   2.000000000e+00  96.8% (250653; 832)
+2862300: mip =   6.300000000e+01 >=   2.000000000e+00  96.8% (251021; 833)
+2866099: mip =   6.300000000e+01 >=   2.000000000e+00  96.8% (251418; 834)
Time used: 3000.5 secs.  Memory used: 1016.6 Mb.
+2869900: mip =   6.300000000e+01 >=   2.000000000e+00  96.8% (251879; 836)
+2873756: mip =   6.300000000e+01 >=   2.000000000e+00  96.8% (252223; 836)
+2877242: mip =   6.300000000e+01 >=   2.000000000e+00  96.8% (252637; 838)
+2880976: mip =   6.300000000e+01 >=   2.000000000e+00  96.8% (253051; 839)
+2888648: mip =   6.300000000e+01 >=   2.000000000e+00  96.8% (253445; 841)
+2894261: mip =   6.300000000e+01 >=   2.000000000e+00  96.8% (253896; 843)
+2898263: mip =   6.300000000e+01 >=   2.000000000e+00  96.8% (254256; 844)
+2902533: mip =   6.300000000e+01 >=   2.000000000e+00  96.8% (254654; 845)
+2905883: mip =   6.300000000e+01 >=   2.000000000e+00  96.8% (255048; 846)
+2913287: mip =   6.300000000e+01 >=   2.000000000e+00  96.8% (255429; 847)
+2915283: mip =   6.300000000e+01 >=   2.000000000e+00  96.8% (255833; 849)
+2917673: mip =   6.300000000e+01 >=   2.000000000e+00  96.8% (256205; 850)
Time used: 3060.5 secs.  Memory used: 1022.4 Mb.
+2920395: mip =   6.300000000e+01 >=   2.000000000e+00  96.8% (256606; 851)
+2924187: mip =   6.300000000e+01 >=   2.000000000e+00  96.8% (257067; 853)
+2926940: mip =   6.300000000e+01 >=   2.000000000e+00  96.8% (257425; 854)
+2930944: mip =   6.300000000e+01 >=   2.000000000e+00  96.8% (257794; 855)
+2934300: mip =   6.300000000e+01 >=   2.000000000e+00  96.8% (258186; 856)
+2939348: mip =   6.300000000e+01 >=   2.000000000e+00  96.8% (258591; 857)
+2948629: mip =   6.300000000e+01 >=   2.000000000e+00  96.8% (259046; 859)
+2953956: mip =   6.300000000e+01 >=   2.000000000e+00  96.8% (259563; 861)
+2957966: mip =   6.300000000e+01 >=   2.000000000e+00  96.8% (259923; 862)
+2962237: mip =   6.300000000e+01 >=   2.000000000e+00  96.8% (260321; 863)
+2966282: mip =   6.300000000e+01 >=   2.000000000e+00  96.8% (260706; 864)
+2972351: mip =   6.300000000e+01 >=   2.000000000e+00  96.8% (261117; 866)
Time used: 3120.5 secs.  Memory used: 1028.0 Mb.
+2974426: mip =   6.300000000e+01 >=   2.000000000e+00  96.8% (261482; 867)
+2977504: mip =   6.300000000e+01 >=   2.000000000e+00  96.8% (261919; 869)
+2979501: mip =   6.300000000e+01 >=   2.000000000e+00  96.8% (262286; 870)
+2982880: mip =   6.300000000e+01 >=   2.000000000e+00  96.8% (262712; 871)
+2986601: mip =   6.300000000e+01 >=   2.000000000e+00  96.8% (263064; 872)
+2991563: mip =   6.300000000e+01 >=   2.000000000e+00  96.8% (263434; 873)
+2995652: mip =   6.300000000e+01 >=   2.000000000e+00  96.8% (263793; 874)
+3001153: mip =   6.300000000e+01 >=   2.000000000e+00  96.8% (264236; 876)
+3006269: mip =   6.300000000e+01 >=   2.000000000e+00  96.8% (264689; 878)
+3010800: mip =   6.300000000e+01 >=   2.000000000e+00  96.8% (265063; 879)
+3017150: mip =   6.300000000e+01 >=   2.000000000e+00  96.8% (265410; 880)
+3021278: mip =   6.300000000e+01 >=   2.000000000e+00  96.8% (265814; 881)
Time used: 3180.5 secs.  Memory used: 1033.7 Mb.
+3026384: mip =   6.300000000e+01 >=   2.000000000e+00  96.8% (266270; 883)
+3029682: mip =   6.300000000e+01 >=   2.000000000e+00  96.8% (266700; 884)
+3032564: mip =   6.300000000e+01 >=   2.000000000e+00  96.8% (267139; 885)
+3034577: mip =   6.300000000e+01 >=   2.000000000e+00  96.8% (267502; 887)
+3037468: mip =   6.300000000e+01 >=   2.000000000e+00  96.8% (267873; 888)
+3041423: mip =   6.300000000e+01 >=   2.000000000e+00  96.8% (268296; 889)
+3044656: mip =   6.300000000e+01 >=   2.000000000e+00  96.8% (268664; 890)
+3049267: mip =   6.300000000e+01 >=   2.000000000e+00  96.8% (269028; 891)
+3053530: mip =   6.300000000e+01 >=   2.000000000e+00  96.8% (269394; 892)
+3061353: mip =   6.300000000e+01 >=   2.000000000e+00  96.8% (269799; 894)
+3066338: mip =   6.300000000e+01 >=   2.000000000e+00  96.8% (270262; 896)
+3072810: mip =   6.300000000e+01 >=   2.000000000e+00  96.8% (270654; 897)
Time used: 3240.5 secs.  Memory used: 1039.5 Mb.
+3076875: mip =   6.300000000e+01 >=   2.000000000e+00  96.8% (271080; 899)
+3080100: mip =   6.300000000e+01 >=   2.000000000e+00  96.8% (271480; 900)
+3087543: mip =   6.300000000e+01 >=   2.000000000e+00  96.8% (271952; 902)
+3089510: mip =   6.300000000e+01 >=   2.000000000e+00  96.8% (272308; 903)
+3091805: mip =   6.300000000e+01 >=   2.000000000e+00  96.8% (272687; 904)
+3094677: mip =   6.300000000e+01 >=   2.000000000e+00  96.8% (273121; 906)
+3098036: mip =   6.300000000e+01 >=   2.000000000e+00  96.8% (273545; 907)
+3100777: mip =   6.300000000e+01 >=   2.000000000e+00  96.8% (273904; 908)
+3104963: mip =   6.300000000e+01 >=   2.000000000e+00  96.8% (274271; 909)
+3109610: mip =   6.300000000e+01 >=   2.000000000e+00  96.8% (274647; 910)
+3115064: mip =   6.300000000e+01 >=   2.000000000e+00  96.8% (275106; 911)
Time used: 3300.5 secs.  Memory used: 1045.3 Mb.
+3121896: mip =   6.300000000e+01 >=   2.000000000e+00  96.8% (275560; 914)
+3127690: mip =   6.300000000e+01 >=   2.000000000e+00  96.8% (275907; 915)
+3132262: mip =   6.300000000e+01 >=   2.000000000e+00  96.8% (276361; 917)
+3135499: mip =   6.300000000e+01 >=   2.000000000e+00  96.8% (276760; 918)
+3139714: mip =   6.300000000e+01 >=   2.000000000e+00  96.8% (277126; 919)
+3145670: mip =   6.300000000e+01 >=   2.000000000e+00  96.8% (277516; 921)
+3147615: mip =   6.300000000e+01 >=   2.000000000e+00  96.8% (277883; 922)
+3149892: mip =   6.300000000e+01 >=   2.000000000e+00  96.8% (278251; 923)
+3154051: mip =   6.300000000e+01 >=   2.000000000e+00  96.8% (278675; 924)
+3157282: mip =   6.300000000e+01 >=   2.000000000e+00  96.8% (279107; 926)
+3161279: mip =   6.300000000e+01 >=   2.000000000e+00  96.8% (279473; 927)
+3163635: mip =   6.300000000e+01 >=   2.000000000e+00  96.8% (279820; 928)
Time used: 3360.5 secs.  Memory used: 1050.8 Mb.
+3168097: mip =   6.300000000e+01 >=   2.000000000e+00  96.8% (280198; 929)
+3176235: mip =   6.300000000e+01 >=   2.000000000e+00  96.8% (280621; 930)
+3182365: mip =   6.300000000e+01 >=   2.000000000e+00  96.8% (281060; 932)
+3186794: mip =   6.300000000e+01 >=   2.000000000e+00  96.8% (281511; 934)
+3190041: mip =   6.300000000e+01 >=   2.000000000e+00  96.8% (281885; 935)
+3193474: mip =   6.300000000e+01 >=   2.000000000e+00  96.8% (282276; 936)
+3197994: mip =   6.300000000e+01 >=   2.000000000e+00  96.8% (282665; 937)
+3203274: mip =   6.300000000e+01 >=   2.000000000e+00  96.8% (283083; 939)
+3205216: mip =   6.300000000e+01 >=   2.000000000e+00  96.8% (283450; 940)
+3207613: mip =   6.300000000e+01 >=   2.000000000e+00  96.8% (283818; 941)
+3211833: mip =   6.300000000e+01 >=   2.000000000e+00  96.8% (284262; 942)
+3214878: mip =   6.300000000e+01 >=   2.000000000e+00  96.8% (284675; 944)
Time used: 3420.6 secs.  Memory used: 1056.5 Mb.
+3218817: mip =   6.300000000e+01 >=   2.000000000e+00  96.8% (285060; 944)
+3222380: mip =   6.300000000e+01 >=   2.000000000e+00  96.8% (285480; 946)
+3227105: mip =   6.300000000e+01 >=   2.000000000e+00  96.8% (285857; 947)
+3232536: mip =   6.300000000e+01 >=   2.000000000e+00  96.8% (286262; 949)
+3241374: mip =   6.300000000e+01 >=   2.000000000e+00  96.8% (286770; 951)
+3246775: mip =   6.300000000e+01 >=   2.000000000e+00  96.8% (287176; 952)
+3254128: mip =   6.300000000e+01 >=   2.000000000e+00  96.8% (287734; 954)
+3258427: mip =   6.300000000e+01 >=   2.000000000e+00  96.8% (288195; 955)
+3265402: mip =   6.300000000e+01 >=   2.000000000e+00  96.8% (288803; 958)
+3270476: mip =   6.300000000e+01 >=   2.000000000e+00  96.8% (289212; 959)
+3278077: mip =   6.300000000e+01 >=   2.000000000e+00  96.8% (289715; 961)
+3284588: mip =   6.300000000e+01 >=   2.000000000e+00  96.8% (290174; 962)
Time used: 3480.6 secs.  Memory used: 1063.5 Mb.
+3289406: mip =   6.300000000e+01 >=   2.000000000e+00  96.8% (290577; 964)
+3297535: mip =   6.300000000e+01 >=   2.000000000e+00  96.8% (291052; 966)
+3302598: mip =   6.300000000e+01 >=   2.000000000e+00  96.8% (291507; 967)
+3308363: mip =   6.300000000e+01 >=   2.000000000e+00  96.8% (291977; 970)
+3315437: mip =   6.300000000e+01 >=   2.000000000e+00  96.8% (292367; 972)
+3318461: mip =   6.300000000e+01 >=   2.000000000e+00  96.8% (292896; 973)
+3325160: mip =   6.300000000e+01 >=   2.000000000e+00  96.8% (293412; 974)
+3331196: mip =   6.300000000e+01 >=   2.000000000e+00  96.8% (293753; 976)
+3337131: mip =   6.300000000e+01 >=   2.000000000e+00  96.8% (294281; 979)
+3342083: mip =   6.300000000e+01 >=   2.000000000e+00  96.8% (294687; 980)
+3347694: mip =   6.300000000e+01 >=   2.000000000e+00  96.8% (295125; 982)
+3354405: mip =   6.300000000e+01 >=   2.000000000e+00  96.8% (295550; 983)
Time used: 3540.6 secs.  Memory used: 1070.6 Mb.
+3358455: mip =   6.300000000e+01 >=   2.000000000e+00  96.8% (296046; 985)
+3366179: mip =   6.300000000e+01 >=   2.000000000e+00  96.8% (296499; 986)
+3371609: mip =   6.300000000e+01 >=   2.000000000e+00  96.8% (296908; 988)
+3383137: mip =   6.300000000e+01 >=   2.000000000e+00  96.8% (297332; 990)
+3387673: mip =   6.300000000e+01 >=   2.000000000e+00  96.8% (297749; 992)
+3394387: mip =   6.300000000e+01 >=   2.000000000e+00  96.8% (298232; 994)
+3400526: mip =   6.300000000e+01 >=   2.000000000e+00  96.8% (298704; 995)
+3404163: mip =   6.300000000e+01 >=   2.000000000e+00  96.8% (299088; 997)
+3411461: mip =   6.300000000e+01 >=   2.000000000e+00  96.8% (299576; 999)
+3414744: mip =   6.300000000e+01 >=   2.000000000e+00  96.8% (299951; 1000)
+3420100: mip =   6.300000000e+01 >=   2.000000000e+00  96.8% (300358; 1001)
+3424733: mip =   6.300000000e+01 >=   2.000000000e+00  96.8% (300799; 1003)
+3428168: mip =   6.300000000e+01 >=   2.000000000e+00  96.8% (300967; 1003)
TIME LIMIT EXCEEDED; SEARCH TERMINATED
Time used:   3601.1 secs
Memory used: 1146.4 Mb (1202116152 bytes)

#################################
SALBP-1 / LP Model Result

m = 63

N\S   1  2  3  4  5  6  7  8  9 10 11 12 13 14 15 16 17 18 19 20 21 22 23 24 25 26 27 28 29 30 31 32 33 34 35 36 37 38 39 40 41 42 43 44 45 46 47 48 49 50 51 52 53 54 55 56 57 58 59 60 61 62 63 64 65 66 67 68 69 70 71 72 73 74 75
  1   0  0  0  0  0  0  0  0  0  0  0  0  0  0  0  0  0  0  0  0  0  0  0  0  0  0  0  0  0  0  0  0  0  0  0  0  0  0  0  0  0  0  0  0  0  0  0  0  0  0  1  0  0  0  0  0  0  0  0  0  0  0  0  0  0  0  0  0  0  0  0  0  0  0  0
  2   0  0  0  0  0  0  0  0  0  0  0  0  0  0  0  0  0  0  0  0  0  0  0  0  0  0  0  0  0  0  0  0  0  0  0  0  0  0  0  0  1  0  0  0  0  0  0  0  0  0  0  0  0  0  0  0  0  0  0  0  0  0  0  0  0  0  0  0  0  0  0  0  0  0  0
  3   0  0  0  0  0  0  0  1  0  0  0  0  0  0  0  0  0  0  0  0  0  0  0  0  0  0  0  0  0  0  0  0  0  0  0  0  0  0  0  0  0  0  0  0  0  0  0  0  0  0  0  0  0  0  0  0  0  0  0  0  0  0  0  0  0  0  0  0  0  0  0  0  0  0  0
  4   0  0  0  0  0  0  0  0  0  0  0  0  0  0  1  0  0  0  0  0  0  0  0  0  0  0  0  0  0  0  0  0  0  0  0  0  0  0  0  0  0  0  0  0  0  0  0  0  0  0  0  0  0  0  0  0  0  0  0  0  0  0  0  0  0  0  0  0  0  0  0  0  0  0  0
  5   0  0  0  0  0  0  0  0  0  0  0  1  0  0  0  0  0  0  0  0  0  0  0  0  0  0  0  0  0  0  0  0  0  0  0  0  0  0  0  0  0  0  0  0  0  0  0  0  0  0  0  0  0  0  0  0  0  0  0  0  0  0  0  0  0  0  0  0  0  0  0  0  0  0  0
  6   0  0  0  0  0  0  0  0  1  0  0  0  0  0  0  0  0  0  0  0  0  0  0  0  0  0  0  0  0  0  0  0  0  0  0  0  0  0  0  0  0  0  0  0  0  0  0  0  0  0  0  0  0  0  0  0  0  0  0  0  0  0  0  0  0  0  0  0  0  0  0  0  0  0  0
  7   0  0  0  0  0  0  0  0  1  0  0  0  0  0  0  0  0  0  0  0  0  0  0  0  0  0  0  0  0  0  0  0  0  0  0  0  0  0  0  0  0  0  0  0  0  0  0  0  0  0  0  0  0  0  0  0  0  0  0  0  0  0  0  0  0  0  0  0  0  0  0  0  0  0  0
  8   0  0  0  0  0  1  0  0  0  0  0  0  0  0  0  0  0  0  0  0  0  0  0  0  0  0  0  0  0  0  0  0  0  0  0  0  0  0  0  0  0  0  0  0  0  0  0  0  0  0  0  0  0  0  0  0  0  0  0  0  0  0  0  0  0  0  0  0  0  0  0  0  0  0  0
  9   0  0  0  0  0  0  0  0  0  0  0  0  0  0  0  0  0  0  0  0  0  0  0  0  0  0  0  0  0  0  0  0  0  0  0  0  0  0  0  0  0  0  0  0  0  0  0  1  0  0  0  0  0  0  0  0  0  0  0  0  0  0  0  0  0  0  0  0  0  0  0  0  0  0  0
 10   0  0  0  0  0  0  0  0  0  0  0  0  0  0  0  0  1  0  0  0  0  0  0  0  0  0  0  0  0  0  0  0  0  0  0  0  0  0  0  0  0  0  0  0  0  0  0  0  0  0  0  0  0  0  0  0  0  0  0  0  0  0  0  0  0  0  0  0  0  0  0  0  0  0  0
 11   0  0  0  0  0  0  0  0  0  0  0  0  0  0  0  0  0  0  0  0  0  0  0  0  0  0  0  0  0  1  0  0  0  0  0  0  0  0  0  0  0  0  0  0  0  0  0  0  0  0  0  0  0  0  0  0  0  0  0  0  0  0  0  0  0  0  0  0  0  0  0  0  0  0  0
 12   1  0  0  0  0  0  0  0  0  0  0  0  0  0  0  0  0  0  0  0  0  0  0  0  0  0  0  0  0  0  0  0  0  0  0  0  0  0  0  0  0  0  0  0  0  0  0  0  0  0  0  0  0  0  0  0  0  0  0  0  0  0  0  0  0  0  0  0  0  0  0  0  0  0  0
 13   0  0  0  0  0  0  0  0  0  0  0  0  0  0  0  0  0  0  0  0  0  0  0  0  0  0  0  1  0  0  0  0  0  0  0  0  0  0  0  0  0  0  0  0  0  0  0  0  0  0  0  0  0  0  0  0  0  0  0  0  0  0  0  0  0  0  0  0  0  0  0  0  0  0  0
 14   0  0  0  0  0  0  0  0  0  0  0  0  0  0  0  0  0  0  0  0  0  0  0  0  0  0  0  0  0  0  0  0  0  0  0  0  0  0  0  0  0  0  0  0  0  1  0  0  0  0  0  0  0  0  0  0  0  0  0  0  0  0  0  0  0  0  0  0  0  0  0  0  0  0  0
 15   0  0  0  0  0  0  0  0  0  0  0  0  0  0  0  0  0  0  0  0  0  0  0  0  0  0  0  0  0  0  0  0  0  0  0  0  0  0  0  0  1  0  0  0  0  0  0  0  0  0  0  0  0  0  0  0  0  0  0  0  0  0  0  0  0  0  0  0  0  0  0  0  0  0  0
 16   0  0  0  1  0  0  0  0  0  0  0  0  0  0  0  0  0  0  0  0  0  0  0  0  0  0  0  0  0  0  0  0  0  0  0  0  0  0  0  0  0  0  0  0  0  0  0  0  0  0  0  0  0  0  0  0  0  0  0  0  0  0  0  0  0  0  0  0  0  0  0  0  0  0  0
 17   0  0  0  0  0  0  0  0  0  0  0  0  1  0  0  0  0  0  0  0  0  0  0  0  0  0  0  0  0  0  0  0  0  0  0  0  0  0  0  0  0  0  0  0  0  0  0  0  0  0  0  0  0  0  0  0  0  0  0  0  0  0  0  0  0  0  0  0  0  0  0  0  0  0  0
 18   0  0  0  0  0  0  0  0  0  0  1  0  0  0  0  0  0  0  0  0  0  0  0  0  0  0  0  0  0  0  0  0  0  0  0  0  0  0  0  0  0  0  0  0  0  0  0  0  0  0  0  0  0  0  0  0  0  0  0  0  0  0  0  0  0  0  0  0  0  0  0  0  0  0  0
 19   0  0  0  0  0  0  0  0  0  0  0  0  0  0  0  0  0  0  0  0  0  0  0  0  0  0  0  0  0  0  0  0  0  0  0  0  0  0  0  0  0  0  0  1  0  0  0  0  0  0  0  0  0  0  0  0  0  0  0  0  0  0  0  0  0  0  0  0  0  0  0  0  0  0  0
 20   0  0  0  0  0  0  0  0  0  0  0  0  0  0  0  0  0  0  0  0  0  0  0  0  1  0  0  0  0  0  0  0  0  0  0  0  0  0  0  0  0  0  0  0  0  0  0  0  0  0  0  0  0  0  0  0  0  0  0  0  0  0  0  0  0  0  0  0  0  0  0  0  0  0  0
 21   0  0  0  0  0  0  0  0  0  0  0  0  0  0  0  0  0  0  0  0  0  0  0  0  0  0  0  0  0  0  0  0  0  0  0  0  0  0  0  0  0  0  0  0  0  0  0  0  0  0  0  0  0  1  0  0  0  0  0  0  0  0  0  0  0  0  0  0  0  0  0  0  0  0  0
 22   0  0  0  0  0  0  0  0  0  0  0  0  0  0  0  0  0  0  0  0  0  0  0  0  0  1  0  0  0  0  0  0  0  0  0  0  0  0  0  0  0  0  0  0  0  0  0  0  0  0  0  0  0  0  0  0  0  0  0  0  0  0  0  0  0  0  0  0  0  0  0  0  0  0  0
 23   0  0  0  0  0  0  0  0  0  0  0  0  0  0  0  0  0  0  0  0  0  0  0  0  0  0  0  0  0  0  0  0  0  0  0  0  0  0  0  0  0  0  0  0  0  0  0  0  0  0  0  0  0  0  0  0  0  0  0  0  0  0  0  0  0  0  0  0  0  1  0  0  0  0  0
 24   0  0  0  0  0  0  0  0  0  0  0  0  0  0  0  0  0  0  0  0  0  0  0  0  0  0  0  0  0  0  0  0  0  0  0  0  0  0  0  0  0  0  0  0  0  0  0  0  0  0  0  0  0  0  1  0  0  0  0  0  0  0  0  0  0  0  0  0  0  0  0  0  0  0  0
 25   0  0  0  0  0  0  0  0  0  0  0  0  0  0  0  0  0  0  0  0  0  0  0  0  0  0  0  0  0  0  0  0  0  0  0  0  0  0  0  0  0  0  0  0  0  0  0  0  0  0  0  1  0  0  0  0  0  0  0  0  0  0  0  0  0  0  0  0  0  0  0  0  0  0  0
 26   0  0  0  0  0  0  0  0  0  0  0  0  0  0  0  0  0  0  0  0  0  0  0  0  0  0  0  0  0  0  0  0  0  0  0  0  0  0  0  0  0  0  0  0  0  0  0  0  0  0  0  0  0  0  0  0  0  0  0  0  0  0  0  0  0  1  0  0  0  0  0  0  0  0  0
 27   0  0  0  0  0  0  0  0  0  0  0  0  0  0  0  0  0  0  0  0  1  0  0  0  0  0  0  0  0  0  0  0  0  0  0  0  0  0  0  0  0  0  0  0  0  0  0  0  0  0  0  0  0  0  0  0  0  0  0  0  0  0  0  0  0  0  0  0  0  0  0  0  0  0  0
 28   1  0  0  0  0  0  0  0  0  0  0  0  0  0  0  0  0  0  0  0  0  0  0  0  0  0  0  0  0  0  0  0  0  0  0  0  0  0  0  0  0  0  0  0  0  0  0  0  0  0  0  0  0  0  0  0  0  0  0  0  0  0  0  0  0  0  0  0  0  0  0  0  0  0  0
 29   0  0  0  0  0  0  0  0  0  0  0  0  0  0  0  1  0  0  0  0  0  0  0  0  0  0  0  0  0  0  0  0  0  0  0  0  0  0  0  0  0  0  0  0  0  0  0  0  0  0  0  0  0  0  0  0  0  0  0  0  0  0  0  0  0  0  0  0  0  0  0  0  0  0  0
 30   0  0  0  0  0  0  0  0  0  0  0  0  0  0  0  0  0  0  0  0  0  0  0  0  0  0  0  0  0  0  0  0  0  0  0  0  0  0  0  0  0  0  0  0  0  0  0  0  0  0  0  0  0  0  0  0  0  0  0  0  0  0  0  0  1  0  0  0  0  0  0  0  0  0  0
 31   0  0  0  0  0  0  0  0  0  0  0  0  0  0  0  0  0  0  0  0  0  0  0  0  0  0  0  0  0  0  0  0  0  0  0  0  0  0  0  0  0  0  1  0  0  0  0  0  0  0  0  0  0  0  0  0  0  0  0  0  0  0  0  0  0  0  0  0  0  0  0  0  0  0  0
 32   0  0  0  0  0  0  0  0  0  0  0  0  0  0  0  0  0  0  0  0  0  0  0  0  0  0  0  0  0  0  1  0  0  0  0  0  0  0  0  0  0  0  0  0  0  0  0  0  0  0  0  0  0  0  0  0  0  0  0  0  0  0  0  0  0  0  0  0  0  0  0  0  0  0  0
 33   0  0  0  0  0  0  0  0  0  0  0  0  0  0  0  0  0  0  0  0  0  0  0  0  0  0  0  0  0  0  0  0  0  0  0  0  0  0  0  0  0  0  0  0  0  0  0  0  0  0  0  0  0  0  0  0  0  0  0  0  0  0  0  0  0  0  0  0  0  0  0  0  0  0  1
 34   0  0  1  0  0  0  0  0  0  0  0  0  0  0  0  0  0  0  0  0  0  0  0  0  0  0  0  0  0  0  0  0  0  0  0  0  0  0  0  0  0  0  0  0  0  0  0  0  0  0  0  0  0  0  0  0  0  0  0  0  0  0  0  0  0  0  0  0  0  0  0  0  0  0  0
 35   0  0  0  0  0  0  0  0  0  0  0  0  0  0  0  0  0  0  0  0  0  0  0  0  0  0  0  0  1  0  0  0  0  0  0  0  0  0  0  0  0  0  0  0  0  0  0  0  0  0  0  0  0  0  0  0  0  0  0  0  0  0  0  0  0  0  0  0  0  0  0  0  0  0  0
 36   0  0  0  0  0  0  0  0  0  0  0  0  0  0  0  0  0  0  0  0  0  0  0  0  0  0  0  0  0  0  0  0  0  0  0  0  0  0  0  0  0  0  0  0  0  0  0  0  0  0  0  1  0  0  0  0  0  0  0  0  0  0  0  0  0  0  0  0  0  0  0  0  0  0  0
 37   0  0  0  0  0  0  0  0  0  0  0  0  0  0  0  0  0  0  0  0  0  0  0  0  0  0  0  0  0  0  0  0  0  0  0  0  0  0  0  0  0  0  0  0  0  0  0  0  0  0  0  0  0  0  0  0  0  0  0  0  0  0  0  0  0  0  0  0  0  0  0  0  0  1  0
 38   0  0  0  0  0  0  0  0  0  0  0  0  0  0  0  0  0  0  0  0  0  0  0  0  0  0  0  0  0  0  0  0  0  0  0  0  0  0  1  0  0  0  0  0  0  0  0  0  0  0  0  0  0  0  0  0  0  0  0  0  0  0  0  0  0  0  0  0  0  0  0  0  0  0  0
 39   0  0  0  0  0  0  0  0  0  0  0  0  0  0  0  0  0  0  0  0  0  0  0  0  0  0  0  0  0  0  0  0  1  0  0  0  0  0  0  0  0  0  0  0  0  0  0  0  0  0  0  0  0  0  0  0  0  0  0  0  0  0  0  0  0  0  0  0  0  0  0  0  0  0  0
 40   0  0  0  0  0  0  0  0  0  0  0  0  0  0  0  0  0  0  0  0  0  0  0  1  0  0  0  0  0  0  0  0  0  0  0  0  0  0  0  0  0  0  0  0  0  0  0  0  0  0  0  0  0  0  0  0  0  0  0  0  0  0  0  0  0  0  0  0  0  0  0  0  0  0  0
 41   0  0  0  0  0  1  0  0  0  0  0  0  0  0  0  0  0  0  0  0  0  0  0  0  0  0  0  0  0  0  0  0  0  0  0  0  0  0  0  0  0  0  0  0  0  0  0  0  0  0  0  0  0  0  0  0  0  0  0  0  0  0  0  0  0  0  0  0  0  0  0  0  0  0  0
 42   0  0  0  0  0  0  1  0  0  0  0  0  0  0  0  0  0  0  0  0  0  0  0  0  0  0  0  0  0  0  0  0  0  0  0  0  0  0  0  0  0  0  0  0  0  0  0  0  0  0  0  0  0  0  0  0  0  0  0  0  0  0  0  0  0  0  0  0  0  0  0  0  0  0  0
 43   0  0  0  0  0  0  0  0  0  0  0  0  0  0  0  0  0  0  1  0  0  0  0  0  0  0  0  0  0  0  0  0  0  0  0  0  0  0  0  0  0  0  0  0  0  0  0  0  0  0  0  0  0  0  0  0  0  0  0  0  0  0  0  0  0  0  0  0  0  0  0  0  0  0  0
 44   0  0  1  0  0  0  0  0  0  0  0  0  0  0  0  0  0  0  0  0  0  0  0  0  0  0  0  0  0  0  0  0  0  0  0  0  0  0  0  0  0  0  0  0  0  0  0  0  0  0  0  0  0  0  0  0  0  0  0  0  0  0  0  0  0  0  0  0  0  0  0  0  0  0  0
 45   0  0  0  0  0  0  0  0  0  0  0  0  0  0  0  0  0  0  0  0  0  0  0  0  0  0  0  0  0  0  0  0  0  0  0  0  1  0  0  0  0  0  0  0  0  0  0  0  0  0  0  0  0  0  0  0  0  0  0  0  0  0  0  0  0  0  0  0  0  0  0  0  0  0  0
 46   0  0  0  0  0  0  0  0  0  0  0  0  0  0  0  0  0  0  0  0  0  0  1  0  0  0  0  0  0  0  0  0  0  0  0  0  0  0  0  0  0  0  0  0  0  0  0  0  0  0  0  0  0  0  0  0  0  0  0  0  0  0  0  0  0  0  0  0  0  0  0  0  0  0  0
 47   0  0  0  0  0  0  0  0  0  0  0  0  0  0  0  0  0  0  0  0  0  0  0  0  0  0  0  0  0  0  0  0  0  0  0  0  0  0  0  0  0  0  0  0  0  0  0  0  0  0  0  0  0  0  0  0  0  0  0  0  0  0  0  0  1  0  0  0  0  0  0  0  0  0  0
 48   0  0  0  0  0  0  0  0  0  0  0  0  0  0  0  0  0  0  0  0  0  0  0  0  0  0  0  0  0  0  0  0  0  0  0  1  0  0  0  0  0  0  0  0  0  0  0  0  0  0  0  0  0  0  0  0  0  0  0  0  0  0  0  0  0  0  0  0  0  0  0  0  0  0  0
 49   0  0  0  0  0  0  0  0  0  0  0  0  0  0  0  0  0  0  0  1  0  0  0  0  0  0  0  0  0  0  0  0  0  0  0  0  0  0  0  0  0  0  0  0  0  0  0  0  0  0  0  0  0  0  0  0  0  0  0  0  0  0  0  0  0  0  0  0  0  0  0  0  0  0  0
 50   0  0  0  0  0  0  0  0  0  0  0  0  0  1  0  0  0  0  0  0  0  0  0  0  0  0  0  0  0  0  0  0  0  0  0  0  0  0  0  0  0  0  0  0  0  0  0  0  0  0  0  0  0  0  0  0  0  0  0  0  0  0  0  0  0  0  0  0  0  0  0  0  0  0  0
 51   0  0  0  0  0  0  0  0  0  0  0  0  0  0  0  0  0  0  0  0  0  0  0  0  0  0  0  0  0  0  0  0  0  0  0  0  0  0  0  0  0  0  0  0  0  0  0  0  0  0  0  0  0  0  0  0  0  0  0  0  0  0  0  0  0  0  0  0  0  0  0  0  1  0  0
 52   0  0  0  0  0  0  0  0  0  0  0  0  0  0  0  0  0  1  0  0  0  0  0  0  0  0  0  0  0  0  0  0  0  0  0  0  0  0  0  0  0  0  0  0  0  0  0  0  0  0  0  0  0  0  0  0  0  0  0  0  0  0  0  0  0  0  0  0  0  0  0  0  0  0  0
 53   0  0  0  0  0  0  0  0  0  0  0  0  0  0  0  0  0  0  0  0  0  0  0  0  0  0  0  0  0  0  0  0  0  0  0  0  0  0  0  0  0  0  0  0  1  0  0  0  0  0  0  0  0  0  0  0  0  0  0  0  0  0  0  0  0  0  0  0  0  0  0  0  0  0  0
 54   0  0  0  0  0  0  0  0  0  0  0  0  0  0  0  0  0  0  0  0  0  0  0  0  0  0  0  0  0  0  0  0  0  1  0  0  0  0  0  0  0  0  0  0  0  0  0  0  0  0  0  0  0  0  0  0  0  0  0  0  0  0  0  0  0  0  0  0  0  0  0  0  0  0  0
 55   0  0  0  0  0  0  0  0  0  0  0  0  0  0  0  0  0  0  0  0  0  0  0  0  0  0  0  0  0  0  0  0  0  0  0  0  0  0  0  0  0  0  0  0  0  0  0  0  0  0  0  0  0  0  0  0  0  0  0  0  0  0  0  0  0  0  0  0  1  0  0  0  0  0  0
 56   0  0  0  0  0  0  0  0  0  0  0  0  0  0  0  0  0  0  0  0  0  0  0  0  0  0  0  0  0  0  0  0  0  0  0  0  0  0  0  0  0  0  0  0  0  0  0  0  0  0  0  0  0  0  0  0  1  0  0  0  0  0  0  0  0  0  0  0  0  0  0  0  0  0  0
 57   0  0  0  0  0  0  0  0  0  0  1  0  0  0  0  0  0  0  0  0  0  0  0  0  0  0  0  0  0  0  0  0  0  0  0  0  0  0  0  0  0  0  0  0  0  0  0  0  0  0  0  0  0  0  0  0  0  0  0  0  0  0  0  0  0  0  0  0  0  0  0  0  0  0  0
 58   0  0  0  0  0  0  0  0  0  0  0  0  0  0  0  0  0  0  0  0  0  0  0  0  0  0  0  0  0  0  0  0  0  0  0  0  0  0  0  0  0  0  0  0  0  0  0  0  0  1  0  0  0  0  0  0  0  0  0  0  0  0  0  0  0  0  0  0  0  0  0  0  0  0  0
 59   0  0  0  0  0  0  0  0  0  0  0  0  0  0  0  0  0  0  0  0  0  0  0  0  0  0  0  0  0  0  0  0  0  0  0  0  0  1  0  0  0  0  0  0  0  0  0  0  0  0  0  0  0  0  0  0  0  0  0  0  0  0  0  0  0  0  0  0  0  0  0  0  0  0  0
 60   0  0  0  0  0  0  0  0  0  0  0  0  0  0  0  0  0  0  0  0  0  0  0  0  0  0  0  0  0  0  0  0  0  0  0  0  0  0  0  1  0  0  0  0  0  0  0  0  0  0  0  0  0  0  0  0  0  0  0  0  0  0  0  0  0  0  0  0  0  0  0  0  0  0  0
 61   0  1  0  0  0  0  0  0  0  0  0  0  0  0  0  0  0  0  0  0  0  0  0  0  0  0  0  0  0  0  0  0  0  0  0  0  0  0  0  0  0  0  0  0  0  0  0  0  0  0  0  0  0  0  0  0  0  0  0  0  0  0  0  0  0  0  0  0  0  0  0  0  0  0  0
 62   0  0  0  0  0  0  0  0  0  0  0  0  0  0  0  0  0  0  0  0  0  0  0  0  0  0  0  0  0  0  0  0  0  0  0  0  0  0  0  0  0  0  0  0  0  0  0  0  0  0  0  0  0  0  0  0  0  0  0  0  0  0  0  0  0  0  1  0  0  0  0  0  0  0  0
 63   0  0  0  0  0  0  0  0  0  1  0  0  0  0  0  0  0  0  0  0  0  0  0  0  0  0  0  0  0  0  0  0  0  0  0  0  0  0  0  0  0  0  0  0  0  0  0  0  0  0  0  0  0  0  0  0  0  0  0  0  0  0  0  0  0  0  0  0  0  0  0  0  0  0  0
 64   0  0  0  0  0  0  0  0  0  0  0  0  0  0  0  0  0  0  0  0  0  0  0  0  0  0  0  0  0  0  0  0  0  0  0  0  0  0  0  0  0  0  0  0  0  0  1  0  0  0  0  0  0  0  0  0  0  0  0  0  0  0  0  0  0  0  0  0  0  0  0  0  0  0  0
 65   0  0  0  0  0  0  0  0  0  0  0  0  0  0  0  0  0  0  0  0  0  0  0  0  0  0  0  1  0  0  0  0  0  0  0  0  0  0  0  0  0  0  0  0  0  0  0  0  0  0  0  0  0  0  0  0  0  0  0  0  0  0  0  0  0  0  0  0  0  0  0  0  0  0  0
 66   0  0  0  0  0  0  0  0  0  0  0  0  0  0  0  0  0  0  0  0  0  0  0  0  0  0  0  0  0  0  0  0  0  0  0  0  0  0  0  0  0  0  0  0  0  0  0  0  0  0  0  0  0  0  0  0  0  0  0  0  0  0  0  0  0  1  0  0  0  0  0  0  0  0  0
 67   0  0  0  0  0  0  0  0  0  0  0  0  0  0  0  0  0  0  0  0  0  0  0  0  0  0  1  0  0  0  0  0  0  0  0  0  0  0  0  0  0  0  0  0  0  0  0  0  0  0  0  0  0  0  0  0  0  0  0  0  0  0  0  0  0  0  0  0  0  0  0  0  0  0  0
 68   0  0  0  0  0  0  0  0  0  0  0  0  0  0  0  0  0  0  0  0  0  0  0  0  0  0  0  0  0  0  0  0  0  0  0  0  0  0  0  0  0  1  0  0  0  0  0  0  0  0  0  0  0  0  0  0  0  0  0  0  0  0  0  0  0  0  0  0  0  0  0  0  0  0  0
 69   0  0  0  0  0  0  0  0  0  0  0  0  0  0  0  0  0  0  0  0  0  0  0  0  0  0  0  0  0  0  0  0  0  0  1  0  0  0  0  0  0  0  0  0  0  0  0  0  0  0  0  0  0  0  0  0  0  0  0  0  0  0  0  0  0  0  0  0  0  0  0  0  0  0  0
 70   0  0  0  0  0  0  0  0  0  0  0  0  0  0  0  0  0  0  0  0  0  0  0  0  0  0  0  0  0  0  0  1  0  0  0  0  0  0  0  0  0  0  0  0  0  0  0  0  0  0  0  0  0  0  0  0  0  0  0  0  0  0  0  0  0  0  0  0  0  0  0  0  0  0  0
 71   0  0  0  0  0  0  0  0  0  0  0  0  0  0  0  0  0  0  0  0  0  1  0  0  0  0  0  0  0  0  0  0  0  0  0  0  0  0  0  0  0  0  0  0  0  0  0  0  0  0  0  0  0  0  0  0  0  0  0  0  0  0  0  0  0  0  0  0  0  0  0  0  0  0  0
 72   0  0  0  0  0  0  0  0  0  0  0  0  0  0  0  0  0  0  0  0  0  0  0  0  0  0  0  0  0  0  0  0  0  0  0  0  0  0  0  0  0  0  0  0  0  0  0  0  0  1  0  0  0  0  0  0  0  0  0  0  0  0  0  0  0  0  0  0  0  0  0  0  0  0  0
 73   0  0  0  0  1  0  0  0  0  0  0  0  0  0  0  0  0  0  0  0  0  0  0  0  0  0  0  0  0  0  0  0  0  0  0  0  0  0  0  0  0  0  0  0  0  0  0  0  0  0  0  0  0  0  0  0  0  0  0  0  0  0  0  0  0  0  0  0  0  0  0  0  0  0  0
 74   0  0  0  0  0  0  0  0  0  0  0  0  0  0  0  0  0  0  0  0  0  0  0  0  0  0  0  0  0  0  0  0  0  0  0  0  0  0  0  0  0  0  0  0  0  0  0  0  0  0  0  0  0  0  0  0  0  0  0  0  0  0  0  0  0  0  0  0  0  0  0  1  0  0  0
 75   0  0  0  0  0  0  0  0  0  0  0  0  0  0  0  1  0  0  0  0  0  0  0  0  0  0  0  0  0  0  0  0  0  0  0  0  0  0  0  0  0  0  0  0  0  0  0  0  0  0  0  0  0  0  0  0  0  0  0  0  0  0  0  0  0  0  0  0  0  0  0  0  0  0  0
Model has been successfully processed
