GLPSOL: GLPK LP/MIP Solver, v4.65
Parameter(s) specified in the command line:
 -m salbp1.glpk.mod -d glpk-instances/WEE-MAG_c_54.mod --tmlim 3600 --memlim
 7000 --log glpk-results/WEE-MAG_c_54.log
Reading model section from salbp1.glpk.mod...
salbp1.glpk.mod:48: warning: unexpected end of file; missing end statement inserted
48 lines were read
Reading data section from glpk-instances/WEE-MAG_c_54.mod...
glpk-instances/WEE-MAG_c_54.mod:158: warning: final NL missing before end of file
glpk-instances/WEE-MAG_c_54.mod:158: warning: unexpected end of file; missing end statement inserted
158 lines were read
Generating m...
Generating task_allocation...
Generating station_use...
Generating cycle_time...
Generating precedence...
Model has been successfully generated
GLPK Integer Optimizer, v4.65
208351 rows, 5700 columns, 7925775 non-zeros
5700 integer variables, all of which are binary
Preprocessing...
225 rows, 5700 columns, 16950 non-zeros
5700 integer variables, all of which are binary
Scaling...
 A: min|aij| =  1.000e+00  max|aij| =  7.500e+01  ratio =  7.500e+01
GM: min|aij| =  5.217e-01  max|aij| =  1.917e+00  ratio =  3.674e+00
EQ: min|aij| =  2.722e-01  max|aij| =  1.000e+00  ratio =  3.674e+00
2N: min|aij| =  1.875e-01  max|aij| =  1.000e+00  ratio =  5.333e+00
Constructing initial basis...
Size of triangular part is 225
Solving LP relaxation...
GLPK Simplex Optimizer, v4.65
225 rows, 5700 columns, 16950 non-zeros
      0: obj =   0.000000000e+00 inf =   2.556e+02 (2)
    232: obj =   1.000000000e+00 inf =   4.885e-15 (0)
OPTIMAL LP SOLUTION FOUND
Integer optimization begins...
Long-step dual simplex will be used
+   232: mip =     not found yet >=              -inf        (1; 0)
+  2816: mip =     not found yet >=   1.000000000e+00        (460; 1)
+  6520: mip =     not found yet >=   1.000000000e+00        (1010; 2)
+ 11678: mip =     not found yet >=   1.000000000e+00        (1546; 3)
+ 19389: mip =     not found yet >=   1.000000000e+00        (2005; 5)
+ 31429: mip =     not found yet >=   1.000000000e+00        (2353; 8)
+ 36409: mip =     not found yet >=   1.000000000e+00        (2813; 9)
+ 42709: mip =     not found yet >=   1.000000000e+00        (3230; 11)
+ 46341: mip =     not found yet >=   1.000000000e+00        (3744; 12)
+ 51178: mip =     not found yet >=   1.000000000e+00        (4208; 13)
+ 52789: mip =     not found yet >=   1.000000000e+00        (4717; 14)
+ 59312: mip =     not found yet >=   1.000000000e+00        (5138; 16)
Time used: 60.0 secs.  Memory used: 713.2 Mb.
+ 67227: mip =     not found yet >=   1.000000000e+00        (5520; 18)
+ 75716: mip =     not found yet >=   1.000000000e+00        (5870; 20)
+ 77653: mip =     not found yet >=   1.000000000e+00        (6336; 21)
+ 84584: mip =     not found yet >=   1.000000000e+00        (6740; 23)
+ 89135: mip =     not found yet >=   1.000000000e+00        (7231; 24)
+ 94115: mip =     not found yet >=   1.000000000e+00        (7828; 25)
+101629: mip =     not found yet >=   1.000000000e+00        (8240; 27)
+106849: mip =     not found yet >=   1.000000000e+00        (8690; 29)
+115146: mip =     not found yet >=   1.000000000e+00        (9061; 31)
+124261: mip =     not found yet >=   1.000000000e+00        (9530; 33)
+129541: mip =     not found yet >=   1.000000000e+00        (9970; 34)
+138471: mip =     not found yet >=   1.000000000e+00        (10315; 36)
Time used: 120.0 secs.  Memory used: 719.9 Mb.
+143078: mip =     not found yet >=   1.000000000e+00        (10897; 37)
+150482: mip =     not found yet >=   1.000000000e+00        (11302; 39)
+158555: mip =     not found yet >=   1.000000000e+00        (11825; 41)
+160878: mip =     not found yet >=   1.000000000e+00        (12563; 42)
+165268: mip =     not found yet >=   1.000000000e+00        (13206; 43)
+171317: mip =     not found yet >=   1.000000000e+00        (13821; 45)
+176328: mip =     not found yet >=   1.000000000e+00        (14372; 46)
+180280: mip =     not found yet >=   1.000000000e+00        (14878; 48)
+184466: mip =     not found yet >=   1.000000000e+00        (15304; 49)
+190096: mip =     not found yet >=   1.000000000e+00        (15745; 51)
+194262: mip =     not found yet >=   1.000000000e+00        (16345; 52)
+197203: mip =     not found yet >=   1.000000000e+00        (16854; 53)
Time used: 180.0 secs.  Memory used: 725.9 Mb.
+204300: mip =     not found yet >=   1.000000000e+00        (17242; 55)
+212140: mip =     not found yet >=   1.000000000e+00        (17701; 57)
+219018: mip =     not found yet >=   1.000000000e+00        (18107; 58)
+226030: mip =     not found yet >=   1.000000000e+00        (18550; 60)
+233097: mip =     not found yet >=   1.000000000e+00        (18960; 62)
+240744: mip =     not found yet >=   1.000000000e+00        (19390; 63)
+244620: mip =     not found yet >=   1.000000000e+00        (20017; 64)
+251184: mip =     not found yet >=   1.000000000e+00        (20515; 66)
+252558: mip =     not found yet >=   1.000000000e+00        (21022; 67)
+253619: mip =     not found yet >=   1.000000000e+00        (21488; 68)
+254934: mip =     not found yet >=   1.000000000e+00        (21980; 69)
+264750: mip =     not found yet >=   1.000000000e+00        (22442; 71)
Time used: 240.0 secs.  Memory used: 732.2 Mb.
+268018: mip =     not found yet >=   1.000000000e+00        (23065; 73)
+277463: mip =     not found yet >=   1.000000000e+00        (23455; 75)
+282321: mip =     not found yet >=   1.000000000e+00        (23951; 76)
+287641: mip =     not found yet >=   1.000000000e+00        (24423; 77)
+292649: mip =     not found yet >=   1.000000000e+00        (25016; 78)
+296308: mip =     not found yet >=   1.000000000e+00        (25793; 79)
+297680: mip =     not found yet >=   1.000000000e+00        (26326; 80)
+302533: mip =     not found yet >=   1.000000000e+00        (26741; 81)
+304694: mip =     not found yet >=   1.000000000e+00        (27210; 81)
+309429: mip =     not found yet >=   1.000000000e+00        (27729; 82)
+313963: mip =     not found yet >=   1.000000000e+00        (28237; 83)
+321558: mip =     not found yet >=   1.000000000e+00        (28693; 85)
Time used: 300.0 secs.  Memory used: 737.5 Mb.
+324622: mip =     not found yet >=   1.000000000e+00        (29251; 86)
+328073: mip =     not found yet >=   1.000000000e+00        (30029; 87)
+333306: mip =     not found yet >=   1.000000000e+00        (30480; 88)
+335695: mip =     not found yet >=   1.000000000e+00        (31166; 88)
+341810: mip =     not found yet >=   1.000000000e+00        (31660; 90)
+349280: mip =     not found yet >=   1.000000000e+00        (32034; 92)
+354823: mip =     not found yet >=   1.000000000e+00        (32525; 93)
+358175: mip =     not found yet >=   1.000000000e+00        (33091; 94)
+363801: mip =     not found yet >=   1.000000000e+00        (33548; 95)
+369386: mip =     not found yet >=   1.000000000e+00        (34107; 96)
+373150: mip =     not found yet >=   1.000000000e+00        (34681; 97)
+380121: mip =     not found yet >=   1.000000000e+00        (35118; 99)
Time used: 360.0 secs.  Memory used: 743.6 Mb.
+388987: mip =     not found yet >=   1.000000000e+00        (35488; 101)
+393691: mip =     not found yet >=   1.000000000e+00        (35990; 102)
+396830: mip =     not found yet >=   1.000000000e+00        (36539; 103)
+398074: mip =     not found yet >=   1.000000000e+00        (37097; 103)
+402391: mip =     not found yet >=   1.000000000e+00        (37580; 104)
+404942: mip =     not found yet >=   1.000000000e+00        (38207; 104)
+407161: mip =     not found yet >=   1.000000000e+00        (38797; 105)
+410435: mip =     not found yet >=   1.000000000e+00        (39354; 106)
+412173: mip =     not found yet >=   1.000000000e+00        (39929; 106)
+417624: mip =     not found yet >=   1.000000000e+00        (40384; 107)
+425429: mip =     not found yet >=   1.000000000e+00        (40756; 109)
+431522: mip =     not found yet >=   1.000000000e+00        (41182; 111)
Time used: 420.0 secs.  Memory used: 749.4 Mb.
+433314: mip =     not found yet >=   1.000000000e+00        (41698; 111)
+437266: mip =     not found yet >=   1.000000000e+00        (42200; 112)
+443380: mip =     not found yet >=   1.000000000e+00        (42671; 113)
+447327: mip =     not found yet >=   1.000000000e+00        (43157; 114)
+450056: mip =     not found yet >=   1.000000000e+00        (43974; 115)
+457783: mip =     not found yet >=   1.000000000e+00        (44384; 117)
+463029: mip =     not found yet >=   1.000000000e+00        (44873; 118)
+469153: mip =     not found yet >=   1.000000000e+00        (45302; 120)
+475310: mip =     not found yet >=   1.000000000e+00        (45753; 121)
+483236: mip =     not found yet >=   1.000000000e+00        (46153; 123)
+490183: mip =     not found yet >=   1.000000000e+00        (46566; 125)
+495521: mip =     not found yet >=   1.000000000e+00        (47055; 126)
Time used: 480.0 secs.  Memory used: 755.5 Mb.
+499223: mip =     not found yet >=   1.000000000e+00        (47700; 127)
+503863: mip =     not found yet >=   1.000000000e+00        (48179; 128)
+505719: mip =     not found yet >=   1.000000000e+00        (48766; 128)
+512842: mip =     not found yet >=   1.000000000e+00        (49179; 130)
+517282: mip =     not found yet >=   1.000000000e+00        (49657; 131)
+522722: mip =     not found yet >=   1.000000000e+00        (50097; 132)
+528105: mip =     not found yet >=   1.000000000e+00        (50667; 133)
+531230: mip =     not found yet >=   1.000000000e+00        (51341; 135)
+535089: mip =     not found yet >=   1.000000000e+00        (51848; 136)
+539170: mip =     not found yet >=   1.000000000e+00        (52396; 137)
+547298: mip =     not found yet >=   1.000000000e+00        (52810; 139)
+551617: mip =     not found yet >=   1.000000000e+00        (53344; 140)
Time used: 540.1 secs.  Memory used: 761.2 Mb.
+558160: mip =     not found yet >=   1.000000000e+00        (53773; 141)
+564921: mip =     not found yet >=   1.000000000e+00        (54230; 144)
+571831: mip =     not found yet >=   1.000000000e+00        (54734; 145)
+573067: mip =     not found yet >=   1.000000000e+00        (55284; 146)
+577505: mip =     not found yet >=   1.000000000e+00        (55743; 147)
+580268: mip =     not found yet >=   1.000000000e+00        (56208; 147)
+584296: mip =     not found yet >=   1.000000000e+00        (56815; 148)
+593236: mip =     not found yet >=   1.000000000e+00        (57247; 150)
+596719: mip =     not found yet >=   1.000000000e+00        (57862; 151)
+604642: mip =     not found yet >=   1.000000000e+00        (58355; 153)
+611113: mip =     not found yet >=   1.000000000e+00        (58896; 155)
+612625: mip =     not found yet >=   1.000000000e+00        (59418; 155)
Time used: 600.1 secs.  Memory used: 766.6 Mb.
+613181: mip =     not found yet >=   1.000000000e+00        (59971; 155)
+617183: mip =     not found yet >=   1.000000000e+00        (60596; 157)
+621664: mip =     not found yet >=   1.000000000e+00        (61076; 158)
+624505: mip =     not found yet >=   1.000000000e+00        (61726; 159)
+628636: mip =     not found yet >=   1.000000000e+00        (62243; 160)
+633439: mip =     not found yet >=   1.000000000e+00        (62743; 160)
+638677: mip =     not found yet >=   1.000000000e+00        (63252; 162)
+642563: mip =     not found yet >=   1.000000000e+00        (63765; 163)
+647377: mip =     not found yet >=   1.000000000e+00        (64272; 164)
+651427: mip =     not found yet >=   1.000000000e+00        (64848; 165)
+654532: mip =     not found yet >=   1.000000000e+00        (65524; 166)
+657057: mip =     not found yet >=   1.000000000e+00        (66034; 167)
Time used: 660.1 secs.  Memory used: 771.4 Mb.
+658646: mip =     not found yet >=   1.000000000e+00        (66544; 167)
+662078: mip =     not found yet >=   1.000000000e+00        (67030; 168)
+666930: mip =     not found yet >=   1.000000000e+00        (67598; 169)
+674167: mip =     not found yet >=   1.000000000e+00        (68017; 171)
+678296: mip =     not found yet >=   1.000000000e+00        (68629; 172)
+683579: mip =     not found yet >=   1.000000000e+00        (69242; 173)
+690522: mip =     not found yet >=   1.000000000e+00        (69674; 175)
+697633: mip =     not found yet >=   1.000000000e+00        (70199; 176)
+703081: mip =     not found yet >=   1.000000000e+00        (70679; 178)
+708198: mip =     not found yet >=   1.000000000e+00        (71187; 179)
+714220: mip =     not found yet >=   1.000000000e+00        (71687; 180)
+715469: mip =     not found yet >=   1.000000000e+00        (72339; 181)
Time used: 720.1 secs.  Memory used: 777.5 Mb.
+722767: mip =     not found yet >=   1.000000000e+00        (72918; 183)
+727768: mip =     not found yet >=   1.000000000e+00        (73469; 184)
+732088: mip =     not found yet >=   1.000000000e+00        (74089; 185)
+737696: mip =     not found yet >=   1.000000000e+00        (74599; 186)
+743792: mip =     not found yet >=   1.000000000e+00        (75255; 188)
+752585: mip =     not found yet >=   1.000000000e+00        (75750; 190)
+755934: mip =     not found yet >=   1.000000000e+00        (76334; 191)
+759482: mip =     not found yet >=   1.000000000e+00        (77217; 192)
+764317: mip =     not found yet >=   1.000000000e+00        (77833; 194)
+768619: mip =     not found yet >=   1.000000000e+00        (78402; 195)
+773258: mip =     not found yet >=   1.000000000e+00        (78958; 196)
+780136: mip =     not found yet >=   1.000000000e+00        (79479; 198)
Time used: 780.1 secs.  Memory used: 784.0 Mb.
+784492: mip =     not found yet >=   1.000000000e+00        (80048; 199)
+788980: mip =     not found yet >=   1.000000000e+00        (80605; 200)
+795157: mip =     not found yet >=   1.000000000e+00        (81136; 201)
+800268: mip =     not found yet >=   1.000000000e+00        (81689; 203)
+804808: mip =     not found yet >=   1.000000000e+00        (82252; 204)
+810025: mip =     not found yet >=   1.000000000e+00        (82797; 205)
+816063: mip =     not found yet >=   1.000000000e+00        (83330; 207)
+820327: mip =     not found yet >=   1.000000000e+00        (83898; 208)
+825258: mip =     not found yet >=   1.000000000e+00        (84453; 209)
+831843: mip =     not found yet >=   1.000000000e+00        (84974; 211)
+836128: mip =     not found yet >=   1.000000000e+00        (85544; 212)
+840750: mip =     not found yet >=   1.000000000e+00        (86100; 213)
Time used: 840.1 secs.  Memory used: 792.6 Mb.
+847612: mip =     not found yet >=   1.000000000e+00        (86621; 215)
+851934: mip =     not found yet >=   1.000000000e+00        (87191; 216)
+856395: mip =     not found yet >=   1.000000000e+00        (87740; 217)
+861187: mip =     not found yet >=   1.000000000e+00        (88250; 218)
+867534: mip =     not found yet >=   1.000000000e+00        (88777; 220)
+871793: mip =     not found yet >=   1.000000000e+00        (89347; 221)
+876406: mip =     not found yet >=   1.000000000e+00        (89904; 222)
+883279: mip =     not found yet >=   1.000000000e+00        (90423; 224)
+887544: mip =     not found yet >=   1.000000000e+00        (90994; 225)
+892154: mip =     not found yet >=   1.000000000e+00        (91549; 226)
+899003: mip =     not found yet >=   1.000000000e+00        (92071; 228)
+903269: mip =     not found yet >=   1.000000000e+00        (92643; 229)
Time used: 900.1 secs.  Memory used: 798.9 Mb.
+907761: mip =     not found yet >=   1.000000000e+00        (93201; 230)
+913859: mip =     not found yet >=   1.000000000e+00        (93735; 231)
+918967: mip =     not found yet >=   1.000000000e+00        (94291; 233)
+923486: mip =     not found yet >=   1.000000000e+00        (94855; 234)
+928819: mip =     not found yet >=   1.000000000e+00        (95400; 235)
+934717: mip =     not found yet >=   1.000000000e+00        (95930; 237)
+940761: mip =     not found yet >=   1.000000000e+00        (96526; 238)
+946451: mip =     not found yet >=   1.000000000e+00        (97213; 239)
+948464: mip =     not found yet >=   1.000000000e+00        (97783; 241)
+953297: mip =     not found yet >=   1.000000000e+00        (98295; 242)
+960084: mip =     not found yet >=   1.000000000e+00        (98799; 243)
+965570: mip =     not found yet >=   1.000000000e+00        (99324; 245)
Time used: 960.1 secs.  Memory used: 804.9 Mb.
+968671: mip =     not found yet >=   1.000000000e+00        (99880; 246)
+974985: mip =     not found yet >=   1.000000000e+00        (100405; 247)
+981008: mip =     not found yet >=   1.000000000e+00        (100975; 249)
+985394: mip =     not found yet >=   1.000000000e+00        (101696; 250)
+989590: mip =     not found yet >=   1.000000000e+00        (102374; 252)
+995579: mip =     not found yet >=   1.000000000e+00        (102907; 253)
+998812: mip =     not found yet >=   1.000000000e+00        (103572; 254)
+1002978: mip =     not found yet >=   1.000000000e+00        (104171; 256)
+1007992: mip =     not found yet >=   1.000000000e+00        (104725; 257)
+1012843: mip =     not found yet >=   1.000000000e+00        (105381; 258)
+1018345: mip =     not found yet >=   1.000000000e+00        (105965; 260)
+1024086: mip =     not found yet >=   1.000000000e+00        (106483; 261)
Time used: 1020.1 secs.  Memory used: 811.4 Mb.
+1029112: mip =     not found yet >=   1.000000000e+00        (107086; 263)
+1032451: mip =     not found yet >=   1.000000000e+00        (107831; 264)
+1035687: mip =     not found yet >=   1.000000000e+00        (108579; 265)
+1038973: mip =     not found yet >=   1.000000000e+00        (109326; 266)
+1042307: mip =     not found yet >=   1.000000000e+00        (110072; 267)
+1045642: mip =     not found yet >=   1.000000000e+00        (110818; 268)
+1048975: mip =     not found yet >=   1.000000000e+00        (111564; 269)
+1052308: mip =     not found yet >=   1.000000000e+00        (112310; 270)
+1055633: mip =     not found yet >=   1.000000000e+00        (113057; 271)
+1058975: mip =     not found yet >=   1.000000000e+00        (113804; 272)
+1062316: mip =     not found yet >=   1.000000000e+00        (114550; 273)
+1065643: mip =     not found yet >=   1.000000000e+00        (115297; 274)
Time used: 1080.1 secs.  Memory used: 817.4 Mb.
+1068962: mip =     not found yet >=   1.000000000e+00        (116044; 275)
+1072300: mip =     not found yet >=   1.000000000e+00        (116791; 276)
+1075357: mip =     not found yet >=   1.000000000e+00        (117538; 276)
+1078325: mip =     not found yet >=   1.000000000e+00        (118281; 277)
+1081225: mip =     not found yet >=   1.000000000e+00        (119024; 278)
+1084529: mip =     not found yet >=   1.000000000e+00        (119763; 279)
+1087812: mip =     not found yet >=   1.000000000e+00        (120504; 280)
+1091124: mip =     not found yet >=   1.000000000e+00        (121242; 281)
+1094457: mip =     not found yet >=   1.000000000e+00        (121980; 282)
+1097781: mip =     not found yet >=   1.000000000e+00        (122717; 283)
+1101111: mip =     not found yet >=   1.000000000e+00        (123452; 284)
+1104440: mip =     not found yet >=   1.000000000e+00        (124191; 285)
Time used: 1140.1 secs.  Memory used: 823.4 Mb.
+1107770: mip =     not found yet >=   1.000000000e+00        (124931; 286)
+1111104: mip =     not found yet >=   1.000000000e+00        (125670; 287)
+1114395: mip =     not found yet >=   1.000000000e+00        (126411; 288)
+1117713: mip =     not found yet >=   1.000000000e+00        (127150; 289)
+1121013: mip =     not found yet >=   1.000000000e+00        (127891; 290)
+1124343: mip =     not found yet >=   1.000000000e+00        (128634; 291)
+1127634: mip =     not found yet >=   1.000000000e+00        (129376; 292)
+1130902: mip =     not found yet >=   1.000000000e+00        (130117; 293)
+1134218: mip =     not found yet >=   1.000000000e+00        (130860; 294)
+1137529: mip =     not found yet >=   1.000000000e+00        (131603; 295)
+1140773: mip =     not found yet >=   1.000000000e+00        (132346; 296)
+1144091: mip =     not found yet >=   1.000000000e+00        (133090; 297)
Time used: 1200.1 secs.  Memory used: 829.5 Mb.
+1147372: mip =     not found yet >=   1.000000000e+00        (133834; 298)
+1150705: mip =     not found yet >=   1.000000000e+00        (134579; 299)
+1153999: mip =     not found yet >=   1.000000000e+00        (135325; 300)
+1157324: mip =     not found yet >=   1.000000000e+00        (136071; 301)
+1160666: mip =     not found yet >=   1.000000000e+00        (136818; 302)
+1164007: mip =     not found yet >=   1.000000000e+00        (137564; 303)
+1167347: mip =     not found yet >=   1.000000000e+00        (138309; 304)
+1170688: mip =     not found yet >=   1.000000000e+00        (139055; 305)
+1174030: mip =     not found yet >=   1.000000000e+00        (139802; 306)
+1176795: mip =     not found yet >=   1.000000000e+00        (140556; 307)
+1181048: mip =     not found yet >=   1.000000000e+00        (141068; 308)
+1185781: mip =     not found yet >=   1.000000000e+00        (141609; 309)
Time used: 1260.1 secs.  Memory used: 835.6 Mb.
+1193736: mip =     not found yet >=   1.000000000e+00        (142108; 311)
+1195902: mip =     not found yet >=   1.000000000e+00        (142734; 312)
+1199930: mip =     not found yet >=   1.000000000e+00        (143331; 313)
+1206799: mip =     not found yet >=   1.000000000e+00        (143885; 314)
+1213210: mip =     not found yet >=   1.000000000e+00        (144392; 316)
+1219793: mip =     not found yet >=   1.000000000e+00        (144925; 318)
+1221866: mip =     not found yet >=   1.000000000e+00        (145690; 319)
+1223383: mip =     not found yet >=   1.000000000e+00        (146419; 319)
+1228535: mip =     not found yet >=   1.000000000e+00        (147029; 321)
+1237032: mip =     not found yet >=   1.000000000e+00        (147525; 323)
+1243538: mip =     not found yet >=   1.000000000e+00        (147988; 324)
+1249379: mip =     not found yet >=   1.000000000e+00        (148507; 326)
Time used: 1320.1 secs.  Memory used: 841.6 Mb.
+1253689: mip =     not found yet >=   1.000000000e+00        (149054; 327)
+1257918: mip =     not found yet >=   1.000000000e+00        (149591; 328)
+1262076: mip =     not found yet >=   1.000000000e+00        (150135; 329)
+1268645: mip =     not found yet >=   1.000000000e+00        (150663; 331)
+1272786: mip =     not found yet >=   1.000000000e+00        (151219; 332)
+1276949: mip =     not found yet >=   1.000000000e+00        (151756; 333)
+1281334: mip =     not found yet >=   1.000000000e+00        (152295; 334)
+1287157: mip =     not found yet >=   1.000000000e+00        (152831; 335)
+1292198: mip =     not found yet >=   1.000000000e+00        (153377; 337)
+1296445: mip =     not found yet >=   1.000000000e+00        (153921; 338)
+1300794: mip =     not found yet >=   1.000000000e+00        (154459; 339)
+1305829: mip =     not found yet >=   1.000000000e+00        (155001; 340)
Time used: 1380.1 secs.  Memory used: 847.4 Mb.
+1311586: mip =     not found yet >=   1.000000000e+00        (155536; 342)
+1315937: mip =     not found yet >=   1.000000000e+00        (156085; 343)
+1320201: mip =     not found yet >=   1.000000000e+00        (156622; 344)
+1324396: mip =     not found yet >=   1.000000000e+00        (157165; 345)
+1330998: mip =     not found yet >=   1.000000000e+00        (157696; 346)
+1335233: mip =     not found yet >=   1.000000000e+00        (158248; 348)
+1339450: mip =     not found yet >=   1.000000000e+00        (158787; 349)
+1343822: mip =     not found yet >=   1.000000000e+00        (159325; 350)
+1349372: mip =     not found yet >=   1.000000000e+00        (159862; 351)
+1354596: mip =     not found yet >=   1.000000000e+00        (160405; 353)
+1358941: mip =     not found yet >=   1.000000000e+00        (160949; 354)
+1363242: mip =     not found yet >=   1.000000000e+00        (161487; 355)
Time used: 1440.1 secs.  Memory used: 853.2 Mb.
+1367902: mip =     not found yet >=   1.000000000e+00        (162031; 356)
+1374083: mip =     not found yet >=   1.000000000e+00        (162561; 358)
+1378436: mip =     not found yet >=   1.000000000e+00        (163112; 359)
+1382430: mip =     not found yet >=   1.000000000e+00        (163630; 360)
+1386741: mip =     not found yet >=   1.000000000e+00        (164136; 361)
+1391763: mip =     not found yet >=   1.000000000e+00        (164678; 362)
+1397537: mip =     not found yet >=   1.000000000e+00        (165213; 364)
+1401889: mip =     not found yet >=   1.000000000e+00        (165763; 365)
+1406147: mip =     not found yet >=   1.000000000e+00        (166298; 366)
+1410343: mip =     not found yet >=   1.000000000e+00        (166840; 367)
+1416775: mip =     not found yet >=   1.000000000e+00        (167371; 368)
+1421779: mip =     not found yet >=   1.000000000e+00        (167857; 370)
Time used: 1500.1 secs.  Memory used: 864.0 Mb.
+1426599: mip =     not found yet >=   1.000000000e+00        (168464; 371)
+1429886: mip =     not found yet >=   1.000000000e+00        (169358; 372)
+1435304: mip =     not found yet >=   1.000000000e+00        (169979; 374)
+1443072: mip =     not found yet >=   1.000000000e+00        (170409; 376)
+1444681: mip =     not found yet >=   1.000000000e+00        (171010; 376)
+1448222: mip =     not found yet >=   1.000000000e+00        (171699; 377)
+1451312: mip =     not found yet >=   1.000000000e+00        (172281; 378)
+1458579: mip =     not found yet >=   1.000000000e+00        (172817; 380)
+1463244: mip =     not found yet >=   1.000000000e+00        (173343; 381)
+1467464: mip =     not found yet >=   1.000000000e+00        (173914; 382)
+1472549: mip =     not found yet >=   1.000000000e+00        (174474; 383)
+1476810: mip =     not found yet >=   1.000000000e+00        (175042; 384)
Time used: 1560.1 secs.  Memory used: 869.8 Mb.
+1481284: mip =     not found yet >=   1.000000000e+00        (175606; 385)
+1485554: mip =     not found yet >=   1.000000000e+00        (176172; 386)
+1489837: mip =     not found yet >=   1.000000000e+00        (176743; 387)
+1494996: mip =     not found yet >=   1.000000000e+00        (177297; 388)
+1499954: mip =     not found yet >=   1.000000000e+00        (177852; 390)
+1504234: mip =     not found yet >=   1.000000000e+00        (178423; 391)
+1507739: mip =     not found yet >=   1.000000000e+00        (179157; 392)
+1511993: mip =     not found yet >=   1.000000000e+00        (179728; 393)
+1517079: mip =     not found yet >=   1.000000000e+00        (180289; 394)
+1521334: mip =     not found yet >=   1.000000000e+00        (180858; 395)
+1525556: mip =     not found yet >=   1.000000000e+00        (181426; 396)
+1530051: mip =     not found yet >=   1.000000000e+00        (181988; 397)
Time used: 1620.1 secs.  Memory used: 875.3 Mb.
+1534352: mip =     not found yet >=   1.000000000e+00        (182558; 398)
+1539158: mip =     not found yet >=   1.000000000e+00        (183118; 399)
+1544483: mip =     not found yet >=   1.000000000e+00        (183667; 401)
+1548699: mip =     not found yet >=   1.000000000e+00        (184238; 402)
+1553018: mip =     not found yet >=   1.000000000e+00        (184806; 403)
+1557486: mip =     not found yet >=   1.000000000e+00        (185373; 404)
+1561694: mip =     not found yet >=   1.000000000e+00        (185943; 405)
+1565918: mip =     not found yet >=   1.000000000e+00        (186514; 406)
+1570173: mip =     not found yet >=   1.000000000e+00        (187084; 407)
+1575257: mip =     not found yet >=   1.000000000e+00        (187645; 408)
+1579514: mip =     not found yet >=   1.000000000e+00        (188213; 409)
+1583812: mip =     not found yet >=   1.000000000e+00        (188780; 410)
Time used: 1680.1 secs.  Memory used: 880.6 Mb.
+1588266: mip =     not found yet >=   1.000000000e+00        (189343; 411)
+1592535: mip =     not found yet >=   1.000000000e+00        (189914; 412)
+1597454: mip =     not found yet >=   1.000000000e+00        (190471; 413)
+1602658: mip =     not found yet >=   1.000000000e+00        (191021; 415)
+1606873: mip =     not found yet >=   1.000000000e+00        (191592; 416)
+1611194: mip =     not found yet >=   1.000000000e+00        (192159; 417)
+1615659: mip =     not found yet >=   1.000000000e+00        (192726; 418)
+1619870: mip =     not found yet >=   1.000000000e+00        (193297; 419)
+1624091: mip =     not found yet >=   1.000000000e+00        (193866; 420)
+1628345: mip =     not found yet >=   1.000000000e+00        (194436; 421)
+1633429: mip =     not found yet >=   1.000000000e+00        (194997; 422)
+1637689: mip =     not found yet >=   1.000000000e+00        (195566; 423)
Time used: 1740.1 secs.  Memory used: 886.0 Mb.
+1642079: mip =     not found yet >=   1.000000000e+00        (196133; 424)
+1646537: mip =     not found yet >=   1.000000000e+00        (196753; 425)
+1650599: mip =     not found yet >=   1.000000000e+00        (197409; 426)
+1655720: mip =     not found yet >=   1.000000000e+00        (198026; 427)
+1659176: mip =     not found yet >=   1.000000000e+00        (198658; 428)
+1661385: mip =     not found yet >=   1.000000000e+00        (199275; 429)
+1666291: mip =     not found yet >=   1.000000000e+00        (199903; 431)
+1670596: mip =     not found yet >=   1.000000000e+00        (200483; 432)
+1675929: mip =     not found yet >=   1.000000000e+00        (200964; 433)
+1680165: mip =     not found yet >=   1.000000000e+00        (201574; 434)
+1684963: mip =     not found yet >=   1.000000000e+00        (202173; 436)
+1688813: mip =     not found yet >=   1.000000000e+00        (202790; 437)
Time used: 1800.2 secs.  Memory used: 891.5 Mb.
+1692816: mip =     not found yet >=   1.000000000e+00        (203408; 438)
+1696884: mip =     not found yet >=   1.000000000e+00        (204022; 439)
+1700715: mip =     not found yet >=   1.000000000e+00        (204638; 440)
+1704643: mip =     not found yet >=   1.000000000e+00        (205255; 441)
+1708526: mip =     not found yet >=   1.000000000e+00        (205870; 442)
+1712392: mip =     not found yet >=   1.000000000e+00        (206484; 443)
+1718930: mip =     not found yet >=   1.000000000e+00        (207016; 445)
+1722816: mip =     not found yet >=   1.000000000e+00        (207636; 446)
+1726821: mip =     not found yet >=   1.000000000e+00        (208251; 447)
+1730831: mip =     not found yet >=   1.000000000e+00        (208864; 448)
+1734758: mip =     not found yet >=   1.000000000e+00        (209479; 449)
+1738665: mip =     not found yet >=   1.000000000e+00        (210094; 450)
Time used: 1860.2 secs.  Memory used: 897.4 Mb.
+1742507: mip =     not found yet >=   1.000000000e+00        (210710; 451)
+1746608: mip =     not found yet >=   1.000000000e+00        (211329; 452)
+1750750: mip =     not found yet >=   1.000000000e+00        (211949; 453)
+1755790: mip =     not found yet >=   1.000000000e+00        (212545; 454)
+1759972: mip =     not found yet >=   1.000000000e+00        (213152; 456)
+1763854: mip =     not found yet >=   1.000000000e+00        (213770; 457)
+1767850: mip =     not found yet >=   1.000000000e+00        (214386; 458)
+1771883: mip =     not found yet >=   1.000000000e+00        (214999; 459)
+1775789: mip =     not found yet >=   1.000000000e+00        (215615; 460)
+1779724: mip =     not found yet >=   1.000000000e+00        (216230; 461)
+1783535: mip =     not found yet >=   1.000000000e+00        (216846; 462)
+1787646: mip =     not found yet >=   1.000000000e+00        (217463; 463)
Time used: 1920.2 secs.  Memory used: 903.1 Mb.
+1791475: mip =     not found yet >=   1.000000000e+00        (218086; 464)
+1796534: mip =     not found yet >=   1.000000000e+00        (218685; 465)
+1801030: mip =     not found yet >=   1.000000000e+00        (219287; 467)
+1804899: mip =     not found yet >=   1.000000000e+00        (219905; 468)
+1808894: mip =     not found yet >=   1.000000000e+00        (220522; 469)
+1812939: mip =     not found yet >=   1.000000000e+00        (221135; 470)
+1816784: mip =     not found yet >=   1.000000000e+00        (221751; 471)
+1820721: mip =     not found yet >=   1.000000000e+00        (222366; 472)
+1824578: mip =     not found yet >=   1.000000000e+00        (222982; 473)
+1828680: mip =     not found yet >=   1.000000000e+00        (223599; 474)
+1832525: mip =     not found yet >=   1.000000000e+00        (224221; 475)
+1837316: mip =     not found yet >=   1.000000000e+00        (224826; 476)
Time used: 1980.2 secs.  Memory used: 908.9 Mb.
+1842666: mip =     not found yet >=   1.000000000e+00        (225415; 478)
+1845179: mip =     not found yet >=   1.000000000e+00        (225893; 479)
+1848935: mip =     not found yet >=   1.000000000e+00        (226410; 481)
+1854163: mip =     not found yet >=   1.000000000e+00        (226914; 482)
+1859053: mip =     not found yet >=   1.000000000e+00        (227458; 484)
+1862457: mip =     not found yet >=   1.000000000e+00        (227930; 485)
+1869798: mip =     not found yet >=   1.000000000e+00        (228448; 487)
+1871859: mip =     not found yet >=   1.000000000e+00        (229005; 487)
+1874604: mip =     not found yet >=   1.000000000e+00        (229568; 488)
+1879178: mip =     not found yet >=   1.000000000e+00        (230127; 489)
+1884407: mip =     not found yet >=   1.000000000e+00        (230618; 490)
+1888736: mip =     not found yet >=   1.000000000e+00        (231118; 491)
Time used: 2040.2 secs.  Memory used: 913.8 Mb.
+1892624: mip =     not found yet >=   1.000000000e+00        (231605; 492)
+1899731: mip =     not found yet >=   1.000000000e+00        (232127; 494)
+1904740: mip =     not found yet >=   1.000000000e+00        (232701; 496)
+1907252: mip =     not found yet >=   1.000000000e+00        (233266; 498)
+1909312: mip =     not found yet >=   1.000000000e+00        (233806; 499)
+1912254: mip =     not found yet >=   1.000000000e+00        (234346; 500)
+1914792: mip =     not found yet >=   1.000000000e+00        (234912; 502)
+1917705: mip =     not found yet >=   1.000000000e+00        (235477; 503)
+1920270: mip =     not found yet >=   1.000000000e+00        (236036; 505)
+1922365: mip =     not found yet >=   1.000000000e+00        (236613; 506)
+1926928: mip =     not found yet >=   1.000000000e+00        (237123; 507)
+1930721: mip =     not found yet >=   1.000000000e+00        (237633; 508)
Time used: 2100.2 secs.  Memory used: 918.0 Mb.
+1934833: mip =     not found yet >=   1.000000000e+00        (238112; 509)
+1939069: mip =     not found yet >=   1.000000000e+00        (238613; 510)
+1943626: mip =     not found yet >=   1.000000000e+00        (239118; 512)
+1947320: mip =     not found yet >=   1.000000000e+00        (239635; 513)
+1950985: mip =     not found yet >=   1.000000000e+00        (240150; 514)
+1955578: mip =     not found yet >=   1.000000000e+00        (240657; 515)
+1959350: mip =     not found yet >=   1.000000000e+00        (241166; 516)
+1963504: mip =     not found yet >=   1.000000000e+00        (241635; 517)
+1968019: mip =     not found yet >=   1.000000000e+00        (242143; 518)
+1972242: mip =     not found yet >=   1.000000000e+00        (242654; 520)
+1975938: mip =     not found yet >=   1.000000000e+00        (243169; 521)
+1979602: mip =     not found yet >=   1.000000000e+00        (243684; 522)
Time used: 2160.2 secs.  Memory used: 922.9 Mb.
+1984202: mip =     not found yet >=   1.000000000e+00        (244191; 523)
+1987991: mip =     not found yet >=   1.000000000e+00        (244701; 524)
+1992152: mip =     not found yet >=   1.000000000e+00        (245173; 525)
+1997107: mip =     not found yet >=   1.000000000e+00        (245673; 527)
+2000893: mip =     not found yet >=   1.000000000e+00        (246191; 528)
+2004561: mip =     not found yet >=   1.000000000e+00        (246707; 529)
+2008226: mip =     not found yet >=   1.000000000e+00        (247223; 530)
+2012837: mip =     not found yet >=   1.000000000e+00        (247730; 531)
+2016812: mip =     not found yet >=   1.000000000e+00        (248230; 532)
+2020794: mip =     not found yet >=   1.000000000e+00        (248712; 533)
+2025823: mip =     not found yet >=   1.000000000e+00        (249210; 535)
+2029517: mip =     not found yet >=   1.000000000e+00        (249730; 536)
Time used: 2220.2 secs.  Memory used: 927.8 Mb.
+2033183: mip =     not found yet >=   1.000000000e+00        (250246; 537)
+2040399: mip =     not found yet >=   1.000000000e+00        (250709; 539)
+2045183: mip =     not found yet >=   1.000000000e+00        (251146; 540)
+2053571: mip =     not found yet >=   1.000000000e+00        (251566; 542)
+2059203: mip =     not found yet >=   1.000000000e+00        (252023; 544)
+2060764: mip =     not found yet >=   1.000000000e+00        (252571; 544)
+2065752: mip =     not found yet >=   1.000000000e+00        (253056; 546)
+2071016: mip =     not found yet >=   1.000000000e+00        (253624; 547)
+2074324: mip =     not found yet >=   1.000000000e+00        (254182; 548)
+2081116: mip =     not found yet >=   1.000000000e+00        (254644; 550)
+2087096: mip =     not found yet >=   1.000000000e+00        (255086; 551)
+2092224: mip =     not found yet >=   1.000000000e+00        (255528; 553)
Time used: 2280.2 secs.  Memory used: 933.2 Mb.
+2098817: mip =     not found yet >=   1.000000000e+00        (255973; 555)
+2107992: mip =     not found yet >=   1.000000000e+00        (256349; 558)
+2113747: mip =     not found yet >=   1.000000000e+00        (256819; 560)
+2117534: mip =     not found yet >=   1.000000000e+00        (257346; 561)
+2122511: mip =     not found yet >=   1.000000000e+00        (257850; 562)
+2125412: mip =     not found yet >=   1.000000000e+00        (258399; 563)
+2129833: mip =     not found yet >=   1.000000000e+00        (258913; 564)
+2136229: mip =     not found yet >=   1.000000000e+00        (259347; 565)
+2141535: mip =     not found yet >=   1.000000000e+00        (259792; 567)
+2147784: mip =     not found yet >=   1.000000000e+00        (260290; 569)
+2154199: mip =     not found yet >=   1.000000000e+00        (260782; 570)
+2159819: mip =     not found yet >=   1.000000000e+00        (261300; 572)
Time used: 2340.2 secs.  Memory used: 938.9 Mb.
+2166090: mip =     not found yet >=   1.000000000e+00        (261692; 574)
+2167281: mip =     not found yet >=   1.000000000e+00        (262201; 574)
+2172259: mip =     not found yet >=   1.000000000e+00        (262670; 576)
+2180843: mip =     not found yet >=   1.000000000e+00        (263172; 578)
+2184097: mip =     not found yet >=   1.000000000e+00        (263821; 578)
+2188706: mip =     not found yet >=   1.000000000e+00        (264386; 580)
+2197640: mip =     not found yet >=   1.000000000e+00        (264792; 582)
+2204128: mip =     not found yet >=   1.000000000e+00        (265327; 584)
+2208147: mip =     not found yet >=   1.000000000e+00        (265831; 585)
+2212424: mip =     not found yet >=   1.000000000e+00        (266315; 586)
+2220535: mip =     not found yet >=   1.000000000e+00        (266858; 588)
+2221089: mip =     not found yet >=   1.000000000e+00        (267367; 588)
Time used: 2400.2 secs.  Memory used: 944.3 Mb.
+2223373: mip =     not found yet >=   1.000000000e+00        (267881; 589)
+2228916: mip =     not found yet >=   1.000000000e+00        (268454; 591)
+2230846: mip =     not found yet >=   1.000000000e+00        (269009; 592)
+2236900: mip =     not found yet >=   1.000000000e+00        (269438; 593)
+2244627: mip =     not found yet >=   1.000000000e+00        (269840; 596)
+2246958: mip =     not found yet >=   1.000000000e+00        (270479; 596)
+2254020: mip =     not found yet >=   1.000000000e+00        (270982; 599)
+2257937: mip =     not found yet >=   1.000000000e+00        (271750; 600)
+2263756: mip =     not found yet >=   1.000000000e+00        (272279; 601)
+2266493: mip =     not found yet >=   1.000000000e+00        (272897; 602)
+2273412: mip =     not found yet >=   1.000000000e+00        (273444; 604)
+2280273: mip =     not found yet >=   1.000000000e+00        (273859; 606)
Time used: 2460.2 secs.  Memory used: 950.1 Mb.
+2283566: mip =     not found yet >=   1.000000000e+00        (274422; 607)
+2287178: mip =     not found yet >=   1.000000000e+00        (274907; 608)
+2289022: mip =     not found yet >=   1.000000000e+00        (275452; 609)
+2294210: mip =     not found yet >=   1.000000000e+00        (275972; 610)
+2297721: mip =     not found yet >=   1.000000000e+00        (276560; 611)
+2299935: mip =     not found yet >=   1.000000000e+00        (277191; 612)
+2303000: mip =     not found yet >=   1.000000000e+00        (277833; 612)
+2310470: mip =     not found yet >=   1.000000000e+00        (278279; 614)
+2317208: mip =     not found yet >=   1.000000000e+00        (278764; 617)
+2321948: mip =     not found yet >=   1.000000000e+00        (279270; 619)
+2328532: mip =     not found yet >=   1.000000000e+00        (279731; 622)
+2332107: mip =     not found yet >=   1.000000000e+00        (280242; 624)
Time used: 2520.2 secs.  Memory used: 955.8 Mb.
+2337483: mip =     not found yet >=   1.000000000e+00        (280727; 627)
+2342065: mip =     not found yet >=   1.000000000e+00        (281228; 629)
+2352399: mip =     not found yet >=   1.000000000e+00        (281621; 633)
+2363635: mip =     not found yet >=   1.000000000e+00        (281991; 637)
+2374365: mip =     not found yet >=   1.000000000e+00        (282381; 640)
+2385053: mip =     not found yet >=   1.000000000e+00        (282774; 644)
+2395376: mip =     not found yet >=   1.000000000e+00        (283167; 648)
+2406589: mip =     not found yet >=   1.000000000e+00        (283538; 652)
+2417390: mip =     not found yet >=   1.000000000e+00        (283928; 655)
+2427137: mip =     not found yet >=   1.000000000e+00        (284342; 659)
+2428158: mip =     not found yet >=   1.000000000e+00        (284850; 659)
+2431548: mip =     not found yet >=   1.000000000e+00        (285225; 660)
Time used: 2580.2 secs.  Memory used: 964.8 Mb.
+2433050: mip =     not found yet >=   1.000000000e+00        (285608; 661)
+2436539: mip =     not found yet >=   1.000000000e+00        (286029; 663)
+2437061: mip =     not found yet >=   1.000000000e+00        (286533; 663)
+2440141: mip =     not found yet >=   1.000000000e+00        (287006; 664)
+2445369: mip =     not found yet >=   1.000000000e+00        (287469; 666)
+2449186: mip =     not found yet >=   1.000000000e+00        (288011; 667)
+2454586: mip =     not found yet >=   1.000000000e+00        (288540; 668)
+2458001: mip =     not found yet >=   1.000000000e+00        (289093; 670)
+2461019: mip =     not found yet >=   1.000000000e+00        (289769; 671)
+2463058: mip =     not found yet >=   1.000000000e+00        (290311; 672)
+2466007: mip =     not found yet >=   1.000000000e+00        (290853; 673)
Time used: 2640.3 secs.  Memory used: 969.0 Mb.
+2468398: mip =     not found yet >=   1.000000000e+00        (291443; 674)
+2470589: mip =     not found yet >=   1.000000000e+00        (292005; 675)
+2472809: mip =     not found yet >=   1.000000000e+00        (292491; 676)
+2477159: mip =     not found yet >=   1.000000000e+00        (293019; 678)
+2481076: mip =     not found yet >=   1.000000000e+00        (293528; 680)
+2485177: mip =     not found yet >=   1.000000000e+00        (294083; 681)
+2486944: mip =     not found yet >=   1.000000000e+00        (294563; 682)
+2487485: mip =     not found yet >=   1.000000000e+00        (295070; 682)
+2493050: mip =     not found yet >=   1.000000000e+00        (295596; 684)
+2497719: mip =     not found yet >=   1.000000000e+00        (296137; 685)
+2501261: mip =     not found yet >=   1.000000000e+00        (296733; 686)
+2505661: mip =     not found yet >=   1.000000000e+00        (297281; 687)
Time used: 2700.3 secs.  Memory used: 973.4 Mb.
+2509750: mip =     not found yet >=   1.000000000e+00        (297775; 688)
+2514457: mip =     not found yet >=   1.000000000e+00        (298320; 689)
+2519913: mip =     not found yet >=   1.000000000e+00        (298812; 691)
+2525736: mip =     not found yet >=   1.000000000e+00        (299380; 693)
+2531079: mip =     not found yet >=   1.000000000e+00        (299814; 694)
+2531655: mip =     not found yet >=   1.000000000e+00        (300369; 694)
+2533117: mip =     not found yet >=   1.000000000e+00        (300959; 695)
+2538779: mip =     not found yet >=   2.000000000e+00        (301412; 696)
+2543450: mip =     not found yet >=   2.000000000e+00        (302061; 697)
+2548680: mip =     not found yet >=   2.000000000e+00        (302596; 698)
+2551902: mip =     not found yet >=   2.000000000e+00        (303182; 699)
+2553706: mip =     not found yet >=   2.000000000e+00        (303802; 701)
Time used: 2760.3 secs.  Memory used: 978.4 Mb.
+2557877: mip =     not found yet >=   2.000000000e+00        (304438; 702)
+2559607: mip =     not found yet >=   2.000000000e+00        (305033; 703)
+2561412: mip =     not found yet >=   2.000000000e+00        (305736; 704)
+2565832: mip =     not found yet >=   2.000000000e+00        (306288; 705)
+2567632: mip =     not found yet >=   2.000000000e+00        (306904; 707)
+2571739: mip =     not found yet >=   2.000000000e+00        (307547; 708)
+2573529: mip =     not found yet >=   2.000000000e+00        (308133; 709)
+2575039: mip =     not found yet >=   2.000000000e+00        (308836; 710)
+2579741: mip =     not found yet >=   2.000000000e+00        (309393; 711)
+2581555: mip =     not found yet >=   2.000000000e+00        (310003; 713)
+2585635: mip =     not found yet >=   2.000000000e+00        (310656; 714)
+2587374: mip =     not found yet >=   2.000000000e+00        (311250; 714)
Time used: 2820.3 secs.  Memory used: 982.7 Mb.
+2588943: mip =     not found yet >=   2.000000000e+00        (311932; 716)
+2593666: mip =     not found yet >=   2.000000000e+00        (312497; 717)
+2595049: mip =     not found yet >=   2.000000000e+00        (313122; 718)
+2599130: mip =     not found yet >=   2.000000000e+00        (313772; 719)
+2601237: mip =     not found yet >=   2.000000000e+00        (314354; 720)
+2602856: mip =     not found yet >=   2.000000000e+00        (315027; 722)
+2607569: mip =     not found yet >=   2.000000000e+00        (315602; 723)
+2608781: mip =     not found yet >=   2.000000000e+00        (316227; 724)
+2611904: mip =     not found yet >=   2.000000000e+00        (316887; 725)
+2615125: mip =     not found yet >=   2.000000000e+00        (317456; 726)
+2616765: mip =     not found yet >=   2.000000000e+00        (318118; 728)
+2620259: mip =     not found yet >=   2.000000000e+00        (318775; 729)
Time used: 2880.3 secs.  Memory used: 987.0 Mb.
+2621492: mip =     not found yet >=   2.000000000e+00        (319400; 730)
+2624951: mip =     not found yet >=   2.000000000e+00        (320105; 732)
+2626677: mip =     not found yet >=   2.000000000e+00        (320698; 732)
+2628250: mip =     not found yet >=   2.000000000e+00        (321393; 734)
+2631747: mip =     not found yet >=   2.000000000e+00        (322016; 735)
+2633546: mip =     not found yet >=   2.000000000e+00        (322632; 737)
+2636480: mip =     not found yet >=   2.000000000e+00        (323337; 738)
+2638224: mip =     not found yet >=   2.000000000e+00        (323937; 739)
+2640695: mip =     not found yet >=   2.000000000e+00        (324644; 740)
+2643225: mip =     not found yet >=   2.000000000e+00        (325258; 741)
+2645047: mip =     not found yet >=   2.000000000e+00        (325893; 743)
+2648558: mip =     not found yet >=   2.000000000e+00        (326572; 744)
Time used: 2940.3 secs.  Memory used: 991.0 Mb.
+2649724: mip =     not found yet >=   2.000000000e+00        (327193; 745)
+2652773: mip =     not found yet >=   2.000000000e+00        (327896; 746)
+2654897: mip =     not found yet >=   2.000000000e+00        (328493; 747)
+2656532: mip =     not found yet >=   2.000000000e+00        (329151; 749)
+2660027: mip =     not found yet >=   2.000000000e+00        (329811; 750)
+2661236: mip =     not found yet >=   2.000000000e+00        (330435; 751)
+2664552: mip =     not found yet >=   2.000000000e+00        (331149; 753)
+2666382: mip =     not found yet >=   2.000000000e+00        (331736; 753)
+2668009: mip =     not found yet >=   2.000000000e+00        (332417; 755)
+2671497: mip =     not found yet >=   2.000000000e+00        (333051; 756)
+2673282: mip =     not found yet >=   2.000000000e+00        (333658; 758)
+2676227: mip =     not found yet >=   2.000000000e+00        (334374; 759)
Time used: 3000.3 secs.  Memory used: 1005.1 Mb.
+2677973: mip =     not found yet >=   2.000000000e+00        (334962; 760)
+2679805: mip =     not found yet >=   2.000000000e+00        (335670; 761)
+2682964: mip =     not found yet >=   2.000000000e+00        (336288; 762)
+2684767: mip =     not found yet >=   2.000000000e+00        (336908; 764)
+2687695: mip =     not found yet >=   2.000000000e+00        (337607; 765)
+2689447: mip =     not found yet >=   2.000000000e+00        (338212; 766)
+2691962: mip =     not found yet >=   2.000000000e+00        (338912; 767)
+2694434: mip =     not found yet >=   2.000000000e+00        (339522; 768)
+2696256: mip =     not found yet >=   2.000000000e+00        (340157; 770)
+2699764: mip =     not found yet >=   2.000000000e+00        (340835; 771)
+2700910: mip =     not found yet >=   2.000000000e+00        (341457; 772)
+2703971: mip =     not found yet >=   2.000000000e+00        (342158; 773)
Time used: 3060.3 secs.  Memory used: 1009.1 Mb.
+2706094: mip =     not found yet >=   2.000000000e+00        (342757; 774)
+2707727: mip =     not found yet >=   2.000000000e+00        (343407; 776)
+2711225: mip =     not found yet >=   2.000000000e+00        (344072; 777)
+2712432: mip =     not found yet >=   2.000000000e+00        (344697; 778)
+2715480: mip =     not found yet >=   2.000000000e+00        (345413; 779)
+2717552: mip =     not found yet >=   2.000000000e+00        (345993; 780)
+2719196: mip =     not found yet >=   2.000000000e+00        (346659; 782)
+2722679: mip =     not found yet >=   2.000000000e+00        (347308; 783)
+2723915: mip =     not found yet >=   2.000000000e+00        (347933; 784)
+2727359: mip =     not found yet >=   2.000000000e+00        (348639; 786)
+2729031: mip =     not found yet >=   2.000000000e+00        (349230; 786)
+2730659: mip =     not found yet >=   2.000000000e+00        (349912; 788)
Time used: 3120.3 secs.  Memory used: 1013.1 Mb.
+2734144: mip =     not found yet >=   2.000000000e+00        (350543; 789)
+2735828: mip =     not found yet >=   2.000000000e+00        (351158; 790)
+2738828: mip =     not found yet >=   2.000000000e+00        (351866; 792)
+2740567: mip =     not found yet >=   2.000000000e+00        (352451; 793)
+2742444: mip =     not found yet >=   2.000000000e+00        (353158; 794)
+2745606: mip =     not found yet >=   2.000000000e+00        (353779; 795)
+2747406: mip =     not found yet >=   2.000000000e+00        (354392; 797)
+2750340: mip =     not found yet >=   2.000000000e+00        (355098; 798)
+2752069: mip =     not found yet >=   2.000000000e+00        (355692; 799)
+2753940: mip =     not found yet >=   2.000000000e+00        (356399; 800)
+2757054: mip =     not found yet >=   2.000000000e+00        (357013; 801)
+2758856: mip =     not found yet >=   2.000000000e+00        (357632; 803)
Time used: 3180.3 secs.  Memory used: 1017.1 Mb.
+2761783: mip =     not found yet >=   2.000000000e+00        (358330; 804)
+2763528: mip =     not found yet >=   2.000000000e+00        (358931; 805)
+2765996: mip =     not found yet >=   2.000000000e+00        (359635; 806)
+2768520: mip =     not found yet >=   2.000000000e+00        (360247; 807)
+2770332: mip =     not found yet >=   2.000000000e+00        (360876; 809)
+2773266: mip =     not found yet >=   2.000000000e+00        (361564; 810)
+2774985: mip =     not found yet >=   2.000000000e+00        (362174; 811)
+2777508: mip =     not found yet >=   2.000000000e+00        (362876; 812)
+2779968: mip =     not found yet >=   2.000000000e+00        (363481; 813)
+2781794: mip =     not found yet >=   2.000000000e+00        (364118; 815)
+2785290: mip =     not found yet >=   2.000000000e+00        (364793; 816)
+2786440: mip =     not found yet >=   2.000000000e+00        (365412; 817)
Time used: 3240.3 secs.  Memory used: 1021.0 Mb.
+2788969: mip =     not found yet >=   2.000000000e+00        (366116; 818)
+2791414: mip =     not found yet >=   2.000000000e+00        (366715; 819)
+2793253: mip =     not found yet >=   2.000000000e+00        (367357; 821)
+2796870: mip =     not found yet >=   2.000000000e+00        (368003; 823)
+2798928: mip =     not found yet >=   2.000000000e+00        (368698; 824)
+2806950: mip =     not found yet >=   2.000000000e+00        (369101; 828)
+2808667: mip =     not found yet >=   2.000000000e+00        (369705; 828)
+2811398: mip =     not found yet >=   2.000000000e+00        (370290; 829)
+2814862: mip =     not found yet >=   2.000000000e+00        (370957; 830)
+2816689: mip =     not found yet >=   2.000000000e+00        (371576; 830)
+2819767: mip =     not found yet >=   2.000000000e+00        (372208; 831)
+2822879: mip =     not found yet >=   2.000000000e+00        (372881; 832)
Time used: 3300.3 secs.  Memory used: 1025.6 Mb.
+2825462: mip =     not found yet >=   2.000000000e+00        (373547; 832)
+2827957: mip =     not found yet >=   2.000000000e+00        (374132; 833)
+2830965: mip =     not found yet >=   2.000000000e+00        (374806; 834)
+2834517: mip =     not found yet >=   2.000000000e+00        (375472; 835)
+2836230: mip =     not found yet >=   2.000000000e+00        (376075; 835)
+2839343: mip =     not found yet >=   2.000000000e+00        (376719; 836)
+2842521: mip =     not found yet >=   2.000000000e+00        (377392; 837)
+2844965: mip =     not found yet >=   2.000000000e+00        (378038; 837)
+2847499: mip =     not found yet >=   2.000000000e+00        (378642; 838)
+2850529: mip =     not found yet >=   2.000000000e+00        (379317; 839)
+2853990: mip =     not found yet >=   2.000000000e+00        (379991; 840)
+2855776: mip =     not found yet >=   2.000000000e+00        (380574; 840)
Time used: 3360.3 secs.  Memory used: 1030.3 Mb.
+2858935: mip =     not found yet >=   2.000000000e+00        (381232; 841)
+2862160: mip =     not found yet >=   2.000000000e+00        (381902; 842)
+2864103: mip =     not found yet >=   2.000000000e+00        (382524; 842)
+2867059: mip =     not found yet >=   2.000000000e+00        (383153; 843)
+2870161: mip =     not found yet >=   2.000000000e+00        (383826; 844)
+2872745: mip =     not found yet >=   2.000000000e+00        (384494; 844)
+2875246: mip =     not found yet >=   2.000000000e+00        (385078; 845)
+2878293: mip =     not found yet >=   2.000000000e+00        (385750; 846)
+2881798: mip =     not found yet >=   2.000000000e+00        (386417; 847)
+2883519: mip =     not found yet >=   2.000000000e+00        (387023; 847)
+2886625: mip =     not found yet >=   2.000000000e+00        (387665; 848)
+2889802: mip =     not found yet >=   2.000000000e+00        (388337; 849)
Time used: 3420.3 secs.  Memory used: 1034.7 Mb.
+2892260: mip =     not found yet >=   2.000000000e+00        (388983; 849)
+2894788: mip =     not found yet >=   2.000000000e+00        (389587; 850)
+2897822: mip =     not found yet >=   2.000000000e+00        (390262; 851)
+2901428: mip =     not found yet >=   2.000000000e+00        (390936; 852)
+2903064: mip =     not found yet >=   2.000000000e+00        (391523; 852)
+2906220: mip =     not found yet >=   2.000000000e+00        (392180; 853)
+2909446: mip =     not found yet >=   2.000000000e+00        (392850; 854)
+2911392: mip =     not found yet >=   2.000000000e+00        (393473; 854)
+2914342: mip =     not found yet >=   2.000000000e+00        (394099; 855)
+2917445: mip =     not found yet >=   2.000000000e+00        (394773; 856)
+2920029: mip =     not found yet >=   2.000000000e+00        (395442; 856)
+2922529: mip =     not found yet >=   2.000000000e+00        (396024; 857)
Time used: 3480.3 secs.  Memory used: 1039.3 Mb.
+2925574: mip =     not found yet >=   2.000000000e+00        (396695; 858)
+2929079: mip =     not found yet >=   2.000000000e+00        (397362; 859)
+2930803: mip =     not found yet >=   2.000000000e+00        (397969; 859)
+2933912: mip =     not found yet >=   2.000000000e+00        (398611; 860)
+2937084: mip =     not found yet >=   2.000000000e+00        (399283; 861)
+2939544: mip =     not found yet >=   2.000000000e+00        (399930; 861)
+2942083: mip =     not found yet >=   2.000000000e+00        (400533; 862)
+2945111: mip =     not found yet >=   2.000000000e+00        (401208; 863)
+2948708: mip =     not found yet >=   2.000000000e+00        (401880; 864)
+2950347: mip =     not found yet >=   2.000000000e+00        (402468; 864)
+2953500: mip =     not found yet >=   2.000000000e+00        (403124; 865)
+2956726: mip =     not found yet >=   2.000000000e+00        (403794; 866)
Time used: 3540.3 secs.  Memory used: 1043.9 Mb.
+2958673: mip =     not found yet >=   2.000000000e+00        (404418; 866)
+2961624: mip =     not found yet >=   2.000000000e+00        (405045; 867)
+2964727: mip =     not found yet >=   2.000000000e+00        (405719; 868)
+2967313: mip =     not found yet >=   2.000000000e+00        (406390; 868)
+2976499: mip =     not found yet >=   2.000000000e+00        (406819; 871)
+2980419: mip =     not found yet >=   2.000000000e+00        (407382; 872)
+2984863: mip =     not found yet >=   2.000000000e+00        (408000; 873)
+2989822: mip =     not found yet >=   2.000000000e+00        (408524; 875)
+2995347: mip =     not found yet >=   2.000000000e+00        (409065; 877)
+2999639: mip =     not found yet >=   2.000000000e+00        (409568; 878)
+3004767: mip =     not found yet >=   2.000000000e+00        (410102; 879)
+3008002: mip =     not found yet >=   2.000000000e+00        (410767; 880)
+3009314: mip =     not found yet >=   2.000000000e+00        (410887; 881)
TIME LIMIT EXCEEDED; SEARCH TERMINATED
Time used:   3601.1 secs
Memory used: 1146.4 Mb (1202116152 bytes)
